<?xml version="1.0" encoding="utf-8"?>
<TestRun id="4650c461-686e-4262-9af3-d7b532aefeec" name="Abel Briones@DESKTOP-FB2ES22 2025-07-02 07:57:55" runUser="DESKTOP-FB2ES22\Abel Briones" xmlns="http://microsoft.com/schemas/VisualStudio/TeamTest/2010">
  <Times creation="2025-07-02T07:57:55.3593270-06:00" queuing="2025-07-02T07:57:55.3593275-06:00" start="2025-07-02T07:57:53.9812030-06:00" finish="2025-07-02T07:57:55.7297263-06:00" />
  <TestSettings name="default" id="e1eeb22a-ece1-4eac-97ff-9e45f8375cea">
    <Deployment runDeploymentRoot="Abel_Briones_DESKTOP-FB2ES22_2025-07-02_07_57_55" />
  </TestSettings>
  <Results>
    <UnitTestResult executionId="5ac40850-9888-419d-8f45-c40888ef5942" testId="9ad09d4a-6082-7cd0-b8cb-d45de156d38a" testName="ExxerAI.Infrastructure.Tests.InMemoryTaskRepositoryTests+ValidationTests.Should_ReturnFailure_When_AddingNullTask" computerName="DESKTOP-FB2ES22" duration="00:00:00.0223619" startTime="2025-07-02T07:57:55.2285421-06:00" endTime="2025-07-02T07:57:55.3204746-06:00" testType="13cdc9d9-ddb5-4fa4-a97d-d965ccfc6d4b" outcome="Passed" testListId="8c84fa94-04c1-424b-9868-57a2d4851a1d" relativeResultsDirectory="5ac40850-9888-419d-8f45-c40888ef5942" />
    <UnitTestResult executionId="c6400a6e-f7e0-4755-b812-52781105de67" testId="da9411ba-6c35-c1e3-e865-0e86cb04cfee" testName="ExxerAI.Infrastructure.Tests.InMemoryTaskRepositoryTests+PerformanceTests.Should_HandleComplexQueries_When_LargeDataSet" computerName="DESKTOP-FB2ES22" duration="00:00:00.0426793" startTime="2025-07-02T07:57:55.5069725-06:00" endTime="2025-07-02T07:57:55.5070517-06:00" testType="13cdc9d9-ddb5-4fa4-a97d-d965ccfc6d4b" outcome="Passed" testListId="8c84fa94-04c1-424b-9868-57a2d4851a1d" relativeResultsDirectory="c6400a6e-f7e0-4755-b812-52781105de67" />
    <UnitTestResult executionId="b9bbc7b1-3120-4fdf-b70b-c93dc5828056" testId="0d786b7b-caa4-2567-a381-11b870483a10" testName="ExxerAI.Infrastructure.Tests.InMemoryAgentRepositoryTests+CrudOperationsTests.Should_GetAllAgents_When_AgentsExist" computerName="DESKTOP-FB2ES22" duration="00:00:00.0043643" startTime="2025-07-02T07:57:55.5026101-06:00" endTime="2025-07-02T07:57:55.5030056-06:00" testType="13cdc9d9-ddb5-4fa4-a97d-d965ccfc6d4b" outcome="Passed" testListId="8c84fa94-04c1-424b-9868-57a2d4851a1d" relativeResultsDirectory="b9bbc7b1-3120-4fdf-b70b-c93dc5828056" />
    <UnitTestResult executionId="052898b2-78c1-4f4b-820e-4d06c369010b" testId="40c8d586-7f0d-ff3f-8d05-099e5958b668" testName="ExxerAI.Infrastructure.Tests.InMemoryTaskRepositoryTests+CrudOperationsTests.Should_GenerateId_When_TaskHasEmptyId" computerName="DESKTOP-FB2ES22" duration="00:00:00.0019859" startTime="2025-07-02T07:57:55.4104629-06:00" endTime="2025-07-02T07:57:55.4189398-06:00" testType="13cdc9d9-ddb5-4fa4-a97d-d965ccfc6d4b" outcome="Passed" testListId="8c84fa94-04c1-424b-9868-57a2d4851a1d" relativeResultsDirectory="052898b2-78c1-4f4b-820e-4d06c369010b" />
    <UnitTestResult executionId="3d1ad55f-1bd5-433d-936c-b2e8a72a607f" testId="e214b3de-7089-5bb1-630a-c40120bfd203" testName="ExxerAI.Infrastructure.Tests.InMemoryTaskRepositoryTests+ExistenceTests.Should_ReturnTrue_When_TaskExists" computerName="DESKTOP-FB2ES22" duration="00:00:00.0015268" startTime="2025-07-02T07:57:55.3202728-06:00" endTime="2025-07-02T07:57:55.3208526-06:00" testType="13cdc9d9-ddb5-4fa4-a97d-d965ccfc6d4b" outcome="Passed" testListId="8c84fa94-04c1-424b-9868-57a2d4851a1d" relativeResultsDirectory="3d1ad55f-1bd5-433d-936c-b2e8a72a607f" />
    <UnitTestResult executionId="1ccb0729-966d-4f97-ae27-e93e4ce2bffe" testId="503f78d3-8b19-ec3b-ce53-f3acc189a129" testName="ExxerAI.Infrastructure.Tests.InMemoryAgentRepositoryTests+ValidationTests.Should_CheckExistence_When_AgentExists" computerName="DESKTOP-FB2ES22" duration="00:00:00.0016584" startTime="2025-07-02T07:57:55.4172921-06:00" endTime="2025-07-02T07:57:55.4211326-06:00" testType="13cdc9d9-ddb5-4fa4-a97d-d965ccfc6d4b" outcome="Passed" testListId="8c84fa94-04c1-424b-9868-57a2d4851a1d" relativeResultsDirectory="1ccb0729-966d-4f97-ae27-e93e4ce2bffe" />
    <UnitTestResult executionId="15e26cec-9b2b-4a52-886c-cc5b62cc0b6f" testId="16267140-22fe-7541-085d-0b7f6b30f826" testName="ExxerAI.Infrastructure.Tests.InMemoryTaskRepositoryTests+ValidationTests.Should_ReturnFailure_When_UpdatingNonExistentTask" computerName="DESKTOP-FB2ES22" duration="00:00:00.0010755" startTime="2025-07-02T07:57:55.3212579-06:00" endTime="2025-07-02T07:57:55.3272949-06:00" testType="13cdc9d9-ddb5-4fa4-a97d-d965ccfc6d4b" outcome="Passed" testListId="8c84fa94-04c1-424b-9868-57a2d4851a1d" relativeResultsDirectory="15e26cec-9b2b-4a52-886c-cc5b62cc0b6f" />
    <UnitTestResult executionId="d3ad94f2-6e27-448e-9c53-8a8508222625" testId="972a990d-1652-cf03-6419-1eaa3608cbd4" testName="ExxerAI.Infrastructure.Tests.InMemoryTaskRepositoryTests+QueryOperationsTests.Should_GetOverdueTasks_When_TasksPastDeadline" computerName="DESKTOP-FB2ES22" duration="00:00:00.0029396" startTime="2025-07-02T07:57:55.4220734-06:00" endTime="2025-07-02T07:57:55.4264966-06:00" testType="13cdc9d9-ddb5-4fa4-a97d-d965ccfc6d4b" outcome="Passed" testListId="8c84fa94-04c1-424b-9868-57a2d4851a1d" relativeResultsDirectory="d3ad94f2-6e27-448e-9c53-8a8508222625" />
    <UnitTestResult executionId="7c530fa9-599a-4780-afc6-6ff277fdfe3d" testId="4f51aaaf-5aaf-c97d-6823-51f38a0c7b25" testName="ExxerAI.Infrastructure.Tests.InMemoryTaskRepositoryTests+ValidationTests.Should_ReturnFailure_When_UpdatingNullTask" computerName="DESKTOP-FB2ES22" duration="00:00:00.0009204" startTime="2025-07-02T07:57:55.4236930-06:00" endTime="2025-07-02T07:57:55.4245360-06:00" testType="13cdc9d9-ddb5-4fa4-a97d-d965ccfc6d4b" outcome="Passed" testListId="8c84fa94-04c1-424b-9868-57a2d4851a1d" relativeResultsDirectory="7c530fa9-599a-4780-afc6-6ff277fdfe3d" />
    <UnitTestResult executionId="c25e21a9-f315-409a-8ce0-eef3cef0fc8f" testId="bebff52e-a2cf-dbab-4ce8-1e61a5870694" testName="ExxerAI.Infrastructure.Tests.InMemoryTaskRepositoryTests+ConcurrencyTests.Should_HandleConcurrentUpdates_When_MultipleThreadsUpdating" computerName="DESKTOP-FB2ES22" duration="00:00:00.0032876" startTime="2025-07-02T07:57:55.3198305-06:00" endTime="2025-07-02T07:57:55.3238819-06:00" testType="13cdc9d9-ddb5-4fa4-a97d-d965ccfc6d4b" outcome="Passed" testListId="8c84fa94-04c1-424b-9868-57a2d4851a1d" relativeResultsDirectory="c25e21a9-f315-409a-8ce0-eef3cef0fc8f" />
    <UnitTestResult executionId="af6296ed-f12d-4867-a139-c1fb7683615a" testId="aec1f437-64e3-4344-3f27-d7ab921d9cab" testName="ExxerAI.Infrastructure.Tests.InMemoryTaskRepositoryTests+EdgeCaseTests.Should_HandleTasksWithNoDeadline_When_CheckingOverdue" computerName="DESKTOP-FB2ES22" duration="00:00:00.0378797" startTime="2025-07-02T07:57:55.2247740-06:00" endTime="2025-07-02T07:57:55.4276126-06:00" testType="13cdc9d9-ddb5-4fa4-a97d-d965ccfc6d4b" outcome="Passed" testListId="8c84fa94-04c1-424b-9868-57a2d4851a1d" relativeResultsDirectory="af6296ed-f12d-4867-a139-c1fb7683615a" />
    <UnitTestResult executionId="2bf660e5-4c79-40ea-b409-ff688496273a" testId="2d3c03ef-6372-cc7f-6477-e1199f43b595" testName="ExxerAI.Infrastructure.Tests.InMemoryTaskRepositoryTests+ConcurrencyTests.Should_HandleConcurrentAdds_When_MultipleThreadsAddingTasks" computerName="DESKTOP-FB2ES22" duration="00:00:00.0190620" startTime="2025-07-02T07:57:55.2107667-06:00" endTime="2025-07-02T07:57:55.2744222-06:00" testType="13cdc9d9-ddb5-4fa4-a97d-d965ccfc6d4b" outcome="Passed" testListId="8c84fa94-04c1-424b-9868-57a2d4851a1d" relativeResultsDirectory="2bf660e5-4c79-40ea-b409-ff688496273a" />
    <UnitTestResult executionId="155338b5-6c64-427b-9d32-ac5258c060f2" testId="3d21154c-8505-bea8-3a82-5fceae44f06b" testName="ExxerAI.Infrastructure.Tests.InMemoryAgentRepositoryTests+CrudOperationsTests.Should_DeleteAgent_When_AgentExists" computerName="DESKTOP-FB2ES22" duration="00:00:00.0019943" startTime="2025-07-02T07:57:55.4575439-06:00" endTime="2025-07-02T07:57:55.5021137-06:00" testType="13cdc9d9-ddb5-4fa4-a97d-d965ccfc6d4b" outcome="Passed" testListId="8c84fa94-04c1-424b-9868-57a2d4851a1d" relativeResultsDirectory="155338b5-6c64-427b-9d32-ac5258c060f2" />
    <UnitTestResult executionId="ec13c96f-eaa4-4b58-b50e-626500f81935" testId="0469b877-c454-9e7f-b34b-4957d9afa708" testName="ExxerAI.Infrastructure.Tests.InMemoryTaskRepositoryTests+CrudOperationsTests.Should_GetTaskById_When_TaskExists" computerName="DESKTOP-FB2ES22" duration="00:00:00.0011557" startTime="2025-07-02T07:57:55.4569144-06:00" endTime="2025-07-02T07:57:55.4570153-06:00" testType="13cdc9d9-ddb5-4fa4-a97d-d965ccfc6d4b" outcome="Passed" testListId="8c84fa94-04c1-424b-9868-57a2d4851a1d" relativeResultsDirectory="ec13c96f-eaa4-4b58-b50e-626500f81935" />
    <UnitTestResult executionId="20551b2f-03df-4778-a6e7-30a9472649b8" testId="f5c040f3-4c6d-304c-e939-7630e33e68af" testName="ExxerAI.Infrastructure.Tests.InMemoryTaskRepositoryTests+QueryOperationsTests.Should_GetTasksByAgentAndStatus_When_BothFiltersApplied" computerName="DESKTOP-FB2ES22" duration="00:00:00.0615285" startTime="2025-07-02T07:57:55.4340224-06:00" endTime="2025-07-02T07:57:55.4564317-06:00" testType="13cdc9d9-ddb5-4fa4-a97d-d965ccfc6d4b" outcome="Passed" testListId="8c84fa94-04c1-424b-9868-57a2d4851a1d" relativeResultsDirectory="20551b2f-03df-4778-a6e7-30a9472649b8" />
    <UnitTestResult executionId="5d7b4cfa-b5f0-4953-8870-ece73d8180df" testId="71024650-4a93-b97b-fe7c-0701a0ba3908" testName="ExxerAI.Infrastructure.Tests.InMemoryTaskRepositoryTests+CrudOperationsTests.Should_ReturnFailure_When_TaskNotFound" computerName="DESKTOP-FB2ES22" duration="00:00:00.0010337" startTime="2025-07-02T07:57:55.4355140-06:00" endTime="2025-07-02T07:57:55.4566095-06:00" testType="13cdc9d9-ddb5-4fa4-a97d-d965ccfc6d4b" outcome="Passed" testListId="8c84fa94-04c1-424b-9868-57a2d4851a1d" relativeResultsDirectory="5d7b4cfa-b5f0-4953-8870-ece73d8180df" />
    <UnitTestResult executionId="a475bd51-c06a-4f83-9058-de8e9fa4cd80" testId="864d4377-223d-f93a-2640-50dadacbbb26" testName="ExxerAI.Infrastructure.Tests.InMemoryTaskRepositoryTests+CrudOperationsTests.Should_GetAllTasks_When_TasksExist" computerName="DESKTOP-FB2ES22" duration="00:00:00.0194045" startTime="2025-07-02T07:57:55.2247021-06:00" endTime="2025-07-02T07:57:55.2741350-06:00" testType="13cdc9d9-ddb5-4fa4-a97d-d965ccfc6d4b" outcome="Passed" testListId="8c84fa94-04c1-424b-9868-57a2d4851a1d" relativeResultsDirectory="a475bd51-c06a-4f83-9058-de8e9fa4cd80" />
    <UnitTestResult executionId="cd45a32d-523e-4420-8cb7-79704d723684" testId="2a6151b7-6749-faf2-6ba0-1c0f4e094b16" testName="ExxerAI.Infrastructure.Tests.InMemoryTaskRepositoryTests+CrudOperationsTests.Should_UpdateTask_When_TaskExists" computerName="DESKTOP-FB2ES22" duration="00:00:00.0690033" startTime="2025-07-02T07:57:55.4242350-06:00" endTime="2025-07-02T07:57:55.4346163-06:00" testType="13cdc9d9-ddb5-4fa4-a97d-d965ccfc6d4b" outcome="Passed" testListId="8c84fa94-04c1-424b-9868-57a2d4851a1d" relativeResultsDirectory="cd45a32d-523e-4420-8cb7-79704d723684" />
    <UnitTestResult executionId="61d8d6e1-a090-43a4-8665-33b91e9be41c" testId="85f6af41-81cd-929f-7956-1cc5999bd4d7" testName="ExxerAI.Infrastructure.Tests.InMemoryAgentRepositoryTests+CrudOperationsTests.Should_UpdateAgent_When_AgentExists" computerName="DESKTOP-FB2ES22" duration="00:00:00.0025295" startTime="2025-07-02T07:57:55.5023674-06:00" endTime="2025-07-02T07:57:55.5024464-06:00" testType="13cdc9d9-ddb5-4fa4-a97d-d965ccfc6d4b" outcome="Passed" testListId="8c84fa94-04c1-424b-9868-57a2d4851a1d" relativeResultsDirectory="61d8d6e1-a090-43a4-8665-33b91e9be41c" />
    <UnitTestResult executionId="81a9cdd7-7275-498b-bf60-544b7fbb411d" testId="42ccc301-fc4c-84e3-4b93-b826ee5b94e9" testName="ExxerAI.Infrastructure.Tests.InMemoryTaskRepositoryTests+CrudOperationsTests.Should_PreserveId_When_TaskHasValidId" computerName="DESKTOP-FB2ES22" duration="00:00:00.0015825" startTime="2025-07-02T07:57:55.4192340-06:00" endTime="2025-07-02T07:57:55.4238909-06:00" testType="13cdc9d9-ddb5-4fa4-a97d-d965ccfc6d4b" outcome="Passed" testListId="8c84fa94-04c1-424b-9868-57a2d4851a1d" relativeResultsDirectory="81a9cdd7-7275-498b-bf60-544b7fbb411d" />
    <UnitTestResult executionId="545cedbf-496d-4447-a104-5790587bf182" testId="e5c6802b-dd05-abf2-22d5-490064e567b4" testName="ExxerAI.Infrastructure.Tests.InMemoryTaskRepositoryTests+ValidationTests.Should_ReturnFailure_When_GetByTypeWithEmptyType" computerName="DESKTOP-FB2ES22" duration="00:00:00.0015930" startTime="2025-07-02T07:57:55.4272766-06:00" endTime="2025-07-02T07:57:55.4273978-06:00" testType="13cdc9d9-ddb5-4fa4-a97d-d965ccfc6d4b" outcome="Passed" testListId="8c84fa94-04c1-424b-9868-57a2d4851a1d" relativeResultsDirectory="545cedbf-496d-4447-a104-5790587bf182" />
    <UnitTestResult executionId="12f8923a-635b-48ba-a272-64e990d65134" testId="1d992660-7050-1a6d-1f8a-f81256a119e2" testName="ExxerAI.Infrastructure.Tests.InMemoryTaskRepositoryTests+ValidationTests.Should_ReturnFailure_When_UpdatingTaskWithEmptyId" computerName="DESKTOP-FB2ES22" duration="00:00:00.0018079" startTime="2025-07-02T07:57:55.3207600-06:00" endTime="2025-07-02T07:57:55.3210041-06:00" testType="13cdc9d9-ddb5-4fa4-a97d-d965ccfc6d4b" outcome="Passed" testListId="8c84fa94-04c1-424b-9868-57a2d4851a1d" relativeResultsDirectory="12f8923a-635b-48ba-a272-64e990d65134" />
    <UnitTestResult executionId="24458a09-859b-45ee-8954-47140a71c43a" testId="651b072a-f0ea-a376-3983-95379a2928ca" testName="ExxerAI.Infrastructure.Tests.InMemoryAgentRepositoryTests+CrudOperationsTests.Should_AddAgent_When_ValidAgentProvided" computerName="DESKTOP-FB2ES22" duration="00:00:00.0804079" startTime="2025-07-02T07:57:55.3203184-06:00" endTime="2025-07-02T07:57:55.4355501-06:00" testType="13cdc9d9-ddb5-4fa4-a97d-d965ccfc6d4b" outcome="Passed" testListId="8c84fa94-04c1-424b-9868-57a2d4851a1d" relativeResultsDirectory="24458a09-859b-45ee-8954-47140a71c43a" />
    <UnitTestResult executionId="47bf38a9-8ae0-43ef-9733-887f194ad9d0" testId="76d9d449-b3eb-7b51-706b-941d4e3d80b6" testName="ExxerAI.Infrastructure.Tests.InMemoryTaskRepositoryTests+EdgeCaseTests.Should_HandleTasksWithSameTitle_When_AddingDuplicateTitles" computerName="DESKTOP-FB2ES22" duration="00:00:00.0025116" startTime="2025-07-02T07:57:55.4332016-06:00" endTime="2025-07-02T07:57:55.4334397-06:00" testType="13cdc9d9-ddb5-4fa4-a97d-d965ccfc6d4b" outcome="Passed" testListId="8c84fa94-04c1-424b-9868-57a2d4851a1d" relativeResultsDirectory="47bf38a9-8ae0-43ef-9733-887f194ad9d0" />
    <UnitTestResult executionId="db856482-d824-423d-a118-f9b084095ec6" testId="aa91a762-9486-8962-d362-af6a78b34ae0" testName="ExxerAI.Infrastructure.Tests.InMemoryTaskRepositoryTests+CrudOperationsTests.Should_DeleteTask_When_TaskExists" computerName="DESKTOP-FB2ES22" duration="00:00:00.0058559" startTime="2025-07-02T07:57:55.3199307-06:00" endTime="2025-07-02T07:57:55.4102462-06:00" testType="13cdc9d9-ddb5-4fa4-a97d-d965ccfc6d4b" outcome="Passed" testListId="8c84fa94-04c1-424b-9868-57a2d4851a1d" relativeResultsDirectory="db856482-d824-423d-a118-f9b084095ec6" />
    <UnitTestResult executionId="232780d2-3fcc-48e9-bfaf-350a526c21dd" testId="8b635890-86b0-ce5d-2d9a-dab52d409277" testName="ExxerAI.Infrastructure.Tests.InMemoryAgentRepositoryTests+CrudOperationsTests.Should_GetAgentById_When_AgentExists" computerName="DESKTOP-FB2ES22" duration="00:00:00.0022447" startTime="2025-07-02T07:57:55.4559297-06:00" endTime="2025-07-02T07:57:55.4573112-06:00" testType="13cdc9d9-ddb5-4fa4-a97d-d965ccfc6d4b" outcome="Passed" testListId="8c84fa94-04c1-424b-9868-57a2d4851a1d" relativeResultsDirectory="232780d2-3fcc-48e9-bfaf-350a526c21dd" />
    <UnitTestResult executionId="8177d565-cd86-4e35-8bfc-0f53f3244745" testId="d29bae8e-ccd2-1ca7-5406-3448543074ab" testName="ExxerAI.Infrastructure.Tests.InMemoryAgentRepositoryTests+QueryOperationsTests.Should_ReturnEmptyList_When_NoAgentsMatchTaskType" computerName="DESKTOP-FB2ES22" duration="00:00:00.0019776" startTime="2025-07-02T07:57:55.4346771-06:00" endTime="2025-07-02T07:57:55.4561866-06:00" testType="13cdc9d9-ddb5-4fa4-a97d-d965ccfc6d4b" outcome="Passed" testListId="8c84fa94-04c1-424b-9868-57a2d4851a1d" relativeResultsDirectory="8177d565-cd86-4e35-8bfc-0f53f3244745" />
    <UnitTestResult executionId="516cd9b8-f6e0-418b-8d74-1763ab1478f3" testId="cd351b1c-466b-f650-f2f9-a0c43edc7a51" testName="ExxerAI.Infrastructure.Tests.InMemoryTaskRepositoryTests+ValidationTests.Should_ReturnFailure_When_DeletingNonExistentTask" computerName="DESKTOP-FB2ES22" duration="00:00:00.0010051" startTime="2025-07-02T07:57:55.4264059-06:00" endTime="2025-07-02T07:57:55.4270599-06:00" testType="13cdc9d9-ddb5-4fa4-a97d-d965ccfc6d4b" outcome="Passed" testListId="8c84fa94-04c1-424b-9868-57a2d4851a1d" relativeResultsDirectory="516cd9b8-f6e0-418b-8d74-1763ab1478f3" />
    <UnitTestResult executionId="d4e3f822-d471-4195-8915-8de9187ae8df" testId="0304dbde-3be1-55b6-7c74-1904dfdafe3a" testName="ExxerAI.Infrastructure.Tests.UnitTest1.Test1" computerName="DESKTOP-FB2ES22" duration="00:00:00.0043697" startTime="2025-07-02T07:57:55.2247442-06:00" endTime="2025-07-02T07:57:55.2342793-06:00" testType="13cdc9d9-ddb5-4fa4-a97d-d965ccfc6d4b" outcome="Passed" testListId="8c84fa94-04c1-424b-9868-57a2d4851a1d" relativeResultsDirectory="d4e3f822-d471-4195-8915-8de9187ae8df" />
    <UnitTestResult executionId="64adb2bb-cf64-43d5-b06f-d214861c9bd1" testId="b99b4a5f-ca2c-58ee-11e5-73447a08ac7b" testName="ExxerAI.Infrastructure.Tests.InMemoryTaskRepositoryTests+ExistenceTests.Should_ReturnFalse_When_TaskDoesNotExist" computerName="DESKTOP-FB2ES22" duration="00:00:00.0163881" startTime="2025-07-02T07:57:55.2282405-06:00" endTime="2025-07-02T07:57:55.2767058-06:00" testType="13cdc9d9-ddb5-4fa4-a97d-d965ccfc6d4b" outcome="Passed" testListId="8c84fa94-04c1-424b-9868-57a2d4851a1d" relativeResultsDirectory="64adb2bb-cf64-43d5-b06f-d214861c9bd1" />
    <UnitTestResult executionId="93613643-2e52-470e-8e5b-3199c66743ea" testId="3882f32f-7948-d678-3b06-e4320c3676e8" testName="ExxerAI.Infrastructure.Tests.InMemoryAgentRepositoryTests+QueryOperationsTests.Should_GetAgentsWithTaskCount_When_Called" computerName="DESKTOP-FB2ES22" duration="00:00:00.0293390" startTime="2025-07-02T07:57:55.2248044-06:00" endTime="2025-07-02T07:57:55.4193200-06:00" testType="13cdc9d9-ddb5-4fa4-a97d-d965ccfc6d4b" outcome="Passed" testListId="8c84fa94-04c1-424b-9868-57a2d4851a1d" relativeResultsDirectory="93613643-2e52-470e-8e5b-3199c66743ea" />
    <UnitTestResult executionId="97bc4daf-bc4a-4366-ba10-46f42cd72691" testId="6681aa69-007a-2c47-bed0-a18b4f66f550" testName="ExxerAI.Infrastructure.Tests.InMemoryAgentRepositoryTests+QueryOperationsTests.Should_FindAgentsByTaskType_When_TaskTypeSupported" computerName="DESKTOP-FB2ES22" duration="00:00:00.0656993" startTime="2025-07-02T07:57:55.4269981-06:00" endTime="2025-07-02T07:57:55.4342845-06:00" testType="13cdc9d9-ddb5-4fa4-a97d-d965ccfc6d4b" outcome="Passed" testListId="8c84fa94-04c1-424b-9868-57a2d4851a1d" relativeResultsDirectory="97bc4daf-bc4a-4366-ba10-46f42cd72691" />
    <UnitTestResult executionId="1a480f60-8b9c-4601-900e-4820914f6df7" testId="edbd1ccb-452a-a361-1a94-53e668adbdc4" testName="ExxerAI.Infrastructure.Tests.InMemoryAgentRepositoryTests+ValidationTests.Should_ReturnFailure_When_DeletingNonExistentAgent" computerName="DESKTOP-FB2ES22" duration="00:00:00.0017377" startTime="2025-07-02T07:57:55.4101533-06:00" endTime="2025-07-02T07:57:55.4167117-06:00" testType="13cdc9d9-ddb5-4fa4-a97d-d965ccfc6d4b" outcome="Passed" testListId="8c84fa94-04c1-424b-9868-57a2d4851a1d" relativeResultsDirectory="1a480f60-8b9c-4601-900e-4820914f6df7" />
    <UnitTestResult executionId="12cc91ef-7cc4-4ea7-86c0-74d1f1a24d7e" testId="445d5b9f-20b0-2b8f-0af3-b0dda6af8cfd" testName="ExxerAI.Infrastructure.Tests.InMemoryTaskRepositoryTests+ValidationTests.Should_ReturnFailure_When_GetByAgentWithEmptyId" computerName="DESKTOP-FB2ES22" duration="00:00:00.0022646" startTime="2025-07-02T07:57:55.4170679-06:00" endTime="2025-07-02T07:57:55.4233923-06:00" testType="13cdc9d9-ddb5-4fa4-a97d-d965ccfc6d4b" outcome="Passed" testListId="8c84fa94-04c1-424b-9868-57a2d4851a1d" relativeResultsDirectory="12cc91ef-7cc4-4ea7-86c0-74d1f1a24d7e" />
    <UnitTestResult executionId="9a65b1d2-87d7-4549-9461-e54835cb9b9f" testId="0625a3ff-a022-4611-5511-ead3093e4c92" testName="ExxerAI.Infrastructure.Tests.InMemoryTaskRepositoryTests+QueryOperationsTests.Should_GetTasksByAgent_When_AgentIdMatches" computerName="DESKTOP-FB2ES22" duration="00:00:00.0027824" startTime="2025-07-02T07:57:55.4333461-06:00" endTime="2025-07-02T07:57:55.4338081-06:00" testType="13cdc9d9-ddb5-4fa4-a97d-d965ccfc6d4b" outcome="Passed" testListId="8c84fa94-04c1-424b-9868-57a2d4851a1d" relativeResultsDirectory="9a65b1d2-87d7-4549-9461-e54835cb9b9f" />
    <UnitTestResult executionId="1f3a20cb-0151-46fb-9f2b-432c88f73670" testId="73266d59-53c2-0e14-1ace-40fde7eaaa43" testName="ExxerAI.Infrastructure.Tests.InMemoryTaskRepositoryTests+ValidationTests.Should_ReturnFailure_When_DeletingWithEmptyId" computerName="DESKTOP-FB2ES22" duration="00:00:00.0029534" startTime="2025-07-02T07:57:55.4097452-06:00" endTime="2025-07-02T07:57:55.4145207-06:00" testType="13cdc9d9-ddb5-4fa4-a97d-d965ccfc6d4b" outcome="Passed" testListId="8c84fa94-04c1-424b-9868-57a2d4851a1d" relativeResultsDirectory="1f3a20cb-0151-46fb-9f2b-432c88f73670" />
    <UnitTestResult executionId="e0d8690c-0643-41b0-9f71-3e0494903483" testId="709a0334-64bd-a375-be16-77d7d881bd7c" testName="ExxerAI.Infrastructure.Tests.InMemoryAgentRepositoryTests+ValidationTests.Should_CheckNonExistence_When_AgentDoesNotExist" computerName="DESKTOP-FB2ES22" duration="00:00:00.0152069" startTime="2025-07-02T07:57:55.2278956-06:00" endTime="2025-07-02T07:57:55.2745648-06:00" testType="13cdc9d9-ddb5-4fa4-a97d-d965ccfc6d4b" outcome="Passed" testListId="8c84fa94-04c1-424b-9868-57a2d4851a1d" relativeResultsDirectory="e0d8690c-0643-41b0-9f71-3e0494903483" />
    <UnitTestResult executionId="d3dcd729-4433-4f69-8b6e-fcd8b93470c4" testId="2d761aa2-2364-d551-aba9-6963a8c8d85a" testName="ExxerAI.Infrastructure.Tests.InMemoryAgentRepositoryTests+ValidationTests.Should_ReturnFailure_When_UpdatingNullAgent" computerName="DESKTOP-FB2ES22" duration="00:00:00.0031926" startTime="2025-07-02T07:57:55.3195349-06:00" endTime="2025-07-02T07:57:55.3216473-06:00" testType="13cdc9d9-ddb5-4fa4-a97d-d965ccfc6d4b" outcome="Passed" testListId="8c84fa94-04c1-424b-9868-57a2d4851a1d" relativeResultsDirectory="d3dcd729-4433-4f69-8b6e-fcd8b93470c4" />
    <UnitTestResult executionId="612da16c-6280-41b8-849d-9be1329110c9" testId="0b4ffc8f-adf2-3e42-e63e-241660ac25aa" testName="ExxerAI.Infrastructure.Tests.InMemoryTaskRepositoryTests+QueryOperationsTests.Should_GetTasksByStatus_When_StatusMatches" computerName="DESKTOP-FB2ES22" duration="00:00:00.0038548" startTime="2025-07-02T07:57:55.4267106-06:00" endTime="2025-07-02T07:57:55.4277277-06:00" testType="13cdc9d9-ddb5-4fa4-a97d-d965ccfc6d4b" outcome="Passed" testListId="8c84fa94-04c1-424b-9868-57a2d4851a1d" relativeResultsDirectory="612da16c-6280-41b8-849d-9be1329110c9" />
    <UnitTestResult executionId="8277127d-cccd-4f65-9ab8-c6a32453c7e3" testId="dcd320e0-2b70-aa96-4795-82900af314cf" testName="ExxerAI.Infrastructure.Tests.InMemoryTaskRepositoryTests+CrudOperationsTests.Should_AddTask_When_ValidTaskProvided" computerName="DESKTOP-FB2ES22" duration="00:00:00.0011624" startTime="2025-07-02T07:57:55.4572495-06:00" endTime="2025-07-02T07:57:55.4576244-06:00" testType="13cdc9d9-ddb5-4fa4-a97d-d965ccfc6d4b" outcome="Passed" testListId="8c84fa94-04c1-424b-9868-57a2d4851a1d" relativeResultsDirectory="8277127d-cccd-4f65-9ab8-c6a32453c7e3" />
    <UnitTestResult executionId="1faa2223-0f6f-4125-b587-d0c2aa9de55c" testId="5c9310af-fb77-d6b0-4bc8-79a980735c0a" testName="ExxerAI.Infrastructure.Tests.InMemoryTaskRepositoryTests+CrudOperationsTests.Should_ReturnFailure_When_TaskIdAlreadyExists" computerName="DESKTOP-FB2ES22" duration="00:00:00.0014700" startTime="2025-07-02T07:57:55.4351344-06:00" endTime="2025-07-02T07:57:55.4352424-06:00" testType="13cdc9d9-ddb5-4fa4-a97d-d965ccfc6d4b" outcome="Passed" testListId="8c84fa94-04c1-424b-9868-57a2d4851a1d" relativeResultsDirectory="1faa2223-0f6f-4125-b587-d0c2aa9de55c" />
    <UnitTestResult executionId="55336078-db19-49a6-87ee-8a14e260fbb4" testId="b59c66e5-a40f-5a77-55b9-52c10b9a4c67" testName="ExxerAI.Infrastructure.Tests.InMemoryTaskRepositoryTests+ValidationTests.Should_ReturnFailure_When_ExistsWithEmptyId" computerName="DESKTOP-FB2ES22" duration="00:00:00.0009435" startTime="2025-07-02T07:57:55.4260442-06:00" endTime="2025-07-02T07:57:55.4261444-06:00" testType="13cdc9d9-ddb5-4fa4-a97d-d965ccfc6d4b" outcome="Passed" testListId="8c84fa94-04c1-424b-9868-57a2d4851a1d" relativeResultsDirectory="55336078-db19-49a6-87ee-8a14e260fbb4" />
    <UnitTestResult executionId="c54b4419-0c1e-4c5f-89fe-4493bcad0653" testId="4a645ccc-dee3-9b88-edae-91990ad4cf28" testName="ExxerAI.Infrastructure.Tests.InMemoryAgentRepositoryTests+QueryOperationsTests.Should_GetAgentsByStatus_When_StatusMatches" computerName="DESKTOP-FB2ES22" duration="00:00:00.0039968" startTime="2025-07-02T07:57:55.4210304-06:00" endTime="2025-07-02T07:57:55.4268055-06:00" testType="13cdc9d9-ddb5-4fa4-a97d-d965ccfc6d4b" outcome="Passed" testListId="8c84fa94-04c1-424b-9868-57a2d4851a1d" relativeResultsDirectory="c54b4419-0c1e-4c5f-89fe-4493bcad0653" />
    <UnitTestResult executionId="917f51cf-3ecc-4989-ba10-30df147feecc" testId="4616e142-10bb-ed02-1e8e-d39e6f5299ec" testName="ExxerAI.Infrastructure.Tests.InMemoryTaskRepositoryTests+ConcurrencyTests.Should_HandleConcurrentReads_When_MultipleThreadsReading" computerName="DESKTOP-FB2ES22" duration="00:00:00.0026272" startTime="2025-07-02T07:57:55.3271991-06:00" endTime="2025-07-02T07:57:55.4105516-06:00" testType="13cdc9d9-ddb5-4fa4-a97d-d965ccfc6d4b" outcome="Passed" testListId="8c84fa94-04c1-424b-9868-57a2d4851a1d" relativeResultsDirectory="917f51cf-3ecc-4989-ba10-30df147feecc" />
    <UnitTestResult executionId="a001a5bf-2e7b-42c1-9de4-9a5c55ce2431" testId="6cecaa58-9efc-a119-70e2-280950af6ba2" testName="ExxerAI.Infrastructure.Tests.InMemoryAgentRepositoryTests+ValidationTests.Should_ReturnFailure_When_UpdatingNonExistentAgent" computerName="DESKTOP-FB2ES22" duration="00:00:00.0013342" startTime="2025-07-02T07:57:55.4213873-06:00" endTime="2025-07-02T07:57:55.4243234-06:00" testType="13cdc9d9-ddb5-4fa4-a97d-d965ccfc6d4b" outcome="Passed" testListId="8c84fa94-04c1-424b-9868-57a2d4851a1d" relativeResultsDirectory="a001a5bf-2e7b-42c1-9de4-9a5c55ce2431" />
    <UnitTestResult executionId="fa5e259c-2a2f-4e56-aca0-3591c4791403" testId="5f13569b-f776-395f-d51f-81b6db28d4c4" testName="ExxerAI.Infrastructure.Tests.InMemoryTaskRepositoryTests+EdgeCaseTests.Should_HandleEmptyRepository_When_NoTasksAdded" computerName="DESKTOP-FB2ES22" duration="00:00:00.0022395" startTime="2025-07-02T07:57:55.4337123-06:00" endTime="2025-07-02T07:57:55.4341141-06:00" testType="13cdc9d9-ddb5-4fa4-a97d-d965ccfc6d4b" outcome="Passed" testListId="8c84fa94-04c1-424b-9868-57a2d4851a1d" relativeResultsDirectory="fa5e259c-2a2f-4e56-aca0-3591c4791403" />
    <UnitTestResult executionId="a16bb524-f80f-451e-88ed-285ed5e31533" testId="0fc58baa-a1eb-d394-50d8-1abab884124b" testName="ExxerAI.Infrastructure.Tests.InMemoryAgentRepositoryTests+CrudOperationsTests.Should_ReturnFailure_When_AgentNotFound" computerName="DESKTOP-FB2ES22" duration="00:00:00.0208851" startTime="2025-07-02T07:57:55.2274592-06:00" endTime="2025-07-02T07:57:55.2960432-06:00" testType="13cdc9d9-ddb5-4fa4-a97d-d965ccfc6d4b" outcome="Passed" testListId="8c84fa94-04c1-424b-9868-57a2d4851a1d" relativeResultsDirectory="a16bb524-f80f-451e-88ed-285ed5e31533" />
    <UnitTestResult executionId="25891c66-101c-4407-9b09-fd23173c4eec" testId="1ce23298-4645-5f70-eb35-21bc78efb82e" testName="ExxerAI.Infrastructure.Tests.InMemoryTaskRepositoryTests+PerformanceTests.Should_HandleLargeTaskCollections_When_ManyTasksAdded" computerName="DESKTOP-FB2ES22" duration="00:00:00.1740174" startTime="2025-07-02T07:57:55.2248345-06:00" endTime="2025-07-02T07:57:55.5035999-06:00" testType="13cdc9d9-ddb5-4fa4-a97d-d965ccfc6d4b" outcome="Passed" testListId="8c84fa94-04c1-424b-9868-57a2d4851a1d" relativeResultsDirectory="25891c66-101c-4407-9b09-fd23173c4eec" />
    <UnitTestResult executionId="3a54128d-518b-4901-a2dc-bc4c356195f8" testId="3fda317a-3fe0-bc82-736b-194d77998207" testName="ExxerAI.Infrastructure.Tests.InMemoryAgentRepositoryTests+ValidationTests.Should_ReturnFailure_When_AddingNullAgent" computerName="DESKTOP-FB2ES22" duration="00:00:00.0019524" startTime="2025-07-02T07:57:55.3237922-06:00" endTime="2025-07-02T07:57:55.4098852-06:00" testType="13cdc9d9-ddb5-4fa4-a97d-d965ccfc6d4b" outcome="Passed" testListId="8c84fa94-04c1-424b-9868-57a2d4851a1d" relativeResultsDirectory="3a54128d-518b-4901-a2dc-bc4c356195f8" />
    <UnitTestResult executionId="99d394f8-997d-41c8-b373-cd83a717a4ff" testId="00ee9465-2c51-d6bf-1273-74cb7516b68f" testName="ExxerAI.Infrastructure.Tests.InMemoryTaskRepositoryTests+QueryOperationsTests.Should_GetTasksByType_When_TaskTypeMatches" computerName="DESKTOP-FB2ES22" duration="00:00:00.0306353" startTime="2025-07-02T07:57:55.2245774-06:00" endTime="2025-07-02T07:57:55.4215952-06:00" testType="13cdc9d9-ddb5-4fa4-a97d-d965ccfc6d4b" outcome="Passed" testListId="8c84fa94-04c1-424b-9868-57a2d4851a1d" relativeResultsDirectory="99d394f8-997d-41c8-b373-cd83a717a4ff" />
  </Results>
  <TestDefinitions>
    <UnitTest name="ExxerAI.Infrastructure.Tests.InMemoryTaskRepositoryTests+CrudOperationsTests.Should_ReturnFailure_When_TaskNotFound" storage="f:\dynamic\exxerai\exxerai\code\src\tests\exxerai.infrastructure.tests\bin\debug\net10.0\exxerai.infrastructure.tests.dll" id="71024650-4a93-b97b-fe7c-0701a0ba3908">
      <Execution id="5d7b4cfa-b5f0-4953-8870-ece73d8180df" />
      <TestMethod codeBase="F:\Dynamic\ExxerAi\ExxerAI\code\src\tests\ExxerAI.Infrastructure.Tests\bin\Debug\net10.0\ExxerAI.Infrastructure.Tests.dll" adapterTypeName="executor://xunit/VsTestRunner3/netcore/" className="ExxerAI.Infrastructure.Tests.InMemoryTaskRepositoryTests+CrudOperationsTests" name="Should_ReturnFailure_When_TaskNotFound" />
    </UnitTest>
    <UnitTest name="ExxerAI.Infrastructure.Tests.InMemoryTaskRepositoryTests+QueryOperationsTests.Should_GetTasksByType_When_TaskTypeMatches" storage="f:\dynamic\exxerai\exxerai\code\src\tests\exxerai.infrastructure.tests\bin\debug\net10.0\exxerai.infrastructure.tests.dll" id="00ee9465-2c51-d6bf-1273-74cb7516b68f">
      <Execution id="99d394f8-997d-41c8-b373-cd83a717a4ff" />
      <TestMethod codeBase="F:\Dynamic\ExxerAi\ExxerAI\code\src\tests\ExxerAI.Infrastructure.Tests\bin\Debug\net10.0\ExxerAI.Infrastructure.Tests.dll" adapterTypeName="executor://xunit/VsTestRunner3/netcore/" className="ExxerAI.Infrastructure.Tests.InMemoryTaskRepositoryTests+QueryOperationsTests" name="Should_GetTasksByType_When_TaskTypeMatches" />
    </UnitTest>
    <UnitTest name="ExxerAI.Infrastructure.Tests.InMemoryTaskRepositoryTests+CrudOperationsTests.Should_GetTaskById_When_TaskExists" storage="f:\dynamic\exxerai\exxerai\code\src\tests\exxerai.infrastructure.tests\bin\debug\net10.0\exxerai.infrastructure.tests.dll" id="0469b877-c454-9e7f-b34b-4957d9afa708">
      <Execution id="ec13c96f-eaa4-4b58-b50e-626500f81935" />
      <TestMethod codeBase="F:\Dynamic\ExxerAi\ExxerAI\code\src\tests\ExxerAI.Infrastructure.Tests\bin\Debug\net10.0\ExxerAI.Infrastructure.Tests.dll" adapterTypeName="executor://xunit/VsTestRunner3/netcore/" className="ExxerAI.Infrastructure.Tests.InMemoryTaskRepositoryTests+CrudOperationsTests" name="Should_GetTaskById_When_TaskExists" />
    </UnitTest>
    <UnitTest name="ExxerAI.Infrastructure.Tests.InMemoryAgentRepositoryTests+CrudOperationsTests.Should_AddAgent_When_ValidAgentProvided" storage="f:\dynamic\exxerai\exxerai\code\src\tests\exxerai.infrastructure.tests\bin\debug\net10.0\exxerai.infrastructure.tests.dll" id="651b072a-f0ea-a376-3983-95379a2928ca">
      <Execution id="24458a09-859b-45ee-8954-47140a71c43a" />
      <TestMethod codeBase="F:\Dynamic\ExxerAi\ExxerAI\code\src\tests\ExxerAI.Infrastructure.Tests\bin\Debug\net10.0\ExxerAI.Infrastructure.Tests.dll" adapterTypeName="executor://xunit/VsTestRunner3/netcore/" className="ExxerAI.Infrastructure.Tests.InMemoryAgentRepositoryTests+CrudOperationsTests" name="Should_AddAgent_When_ValidAgentProvided" />
    </UnitTest>
    <UnitTest name="ExxerAI.Infrastructure.Tests.InMemoryTaskRepositoryTests+EdgeCaseTests.Should_HandleTasksWithNoDeadline_When_CheckingOverdue" storage="f:\dynamic\exxerai\exxerai\code\src\tests\exxerai.infrastructure.tests\bin\debug\net10.0\exxerai.infrastructure.tests.dll" id="aec1f437-64e3-4344-3f27-d7ab921d9cab">
      <Execution id="af6296ed-f12d-4867-a139-c1fb7683615a" />
      <TestMethod codeBase="F:\Dynamic\ExxerAi\ExxerAI\code\src\tests\ExxerAI.Infrastructure.Tests\bin\Debug\net10.0\ExxerAI.Infrastructure.Tests.dll" adapterTypeName="executor://xunit/VsTestRunner3/netcore/" className="ExxerAI.Infrastructure.Tests.InMemoryTaskRepositoryTests+EdgeCaseTests" name="Should_HandleTasksWithNoDeadline_When_CheckingOverdue" />
    </UnitTest>
    <UnitTest name="ExxerAI.Infrastructure.Tests.InMemoryTaskRepositoryTests+PerformanceTests.Should_HandleComplexQueries_When_LargeDataSet" storage="f:\dynamic\exxerai\exxerai\code\src\tests\exxerai.infrastructure.tests\bin\debug\net10.0\exxerai.infrastructure.tests.dll" id="da9411ba-6c35-c1e3-e865-0e86cb04cfee">
      <Execution id="c6400a6e-f7e0-4755-b812-52781105de67" />
      <TestMethod codeBase="F:\Dynamic\ExxerAi\ExxerAI\code\src\tests\ExxerAI.Infrastructure.Tests\bin\Debug\net10.0\ExxerAI.Infrastructure.Tests.dll" adapterTypeName="executor://xunit/VsTestRunner3/netcore/" className="ExxerAI.Infrastructure.Tests.InMemoryTaskRepositoryTests+PerformanceTests" name="Should_HandleComplexQueries_When_LargeDataSet" />
    </UnitTest>
    <UnitTest name="ExxerAI.Infrastructure.Tests.InMemoryAgentRepositoryTests+QueryOperationsTests.Should_FindAgentsByTaskType_When_TaskTypeSupported" storage="f:\dynamic\exxerai\exxerai\code\src\tests\exxerai.infrastructure.tests\bin\debug\net10.0\exxerai.infrastructure.tests.dll" id="6681aa69-007a-2c47-bed0-a18b4f66f550">
      <Execution id="97bc4daf-bc4a-4366-ba10-46f42cd72691" />
      <TestMethod codeBase="F:\Dynamic\ExxerAi\ExxerAI\code\src\tests\ExxerAI.Infrastructure.Tests\bin\Debug\net10.0\ExxerAI.Infrastructure.Tests.dll" adapterTypeName="executor://xunit/VsTestRunner3/netcore/" className="ExxerAI.Infrastructure.Tests.InMemoryAgentRepositoryTests+QueryOperationsTests" name="Should_FindAgentsByTaskType_When_TaskTypeSupported" />
    </UnitTest>
    <UnitTest name="ExxerAI.Infrastructure.Tests.InMemoryTaskRepositoryTests+CrudOperationsTests.Should_GetAllTasks_When_TasksExist" storage="f:\dynamic\exxerai\exxerai\code\src\tests\exxerai.infrastructure.tests\bin\debug\net10.0\exxerai.infrastructure.tests.dll" id="864d4377-223d-f93a-2640-50dadacbbb26">
      <Execution id="a475bd51-c06a-4f83-9058-de8e9fa4cd80" />
      <TestMethod codeBase="F:\Dynamic\ExxerAi\ExxerAI\code\src\tests\ExxerAI.Infrastructure.Tests\bin\Debug\net10.0\ExxerAI.Infrastructure.Tests.dll" adapterTypeName="executor://xunit/VsTestRunner3/netcore/" className="ExxerAI.Infrastructure.Tests.InMemoryTaskRepositoryTests+CrudOperationsTests" name="Should_GetAllTasks_When_TasksExist" />
    </UnitTest>
    <UnitTest name="ExxerAI.Infrastructure.Tests.InMemoryTaskRepositoryTests+QueryOperationsTests.Should_GetTasksByStatus_When_StatusMatches" storage="f:\dynamic\exxerai\exxerai\code\src\tests\exxerai.infrastructure.tests\bin\debug\net10.0\exxerai.infrastructure.tests.dll" id="0b4ffc8f-adf2-3e42-e63e-241660ac25aa">
      <Execution id="612da16c-6280-41b8-849d-9be1329110c9" />
      <TestMethod codeBase="F:\Dynamic\ExxerAi\ExxerAI\code\src\tests\ExxerAI.Infrastructure.Tests\bin\Debug\net10.0\ExxerAI.Infrastructure.Tests.dll" adapterTypeName="executor://xunit/VsTestRunner3/netcore/" className="ExxerAI.Infrastructure.Tests.InMemoryTaskRepositoryTests+QueryOperationsTests" name="Should_GetTasksByStatus_When_StatusMatches" />
    </UnitTest>
    <UnitTest name="ExxerAI.Infrastructure.Tests.InMemoryAgentRepositoryTests+CrudOperationsTests.Should_DeleteAgent_When_AgentExists" storage="f:\dynamic\exxerai\exxerai\code\src\tests\exxerai.infrastructure.tests\bin\debug\net10.0\exxerai.infrastructure.tests.dll" id="3d21154c-8505-bea8-3a82-5fceae44f06b">
      <Execution id="155338b5-6c64-427b-9d32-ac5258c060f2" />
      <TestMethod codeBase="F:\Dynamic\ExxerAi\ExxerAI\code\src\tests\ExxerAI.Infrastructure.Tests\bin\Debug\net10.0\ExxerAI.Infrastructure.Tests.dll" adapterTypeName="executor://xunit/VsTestRunner3/netcore/" className="ExxerAI.Infrastructure.Tests.InMemoryAgentRepositoryTests+CrudOperationsTests" name="Should_DeleteAgent_When_AgentExists" />
    </UnitTest>
    <UnitTest name="ExxerAI.Infrastructure.Tests.InMemoryTaskRepositoryTests+EdgeCaseTests.Should_HandleTasksWithSameTitle_When_AddingDuplicateTitles" storage="f:\dynamic\exxerai\exxerai\code\src\tests\exxerai.infrastructure.tests\bin\debug\net10.0\exxerai.infrastructure.tests.dll" id="76d9d449-b3eb-7b51-706b-941d4e3d80b6">
      <Execution id="47bf38a9-8ae0-43ef-9733-887f194ad9d0" />
      <TestMethod codeBase="F:\Dynamic\ExxerAi\ExxerAI\code\src\tests\ExxerAI.Infrastructure.Tests\bin\Debug\net10.0\ExxerAI.Infrastructure.Tests.dll" adapterTypeName="executor://xunit/VsTestRunner3/netcore/" className="ExxerAI.Infrastructure.Tests.InMemoryTaskRepositoryTests+EdgeCaseTests" name="Should_HandleTasksWithSameTitle_When_AddingDuplicateTitles" />
    </UnitTest>
    <UnitTest name="ExxerAI.Infrastructure.Tests.InMemoryAgentRepositoryTests+QueryOperationsTests.Should_ReturnEmptyList_When_NoAgentsMatchTaskType" storage="f:\dynamic\exxerai\exxerai\code\src\tests\exxerai.infrastructure.tests\bin\debug\net10.0\exxerai.infrastructure.tests.dll" id="d29bae8e-ccd2-1ca7-5406-3448543074ab">
      <Execution id="8177d565-cd86-4e35-8bfc-0f53f3244745" />
      <TestMethod codeBase="F:\Dynamic\ExxerAi\ExxerAI\code\src\tests\ExxerAI.Infrastructure.Tests\bin\Debug\net10.0\ExxerAI.Infrastructure.Tests.dll" adapterTypeName="executor://xunit/VsTestRunner3/netcore/" className="ExxerAI.Infrastructure.Tests.InMemoryAgentRepositoryTests+QueryOperationsTests" name="Should_ReturnEmptyList_When_NoAgentsMatchTaskType" />
    </UnitTest>
    <UnitTest name="ExxerAI.Infrastructure.Tests.InMemoryAgentRepositoryTests+CrudOperationsTests.Should_UpdateAgent_When_AgentExists" storage="f:\dynamic\exxerai\exxerai\code\src\tests\exxerai.infrastructure.tests\bin\debug\net10.0\exxerai.infrastructure.tests.dll" id="85f6af41-81cd-929f-7956-1cc5999bd4d7">
      <Execution id="61d8d6e1-a090-43a4-8665-33b91e9be41c" />
      <TestMethod codeBase="F:\Dynamic\ExxerAi\ExxerAI\code\src\tests\ExxerAI.Infrastructure.Tests\bin\Debug\net10.0\ExxerAI.Infrastructure.Tests.dll" adapterTypeName="executor://xunit/VsTestRunner3/netcore/" className="ExxerAI.Infrastructure.Tests.InMemoryAgentRepositoryTests+CrudOperationsTests" name="Should_UpdateAgent_When_AgentExists" />
    </UnitTest>
    <UnitTest name="ExxerAI.Infrastructure.Tests.InMemoryTaskRepositoryTests+ValidationTests.Should_ReturnFailure_When_GetByTypeWithEmptyType" storage="f:\dynamic\exxerai\exxerai\code\src\tests\exxerai.infrastructure.tests\bin\debug\net10.0\exxerai.infrastructure.tests.dll" id="e5c6802b-dd05-abf2-22d5-490064e567b4">
      <Execution id="545cedbf-496d-4447-a104-5790587bf182" />
      <TestMethod codeBase="F:\Dynamic\ExxerAi\ExxerAI\code\src\tests\ExxerAI.Infrastructure.Tests\bin\Debug\net10.0\ExxerAI.Infrastructure.Tests.dll" adapterTypeName="executor://xunit/VsTestRunner3/netcore/" className="ExxerAI.Infrastructure.Tests.InMemoryTaskRepositoryTests+ValidationTests" name="Should_ReturnFailure_When_GetByTypeWithEmptyType" />
    </UnitTest>
    <UnitTest name="ExxerAI.Infrastructure.Tests.InMemoryTaskRepositoryTests+CrudOperationsTests.Should_UpdateTask_When_TaskExists" storage="f:\dynamic\exxerai\exxerai\code\src\tests\exxerai.infrastructure.tests\bin\debug\net10.0\exxerai.infrastructure.tests.dll" id="2a6151b7-6749-faf2-6ba0-1c0f4e094b16">
      <Execution id="cd45a32d-523e-4420-8cb7-79704d723684" />
      <TestMethod codeBase="F:\Dynamic\ExxerAi\ExxerAI\code\src\tests\ExxerAI.Infrastructure.Tests\bin\Debug\net10.0\ExxerAI.Infrastructure.Tests.dll" adapterTypeName="executor://xunit/VsTestRunner3/netcore/" className="ExxerAI.Infrastructure.Tests.InMemoryTaskRepositoryTests+CrudOperationsTests" name="Should_UpdateTask_When_TaskExists" />
    </UnitTest>
    <UnitTest name="ExxerAI.Infrastructure.Tests.InMemoryTaskRepositoryTests+CrudOperationsTests.Should_ReturnFailure_When_TaskIdAlreadyExists" storage="f:\dynamic\exxerai\exxerai\code\src\tests\exxerai.infrastructure.tests\bin\debug\net10.0\exxerai.infrastructure.tests.dll" id="5c9310af-fb77-d6b0-4bc8-79a980735c0a">
      <Execution id="1faa2223-0f6f-4125-b587-d0c2aa9de55c" />
      <TestMethod codeBase="F:\Dynamic\ExxerAi\ExxerAI\code\src\tests\ExxerAI.Infrastructure.Tests\bin\Debug\net10.0\ExxerAI.Infrastructure.Tests.dll" adapterTypeName="executor://xunit/VsTestRunner3/netcore/" className="ExxerAI.Infrastructure.Tests.InMemoryTaskRepositoryTests+CrudOperationsTests" name="Should_ReturnFailure_When_TaskIdAlreadyExists" />
    </UnitTest>
    <UnitTest name="ExxerAI.Infrastructure.Tests.InMemoryAgentRepositoryTests+CrudOperationsTests.Should_ReturnFailure_When_AgentNotFound" storage="f:\dynamic\exxerai\exxerai\code\src\tests\exxerai.infrastructure.tests\bin\debug\net10.0\exxerai.infrastructure.tests.dll" id="0fc58baa-a1eb-d394-50d8-1abab884124b">
      <Execution id="a16bb524-f80f-451e-88ed-285ed5e31533" />
      <TestMethod codeBase="F:\Dynamic\ExxerAi\ExxerAI\code\src\tests\ExxerAI.Infrastructure.Tests\bin\Debug\net10.0\ExxerAI.Infrastructure.Tests.dll" adapterTypeName="executor://xunit/VsTestRunner3/netcore/" className="ExxerAI.Infrastructure.Tests.InMemoryAgentRepositoryTests+CrudOperationsTests" name="Should_ReturnFailure_When_AgentNotFound" />
    </UnitTest>
    <UnitTest name="ExxerAI.Infrastructure.Tests.UnitTest1.Test1" storage="f:\dynamic\exxerai\exxerai\code\src\tests\exxerai.infrastructure.tests\bin\debug\net10.0\exxerai.infrastructure.tests.dll" id="0304dbde-3be1-55b6-7c74-1904dfdafe3a">
      <Execution id="d4e3f822-d471-4195-8915-8de9187ae8df" />
      <TestMethod codeBase="F:\Dynamic\ExxerAi\ExxerAI\code\src\tests\ExxerAI.Infrastructure.Tests\bin\Debug\net10.0\ExxerAI.Infrastructure.Tests.dll" adapterTypeName="executor://xunit/VsTestRunner3/netcore/" className="ExxerAI.Infrastructure.Tests.UnitTest1" name="Test1" />
    </UnitTest>
    <UnitTest name="ExxerAI.Infrastructure.Tests.InMemoryAgentRepositoryTests+CrudOperationsTests.Should_GetAgentById_When_AgentExists" storage="f:\dynamic\exxerai\exxerai\code\src\tests\exxerai.infrastructure.tests\bin\debug\net10.0\exxerai.infrastructure.tests.dll" id="8b635890-86b0-ce5d-2d9a-dab52d409277">
      <Execution id="232780d2-3fcc-48e9-bfaf-350a526c21dd" />
      <TestMethod codeBase="F:\Dynamic\ExxerAi\ExxerAI\code\src\tests\ExxerAI.Infrastructure.Tests\bin\Debug\net10.0\ExxerAI.Infrastructure.Tests.dll" adapterTypeName="executor://xunit/VsTestRunner3/netcore/" className="ExxerAI.Infrastructure.Tests.InMemoryAgentRepositoryTests+CrudOperationsTests" name="Should_GetAgentById_When_AgentExists" />
    </UnitTest>
    <UnitTest name="ExxerAI.Infrastructure.Tests.InMemoryTaskRepositoryTests+ValidationTests.Should_ReturnFailure_When_DeletingWithEmptyId" storage="f:\dynamic\exxerai\exxerai\code\src\tests\exxerai.infrastructure.tests\bin\debug\net10.0\exxerai.infrastructure.tests.dll" id="73266d59-53c2-0e14-1ace-40fde7eaaa43">
      <Execution id="1f3a20cb-0151-46fb-9f2b-432c88f73670" />
      <TestMethod codeBase="F:\Dynamic\ExxerAi\ExxerAI\code\src\tests\ExxerAI.Infrastructure.Tests\bin\Debug\net10.0\ExxerAI.Infrastructure.Tests.dll" adapterTypeName="executor://xunit/VsTestRunner3/netcore/" className="ExxerAI.Infrastructure.Tests.InMemoryTaskRepositoryTests+ValidationTests" name="Should_ReturnFailure_When_DeletingWithEmptyId" />
    </UnitTest>
    <UnitTest name="ExxerAI.Infrastructure.Tests.InMemoryTaskRepositoryTests+ExistenceTests.Should_ReturnTrue_When_TaskExists" storage="f:\dynamic\exxerai\exxerai\code\src\tests\exxerai.infrastructure.tests\bin\debug\net10.0\exxerai.infrastructure.tests.dll" id="e214b3de-7089-5bb1-630a-c40120bfd203">
      <Execution id="3d1ad55f-1bd5-433d-936c-b2e8a72a607f" />
      <TestMethod codeBase="F:\Dynamic\ExxerAi\ExxerAI\code\src\tests\ExxerAI.Infrastructure.Tests\bin\Debug\net10.0\ExxerAI.Infrastructure.Tests.dll" adapterTypeName="executor://xunit/VsTestRunner3/netcore/" className="ExxerAI.Infrastructure.Tests.InMemoryTaskRepositoryTests+ExistenceTests" name="Should_ReturnTrue_When_TaskExists" />
    </UnitTest>
    <UnitTest name="ExxerAI.Infrastructure.Tests.InMemoryTaskRepositoryTests+CrudOperationsTests.Should_DeleteTask_When_TaskExists" storage="f:\dynamic\exxerai\exxerai\code\src\tests\exxerai.infrastructure.tests\bin\debug\net10.0\exxerai.infrastructure.tests.dll" id="aa91a762-9486-8962-d362-af6a78b34ae0">
      <Execution id="db856482-d824-423d-a118-f9b084095ec6" />
      <TestMethod codeBase="F:\Dynamic\ExxerAi\ExxerAI\code\src\tests\ExxerAI.Infrastructure.Tests\bin\Debug\net10.0\ExxerAI.Infrastructure.Tests.dll" adapterTypeName="executor://xunit/VsTestRunner3/netcore/" className="ExxerAI.Infrastructure.Tests.InMemoryTaskRepositoryTests+CrudOperationsTests" name="Should_DeleteTask_When_TaskExists" />
    </UnitTest>
    <UnitTest name="ExxerAI.Infrastructure.Tests.InMemoryTaskRepositoryTests+ValidationTests.Should_ReturnFailure_When_AddingNullTask" storage="f:\dynamic\exxerai\exxerai\code\src\tests\exxerai.infrastructure.tests\bin\debug\net10.0\exxerai.infrastructure.tests.dll" id="9ad09d4a-6082-7cd0-b8cb-d45de156d38a">
      <Execution id="5ac40850-9888-419d-8f45-c40888ef5942" />
      <TestMethod codeBase="F:\Dynamic\ExxerAi\ExxerAI\code\src\tests\ExxerAI.Infrastructure.Tests\bin\Debug\net10.0\ExxerAI.Infrastructure.Tests.dll" adapterTypeName="executor://xunit/VsTestRunner3/netcore/" className="ExxerAI.Infrastructure.Tests.InMemoryTaskRepositoryTests+ValidationTests" name="Should_ReturnFailure_When_AddingNullTask" />
    </UnitTest>
    <UnitTest name="ExxerAI.Infrastructure.Tests.InMemoryTaskRepositoryTests+ConcurrencyTests.Should_HandleConcurrentReads_When_MultipleThreadsReading" storage="f:\dynamic\exxerai\exxerai\code\src\tests\exxerai.infrastructure.tests\bin\debug\net10.0\exxerai.infrastructure.tests.dll" id="4616e142-10bb-ed02-1e8e-d39e6f5299ec">
      <Execution id="917f51cf-3ecc-4989-ba10-30df147feecc" />
      <TestMethod codeBase="F:\Dynamic\ExxerAi\ExxerAI\code\src\tests\ExxerAI.Infrastructure.Tests\bin\Debug\net10.0\ExxerAI.Infrastructure.Tests.dll" adapterTypeName="executor://xunit/VsTestRunner3/netcore/" className="ExxerAI.Infrastructure.Tests.InMemoryTaskRepositoryTests+ConcurrencyTests" name="Should_HandleConcurrentReads_When_MultipleThreadsReading" />
    </UnitTest>
    <UnitTest name="ExxerAI.Infrastructure.Tests.InMemoryTaskRepositoryTests+QueryOperationsTests.Should_GetTasksByAgent_When_AgentIdMatches" storage="f:\dynamic\exxerai\exxerai\code\src\tests\exxerai.infrastructure.tests\bin\debug\net10.0\exxerai.infrastructure.tests.dll" id="0625a3ff-a022-4611-5511-ead3093e4c92">
      <Execution id="9a65b1d2-87d7-4549-9461-e54835cb9b9f" />
      <TestMethod codeBase="F:\Dynamic\ExxerAi\ExxerAI\code\src\tests\ExxerAI.Infrastructure.Tests\bin\Debug\net10.0\ExxerAI.Infrastructure.Tests.dll" adapterTypeName="executor://xunit/VsTestRunner3/netcore/" className="ExxerAI.Infrastructure.Tests.InMemoryTaskRepositoryTests+QueryOperationsTests" name="Should_GetTasksByAgent_When_AgentIdMatches" />
    </UnitTest>
    <UnitTest name="ExxerAI.Infrastructure.Tests.InMemoryAgentRepositoryTests+ValidationTests.Should_ReturnFailure_When_UpdatingNonExistentAgent" storage="f:\dynamic\exxerai\exxerai\code\src\tests\exxerai.infrastructure.tests\bin\debug\net10.0\exxerai.infrastructure.tests.dll" id="6cecaa58-9efc-a119-70e2-280950af6ba2">
      <Execution id="a001a5bf-2e7b-42c1-9de4-9a5c55ce2431" />
      <TestMethod codeBase="F:\Dynamic\ExxerAi\ExxerAI\code\src\tests\ExxerAI.Infrastructure.Tests\bin\Debug\net10.0\ExxerAI.Infrastructure.Tests.dll" adapterTypeName="executor://xunit/VsTestRunner3/netcore/" className="ExxerAI.Infrastructure.Tests.InMemoryAgentRepositoryTests+ValidationTests" name="Should_ReturnFailure_When_UpdatingNonExistentAgent" />
    </UnitTest>
    <UnitTest name="ExxerAI.Infrastructure.Tests.InMemoryTaskRepositoryTests+CrudOperationsTests.Should_PreserveId_When_TaskHasValidId" storage="f:\dynamic\exxerai\exxerai\code\src\tests\exxerai.infrastructure.tests\bin\debug\net10.0\exxerai.infrastructure.tests.dll" id="42ccc301-fc4c-84e3-4b93-b826ee5b94e9">
      <Execution id="81a9cdd7-7275-498b-bf60-544b7fbb411d" />
      <TestMethod codeBase="F:\Dynamic\ExxerAi\ExxerAI\code\src\tests\ExxerAI.Infrastructure.Tests\bin\Debug\net10.0\ExxerAI.Infrastructure.Tests.dll" adapterTypeName="executor://xunit/VsTestRunner3/netcore/" className="ExxerAI.Infrastructure.Tests.InMemoryTaskRepositoryTests+CrudOperationsTests" name="Should_PreserveId_When_TaskHasValidId" />
    </UnitTest>
    <UnitTest name="ExxerAI.Infrastructure.Tests.InMemoryTaskRepositoryTests+ValidationTests.Should_ReturnFailure_When_UpdatingTaskWithEmptyId" storage="f:\dynamic\exxerai\exxerai\code\src\tests\exxerai.infrastructure.tests\bin\debug\net10.0\exxerai.infrastructure.tests.dll" id="1d992660-7050-1a6d-1f8a-f81256a119e2">
      <Execution id="12f8923a-635b-48ba-a272-64e990d65134" />
      <TestMethod codeBase="F:\Dynamic\ExxerAi\ExxerAI\code\src\tests\ExxerAI.Infrastructure.Tests\bin\Debug\net10.0\ExxerAI.Infrastructure.Tests.dll" adapterTypeName="executor://xunit/VsTestRunner3/netcore/" className="ExxerAI.Infrastructure.Tests.InMemoryTaskRepositoryTests+ValidationTests" name="Should_ReturnFailure_When_UpdatingTaskWithEmptyId" />
    </UnitTest>
    <UnitTest name="ExxerAI.Infrastructure.Tests.InMemoryTaskRepositoryTests+ValidationTests.Should_ReturnFailure_When_ExistsWithEmptyId" storage="f:\dynamic\exxerai\exxerai\code\src\tests\exxerai.infrastructure.tests\bin\debug\net10.0\exxerai.infrastructure.tests.dll" id="b59c66e5-a40f-5a77-55b9-52c10b9a4c67">
      <Execution id="55336078-db19-49a6-87ee-8a14e260fbb4" />
      <TestMethod codeBase="F:\Dynamic\ExxerAi\ExxerAI\code\src\tests\ExxerAI.Infrastructure.Tests\bin\Debug\net10.0\ExxerAI.Infrastructure.Tests.dll" adapterTypeName="executor://xunit/VsTestRunner3/netcore/" className="ExxerAI.Infrastructure.Tests.InMemoryTaskRepositoryTests+ValidationTests" name="Should_ReturnFailure_When_ExistsWithEmptyId" />
    </UnitTest>
    <UnitTest name="ExxerAI.Infrastructure.Tests.InMemoryAgentRepositoryTests+ValidationTests.Should_ReturnFailure_When_DeletingNonExistentAgent" storage="f:\dynamic\exxerai\exxerai\code\src\tests\exxerai.infrastructure.tests\bin\debug\net10.0\exxerai.infrastructure.tests.dll" id="edbd1ccb-452a-a361-1a94-53e668adbdc4">
      <Execution id="1a480f60-8b9c-4601-900e-4820914f6df7" />
      <TestMethod codeBase="F:\Dynamic\ExxerAi\ExxerAI\code\src\tests\ExxerAI.Infrastructure.Tests\bin\Debug\net10.0\ExxerAI.Infrastructure.Tests.dll" adapterTypeName="executor://xunit/VsTestRunner3/netcore/" className="ExxerAI.Infrastructure.Tests.InMemoryAgentRepositoryTests+ValidationTests" name="Should_ReturnFailure_When_DeletingNonExistentAgent" />
    </UnitTest>
    <UnitTest name="ExxerAI.Infrastructure.Tests.InMemoryAgentRepositoryTests+ValidationTests.Should_CheckExistence_When_AgentExists" storage="f:\dynamic\exxerai\exxerai\code\src\tests\exxerai.infrastructure.tests\bin\debug\net10.0\exxerai.infrastructure.tests.dll" id="503f78d3-8b19-ec3b-ce53-f3acc189a129">
      <Execution id="1ccb0729-966d-4f97-ae27-e93e4ce2bffe" />
      <TestMethod codeBase="F:\Dynamic\ExxerAi\ExxerAI\code\src\tests\ExxerAI.Infrastructure.Tests\bin\Debug\net10.0\ExxerAI.Infrastructure.Tests.dll" adapterTypeName="executor://xunit/VsTestRunner3/netcore/" className="ExxerAI.Infrastructure.Tests.InMemoryAgentRepositoryTests+ValidationTests" name="Should_CheckExistence_When_AgentExists" />
    </UnitTest>
    <UnitTest name="ExxerAI.Infrastructure.Tests.InMemoryAgentRepositoryTests+QueryOperationsTests.Should_GetAgentsWithTaskCount_When_Called" storage="f:\dynamic\exxerai\exxerai\code\src\tests\exxerai.infrastructure.tests\bin\debug\net10.0\exxerai.infrastructure.tests.dll" id="3882f32f-7948-d678-3b06-e4320c3676e8">
      <Execution id="93613643-2e52-470e-8e5b-3199c66743ea" />
      <TestMethod codeBase="F:\Dynamic\ExxerAi\ExxerAI\code\src\tests\ExxerAI.Infrastructure.Tests\bin\Debug\net10.0\ExxerAI.Infrastructure.Tests.dll" adapterTypeName="executor://xunit/VsTestRunner3/netcore/" className="ExxerAI.Infrastructure.Tests.InMemoryAgentRepositoryTests+QueryOperationsTests" name="Should_GetAgentsWithTaskCount_When_Called" />
    </UnitTest>
    <UnitTest name="ExxerAI.Infrastructure.Tests.InMemoryTaskRepositoryTests+ValidationTests.Should_ReturnFailure_When_UpdatingNonExistentTask" storage="f:\dynamic\exxerai\exxerai\code\src\tests\exxerai.infrastructure.tests\bin\debug\net10.0\exxerai.infrastructure.tests.dll" id="16267140-22fe-7541-085d-0b7f6b30f826">
      <Execution id="15e26cec-9b2b-4a52-886c-cc5b62cc0b6f" />
      <TestMethod codeBase="F:\Dynamic\ExxerAi\ExxerAI\code\src\tests\ExxerAI.Infrastructure.Tests\bin\Debug\net10.0\ExxerAI.Infrastructure.Tests.dll" adapterTypeName="executor://xunit/VsTestRunner3/netcore/" className="ExxerAI.Infrastructure.Tests.InMemoryTaskRepositoryTests+ValidationTests" name="Should_ReturnFailure_When_UpdatingNonExistentTask" />
    </UnitTest>
    <UnitTest name="ExxerAI.Infrastructure.Tests.InMemoryTaskRepositoryTests+CrudOperationsTests.Should_GenerateId_When_TaskHasEmptyId" storage="f:\dynamic\exxerai\exxerai\code\src\tests\exxerai.infrastructure.tests\bin\debug\net10.0\exxerai.infrastructure.tests.dll" id="40c8d586-7f0d-ff3f-8d05-099e5958b668">
      <Execution id="052898b2-78c1-4f4b-820e-4d06c369010b" />
      <TestMethod codeBase="F:\Dynamic\ExxerAi\ExxerAI\code\src\tests\ExxerAI.Infrastructure.Tests\bin\Debug\net10.0\ExxerAI.Infrastructure.Tests.dll" adapterTypeName="executor://xunit/VsTestRunner3/netcore/" className="ExxerAI.Infrastructure.Tests.InMemoryTaskRepositoryTests+CrudOperationsTests" name="Should_GenerateId_When_TaskHasEmptyId" />
    </UnitTest>
    <UnitTest name="ExxerAI.Infrastructure.Tests.InMemoryTaskRepositoryTests+PerformanceTests.Should_HandleLargeTaskCollections_When_ManyTasksAdded" storage="f:\dynamic\exxerai\exxerai\code\src\tests\exxerai.infrastructure.tests\bin\debug\net10.0\exxerai.infrastructure.tests.dll" id="1ce23298-4645-5f70-eb35-21bc78efb82e">
      <Execution id="25891c66-101c-4407-9b09-fd23173c4eec" />
      <TestMethod codeBase="F:\Dynamic\ExxerAi\ExxerAI\code\src\tests\ExxerAI.Infrastructure.Tests\bin\Debug\net10.0\ExxerAI.Infrastructure.Tests.dll" adapterTypeName="executor://xunit/VsTestRunner3/netcore/" className="ExxerAI.Infrastructure.Tests.InMemoryTaskRepositoryTests+PerformanceTests" name="Should_HandleLargeTaskCollections_When_ManyTasksAdded" />
    </UnitTest>
    <UnitTest name="ExxerAI.Infrastructure.Tests.InMemoryTaskRepositoryTests+CrudOperationsTests.Should_AddTask_When_ValidTaskProvided" storage="f:\dynamic\exxerai\exxerai\code\src\tests\exxerai.infrastructure.tests\bin\debug\net10.0\exxerai.infrastructure.tests.dll" id="dcd320e0-2b70-aa96-4795-82900af314cf">
      <Execution id="8277127d-cccd-4f65-9ab8-c6a32453c7e3" />
      <TestMethod codeBase="F:\Dynamic\ExxerAi\ExxerAI\code\src\tests\ExxerAI.Infrastructure.Tests\bin\Debug\net10.0\ExxerAI.Infrastructure.Tests.dll" adapterTypeName="executor://xunit/VsTestRunner3/netcore/" className="ExxerAI.Infrastructure.Tests.InMemoryTaskRepositoryTests+CrudOperationsTests" name="Should_AddTask_When_ValidTaskProvided" />
    </UnitTest>
    <UnitTest name="ExxerAI.Infrastructure.Tests.InMemoryAgentRepositoryTests+ValidationTests.Should_CheckNonExistence_When_AgentDoesNotExist" storage="f:\dynamic\exxerai\exxerai\code\src\tests\exxerai.infrastructure.tests\bin\debug\net10.0\exxerai.infrastructure.tests.dll" id="709a0334-64bd-a375-be16-77d7d881bd7c">
      <Execution id="e0d8690c-0643-41b0-9f71-3e0494903483" />
      <TestMethod codeBase="F:\Dynamic\ExxerAi\ExxerAI\code\src\tests\ExxerAI.Infrastructure.Tests\bin\Debug\net10.0\ExxerAI.Infrastructure.Tests.dll" adapterTypeName="executor://xunit/VsTestRunner3/netcore/" className="ExxerAI.Infrastructure.Tests.InMemoryAgentRepositoryTests+ValidationTests" name="Should_CheckNonExistence_When_AgentDoesNotExist" />
    </UnitTest>
    <UnitTest name="ExxerAI.Infrastructure.Tests.InMemoryAgentRepositoryTests+CrudOperationsTests.Should_GetAllAgents_When_AgentsExist" storage="f:\dynamic\exxerai\exxerai\code\src\tests\exxerai.infrastructure.tests\bin\debug\net10.0\exxerai.infrastructure.tests.dll" id="0d786b7b-caa4-2567-a381-11b870483a10">
      <Execution id="b9bbc7b1-3120-4fdf-b70b-c93dc5828056" />
      <TestMethod codeBase="F:\Dynamic\ExxerAi\ExxerAI\code\src\tests\ExxerAI.Infrastructure.Tests\bin\Debug\net10.0\ExxerAI.Infrastructure.Tests.dll" adapterTypeName="executor://xunit/VsTestRunner3/netcore/" className="ExxerAI.Infrastructure.Tests.InMemoryAgentRepositoryTests+CrudOperationsTests" name="Should_GetAllAgents_When_AgentsExist" />
    </UnitTest>
    <UnitTest name="ExxerAI.Infrastructure.Tests.InMemoryTaskRepositoryTests+ValidationTests.Should_ReturnFailure_When_UpdatingNullTask" storage="f:\dynamic\exxerai\exxerai\code\src\tests\exxerai.infrastructure.tests\bin\debug\net10.0\exxerai.infrastructure.tests.dll" id="4f51aaaf-5aaf-c97d-6823-51f38a0c7b25">
      <Execution id="7c530fa9-599a-4780-afc6-6ff277fdfe3d" />
      <TestMethod codeBase="F:\Dynamic\ExxerAi\ExxerAI\code\src\tests\ExxerAI.Infrastructure.Tests\bin\Debug\net10.0\ExxerAI.Infrastructure.Tests.dll" adapterTypeName="executor://xunit/VsTestRunner3/netcore/" className="ExxerAI.Infrastructure.Tests.InMemoryTaskRepositoryTests+ValidationTests" name="Should_ReturnFailure_When_UpdatingNullTask" />
    </UnitTest>
    <UnitTest name="ExxerAI.Infrastructure.Tests.InMemoryTaskRepositoryTests+ValidationTests.Should_ReturnFailure_When_DeletingNonExistentTask" storage="f:\dynamic\exxerai\exxerai\code\src\tests\exxerai.infrastructure.tests\bin\debug\net10.0\exxerai.infrastructure.tests.dll" id="cd351b1c-466b-f650-f2f9-a0c43edc7a51">
      <Execution id="516cd9b8-f6e0-418b-8d74-1763ab1478f3" />
      <TestMethod codeBase="F:\Dynamic\ExxerAi\ExxerAI\code\src\tests\ExxerAI.Infrastructure.Tests\bin\Debug\net10.0\ExxerAI.Infrastructure.Tests.dll" adapterTypeName="executor://xunit/VsTestRunner3/netcore/" className="ExxerAI.Infrastructure.Tests.InMemoryTaskRepositoryTests+ValidationTests" name="Should_ReturnFailure_When_DeletingNonExistentTask" />
    </UnitTest>
    <UnitTest name="ExxerAI.Infrastructure.Tests.InMemoryTaskRepositoryTests+ValidationTests.Should_ReturnFailure_When_GetByAgentWithEmptyId" storage="f:\dynamic\exxerai\exxerai\code\src\tests\exxerai.infrastructure.tests\bin\debug\net10.0\exxerai.infrastructure.tests.dll" id="445d5b9f-20b0-2b8f-0af3-b0dda6af8cfd">
      <Execution id="12cc91ef-7cc4-4ea7-86c0-74d1f1a24d7e" />
      <TestMethod codeBase="F:\Dynamic\ExxerAi\ExxerAI\code\src\tests\ExxerAI.Infrastructure.Tests\bin\Debug\net10.0\ExxerAI.Infrastructure.Tests.dll" adapterTypeName="executor://xunit/VsTestRunner3/netcore/" className="ExxerAI.Infrastructure.Tests.InMemoryTaskRepositoryTests+ValidationTests" name="Should_ReturnFailure_When_GetByAgentWithEmptyId" />
    </UnitTest>
    <UnitTest name="ExxerAI.Infrastructure.Tests.InMemoryAgentRepositoryTests+ValidationTests.Should_ReturnFailure_When_AddingNullAgent" storage="f:\dynamic\exxerai\exxerai\code\src\tests\exxerai.infrastructure.tests\bin\debug\net10.0\exxerai.infrastructure.tests.dll" id="3fda317a-3fe0-bc82-736b-194d77998207">
      <Execution id="3a54128d-518b-4901-a2dc-bc4c356195f8" />
      <TestMethod codeBase="F:\Dynamic\ExxerAi\ExxerAI\code\src\tests\ExxerAI.Infrastructure.Tests\bin\Debug\net10.0\ExxerAI.Infrastructure.Tests.dll" adapterTypeName="executor://xunit/VsTestRunner3/netcore/" className="ExxerAI.Infrastructure.Tests.InMemoryAgentRepositoryTests+ValidationTests" name="Should_ReturnFailure_When_AddingNullAgent" />
    </UnitTest>
    <UnitTest name="ExxerAI.Infrastructure.Tests.InMemoryTaskRepositoryTests+QueryOperationsTests.Should_GetTasksByAgentAndStatus_When_BothFiltersApplied" storage="f:\dynamic\exxerai\exxerai\code\src\tests\exxerai.infrastructure.tests\bin\debug\net10.0\exxerai.infrastructure.tests.dll" id="f5c040f3-4c6d-304c-e939-7630e33e68af">
      <Execution id="20551b2f-03df-4778-a6e7-30a9472649b8" />
      <TestMethod codeBase="F:\Dynamic\ExxerAi\ExxerAI\code\src\tests\ExxerAI.Infrastructure.Tests\bin\Debug\net10.0\ExxerAI.Infrastructure.Tests.dll" adapterTypeName="executor://xunit/VsTestRunner3/netcore/" className="ExxerAI.Infrastructure.Tests.InMemoryTaskRepositoryTests+QueryOperationsTests" name="Should_GetTasksByAgentAndStatus_When_BothFiltersApplied" />
    </UnitTest>
    <UnitTest name="ExxerAI.Infrastructure.Tests.InMemoryTaskRepositoryTests+EdgeCaseTests.Should_HandleEmptyRepository_When_NoTasksAdded" storage="f:\dynamic\exxerai\exxerai\code\src\tests\exxerai.infrastructure.tests\bin\debug\net10.0\exxerai.infrastructure.tests.dll" id="5f13569b-f776-395f-d51f-81b6db28d4c4">
      <Execution id="fa5e259c-2a2f-4e56-aca0-3591c4791403" />
      <TestMethod codeBase="F:\Dynamic\ExxerAi\ExxerAI\code\src\tests\ExxerAI.Infrastructure.Tests\bin\Debug\net10.0\ExxerAI.Infrastructure.Tests.dll" adapterTypeName="executor://xunit/VsTestRunner3/netcore/" className="ExxerAI.Infrastructure.Tests.InMemoryTaskRepositoryTests+EdgeCaseTests" name="Should_HandleEmptyRepository_When_NoTasksAdded" />
    </UnitTest>
    <UnitTest name="ExxerAI.Infrastructure.Tests.InMemoryTaskRepositoryTests+ExistenceTests.Should_ReturnFalse_When_TaskDoesNotExist" storage="f:\dynamic\exxerai\exxerai\code\src\tests\exxerai.infrastructure.tests\bin\debug\net10.0\exxerai.infrastructure.tests.dll" id="b99b4a5f-ca2c-58ee-11e5-73447a08ac7b">
      <Execution id="64adb2bb-cf64-43d5-b06f-d214861c9bd1" />
      <TestMethod codeBase="F:\Dynamic\ExxerAi\ExxerAI\code\src\tests\ExxerAI.Infrastructure.Tests\bin\Debug\net10.0\ExxerAI.Infrastructure.Tests.dll" adapterTypeName="executor://xunit/VsTestRunner3/netcore/" className="ExxerAI.Infrastructure.Tests.InMemoryTaskRepositoryTests+ExistenceTests" name="Should_ReturnFalse_When_TaskDoesNotExist" />
    </UnitTest>
    <UnitTest name="ExxerAI.Infrastructure.Tests.InMemoryAgentRepositoryTests+QueryOperationsTests.Should_GetAgentsByStatus_When_StatusMatches" storage="f:\dynamic\exxerai\exxerai\code\src\tests\exxerai.infrastructure.tests\bin\debug\net10.0\exxerai.infrastructure.tests.dll" id="4a645ccc-dee3-9b88-edae-91990ad4cf28">
      <Execution id="c54b4419-0c1e-4c5f-89fe-4493bcad0653" />
      <TestMethod codeBase="F:\Dynamic\ExxerAi\ExxerAI\code\src\tests\ExxerAI.Infrastructure.Tests\bin\Debug\net10.0\ExxerAI.Infrastructure.Tests.dll" adapterTypeName="executor://xunit/VsTestRunner3/netcore/" className="ExxerAI.Infrastructure.Tests.InMemoryAgentRepositoryTests+QueryOperationsTests" name="Should_GetAgentsByStatus_When_StatusMatches" />
    </UnitTest>
    <UnitTest name="ExxerAI.Infrastructure.Tests.InMemoryTaskRepositoryTests+QueryOperationsTests.Should_GetOverdueTasks_When_TasksPastDeadline" storage="f:\dynamic\exxerai\exxerai\code\src\tests\exxerai.infrastructure.tests\bin\debug\net10.0\exxerai.infrastructure.tests.dll" id="972a990d-1652-cf03-6419-1eaa3608cbd4">
      <Execution id="d3ad94f2-6e27-448e-9c53-8a8508222625" />
      <TestMethod codeBase="F:\Dynamic\ExxerAi\ExxerAI\code\src\tests\ExxerAI.Infrastructure.Tests\bin\Debug\net10.0\ExxerAI.Infrastructure.Tests.dll" adapterTypeName="executor://xunit/VsTestRunner3/netcore/" className="ExxerAI.Infrastructure.Tests.InMemoryTaskRepositoryTests+QueryOperationsTests" name="Should_GetOverdueTasks_When_TasksPastDeadline" />
    </UnitTest>
    <UnitTest name="ExxerAI.Infrastructure.Tests.InMemoryTaskRepositoryTests+ConcurrencyTests.Should_HandleConcurrentAdds_When_MultipleThreadsAddingTasks" storage="f:\dynamic\exxerai\exxerai\code\src\tests\exxerai.infrastructure.tests\bin\debug\net10.0\exxerai.infrastructure.tests.dll" id="2d3c03ef-6372-cc7f-6477-e1199f43b595">
      <Execution id="2bf660e5-4c79-40ea-b409-ff688496273a" />
      <TestMethod codeBase="F:\Dynamic\ExxerAi\ExxerAI\code\src\tests\ExxerAI.Infrastructure.Tests\bin\Debug\net10.0\ExxerAI.Infrastructure.Tests.dll" adapterTypeName="executor://xunit/VsTestRunner3/netcore/" className="ExxerAI.Infrastructure.Tests.InMemoryTaskRepositoryTests+ConcurrencyTests" name="Should_HandleConcurrentAdds_When_MultipleThreadsAddingTasks" />
    </UnitTest>
    <UnitTest name="ExxerAI.Infrastructure.Tests.InMemoryAgentRepositoryTests+ValidationTests.Should_ReturnFailure_When_UpdatingNullAgent" storage="f:\dynamic\exxerai\exxerai\code\src\tests\exxerai.infrastructure.tests\bin\debug\net10.0\exxerai.infrastructure.tests.dll" id="2d761aa2-2364-d551-aba9-6963a8c8d85a">
      <Execution id="d3dcd729-4433-4f69-8b6e-fcd8b93470c4" />
      <TestMethod codeBase="F:\Dynamic\ExxerAi\ExxerAI\code\src\tests\ExxerAI.Infrastructure.Tests\bin\Debug\net10.0\ExxerAI.Infrastructure.Tests.dll" adapterTypeName="executor://xunit/VsTestRunner3/netcore/" className="ExxerAI.Infrastructure.Tests.InMemoryAgentRepositoryTests+ValidationTests" name="Should_ReturnFailure_When_UpdatingNullAgent" />
    </UnitTest>
    <UnitTest name="ExxerAI.Infrastructure.Tests.InMemoryTaskRepositoryTests+ConcurrencyTests.Should_HandleConcurrentUpdates_When_MultipleThreadsUpdating" storage="f:\dynamic\exxerai\exxerai\code\src\tests\exxerai.infrastructure.tests\bin\debug\net10.0\exxerai.infrastructure.tests.dll" id="bebff52e-a2cf-dbab-4ce8-1e61a5870694">
      <Execution id="c25e21a9-f315-409a-8ce0-eef3cef0fc8f" />
      <TestMethod codeBase="F:\Dynamic\ExxerAi\ExxerAI\code\src\tests\ExxerAI.Infrastructure.Tests\bin\Debug\net10.0\ExxerAI.Infrastructure.Tests.dll" adapterTypeName="executor://xunit/VsTestRunner3/netcore/" className="ExxerAI.Infrastructure.Tests.InMemoryTaskRepositoryTests+ConcurrencyTests" name="Should_HandleConcurrentUpdates_When_MultipleThreadsUpdating" />
    </UnitTest>
  </TestDefinitions>
  <TestEntries>
    <TestEntry testId="9ad09d4a-6082-7cd0-b8cb-d45de156d38a" executionId="5ac40850-9888-419d-8f45-c40888ef5942" testListId="8c84fa94-04c1-424b-9868-57a2d4851a1d" />
    <TestEntry testId="da9411ba-6c35-c1e3-e865-0e86cb04cfee" executionId="c6400a6e-f7e0-4755-b812-52781105de67" testListId="8c84fa94-04c1-424b-9868-57a2d4851a1d" />
    <TestEntry testId="0d786b7b-caa4-2567-a381-11b870483a10" executionId="b9bbc7b1-3120-4fdf-b70b-c93dc5828056" testListId="8c84fa94-04c1-424b-9868-57a2d4851a1d" />
    <TestEntry testId="40c8d586-7f0d-ff3f-8d05-099e5958b668" executionId="052898b2-78c1-4f4b-820e-4d06c369010b" testListId="8c84fa94-04c1-424b-9868-57a2d4851a1d" />
    <TestEntry testId="e214b3de-7089-5bb1-630a-c40120bfd203" executionId="3d1ad55f-1bd5-433d-936c-b2e8a72a607f" testListId="8c84fa94-04c1-424b-9868-57a2d4851a1d" />
    <TestEntry testId="503f78d3-8b19-ec3b-ce53-f3acc189a129" executionId="1ccb0729-966d-4f97-ae27-e93e4ce2bffe" testListId="8c84fa94-04c1-424b-9868-57a2d4851a1d" />
    <TestEntry testId="16267140-22fe-7541-085d-0b7f6b30f826" executionId="15e26cec-9b2b-4a52-886c-cc5b62cc0b6f" testListId="8c84fa94-04c1-424b-9868-57a2d4851a1d" />
    <TestEntry testId="972a990d-1652-cf03-6419-1eaa3608cbd4" executionId="d3ad94f2-6e27-448e-9c53-8a8508222625" testListId="8c84fa94-04c1-424b-9868-57a2d4851a1d" />
    <TestEntry testId="4f51aaaf-5aaf-c97d-6823-51f38a0c7b25" executionId="7c530fa9-599a-4780-afc6-6ff277fdfe3d" testListId="8c84fa94-04c1-424b-9868-57a2d4851a1d" />
    <TestEntry testId="bebff52e-a2cf-dbab-4ce8-1e61a5870694" executionId="c25e21a9-f315-409a-8ce0-eef3cef0fc8f" testListId="8c84fa94-04c1-424b-9868-57a2d4851a1d" />
    <TestEntry testId="aec1f437-64e3-4344-3f27-d7ab921d9cab" executionId="af6296ed-f12d-4867-a139-c1fb7683615a" testListId="8c84fa94-04c1-424b-9868-57a2d4851a1d" />
    <TestEntry testId="2d3c03ef-6372-cc7f-6477-e1199f43b595" executionId="2bf660e5-4c79-40ea-b409-ff688496273a" testListId="8c84fa94-04c1-424b-9868-57a2d4851a1d" />
    <TestEntry testId="3d21154c-8505-bea8-3a82-5fceae44f06b" executionId="155338b5-6c64-427b-9d32-ac5258c060f2" testListId="8c84fa94-04c1-424b-9868-57a2d4851a1d" />
    <TestEntry testId="0469b877-c454-9e7f-b34b-4957d9afa708" executionId="ec13c96f-eaa4-4b58-b50e-626500f81935" testListId="8c84fa94-04c1-424b-9868-57a2d4851a1d" />
    <TestEntry testId="f5c040f3-4c6d-304c-e939-7630e33e68af" executionId="20551b2f-03df-4778-a6e7-30a9472649b8" testListId="8c84fa94-04c1-424b-9868-57a2d4851a1d" />
    <TestEntry testId="71024650-4a93-b97b-fe7c-0701a0ba3908" executionId="5d7b4cfa-b5f0-4953-8870-ece73d8180df" testListId="8c84fa94-04c1-424b-9868-57a2d4851a1d" />
    <TestEntry testId="864d4377-223d-f93a-2640-50dadacbbb26" executionId="a475bd51-c06a-4f83-9058-de8e9fa4cd80" testListId="8c84fa94-04c1-424b-9868-57a2d4851a1d" />
    <TestEntry testId="2a6151b7-6749-faf2-6ba0-1c0f4e094b16" executionId="cd45a32d-523e-4420-8cb7-79704d723684" testListId="8c84fa94-04c1-424b-9868-57a2d4851a1d" />
    <TestEntry testId="85f6af41-81cd-929f-7956-1cc5999bd4d7" executionId="61d8d6e1-a090-43a4-8665-33b91e9be41c" testListId="8c84fa94-04c1-424b-9868-57a2d4851a1d" />
    <TestEntry testId="42ccc301-fc4c-84e3-4b93-b826ee5b94e9" executionId="81a9cdd7-7275-498b-bf60-544b7fbb411d" testListId="8c84fa94-04c1-424b-9868-57a2d4851a1d" />
    <TestEntry testId="e5c6802b-dd05-abf2-22d5-490064e567b4" executionId="545cedbf-496d-4447-a104-5790587bf182" testListId="8c84fa94-04c1-424b-9868-57a2d4851a1d" />
    <TestEntry testId="1d992660-7050-1a6d-1f8a-f81256a119e2" executionId="12f8923a-635b-48ba-a272-64e990d65134" testListId="8c84fa94-04c1-424b-9868-57a2d4851a1d" />
    <TestEntry testId="651b072a-f0ea-a376-3983-95379a2928ca" executionId="24458a09-859b-45ee-8954-47140a71c43a" testListId="8c84fa94-04c1-424b-9868-57a2d4851a1d" />
    <TestEntry testId="76d9d449-b3eb-7b51-706b-941d4e3d80b6" executionId="47bf38a9-8ae0-43ef-9733-887f194ad9d0" testListId="8c84fa94-04c1-424b-9868-57a2d4851a1d" />
    <TestEntry testId="aa91a762-9486-8962-d362-af6a78b34ae0" executionId="db856482-d824-423d-a118-f9b084095ec6" testListId="8c84fa94-04c1-424b-9868-57a2d4851a1d" />
    <TestEntry testId="8b635890-86b0-ce5d-2d9a-dab52d409277" executionId="232780d2-3fcc-48e9-bfaf-350a526c21dd" testListId="8c84fa94-04c1-424b-9868-57a2d4851a1d" />
    <TestEntry testId="d29bae8e-ccd2-1ca7-5406-3448543074ab" executionId="8177d565-cd86-4e35-8bfc-0f53f3244745" testListId="8c84fa94-04c1-424b-9868-57a2d4851a1d" />
    <TestEntry testId="cd351b1c-466b-f650-f2f9-a0c43edc7a51" executionId="516cd9b8-f6e0-418b-8d74-1763ab1478f3" testListId="8c84fa94-04c1-424b-9868-57a2d4851a1d" />
    <TestEntry testId="0304dbde-3be1-55b6-7c74-1904dfdafe3a" executionId="d4e3f822-d471-4195-8915-8de9187ae8df" testListId="8c84fa94-04c1-424b-9868-57a2d4851a1d" />
    <TestEntry testId="b99b4a5f-ca2c-58ee-11e5-73447a08ac7b" executionId="64adb2bb-cf64-43d5-b06f-d214861c9bd1" testListId="8c84fa94-04c1-424b-9868-57a2d4851a1d" />
    <TestEntry testId="3882f32f-7948-d678-3b06-e4320c3676e8" executionId="93613643-2e52-470e-8e5b-3199c66743ea" testListId="8c84fa94-04c1-424b-9868-57a2d4851a1d" />
    <TestEntry testId="6681aa69-007a-2c47-bed0-a18b4f66f550" executionId="97bc4daf-bc4a-4366-ba10-46f42cd72691" testListId="8c84fa94-04c1-424b-9868-57a2d4851a1d" />
    <TestEntry testId="edbd1ccb-452a-a361-1a94-53e668adbdc4" executionId="1a480f60-8b9c-4601-900e-4820914f6df7" testListId="8c84fa94-04c1-424b-9868-57a2d4851a1d" />
    <TestEntry testId="445d5b9f-20b0-2b8f-0af3-b0dda6af8cfd" executionId="12cc91ef-7cc4-4ea7-86c0-74d1f1a24d7e" testListId="8c84fa94-04c1-424b-9868-57a2d4851a1d" />
    <TestEntry testId="0625a3ff-a022-4611-5511-ead3093e4c92" executionId="9a65b1d2-87d7-4549-9461-e54835cb9b9f" testListId="8c84fa94-04c1-424b-9868-57a2d4851a1d" />
    <TestEntry testId="73266d59-53c2-0e14-1ace-40fde7eaaa43" executionId="1f3a20cb-0151-46fb-9f2b-432c88f73670" testListId="8c84fa94-04c1-424b-9868-57a2d4851a1d" />
    <TestEntry testId="709a0334-64bd-a375-be16-77d7d881bd7c" executionId="e0d8690c-0643-41b0-9f71-3e0494903483" testListId="8c84fa94-04c1-424b-9868-57a2d4851a1d" />
    <TestEntry testId="2d761aa2-2364-d551-aba9-6963a8c8d85a" executionId="d3dcd729-4433-4f69-8b6e-fcd8b93470c4" testListId="8c84fa94-04c1-424b-9868-57a2d4851a1d" />
    <TestEntry testId="0b4ffc8f-adf2-3e42-e63e-241660ac25aa" executionId="612da16c-6280-41b8-849d-9be1329110c9" testListId="8c84fa94-04c1-424b-9868-57a2d4851a1d" />
    <TestEntry testId="dcd320e0-2b70-aa96-4795-82900af314cf" executionId="8277127d-cccd-4f65-9ab8-c6a32453c7e3" testListId="8c84fa94-04c1-424b-9868-57a2d4851a1d" />
    <TestEntry testId="5c9310af-fb77-d6b0-4bc8-79a980735c0a" executionId="1faa2223-0f6f-4125-b587-d0c2aa9de55c" testListId="8c84fa94-04c1-424b-9868-57a2d4851a1d" />
    <TestEntry testId="b59c66e5-a40f-5a77-55b9-52c10b9a4c67" executionId="55336078-db19-49a6-87ee-8a14e260fbb4" testListId="8c84fa94-04c1-424b-9868-57a2d4851a1d" />
    <TestEntry testId="4a645ccc-dee3-9b88-edae-91990ad4cf28" executionId="c54b4419-0c1e-4c5f-89fe-4493bcad0653" testListId="8c84fa94-04c1-424b-9868-57a2d4851a1d" />
    <TestEntry testId="4616e142-10bb-ed02-1e8e-d39e6f5299ec" executionId="917f51cf-3ecc-4989-ba10-30df147feecc" testListId="8c84fa94-04c1-424b-9868-57a2d4851a1d" />
    <TestEntry testId="6cecaa58-9efc-a119-70e2-280950af6ba2" executionId="a001a5bf-2e7b-42c1-9de4-9a5c55ce2431" testListId="8c84fa94-04c1-424b-9868-57a2d4851a1d" />
    <TestEntry testId="5f13569b-f776-395f-d51f-81b6db28d4c4" executionId="fa5e259c-2a2f-4e56-aca0-3591c4791403" testListId="8c84fa94-04c1-424b-9868-57a2d4851a1d" />
    <TestEntry testId="0fc58baa-a1eb-d394-50d8-1abab884124b" executionId="a16bb524-f80f-451e-88ed-285ed5e31533" testListId="8c84fa94-04c1-424b-9868-57a2d4851a1d" />
    <TestEntry testId="1ce23298-4645-5f70-eb35-21bc78efb82e" executionId="25891c66-101c-4407-9b09-fd23173c4eec" testListId="8c84fa94-04c1-424b-9868-57a2d4851a1d" />
    <TestEntry testId="3fda317a-3fe0-bc82-736b-194d77998207" executionId="3a54128d-518b-4901-a2dc-bc4c356195f8" testListId="8c84fa94-04c1-424b-9868-57a2d4851a1d" />
    <TestEntry testId="00ee9465-2c51-d6bf-1273-74cb7516b68f" executionId="99d394f8-997d-41c8-b373-cd83a717a4ff" testListId="8c84fa94-04c1-424b-9868-57a2d4851a1d" />
  </TestEntries>
  <TestLists>
    <TestList name="Results Not in a List" id="8c84fa94-04c1-424b-9868-57a2d4851a1d" />
    <TestList name="All Loaded Results" id="19431567-8539-422a-85d7-44ee4e166bda" />
  </TestLists>
  <ResultSummary outcome="Completed">
    <Counters total="50" executed="50" passed="50" failed="0" error="0" timeout="0" aborted="0" inconclusive="0" passedButRunAborted="0" notRunnable="0" notExecuted="0" disconnected="0" warning="0" completed="0" inProgress="0" pending="0" />
    <Output>
      <StdOut>[xUnit.net 00:00:00.00] xUnit.net VSTest Adapter v3.1.1+bf6400fd51 (64-bit .NET $(net10))&#xD;
[xUnit.net 00:00:00.13]   Discovering: ExxerAI.Infrastructure.Tests&#xD;
[xUnit.net 00:00:00.19]   Discovered:  ExxerAI.Infrastructure.Tests&#xD;
[xUnit.net 00:00:00.22]   Starting:    ExxerAI.Infrastructure.Tests&#xD;
[xUnit.net 00:00:00.69]   Finished:    ExxerAI.Infrastructure.Tests&#xD;
</StdOut>
    </Output>
  </ResultSummary>
</TestRun>