<?xml version="1.0" encoding="utf-8"?>
<TestRun id="f8e16e88-2101-4591-a1ec-35c139c18e5a" name="Abel Briones@DESKTOP-FB2ES22 2025-07-04 09:01:51" runUser="DESKTOP-FB2ES22\Abel Briones" xmlns="http://microsoft.com/schemas/VisualStudio/TeamTest/2010">
  <Times creation="2025-07-04T09:01:51.7642948-06:00" queuing="2025-07-04T09:01:51.7642954-06:00" start="2025-07-04T09:01:49.5430207-06:00" finish="2025-07-04T09:01:52.1622155-06:00" />
  <TestSettings name="default" id="07af7987-b70c-41c4-811b-3b38c7cf12f4">
    <Deployment runDeploymentRoot="Abel_Briones_DESKTOP-FB2ES22_2025-07-04_09_01_51" />
  </TestSettings>
  <Results>
    <UnitTestResult executionId="3f0585b5-362d-4efa-8968-4ef67ceff076" testId="503f78d3-8b19-ec3b-ce53-f3acc189a129" testName="ExxerAI.Infrastructure.Tests.InMemoryAgentRepositoryTests+ValidationTests.Should_CheckExistence_When_AgentExists" computerName="DESKTOP-FB2ES22" duration="00:00:00.0007234" startTime="2025-07-04T09:01:51.7383881-06:00" endTime="2025-07-04T09:01:51.7386537-06:00" testType="13cdc9d9-ddb5-4fa4-a97d-d965ccfc6d4b" outcome="Passed" testListId="8c84fa94-04c1-424b-9868-57a2d4851a1d" relativeResultsDirectory="3f0585b5-362d-4efa-8968-4ef67ceff076" />
    <UnitTestResult executionId="8bcfb01d-1d6d-451d-91c0-160ec78637dc" testId="651b072a-f0ea-a376-3983-95379a2928ca" testName="ExxerAI.Infrastructure.Tests.InMemoryAgentRepositoryTests+CrudOperationsTests.Should_AddAgent_When_ValidAgentProvided" computerName="DESKTOP-FB2ES22" duration="00:00:00.0472474" startTime="2025-07-04T09:01:51.7294456-06:00" endTime="2025-07-04T09:01:51.7439064-06:00" testType="13cdc9d9-ddb5-4fa4-a97d-d965ccfc6d4b" outcome="Passed" testListId="8c84fa94-04c1-424b-9868-57a2d4851a1d" relativeResultsDirectory="8bcfb01d-1d6d-451d-91c0-160ec78637dc" />
    <UnitTestResult executionId="485f9d70-6b8b-4411-8e02-2c42ebc73db0" testId="6cecaa58-9efc-a119-70e2-280950af6ba2" testName="ExxerAI.Infrastructure.Tests.InMemoryAgentRepositoryTests+ValidationTests.Should_ReturnFailure_When_UpdatingNonExistentAgent" computerName="DESKTOP-FB2ES22" duration="00:00:00.0007448" startTime="2025-07-04T09:01:51.7387782-06:00" endTime="2025-07-04T09:01:51.7390449-06:00" testType="13cdc9d9-ddb5-4fa4-a97d-d965ccfc6d4b" outcome="Passed" testListId="8c84fa94-04c1-424b-9868-57a2d4851a1d" relativeResultsDirectory="485f9d70-6b8b-4411-8e02-2c42ebc73db0" />
    <UnitTestResult executionId="72b504fa-f135-4b56-8c1c-28a1c36ed23b" testId="4a645ccc-dee3-9b88-edae-91990ad4cf28" testName="ExxerAI.Infrastructure.Tests.InMemoryAgentRepositoryTests+QueryOperationsTests.Should_GetAgentsByStatus_When_StatusMatches" computerName="DESKTOP-FB2ES22" duration="00:00:00.0082122" startTime="2025-07-04T09:01:51.7413543-06:00" endTime="2025-07-04T09:01:51.7435701-06:00" testType="13cdc9d9-ddb5-4fa4-a97d-d965ccfc6d4b" outcome="Passed" testListId="8c84fa94-04c1-424b-9868-57a2d4851a1d" relativeResultsDirectory="72b504fa-f135-4b56-8c1c-28a1c36ed23b" />
    <UnitTestResult executionId="f8ba8285-2e93-49ae-8ad8-da227fef6f04" testId="4616e142-10bb-ed02-1e8e-d39e6f5299ec" testName="ExxerAI.Infrastructure.Tests.InMemoryTaskRepositoryTests+ConcurrencyTests.Should_HandleConcurrentReads_When_MultipleThreadsReading" computerName="DESKTOP-FB2ES22" duration="00:00:00.0270400" startTime="2025-07-04T09:01:51.7351983-06:00" endTime="2025-07-04T09:01:51.7363832-06:00" testType="13cdc9d9-ddb5-4fa4-a97d-d965ccfc6d4b" outcome="Passed" testListId="8c84fa94-04c1-424b-9868-57a2d4851a1d" relativeResultsDirectory="f8ba8285-2e93-49ae-8ad8-da227fef6f04" />
    <UnitTestResult executionId="76045144-a979-40a5-a955-92a7a8cab9b3" testId="76d9d449-b3eb-7b51-706b-941d4e3d80b6" testName="ExxerAI.Infrastructure.Tests.InMemoryTaskRepositoryTests+EdgeCaseTests.Should_HandleTasksWithSameTitle_When_AddingDuplicateTitles" computerName="DESKTOP-FB2ES22" duration="00:00:00.0018301" startTime="2025-07-04T09:01:51.7301526-06:00" endTime="2025-07-04T09:01:51.7360549-06:00" testType="13cdc9d9-ddb5-4fa4-a97d-d965ccfc6d4b" outcome="Passed" testListId="8c84fa94-04c1-424b-9868-57a2d4851a1d" relativeResultsDirectory="76045144-a979-40a5-a955-92a7a8cab9b3" />
    <UnitTestResult executionId="f6263dcb-4255-477c-ab9d-d3d64fa32fe0" testId="0fc58baa-a1eb-d394-50d8-1abab884124b" testName="ExxerAI.Infrastructure.Tests.InMemoryAgentRepositoryTests+CrudOperationsTests.Should_ReturnFailure_When_AgentNotFound" computerName="DESKTOP-FB2ES22" duration="00:00:00.0200889" startTime="2025-07-04T09:01:51.6366715-06:00" endTime="2025-07-04T09:01:51.7287292-06:00" testType="13cdc9d9-ddb5-4fa4-a97d-d965ccfc6d4b" outcome="Passed" testListId="8c84fa94-04c1-424b-9868-57a2d4851a1d" relativeResultsDirectory="f6263dcb-4255-477c-ab9d-d3d64fa32fe0" />
    <UnitTestResult executionId="8dde8cab-a4ce-453a-9d08-be48e3d676f9" testId="3882f32f-7948-d678-3b06-e4320c3676e8" testName="ExxerAI.Infrastructure.Tests.InMemoryAgentRepositoryTests+QueryOperationsTests.Should_GetAgentsWithTaskCount_When_Called" computerName="DESKTOP-FB2ES22" duration="00:00:00.0545113" startTime="2025-07-04T09:01:51.6332831-06:00" endTime="2025-07-04T09:01:51.7411039-06:00" testType="13cdc9d9-ddb5-4fa4-a97d-d965ccfc6d4b" outcome="Passed" testListId="8c84fa94-04c1-424b-9868-57a2d4851a1d" relativeResultsDirectory="8dde8cab-a4ce-453a-9d08-be48e3d676f9" />
    <UnitTestResult executionId="85d8d6aa-05c4-491e-bc55-e50afb872046" testId="0b4ffc8f-adf2-3e42-e63e-241660ac25aa" testName="ExxerAI.Infrastructure.Tests.InMemoryTaskRepositoryTests+QueryOperationsTests.Should_GetTasksByStatus_When_StatusMatches" computerName="DESKTOP-FB2ES22" duration="00:00:00.0020777" startTime="2025-07-04T09:01:51.7419337-06:00" endTime="2025-07-04T09:01:51.7421537-06:00" testType="13cdc9d9-ddb5-4fa4-a97d-d965ccfc6d4b" outcome="Passed" testListId="8c84fa94-04c1-424b-9868-57a2d4851a1d" relativeResultsDirectory="85d8d6aa-05c4-491e-bc55-e50afb872046" />
    <UnitTestResult executionId="dbff9e8e-6f6b-4d34-b7ec-671f85dbd2c8" testId="4f51aaaf-5aaf-c97d-6823-51f38a0c7b25" testName="ExxerAI.Infrastructure.Tests.InMemoryTaskRepositoryTests+ValidationTests.Should_ReturnFailure_When_UpdatingNullTask" computerName="DESKTOP-FB2ES22" duration="00:00:00.0010791" startTime="2025-07-04T09:01:51.7393158-06:00" endTime="2025-07-04T09:01:51.7393998-06:00" testType="13cdc9d9-ddb5-4fa4-a97d-d965ccfc6d4b" outcome="Passed" testListId="8c84fa94-04c1-424b-9868-57a2d4851a1d" relativeResultsDirectory="dbff9e8e-6f6b-4d34-b7ec-671f85dbd2c8" />
    <UnitTestResult executionId="7c62f0a0-5eee-4a60-9ead-cfb895ab73ce" testId="b59c66e5-a40f-5a77-55b9-52c10b9a4c67" testName="ExxerAI.Infrastructure.Tests.InMemoryTaskRepositoryTests+ValidationTests.Should_ReturnFailure_When_ExistsWithEmptyId" computerName="DESKTOP-FB2ES22" duration="00:00:00.0009759" startTime="2025-07-04T09:01:51.7395746-06:00" endTime="2025-07-04T09:01:51.7414148-06:00" testType="13cdc9d9-ddb5-4fa4-a97d-d965ccfc6d4b" outcome="Passed" testListId="8c84fa94-04c1-424b-9868-57a2d4851a1d" relativeResultsDirectory="7c62f0a0-5eee-4a60-9ead-cfb895ab73ce" />
    <UnitTestResult executionId="20dbdc4d-d116-4639-86c5-c28342f26101" testId="0625a3ff-a022-4611-5511-ead3093e4c92" testName="ExxerAI.Infrastructure.Tests.InMemoryTaskRepositoryTests+QueryOperationsTests.Should_GetTasksByAgent_When_AgentIdMatches" computerName="DESKTOP-FB2ES22" duration="00:00:00.0024548" startTime="2025-07-04T09:01:51.7422709-06:00" endTime="2025-07-04T09:01:51.7423317-06:00" testType="13cdc9d9-ddb5-4fa4-a97d-d965ccfc6d4b" outcome="Passed" testListId="8c84fa94-04c1-424b-9868-57a2d4851a1d" relativeResultsDirectory="20dbdc4d-d116-4639-86c5-c28342f26101" />
    <UnitTestResult executionId="9ab61a11-6d6e-4f7f-a373-c412cad273f7" testId="6681aa69-007a-2c47-bed0-a18b4f66f550" testName="ExxerAI.Infrastructure.Tests.InMemoryAgentRepositoryTests+QueryOperationsTests.Should_FindAgentsByTaskType_When_TaskTypeSupported" computerName="DESKTOP-FB2ES22" duration="00:00:00.0062116" startTime="2025-07-04T09:01:51.7437382-06:00" endTime="2025-07-04T09:01:51.7445207-06:00" testType="13cdc9d9-ddb5-4fa4-a97d-d965ccfc6d4b" outcome="Passed" testListId="8c84fa94-04c1-424b-9868-57a2d4851a1d" relativeResultsDirectory="9ab61a11-6d6e-4f7f-a373-c412cad273f7" />
    <UnitTestResult executionId="4711955b-fa1e-4f08-9033-2f7a0c8dfa8e" testId="e5c6802b-dd05-abf2-22d5-490064e567b4" testName="ExxerAI.Infrastructure.Tests.InMemoryTaskRepositoryTests+ValidationTests.Should_ReturnFailure_When_GetByTypeWithEmptyType" computerName="DESKTOP-FB2ES22" duration="00:00:00.0009006" startTime="2025-07-04T09:01:51.7417479-06:00" endTime="2025-07-04T09:01:51.7420176-06:00" testType="13cdc9d9-ddb5-4fa4-a97d-d965ccfc6d4b" outcome="Passed" testListId="8c84fa94-04c1-424b-9868-57a2d4851a1d" relativeResultsDirectory="4711955b-fa1e-4f08-9033-2f7a0c8dfa8e" />
    <UnitTestResult executionId="85104785-c983-40e8-a072-28d497bf9c6e" testId="cd351b1c-466b-f650-f2f9-a0c43edc7a51" testName="ExxerAI.Infrastructure.Tests.InMemoryTaskRepositoryTests+ValidationTests.Should_ReturnFailure_When_DeletingNonExistentTask" computerName="DESKTOP-FB2ES22" duration="00:00:00.0009699" startTime="2025-07-04T09:01:51.7415646-06:00" endTime="2025-07-04T09:01:51.7416227-06:00" testType="13cdc9d9-ddb5-4fa4-a97d-d965ccfc6d4b" outcome="Passed" testListId="8c84fa94-04c1-424b-9868-57a2d4851a1d" relativeResultsDirectory="85104785-c983-40e8-a072-28d497bf9c6e" />
    <UnitTestResult executionId="d8c94c4b-e627-4509-81e9-93a21eb12d78" testId="85f6af41-81cd-929f-7956-1cc5999bd4d7" testName="ExxerAI.Infrastructure.Tests.InMemoryAgentRepositoryTests+CrudOperationsTests.Should_UpdateAgent_When_AgentExists" computerName="DESKTOP-FB2ES22" duration="00:00:00.0007982" startTime="2025-07-04T09:01:51.7455606-06:00" endTime="2025-07-04T09:01:51.7459411-06:00" testType="13cdc9d9-ddb5-4fa4-a97d-d965ccfc6d4b" outcome="Passed" testListId="8c84fa94-04c1-424b-9868-57a2d4851a1d" relativeResultsDirectory="d8c94c4b-e627-4509-81e9-93a21eb12d78" />
    <UnitTestResult executionId="02939dae-7e19-48d1-a8c4-4f0613216e78" testId="dcd320e0-2b70-aa96-4795-82900af314cf" testName="ExxerAI.Infrastructure.Tests.InMemoryTaskRepositoryTests+CrudOperationsTests.Should_AddTask_When_ValidTaskProvided" computerName="DESKTOP-FB2ES22" duration="00:00:00.0011247" startTime="2025-07-04T09:01:51.7465446-06:00" endTime="2025-07-04T09:01:51.7465957-06:00" testType="13cdc9d9-ddb5-4fa4-a97d-d965ccfc6d4b" outcome="Passed" testListId="8c84fa94-04c1-424b-9868-57a2d4851a1d" relativeResultsDirectory="02939dae-7e19-48d1-a8c4-4f0613216e78" />
    <UnitTestResult executionId="0e5fc15b-24ca-41fd-adc0-bf2f42051539" testId="1ce23298-4645-5f70-eb35-21bc78efb82e" testName="ExxerAI.Infrastructure.Tests.InMemoryTaskRepositoryTests+PerformanceTests.Should_HandleLargeTaskCollections_When_ManyTasksAdded" computerName="DESKTOP-FB2ES22" duration="00:00:00.1287936" startTime="2025-07-04T09:01:51.6365948-06:00" endTime="2025-07-04T09:01:51.7466962-06:00" testType="13cdc9d9-ddb5-4fa4-a97d-d965ccfc6d4b" outcome="Passed" testListId="8c84fa94-04c1-424b-9868-57a2d4851a1d" relativeResultsDirectory="0e5fc15b-24ca-41fd-adc0-bf2f42051539" />
    <UnitTestResult executionId="c1be57e1-47d8-4dcc-b03d-64eefbfe5dae" testId="edbd1ccb-452a-a361-1a94-53e668adbdc4" testName="ExxerAI.Infrastructure.Tests.InMemoryAgentRepositoryTests+ValidationTests.Should_ReturnFailure_When_DeletingNonExistentAgent" computerName="DESKTOP-FB2ES22" duration="00:00:00.0277481" startTime="2025-07-04T09:01:51.7356215-06:00" endTime="2025-07-04T09:01:51.7381778-06:00" testType="13cdc9d9-ddb5-4fa4-a97d-d965ccfc6d4b" outcome="Passed" testListId="8c84fa94-04c1-424b-9868-57a2d4851a1d" relativeResultsDirectory="c1be57e1-47d8-4dcc-b03d-64eefbfe5dae" />
    <UnitTestResult executionId="ae117eba-2e9f-4991-8ea4-54eec2f8b891" testId="00ee9465-2c51-d6bf-1273-74cb7516b68f" testName="ExxerAI.Infrastructure.Tests.InMemoryTaskRepositoryTests+QueryOperationsTests.Should_GetTasksByType_When_TaskTypeMatches" computerName="DESKTOP-FB2ES22" duration="00:00:00.0537628" startTime="2025-07-04T09:01:51.6366362-06:00" endTime="2025-07-04T09:01:51.7396481-06:00" testType="13cdc9d9-ddb5-4fa4-a97d-d965ccfc6d4b" outcome="Passed" testListId="8c84fa94-04c1-424b-9868-57a2d4851a1d" relativeResultsDirectory="ae117eba-2e9f-4991-8ea4-54eec2f8b891" />
    <UnitTestResult executionId="025619af-5edc-4300-80e2-c9f9ae718399" testId="5f13569b-f776-395f-d51f-81b6db28d4c4" testName="ExxerAI.Infrastructure.Tests.InMemoryTaskRepositoryTests+EdgeCaseTests.Should_HandleEmptyRepository_When_NoTasksAdded" computerName="DESKTOP-FB2ES22" duration="00:00:00.0132871" startTime="2025-07-04T09:01:51.7362905-06:00" endTime="2025-07-04T09:01:51.7425085-06:00" testType="13cdc9d9-ddb5-4fa4-a97d-d965ccfc6d4b" outcome="Passed" testListId="8c84fa94-04c1-424b-9868-57a2d4851a1d" relativeResultsDirectory="025619af-5edc-4300-80e2-c9f9ae718399" />
    <UnitTestResult executionId="7b2010d8-259e-4d26-abeb-495fc524a4cd" testId="445d5b9f-20b0-2b8f-0af3-b0dda6af8cfd" testName="ExxerAI.Infrastructure.Tests.InMemoryTaskRepositoryTests+ValidationTests.Should_ReturnFailure_When_GetByAgentWithEmptyId" computerName="DESKTOP-FB2ES22" duration="00:00:00.0015243" startTime="2025-07-04T09:01:51.7385986-06:00" endTime="2025-07-04T09:01:51.7391736-06:00" testType="13cdc9d9-ddb5-4fa4-a97d-d965ccfc6d4b" outcome="Passed" testListId="8c84fa94-04c1-424b-9868-57a2d4851a1d" relativeResultsDirectory="7b2010d8-259e-4d26-abeb-495fc524a4cd" />
    <UnitTestResult executionId="2cb0d42f-4323-49fb-8460-6088d98a846a" testId="0d786b7b-caa4-2567-a381-11b870483a10" testName="ExxerAI.Infrastructure.Tests.InMemoryAgentRepositoryTests+CrudOperationsTests.Should_GetAllAgents_When_AgentsExist" computerName="DESKTOP-FB2ES22" duration="00:00:00.0008540" startTime="2025-07-04T09:01:51.7460833-06:00" endTime="2025-07-04T09:01:51.7463176-06:00" testType="13cdc9d9-ddb5-4fa4-a97d-d965ccfc6d4b" outcome="Passed" testListId="8c84fa94-04c1-424b-9868-57a2d4851a1d" relativeResultsDirectory="2cb0d42f-4323-49fb-8460-6088d98a846a" />
    <UnitTestResult executionId="eb79506a-a25c-4df1-9462-5a95869c08cb" testId="709a0334-64bd-a375-be16-77d7d881bd7c" testName="ExxerAI.Infrastructure.Tests.InMemoryAgentRepositoryTests+ValidationTests.Should_CheckNonExistence_When_AgentDoesNotExist" computerName="DESKTOP-FB2ES22" duration="00:00:00.0139981" startTime="2025-07-04T09:01:51.6572547-06:00" endTime="2025-07-04T09:01:51.6885213-06:00" testType="13cdc9d9-ddb5-4fa4-a97d-d965ccfc6d4b" outcome="Passed" testListId="8c84fa94-04c1-424b-9868-57a2d4851a1d" relativeResultsDirectory="eb79506a-a25c-4df1-9462-5a95869c08cb" />
    <UnitTestResult executionId="1b9fd7eb-b49a-4787-8ba8-4ef8c5cdb615" testId="8b635890-86b0-ce5d-2d9a-dab52d409277" testName="ExxerAI.Infrastructure.Tests.InMemoryAgentRepositoryTests+CrudOperationsTests.Should_GetAgentById_When_AgentExists" computerName="DESKTOP-FB2ES22" duration="00:00:00.0008394" startTime="2025-07-04T09:01:51.7440712-06:00" endTime="2025-07-04T09:01:51.7443290-06:00" testType="13cdc9d9-ddb5-4fa4-a97d-d965ccfc6d4b" outcome="Passed" testListId="8c84fa94-04c1-424b-9868-57a2d4851a1d" relativeResultsDirectory="1b9fd7eb-b49a-4787-8ba8-4ef8c5cdb615" />
    <UnitTestResult executionId="1a6e0004-be47-4e99-a3dd-c9c36080d7f7" testId="40c8d586-7f0d-ff3f-8d05-099e5958b668" testName="ExxerAI.Infrastructure.Tests.InMemoryTaskRepositoryTests+CrudOperationsTests.Should_GenerateId_When_TaskHasEmptyId" computerName="DESKTOP-FB2ES22" duration="00:00:00.0274678" startTime="2025-07-04T09:01:51.7351477-06:00" endTime="2025-07-04T09:01:51.7365630-06:00" testType="13cdc9d9-ddb5-4fa4-a97d-d965ccfc6d4b" outcome="Passed" testListId="8c84fa94-04c1-424b-9868-57a2d4851a1d" relativeResultsDirectory="1a6e0004-be47-4e99-a3dd-c9c36080d7f7" />
    <UnitTestResult executionId="624fafec-4df8-41ed-a8eb-f0c52307c2dd" testId="f5c040f3-4c6d-304c-e939-7630e33e68af" testName="ExxerAI.Infrastructure.Tests.InMemoryTaskRepositoryTests+QueryOperationsTests.Should_GetTasksByAgentAndStatus_When_BothFiltersApplied" computerName="DESKTOP-FB2ES22" duration="00:00:00.0058259" startTime="2025-07-04T09:01:51.7424536-06:00" endTime="2025-07-04T09:01:51.7437929-06:00" testType="13cdc9d9-ddb5-4fa4-a97d-d965ccfc6d4b" outcome="Passed" testListId="8c84fa94-04c1-424b-9868-57a2d4851a1d" relativeResultsDirectory="624fafec-4df8-41ed-a8eb-f0c52307c2dd" />
    <UnitTestResult executionId="0d04f9e4-5211-431b-a29d-b356c4c359d1" testId="aec1f437-64e3-4344-3f27-d7ab921d9cab" testName="ExxerAI.Infrastructure.Tests.InMemoryTaskRepositoryTests+EdgeCaseTests.Should_HandleTasksWithNoDeadline_When_CheckingOverdue" computerName="DESKTOP-FB2ES22" duration="00:00:00.0220772" startTime="2025-07-04T09:01:51.6570017-06:00" endTime="2025-07-04T09:01:51.7298126-06:00" testType="13cdc9d9-ddb5-4fa4-a97d-d965ccfc6d4b" outcome="Passed" testListId="8c84fa94-04c1-424b-9868-57a2d4851a1d" relativeResultsDirectory="0d04f9e4-5211-431b-a29d-b356c4c359d1" />
    <UnitTestResult executionId="ef16400b-af8e-43e0-b523-d722829be9f9" testId="0304dbde-3be1-55b6-7c74-1904dfdafe3a" testName="ExxerAI.Infrastructure.Tests.UnitTest1.Test1" computerName="DESKTOP-FB2ES22" duration="00:00:00.0055753" startTime="2025-07-04T09:01:51.6365168-06:00" endTime="2025-07-04T09:01:51.6887162-06:00" testType="13cdc9d9-ddb5-4fa4-a97d-d965ccfc6d4b" outcome="Passed" testListId="8c84fa94-04c1-424b-9868-57a2d4851a1d" relativeResultsDirectory="ef16400b-af8e-43e0-b523-d722829be9f9" />
    <UnitTestResult executionId="12fd6da3-7d1f-42e2-8183-6e99d7099a21" testId="3d21154c-8505-bea8-3a82-5fceae44f06b" testName="ExxerAI.Infrastructure.Tests.InMemoryAgentRepositoryTests+CrudOperationsTests.Should_DeleteAgent_When_AgentExists" computerName="DESKTOP-FB2ES22" duration="00:00:00.0007510" startTime="2025-07-04T09:01:51.7444597-06:00" endTime="2025-07-04T09:01:51.7446802-06:00" testType="13cdc9d9-ddb5-4fa4-a97d-d965ccfc6d4b" outcome="Passed" testListId="8c84fa94-04c1-424b-9868-57a2d4851a1d" relativeResultsDirectory="12fd6da3-7d1f-42e2-8183-6e99d7099a21" />
    <UnitTestResult executionId="2900b681-f9e3-4d52-81e5-70147e074d38" testId="0469b877-c454-9e7f-b34b-4957d9afa708" testName="ExxerAI.Infrastructure.Tests.InMemoryTaskRepositoryTests+CrudOperationsTests.Should_GetTaskById_When_TaskExists" computerName="DESKTOP-FB2ES22" duration="00:00:00.0012048" startTime="2025-07-04T09:01:51.7462605-06:00" endTime="2025-07-04T09:01:51.7464231-06:00" testType="13cdc9d9-ddb5-4fa4-a97d-d965ccfc6d4b" outcome="Passed" testListId="8c84fa94-04c1-424b-9868-57a2d4851a1d" relativeResultsDirectory="2900b681-f9e3-4d52-81e5-70147e074d38" />
    <UnitTestResult executionId="e8c27ccf-2e69-4cb4-bc79-67d86d718ee3" testId="e214b3de-7089-5bb1-630a-c40120bfd203" testName="ExxerAI.Infrastructure.Tests.InMemoryTaskRepositoryTests+ExistenceTests.Should_ReturnTrue_When_TaskExists" computerName="DESKTOP-FB2ES22" duration="00:00:00.0013388" startTime="2025-07-04T09:01:51.7026155-06:00" endTime="2025-07-04T09:01:51.7028060-06:00" testType="13cdc9d9-ddb5-4fa4-a97d-d965ccfc6d4b" outcome="Passed" testListId="8c84fa94-04c1-424b-9868-57a2d4851a1d" relativeResultsDirectory="e8c27ccf-2e69-4cb4-bc79-67d86d718ee3" />
    <UnitTestResult executionId="05164542-b2c2-4c2e-938d-ca9b2f5e0ddc" testId="aa91a762-9486-8962-d362-af6a78b34ae0" testName="ExxerAI.Infrastructure.Tests.InMemoryTaskRepositoryTests+CrudOperationsTests.Should_DeleteTask_When_TaskExists" computerName="DESKTOP-FB2ES22" duration="00:00:00.0031199" startTime="2025-07-04T09:01:51.7267615-06:00" endTime="2025-07-04T09:01:51.7316367-06:00" testType="13cdc9d9-ddb5-4fa4-a97d-d965ccfc6d4b" outcome="Passed" testListId="8c84fa94-04c1-424b-9868-57a2d4851a1d" relativeResultsDirectory="05164542-b2c2-4c2e-938d-ca9b2f5e0ddc" />
    <UnitTestResult executionId="5f01235d-88ea-4a1a-aa54-20f59ce9956b" testId="9ad09d4a-6082-7cd0-b8cb-d45de156d38a" testName="ExxerAI.Infrastructure.Tests.InMemoryTaskRepositoryTests+ValidationTests.Should_ReturnFailure_When_AddingNullTask" computerName="DESKTOP-FB2ES22" duration="00:00:00.0204195" startTime="2025-07-04T09:01:51.6367681-06:00" endTime="2025-07-04T09:01:51.7270570-06:00" testType="13cdc9d9-ddb5-4fa4-a97d-d965ccfc6d4b" outcome="Passed" testListId="8c84fa94-04c1-424b-9868-57a2d4851a1d" relativeResultsDirectory="5f01235d-88ea-4a1a-aa54-20f59ce9956b" />
    <UnitTestResult executionId="98318d80-c2da-4c8d-b6e8-8b96a2cafa3b" testId="bebff52e-a2cf-dbab-4ce8-1e61a5870694" testName="ExxerAI.Infrastructure.Tests.InMemoryTaskRepositoryTests+ConcurrencyTests.Should_HandleConcurrentUpdates_When_MultipleThreadsUpdating" computerName="DESKTOP-FB2ES22" duration="00:00:00.0030785" startTime="2025-07-04T09:01:51.7268810-06:00" endTime="2025-07-04T09:01:51.7315624-06:00" testType="13cdc9d9-ddb5-4fa4-a97d-d965ccfc6d4b" outcome="Passed" testListId="8c84fa94-04c1-424b-9868-57a2d4851a1d" relativeResultsDirectory="98318d80-c2da-4c8d-b6e8-8b96a2cafa3b" />
    <UnitTestResult executionId="c4b2d323-04ea-4049-90a6-80874213dded" testId="5c9310af-fb77-d6b0-4bc8-79a980735c0a" testName="ExxerAI.Infrastructure.Tests.InMemoryTaskRepositoryTests+CrudOperationsTests.Should_ReturnFailure_When_TaskIdAlreadyExists" computerName="DESKTOP-FB2ES22" duration="00:00:00.0015226" startTime="2025-07-04T09:01:51.7442645-06:00" endTime="2025-07-04T09:01:51.7456352-06:00" testType="13cdc9d9-ddb5-4fa4-a97d-d965ccfc6d4b" outcome="Passed" testListId="8c84fa94-04c1-424b-9868-57a2d4851a1d" relativeResultsDirectory="c4b2d323-04ea-4049-90a6-80874213dded" />
    <UnitTestResult executionId="4633f52a-1297-49a7-a355-87d15dcda0ec" testId="73266d59-53c2-0e14-1ace-40fde7eaaa43" testName="ExxerAI.Infrastructure.Tests.InMemoryTaskRepositoryTests+ValidationTests.Should_ReturnFailure_When_DeletingWithEmptyId" computerName="DESKTOP-FB2ES22" duration="00:00:00.0272913" startTime="2025-07-04T09:01:51.7359148-06:00" endTime="2025-07-04T09:01:51.7384612-06:00" testType="13cdc9d9-ddb5-4fa4-a97d-d965ccfc6d4b" outcome="Passed" testListId="8c84fa94-04c1-424b-9868-57a2d4851a1d" relativeResultsDirectory="4633f52a-1297-49a7-a355-87d15dcda0ec" />
    <UnitTestResult executionId="576b379f-a8c4-4376-94f3-1672631487d1" testId="b99b4a5f-ca2c-58ee-11e5-73447a08ac7b" testName="ExxerAI.Infrastructure.Tests.InMemoryTaskRepositoryTests+ExistenceTests.Should_ReturnFalse_When_TaskDoesNotExist" computerName="DESKTOP-FB2ES22" duration="00:00:00.0136055" startTime="2025-07-04T09:01:51.6367362-06:00" endTime="2025-07-04T09:01:51.6600066-06:00" testType="13cdc9d9-ddb5-4fa4-a97d-d965ccfc6d4b" outcome="Passed" testListId="8c84fa94-04c1-424b-9868-57a2d4851a1d" relativeResultsDirectory="576b379f-a8c4-4376-94f3-1672631487d1" />
    <UnitTestResult executionId="b8ecb4ed-2fcf-4b4e-8365-09d0cdfa748d" testId="42ccc301-fc4c-84e3-4b93-b826ee5b94e9" testName="ExxerAI.Infrastructure.Tests.InMemoryTaskRepositoryTests+CrudOperationsTests.Should_PreserveId_When_TaskHasValidId" computerName="DESKTOP-FB2ES22" duration="00:00:00.0016448" startTime="2025-07-04T09:01:51.7380802-06:00" endTime="2025-07-04T09:01:51.7388306-06:00" testType="13cdc9d9-ddb5-4fa4-a97d-d965ccfc6d4b" outcome="Passed" testListId="8c84fa94-04c1-424b-9868-57a2d4851a1d" relativeResultsDirectory="b8ecb4ed-2fcf-4b4e-8365-09d0cdfa748d" />
    <UnitTestResult executionId="955a9233-6d09-4b4f-9b2a-50d274d4ca48" testId="71024650-4a93-b97b-fe7c-0701a0ba3908" testName="ExxerAI.Infrastructure.Tests.InMemoryTaskRepositoryTests+CrudOperationsTests.Should_ReturnFailure_When_TaskNotFound" computerName="DESKTOP-FB2ES22" duration="00:00:00.0008799" startTime="2025-07-04T09:01:51.7457885-06:00" endTime="2025-07-04T09:01:51.7461464-06:00" testType="13cdc9d9-ddb5-4fa4-a97d-d965ccfc6d4b" outcome="Passed" testListId="8c84fa94-04c1-424b-9868-57a2d4851a1d" relativeResultsDirectory="955a9233-6d09-4b4f-9b2a-50d274d4ca48" />
    <UnitTestResult executionId="7c9b15ad-e571-421e-a8d2-8d71a94205df" testId="864d4377-223d-f93a-2640-50dadacbbb26" testName="ExxerAI.Infrastructure.Tests.InMemoryTaskRepositoryTests+CrudOperationsTests.Should_GetAllTasks_When_TasksExist" computerName="DESKTOP-FB2ES22" duration="00:00:00.0192748" startTime="2025-07-04T09:01:51.6367036-06:00" endTime="2025-07-04T09:01:51.7030270-06:00" testType="13cdc9d9-ddb5-4fa4-a97d-d965ccfc6d4b" outcome="Passed" testListId="8c84fa94-04c1-424b-9868-57a2d4851a1d" relativeResultsDirectory="7c9b15ad-e571-421e-a8d2-8d71a94205df" />
    <UnitTestResult executionId="85a949fb-d88a-4890-99db-0cbe4066dc3c" testId="d29bae8e-ccd2-1ca7-5406-3448543074ab" testName="ExxerAI.Infrastructure.Tests.InMemoryAgentRepositoryTests+QueryOperationsTests.Should_ReturnEmptyList_When_NoAgentsMatchTaskType" computerName="DESKTOP-FB2ES22" duration="00:00:00.0010179" startTime="2025-07-04T09:01:51.7446288-06:00" endTime="2025-07-04T09:01:51.7458356-06:00" testType="13cdc9d9-ddb5-4fa4-a97d-d965ccfc6d4b" outcome="Passed" testListId="8c84fa94-04c1-424b-9868-57a2d4851a1d" relativeResultsDirectory="85a949fb-d88a-4890-99db-0cbe4066dc3c" />
    <UnitTestResult executionId="2560cf2d-a269-4b66-bf2f-bf527aeb9822" testId="2a6151b7-6749-faf2-6ba0-1c0f4e094b16" testName="ExxerAI.Infrastructure.Tests.InMemoryTaskRepositoryTests+CrudOperationsTests.Should_UpdateTask_When_TaskExists" computerName="DESKTOP-FB2ES22" duration="00:00:00.0163554" startTime="2025-07-04T09:01:51.7389801-06:00" endTime="2025-07-04T09:01:51.7441303-06:00" testType="13cdc9d9-ddb5-4fa4-a97d-d965ccfc6d4b" outcome="Passed" testListId="8c84fa94-04c1-424b-9868-57a2d4851a1d" relativeResultsDirectory="2560cf2d-a269-4b66-bf2f-bf527aeb9822" />
    <UnitTestResult executionId="59d79f55-21da-4183-8f57-87c15982b72e" testId="1d992660-7050-1a6d-1f8a-f81256a119e2" testName="ExxerAI.Infrastructure.Tests.InMemoryTaskRepositoryTests+ValidationTests.Should_ReturnFailure_When_UpdatingTaskWithEmptyId" computerName="DESKTOP-FB2ES22" duration="00:00:00.0014249" startTime="2025-07-04T09:01:51.7293078-06:00" endTime="2025-07-04T09:01:51.7296418-06:00" testType="13cdc9d9-ddb5-4fa4-a97d-d965ccfc6d4b" outcome="Passed" testListId="8c84fa94-04c1-424b-9868-57a2d4851a1d" relativeResultsDirectory="59d79f55-21da-4183-8f57-87c15982b72e" />
    <UnitTestResult executionId="b7c23073-5bbf-4d72-a869-5465a7d545ab" testId="972a990d-1652-cf03-6419-1eaa3608cbd4" testName="ExxerAI.Infrastructure.Tests.InMemoryTaskRepositoryTests+QueryOperationsTests.Should_GetOverdueTasks_When_TasksPastDeadline" computerName="DESKTOP-FB2ES22" duration="00:00:00.0024200" startTime="2025-07-04T09:01:51.7410396-06:00" endTime="2025-07-04T09:01:51.7417998-06:00" testType="13cdc9d9-ddb5-4fa4-a97d-d965ccfc6d4b" outcome="Passed" testListId="8c84fa94-04c1-424b-9868-57a2d4851a1d" relativeResultsDirectory="b7c23073-5bbf-4d72-a869-5465a7d545ab" />
    <UnitTestResult executionId="4ccc6c24-c6f3-4117-9ebc-44599a98c422" testId="3fda317a-3fe0-bc82-736b-194d77998207" testName="ExxerAI.Infrastructure.Tests.InMemoryAgentRepositoryTests+ValidationTests.Should_ReturnFailure_When_AddingNullAgent" computerName="DESKTOP-FB2ES22" duration="00:00:00.0021128" startTime="2025-07-04T09:01:51.7295400-06:00" endTime="2025-07-04T09:01:51.7353500-06:00" testType="13cdc9d9-ddb5-4fa4-a97d-d965ccfc6d4b" outcome="Passed" testListId="8c84fa94-04c1-424b-9868-57a2d4851a1d" relativeResultsDirectory="4ccc6c24-c6f3-4117-9ebc-44599a98c422" />
    <UnitTestResult executionId="7aa0e587-dc8e-484d-8699-8f17422df029" testId="da9411ba-6c35-c1e3-e865-0e86cb04cfee" testName="ExxerAI.Infrastructure.Tests.InMemoryTaskRepositoryTests+PerformanceTests.Should_HandleComplexQueries_When_LargeDataSet" computerName="DESKTOP-FB2ES22" duration="00:00:00.1282326" startTime="2025-07-04T09:01:51.7468204-06:00" endTime="2025-07-04T09:01:51.8157207-06:00" testType="13cdc9d9-ddb5-4fa4-a97d-d965ccfc6d4b" outcome="Passed" testListId="8c84fa94-04c1-424b-9868-57a2d4851a1d" relativeResultsDirectory="7aa0e587-dc8e-484d-8699-8f17422df029" />
    <UnitTestResult executionId="86bad8f6-5639-41c4-92d4-d01dbdff1da3" testId="16267140-22fe-7541-085d-0b7f6b30f826" testName="ExxerAI.Infrastructure.Tests.InMemoryTaskRepositoryTests+ValidationTests.Should_ReturnFailure_When_UpdatingNonExistentTask" computerName="DESKTOP-FB2ES22" duration="00:00:00.0011933" startTime="2025-07-04T09:01:51.7301142-06:00" endTime="2025-07-04T09:01:51.7357059-06:00" testType="13cdc9d9-ddb5-4fa4-a97d-d965ccfc6d4b" outcome="Passed" testListId="8c84fa94-04c1-424b-9868-57a2d4851a1d" relativeResultsDirectory="86bad8f6-5639-41c4-92d4-d01dbdff1da3" />
    <UnitTestResult executionId="7bcb7f29-9152-473a-b325-556439f96abe" testId="2d761aa2-2364-d551-aba9-6963a8c8d85a" testName="ExxerAI.Infrastructure.Tests.InMemoryAgentRepositoryTests+ValidationTests.Should_ReturnFailure_When_UpdatingNullAgent" computerName="DESKTOP-FB2ES22" duration="00:00:00.0027992" startTime="2025-07-04T09:01:51.7026638-06:00" endTime="2025-07-04T09:01:51.7288008-06:00" testType="13cdc9d9-ddb5-4fa4-a97d-d965ccfc6d4b" outcome="Passed" testListId="8c84fa94-04c1-424b-9868-57a2d4851a1d" relativeResultsDirectory="7bcb7f29-9152-473a-b325-556439f96abe" />
    <UnitTestResult executionId="ed47e8ea-0eba-4c43-bcb1-c47a3743fe1a" testId="2d3c03ef-6372-cc7f-6477-e1199f43b595" testName="ExxerAI.Infrastructure.Tests.InMemoryTaskRepositoryTests+ConcurrencyTests.Should_HandleConcurrentAdds_When_MultipleThreadsAddingTasks" computerName="DESKTOP-FB2ES22" duration="00:00:00.0193173" startTime="2025-07-04T09:01:51.6363967-06:00" endTime="2025-07-04T09:01:51.7030756-06:00" testType="13cdc9d9-ddb5-4fa4-a97d-d965ccfc6d4b" outcome="Passed" testListId="8c84fa94-04c1-424b-9868-57a2d4851a1d" relativeResultsDirectory="ed47e8ea-0eba-4c43-bcb1-c47a3743fe1a" />
  </Results>
  <TestDefinitions>
    <UnitTest name="ExxerAI.Infrastructure.Tests.InMemoryTaskRepositoryTests+CrudOperationsTests.Should_AddTask_When_ValidTaskProvided" storage="f:\dynamic\exxerai\exxerai\artifacts\bin\debug\net10.0\exxerai.infrastructure.tests.dll" id="dcd320e0-2b70-aa96-4795-82900af314cf">
      <Execution id="02939dae-7e19-48d1-a8c4-4f0613216e78" />
      <TestMethod codeBase="F:\Dynamic\ExxerAi\ExxerAI\artifacts\bin\Debug\net10.0\ExxerAI.Infrastructure.Tests.dll" adapterTypeName="executor://xunit/VsTestRunner3/netcore/" className="ExxerAI.Infrastructure.Tests.InMemoryTaskRepositoryTests+CrudOperationsTests" name="Should_AddTask_When_ValidTaskProvided" />
    </UnitTest>
    <UnitTest name="ExxerAI.Infrastructure.Tests.InMemoryTaskRepositoryTests+ExistenceTests.Should_ReturnFalse_When_TaskDoesNotExist" storage="f:\dynamic\exxerai\exxerai\artifacts\bin\debug\net10.0\exxerai.infrastructure.tests.dll" id="b99b4a5f-ca2c-58ee-11e5-73447a08ac7b">
      <Execution id="576b379f-a8c4-4376-94f3-1672631487d1" />
      <TestMethod codeBase="F:\Dynamic\ExxerAi\ExxerAI\artifacts\bin\Debug\net10.0\ExxerAI.Infrastructure.Tests.dll" adapterTypeName="executor://xunit/VsTestRunner3/netcore/" className="ExxerAI.Infrastructure.Tests.InMemoryTaskRepositoryTests+ExistenceTests" name="Should_ReturnFalse_When_TaskDoesNotExist" />
    </UnitTest>
    <UnitTest name="ExxerAI.Infrastructure.Tests.InMemoryTaskRepositoryTests+ExistenceTests.Should_ReturnTrue_When_TaskExists" storage="f:\dynamic\exxerai\exxerai\artifacts\bin\debug\net10.0\exxerai.infrastructure.tests.dll" id="e214b3de-7089-5bb1-630a-c40120bfd203">
      <Execution id="e8c27ccf-2e69-4cb4-bc79-67d86d718ee3" />
      <TestMethod codeBase="F:\Dynamic\ExxerAi\ExxerAI\artifacts\bin\Debug\net10.0\ExxerAI.Infrastructure.Tests.dll" adapterTypeName="executor://xunit/VsTestRunner3/netcore/" className="ExxerAI.Infrastructure.Tests.InMemoryTaskRepositoryTests+ExistenceTests" name="Should_ReturnTrue_When_TaskExists" />
    </UnitTest>
    <UnitTest name="ExxerAI.Infrastructure.Tests.InMemoryTaskRepositoryTests+CrudOperationsTests.Should_GetTaskById_When_TaskExists" storage="f:\dynamic\exxerai\exxerai\artifacts\bin\debug\net10.0\exxerai.infrastructure.tests.dll" id="0469b877-c454-9e7f-b34b-4957d9afa708">
      <Execution id="2900b681-f9e3-4d52-81e5-70147e074d38" />
      <TestMethod codeBase="F:\Dynamic\ExxerAi\ExxerAI\artifacts\bin\Debug\net10.0\ExxerAI.Infrastructure.Tests.dll" adapterTypeName="executor://xunit/VsTestRunner3/netcore/" className="ExxerAI.Infrastructure.Tests.InMemoryTaskRepositoryTests+CrudOperationsTests" name="Should_GetTaskById_When_TaskExists" />
    </UnitTest>
    <UnitTest name="ExxerAI.Infrastructure.Tests.InMemoryAgentRepositoryTests+ValidationTests.Should_ReturnFailure_When_AddingNullAgent" storage="f:\dynamic\exxerai\exxerai\artifacts\bin\debug\net10.0\exxerai.infrastructure.tests.dll" id="3fda317a-3fe0-bc82-736b-194d77998207">
      <Execution id="4ccc6c24-c6f3-4117-9ebc-44599a98c422" />
      <TestMethod codeBase="F:\Dynamic\ExxerAi\ExxerAI\artifacts\bin\Debug\net10.0\ExxerAI.Infrastructure.Tests.dll" adapterTypeName="executor://xunit/VsTestRunner3/netcore/" className="ExxerAI.Infrastructure.Tests.InMemoryAgentRepositoryTests+ValidationTests" name="Should_ReturnFailure_When_AddingNullAgent" />
    </UnitTest>
    <UnitTest name="ExxerAI.Infrastructure.Tests.InMemoryAgentRepositoryTests+CrudOperationsTests.Should_UpdateAgent_When_AgentExists" storage="f:\dynamic\exxerai\exxerai\artifacts\bin\debug\net10.0\exxerai.infrastructure.tests.dll" id="85f6af41-81cd-929f-7956-1cc5999bd4d7">
      <Execution id="d8c94c4b-e627-4509-81e9-93a21eb12d78" />
      <TestMethod codeBase="F:\Dynamic\ExxerAi\ExxerAI\artifacts\bin\Debug\net10.0\ExxerAI.Infrastructure.Tests.dll" adapterTypeName="executor://xunit/VsTestRunner3/netcore/" className="ExxerAI.Infrastructure.Tests.InMemoryAgentRepositoryTests+CrudOperationsTests" name="Should_UpdateAgent_When_AgentExists" />
    </UnitTest>
    <UnitTest name="ExxerAI.Infrastructure.Tests.InMemoryAgentRepositoryTests+CrudOperationsTests.Should_AddAgent_When_ValidAgentProvided" storage="f:\dynamic\exxerai\exxerai\artifacts\bin\debug\net10.0\exxerai.infrastructure.tests.dll" id="651b072a-f0ea-a376-3983-95379a2928ca">
      <Execution id="8bcfb01d-1d6d-451d-91c0-160ec78637dc" />
      <TestMethod codeBase="F:\Dynamic\ExxerAi\ExxerAI\artifacts\bin\Debug\net10.0\ExxerAI.Infrastructure.Tests.dll" adapterTypeName="executor://xunit/VsTestRunner3/netcore/" className="ExxerAI.Infrastructure.Tests.InMemoryAgentRepositoryTests+CrudOperationsTests" name="Should_AddAgent_When_ValidAgentProvided" />
    </UnitTest>
    <UnitTest name="ExxerAI.Infrastructure.Tests.InMemoryTaskRepositoryTests+ConcurrencyTests.Should_HandleConcurrentAdds_When_MultipleThreadsAddingTasks" storage="f:\dynamic\exxerai\exxerai\artifacts\bin\debug\net10.0\exxerai.infrastructure.tests.dll" id="2d3c03ef-6372-cc7f-6477-e1199f43b595">
      <Execution id="ed47e8ea-0eba-4c43-bcb1-c47a3743fe1a" />
      <TestMethod codeBase="F:\Dynamic\ExxerAi\ExxerAI\artifacts\bin\Debug\net10.0\ExxerAI.Infrastructure.Tests.dll" adapterTypeName="executor://xunit/VsTestRunner3/netcore/" className="ExxerAI.Infrastructure.Tests.InMemoryTaskRepositoryTests+ConcurrencyTests" name="Should_HandleConcurrentAdds_When_MultipleThreadsAddingTasks" />
    </UnitTest>
    <UnitTest name="ExxerAI.Infrastructure.Tests.InMemoryTaskRepositoryTests+CrudOperationsTests.Should_UpdateTask_When_TaskExists" storage="f:\dynamic\exxerai\exxerai\artifacts\bin\debug\net10.0\exxerai.infrastructure.tests.dll" id="2a6151b7-6749-faf2-6ba0-1c0f4e094b16">
      <Execution id="2560cf2d-a269-4b66-bf2f-bf527aeb9822" />
      <TestMethod codeBase="F:\Dynamic\ExxerAi\ExxerAI\artifacts\bin\Debug\net10.0\ExxerAI.Infrastructure.Tests.dll" adapterTypeName="executor://xunit/VsTestRunner3/netcore/" className="ExxerAI.Infrastructure.Tests.InMemoryTaskRepositoryTests+CrudOperationsTests" name="Should_UpdateTask_When_TaskExists" />
    </UnitTest>
    <UnitTest name="ExxerAI.Infrastructure.Tests.InMemoryTaskRepositoryTests+QueryOperationsTests.Should_GetTasksByAgent_When_AgentIdMatches" storage="f:\dynamic\exxerai\exxerai\artifacts\bin\debug\net10.0\exxerai.infrastructure.tests.dll" id="0625a3ff-a022-4611-5511-ead3093e4c92">
      <Execution id="20dbdc4d-d116-4639-86c5-c28342f26101" />
      <TestMethod codeBase="F:\Dynamic\ExxerAi\ExxerAI\artifacts\bin\Debug\net10.0\ExxerAI.Infrastructure.Tests.dll" adapterTypeName="executor://xunit/VsTestRunner3/netcore/" className="ExxerAI.Infrastructure.Tests.InMemoryTaskRepositoryTests+QueryOperationsTests" name="Should_GetTasksByAgent_When_AgentIdMatches" />
    </UnitTest>
    <UnitTest name="ExxerAI.Infrastructure.Tests.InMemoryAgentRepositoryTests+ValidationTests.Should_ReturnFailure_When_UpdatingNonExistentAgent" storage="f:\dynamic\exxerai\exxerai\artifacts\bin\debug\net10.0\exxerai.infrastructure.tests.dll" id="6cecaa58-9efc-a119-70e2-280950af6ba2">
      <Execution id="485f9d70-6b8b-4411-8e02-2c42ebc73db0" />
      <TestMethod codeBase="F:\Dynamic\ExxerAi\ExxerAI\artifacts\bin\Debug\net10.0\ExxerAI.Infrastructure.Tests.dll" adapterTypeName="executor://xunit/VsTestRunner3/netcore/" className="ExxerAI.Infrastructure.Tests.InMemoryAgentRepositoryTests+ValidationTests" name="Should_ReturnFailure_When_UpdatingNonExistentAgent" />
    </UnitTest>
    <UnitTest name="ExxerAI.Infrastructure.Tests.InMemoryTaskRepositoryTests+PerformanceTests.Should_HandleLargeTaskCollections_When_ManyTasksAdded" storage="f:\dynamic\exxerai\exxerai\artifacts\bin\debug\net10.0\exxerai.infrastructure.tests.dll" id="1ce23298-4645-5f70-eb35-21bc78efb82e">
      <Execution id="0e5fc15b-24ca-41fd-adc0-bf2f42051539" />
      <TestMethod codeBase="F:\Dynamic\ExxerAi\ExxerAI\artifacts\bin\Debug\net10.0\ExxerAI.Infrastructure.Tests.dll" adapterTypeName="executor://xunit/VsTestRunner3/netcore/" className="ExxerAI.Infrastructure.Tests.InMemoryTaskRepositoryTests+PerformanceTests" name="Should_HandleLargeTaskCollections_When_ManyTasksAdded" />
    </UnitTest>
    <UnitTest name="ExxerAI.Infrastructure.Tests.InMemoryAgentRepositoryTests+CrudOperationsTests.Should_GetAllAgents_When_AgentsExist" storage="f:\dynamic\exxerai\exxerai\artifacts\bin\debug\net10.0\exxerai.infrastructure.tests.dll" id="0d786b7b-caa4-2567-a381-11b870483a10">
      <Execution id="2cb0d42f-4323-49fb-8460-6088d98a846a" />
      <TestMethod codeBase="F:\Dynamic\ExxerAi\ExxerAI\artifacts\bin\Debug\net10.0\ExxerAI.Infrastructure.Tests.dll" adapterTypeName="executor://xunit/VsTestRunner3/netcore/" className="ExxerAI.Infrastructure.Tests.InMemoryAgentRepositoryTests+CrudOperationsTests" name="Should_GetAllAgents_When_AgentsExist" />
    </UnitTest>
    <UnitTest name="ExxerAI.Infrastructure.Tests.InMemoryAgentRepositoryTests+ValidationTests.Should_CheckExistence_When_AgentExists" storage="f:\dynamic\exxerai\exxerai\artifacts\bin\debug\net10.0\exxerai.infrastructure.tests.dll" id="503f78d3-8b19-ec3b-ce53-f3acc189a129">
      <Execution id="3f0585b5-362d-4efa-8968-4ef67ceff076" />
      <TestMethod codeBase="F:\Dynamic\ExxerAi\ExxerAI\artifacts\bin\Debug\net10.0\ExxerAI.Infrastructure.Tests.dll" adapterTypeName="executor://xunit/VsTestRunner3/netcore/" className="ExxerAI.Infrastructure.Tests.InMemoryAgentRepositoryTests+ValidationTests" name="Should_CheckExistence_When_AgentExists" />
    </UnitTest>
    <UnitTest name="ExxerAI.Infrastructure.Tests.InMemoryTaskRepositoryTests+ValidationTests.Should_ReturnFailure_When_AddingNullTask" storage="f:\dynamic\exxerai\exxerai\artifacts\bin\debug\net10.0\exxerai.infrastructure.tests.dll" id="9ad09d4a-6082-7cd0-b8cb-d45de156d38a">
      <Execution id="5f01235d-88ea-4a1a-aa54-20f59ce9956b" />
      <TestMethod codeBase="F:\Dynamic\ExxerAi\ExxerAI\artifacts\bin\Debug\net10.0\ExxerAI.Infrastructure.Tests.dll" adapterTypeName="executor://xunit/VsTestRunner3/netcore/" className="ExxerAI.Infrastructure.Tests.InMemoryTaskRepositoryTests+ValidationTests" name="Should_ReturnFailure_When_AddingNullTask" />
    </UnitTest>
    <UnitTest name="ExxerAI.Infrastructure.Tests.InMemoryTaskRepositoryTests+CrudOperationsTests.Should_GetAllTasks_When_TasksExist" storage="f:\dynamic\exxerai\exxerai\artifacts\bin\debug\net10.0\exxerai.infrastructure.tests.dll" id="864d4377-223d-f93a-2640-50dadacbbb26">
      <Execution id="7c9b15ad-e571-421e-a8d2-8d71a94205df" />
      <TestMethod codeBase="F:\Dynamic\ExxerAi\ExxerAI\artifacts\bin\Debug\net10.0\ExxerAI.Infrastructure.Tests.dll" adapterTypeName="executor://xunit/VsTestRunner3/netcore/" className="ExxerAI.Infrastructure.Tests.InMemoryTaskRepositoryTests+CrudOperationsTests" name="Should_GetAllTasks_When_TasksExist" />
    </UnitTest>
    <UnitTest name="ExxerAI.Infrastructure.Tests.InMemoryTaskRepositoryTests+ValidationTests.Should_ReturnFailure_When_ExistsWithEmptyId" storage="f:\dynamic\exxerai\exxerai\artifacts\bin\debug\net10.0\exxerai.infrastructure.tests.dll" id="b59c66e5-a40f-5a77-55b9-52c10b9a4c67">
      <Execution id="7c62f0a0-5eee-4a60-9ead-cfb895ab73ce" />
      <TestMethod codeBase="F:\Dynamic\ExxerAi\ExxerAI\artifacts\bin\Debug\net10.0\ExxerAI.Infrastructure.Tests.dll" adapterTypeName="executor://xunit/VsTestRunner3/netcore/" className="ExxerAI.Infrastructure.Tests.InMemoryTaskRepositoryTests+ValidationTests" name="Should_ReturnFailure_When_ExistsWithEmptyId" />
    </UnitTest>
    <UnitTest name="ExxerAI.Infrastructure.Tests.InMemoryAgentRepositoryTests+CrudOperationsTests.Should_GetAgentById_When_AgentExists" storage="f:\dynamic\exxerai\exxerai\artifacts\bin\debug\net10.0\exxerai.infrastructure.tests.dll" id="8b635890-86b0-ce5d-2d9a-dab52d409277">
      <Execution id="1b9fd7eb-b49a-4787-8ba8-4ef8c5cdb615" />
      <TestMethod codeBase="F:\Dynamic\ExxerAi\ExxerAI\artifacts\bin\Debug\net10.0\ExxerAI.Infrastructure.Tests.dll" adapterTypeName="executor://xunit/VsTestRunner3/netcore/" className="ExxerAI.Infrastructure.Tests.InMemoryAgentRepositoryTests+CrudOperationsTests" name="Should_GetAgentById_When_AgentExists" />
    </UnitTest>
    <UnitTest name="ExxerAI.Infrastructure.Tests.InMemoryTaskRepositoryTests+EdgeCaseTests.Should_HandleTasksWithSameTitle_When_AddingDuplicateTitles" storage="f:\dynamic\exxerai\exxerai\artifacts\bin\debug\net10.0\exxerai.infrastructure.tests.dll" id="76d9d449-b3eb-7b51-706b-941d4e3d80b6">
      <Execution id="76045144-a979-40a5-a955-92a7a8cab9b3" />
      <TestMethod codeBase="F:\Dynamic\ExxerAi\ExxerAI\artifacts\bin\Debug\net10.0\ExxerAI.Infrastructure.Tests.dll" adapterTypeName="executor://xunit/VsTestRunner3/netcore/" className="ExxerAI.Infrastructure.Tests.InMemoryTaskRepositoryTests+EdgeCaseTests" name="Should_HandleTasksWithSameTitle_When_AddingDuplicateTitles" />
    </UnitTest>
    <UnitTest name="ExxerAI.Infrastructure.Tests.InMemoryTaskRepositoryTests+EdgeCaseTests.Should_HandleEmptyRepository_When_NoTasksAdded" storage="f:\dynamic\exxerai\exxerai\artifacts\bin\debug\net10.0\exxerai.infrastructure.tests.dll" id="5f13569b-f776-395f-d51f-81b6db28d4c4">
      <Execution id="025619af-5edc-4300-80e2-c9f9ae718399" />
      <TestMethod codeBase="F:\Dynamic\ExxerAi\ExxerAI\artifacts\bin\Debug\net10.0\ExxerAI.Infrastructure.Tests.dll" adapterTypeName="executor://xunit/VsTestRunner3/netcore/" className="ExxerAI.Infrastructure.Tests.InMemoryTaskRepositoryTests+EdgeCaseTests" name="Should_HandleEmptyRepository_When_NoTasksAdded" />
    </UnitTest>
    <UnitTest name="ExxerAI.Infrastructure.Tests.InMemoryTaskRepositoryTests+QueryOperationsTests.Should_GetOverdueTasks_When_TasksPastDeadline" storage="f:\dynamic\exxerai\exxerai\artifacts\bin\debug\net10.0\exxerai.infrastructure.tests.dll" id="972a990d-1652-cf03-6419-1eaa3608cbd4">
      <Execution id="b7c23073-5bbf-4d72-a869-5465a7d545ab" />
      <TestMethod codeBase="F:\Dynamic\ExxerAi\ExxerAI\artifacts\bin\Debug\net10.0\ExxerAI.Infrastructure.Tests.dll" adapterTypeName="executor://xunit/VsTestRunner3/netcore/" className="ExxerAI.Infrastructure.Tests.InMemoryTaskRepositoryTests+QueryOperationsTests" name="Should_GetOverdueTasks_When_TasksPastDeadline" />
    </UnitTest>
    <UnitTest name="ExxerAI.Infrastructure.Tests.InMemoryTaskRepositoryTests+PerformanceTests.Should_HandleComplexQueries_When_LargeDataSet" storage="f:\dynamic\exxerai\exxerai\artifacts\bin\debug\net10.0\exxerai.infrastructure.tests.dll" id="da9411ba-6c35-c1e3-e865-0e86cb04cfee">
      <Execution id="7aa0e587-dc8e-484d-8699-8f17422df029" />
      <TestMethod codeBase="F:\Dynamic\ExxerAi\ExxerAI\artifacts\bin\Debug\net10.0\ExxerAI.Infrastructure.Tests.dll" adapterTypeName="executor://xunit/VsTestRunner3/netcore/" className="ExxerAI.Infrastructure.Tests.InMemoryTaskRepositoryTests+PerformanceTests" name="Should_HandleComplexQueries_When_LargeDataSet" />
    </UnitTest>
    <UnitTest name="ExxerAI.Infrastructure.Tests.InMemoryAgentRepositoryTests+QueryOperationsTests.Should_GetAgentsWithTaskCount_When_Called" storage="f:\dynamic\exxerai\exxerai\artifacts\bin\debug\net10.0\exxerai.infrastructure.tests.dll" id="3882f32f-7948-d678-3b06-e4320c3676e8">
      <Execution id="8dde8cab-a4ce-453a-9d08-be48e3d676f9" />
      <TestMethod codeBase="F:\Dynamic\ExxerAi\ExxerAI\artifacts\bin\Debug\net10.0\ExxerAI.Infrastructure.Tests.dll" adapterTypeName="executor://xunit/VsTestRunner3/netcore/" className="ExxerAI.Infrastructure.Tests.InMemoryAgentRepositoryTests+QueryOperationsTests" name="Should_GetAgentsWithTaskCount_When_Called" />
    </UnitTest>
    <UnitTest name="ExxerAI.Infrastructure.Tests.UnitTest1.Test1" storage="f:\dynamic\exxerai\exxerai\artifacts\bin\debug\net10.0\exxerai.infrastructure.tests.dll" id="0304dbde-3be1-55b6-7c74-1904dfdafe3a">
      <Execution id="ef16400b-af8e-43e0-b523-d722829be9f9" />
      <TestMethod codeBase="F:\Dynamic\ExxerAi\ExxerAI\artifacts\bin\Debug\net10.0\ExxerAI.Infrastructure.Tests.dll" adapterTypeName="executor://xunit/VsTestRunner3/netcore/" className="ExxerAI.Infrastructure.Tests.UnitTest1" name="Test1" />
    </UnitTest>
    <UnitTest name="ExxerAI.Infrastructure.Tests.InMemoryAgentRepositoryTests+ValidationTests.Should_ReturnFailure_When_DeletingNonExistentAgent" storage="f:\dynamic\exxerai\exxerai\artifacts\bin\debug\net10.0\exxerai.infrastructure.tests.dll" id="edbd1ccb-452a-a361-1a94-53e668adbdc4">
      <Execution id="c1be57e1-47d8-4dcc-b03d-64eefbfe5dae" />
      <TestMethod codeBase="F:\Dynamic\ExxerAi\ExxerAI\artifacts\bin\Debug\net10.0\ExxerAI.Infrastructure.Tests.dll" adapterTypeName="executor://xunit/VsTestRunner3/netcore/" className="ExxerAI.Infrastructure.Tests.InMemoryAgentRepositoryTests+ValidationTests" name="Should_ReturnFailure_When_DeletingNonExistentAgent" />
    </UnitTest>
    <UnitTest name="ExxerAI.Infrastructure.Tests.InMemoryAgentRepositoryTests+CrudOperationsTests.Should_DeleteAgent_When_AgentExists" storage="f:\dynamic\exxerai\exxerai\artifacts\bin\debug\net10.0\exxerai.infrastructure.tests.dll" id="3d21154c-8505-bea8-3a82-5fceae44f06b">
      <Execution id="12fd6da3-7d1f-42e2-8183-6e99d7099a21" />
      <TestMethod codeBase="F:\Dynamic\ExxerAi\ExxerAI\artifacts\bin\Debug\net10.0\ExxerAI.Infrastructure.Tests.dll" adapterTypeName="executor://xunit/VsTestRunner3/netcore/" className="ExxerAI.Infrastructure.Tests.InMemoryAgentRepositoryTests+CrudOperationsTests" name="Should_DeleteAgent_When_AgentExists" />
    </UnitTest>
    <UnitTest name="ExxerAI.Infrastructure.Tests.InMemoryTaskRepositoryTests+ValidationTests.Should_ReturnFailure_When_UpdatingNullTask" storage="f:\dynamic\exxerai\exxerai\artifacts\bin\debug\net10.0\exxerai.infrastructure.tests.dll" id="4f51aaaf-5aaf-c97d-6823-51f38a0c7b25">
      <Execution id="dbff9e8e-6f6b-4d34-b7ec-671f85dbd2c8" />
      <TestMethod codeBase="F:\Dynamic\ExxerAi\ExxerAI\artifacts\bin\Debug\net10.0\ExxerAI.Infrastructure.Tests.dll" adapterTypeName="executor://xunit/VsTestRunner3/netcore/" className="ExxerAI.Infrastructure.Tests.InMemoryTaskRepositoryTests+ValidationTests" name="Should_ReturnFailure_When_UpdatingNullTask" />
    </UnitTest>
    <UnitTest name="ExxerAI.Infrastructure.Tests.InMemoryTaskRepositoryTests+ConcurrencyTests.Should_HandleConcurrentUpdates_When_MultipleThreadsUpdating" storage="f:\dynamic\exxerai\exxerai\artifacts\bin\debug\net10.0\exxerai.infrastructure.tests.dll" id="bebff52e-a2cf-dbab-4ce8-1e61a5870694">
      <Execution id="98318d80-c2da-4c8d-b6e8-8b96a2cafa3b" />
      <TestMethod codeBase="F:\Dynamic\ExxerAi\ExxerAI\artifacts\bin\Debug\net10.0\ExxerAI.Infrastructure.Tests.dll" adapterTypeName="executor://xunit/VsTestRunner3/netcore/" className="ExxerAI.Infrastructure.Tests.InMemoryTaskRepositoryTests+ConcurrencyTests" name="Should_HandleConcurrentUpdates_When_MultipleThreadsUpdating" />
    </UnitTest>
    <UnitTest name="ExxerAI.Infrastructure.Tests.InMemoryTaskRepositoryTests+ValidationTests.Should_ReturnFailure_When_DeletingNonExistentTask" storage="f:\dynamic\exxerai\exxerai\artifacts\bin\debug\net10.0\exxerai.infrastructure.tests.dll" id="cd351b1c-466b-f650-f2f9-a0c43edc7a51">
      <Execution id="85104785-c983-40e8-a072-28d497bf9c6e" />
      <TestMethod codeBase="F:\Dynamic\ExxerAi\ExxerAI\artifacts\bin\Debug\net10.0\ExxerAI.Infrastructure.Tests.dll" adapterTypeName="executor://xunit/VsTestRunner3/netcore/" className="ExxerAI.Infrastructure.Tests.InMemoryTaskRepositoryTests+ValidationTests" name="Should_ReturnFailure_When_DeletingNonExistentTask" />
    </UnitTest>
    <UnitTest name="ExxerAI.Infrastructure.Tests.InMemoryTaskRepositoryTests+CrudOperationsTests.Should_GenerateId_When_TaskHasEmptyId" storage="f:\dynamic\exxerai\exxerai\artifacts\bin\debug\net10.0\exxerai.infrastructure.tests.dll" id="40c8d586-7f0d-ff3f-8d05-099e5958b668">
      <Execution id="1a6e0004-be47-4e99-a3dd-c9c36080d7f7" />
      <TestMethod codeBase="F:\Dynamic\ExxerAi\ExxerAI\artifacts\bin\Debug\net10.0\ExxerAI.Infrastructure.Tests.dll" adapterTypeName="executor://xunit/VsTestRunner3/netcore/" className="ExxerAI.Infrastructure.Tests.InMemoryTaskRepositoryTests+CrudOperationsTests" name="Should_GenerateId_When_TaskHasEmptyId" />
    </UnitTest>
    <UnitTest name="ExxerAI.Infrastructure.Tests.InMemoryAgentRepositoryTests+QueryOperationsTests.Should_FindAgentsByTaskType_When_TaskTypeSupported" storage="f:\dynamic\exxerai\exxerai\artifacts\bin\debug\net10.0\exxerai.infrastructure.tests.dll" id="6681aa69-007a-2c47-bed0-a18b4f66f550">
      <Execution id="9ab61a11-6d6e-4f7f-a373-c412cad273f7" />
      <TestMethod codeBase="F:\Dynamic\ExxerAi\ExxerAI\artifacts\bin\Debug\net10.0\ExxerAI.Infrastructure.Tests.dll" adapterTypeName="executor://xunit/VsTestRunner3/netcore/" className="ExxerAI.Infrastructure.Tests.InMemoryAgentRepositoryTests+QueryOperationsTests" name="Should_FindAgentsByTaskType_When_TaskTypeSupported" />
    </UnitTest>
    <UnitTest name="ExxerAI.Infrastructure.Tests.InMemoryAgentRepositoryTests+QueryOperationsTests.Should_ReturnEmptyList_When_NoAgentsMatchTaskType" storage="f:\dynamic\exxerai\exxerai\artifacts\bin\debug\net10.0\exxerai.infrastructure.tests.dll" id="d29bae8e-ccd2-1ca7-5406-3448543074ab">
      <Execution id="85a949fb-d88a-4890-99db-0cbe4066dc3c" />
      <TestMethod codeBase="F:\Dynamic\ExxerAi\ExxerAI\artifacts\bin\Debug\net10.0\ExxerAI.Infrastructure.Tests.dll" adapterTypeName="executor://xunit/VsTestRunner3/netcore/" className="ExxerAI.Infrastructure.Tests.InMemoryAgentRepositoryTests+QueryOperationsTests" name="Should_ReturnEmptyList_When_NoAgentsMatchTaskType" />
    </UnitTest>
    <UnitTest name="ExxerAI.Infrastructure.Tests.InMemoryAgentRepositoryTests+QueryOperationsTests.Should_GetAgentsByStatus_When_StatusMatches" storage="f:\dynamic\exxerai\exxerai\artifacts\bin\debug\net10.0\exxerai.infrastructure.tests.dll" id="4a645ccc-dee3-9b88-edae-91990ad4cf28">
      <Execution id="72b504fa-f135-4b56-8c1c-28a1c36ed23b" />
      <TestMethod codeBase="F:\Dynamic\ExxerAi\ExxerAI\artifacts\bin\Debug\net10.0\ExxerAI.Infrastructure.Tests.dll" adapterTypeName="executor://xunit/VsTestRunner3/netcore/" className="ExxerAI.Infrastructure.Tests.InMemoryAgentRepositoryTests+QueryOperationsTests" name="Should_GetAgentsByStatus_When_StatusMatches" />
    </UnitTest>
    <UnitTest name="ExxerAI.Infrastructure.Tests.InMemoryAgentRepositoryTests+ValidationTests.Should_ReturnFailure_When_UpdatingNullAgent" storage="f:\dynamic\exxerai\exxerai\artifacts\bin\debug\net10.0\exxerai.infrastructure.tests.dll" id="2d761aa2-2364-d551-aba9-6963a8c8d85a">
      <Execution id="7bcb7f29-9152-473a-b325-556439f96abe" />
      <TestMethod codeBase="F:\Dynamic\ExxerAi\ExxerAI\artifacts\bin\Debug\net10.0\ExxerAI.Infrastructure.Tests.dll" adapterTypeName="executor://xunit/VsTestRunner3/netcore/" className="ExxerAI.Infrastructure.Tests.InMemoryAgentRepositoryTests+ValidationTests" name="Should_ReturnFailure_When_UpdatingNullAgent" />
    </UnitTest>
    <UnitTest name="ExxerAI.Infrastructure.Tests.InMemoryTaskRepositoryTests+CrudOperationsTests.Should_ReturnFailure_When_TaskNotFound" storage="f:\dynamic\exxerai\exxerai\artifacts\bin\debug\net10.0\exxerai.infrastructure.tests.dll" id="71024650-4a93-b97b-fe7c-0701a0ba3908">
      <Execution id="955a9233-6d09-4b4f-9b2a-50d274d4ca48" />
      <TestMethod codeBase="F:\Dynamic\ExxerAi\ExxerAI\artifacts\bin\Debug\net10.0\ExxerAI.Infrastructure.Tests.dll" adapterTypeName="executor://xunit/VsTestRunner3/netcore/" className="ExxerAI.Infrastructure.Tests.InMemoryTaskRepositoryTests+CrudOperationsTests" name="Should_ReturnFailure_When_TaskNotFound" />
    </UnitTest>
    <UnitTest name="ExxerAI.Infrastructure.Tests.InMemoryTaskRepositoryTests+QueryOperationsTests.Should_GetTasksByStatus_When_StatusMatches" storage="f:\dynamic\exxerai\exxerai\artifacts\bin\debug\net10.0\exxerai.infrastructure.tests.dll" id="0b4ffc8f-adf2-3e42-e63e-241660ac25aa">
      <Execution id="85d8d6aa-05c4-491e-bc55-e50afb872046" />
      <TestMethod codeBase="F:\Dynamic\ExxerAi\ExxerAI\artifacts\bin\Debug\net10.0\ExxerAI.Infrastructure.Tests.dll" adapterTypeName="executor://xunit/VsTestRunner3/netcore/" className="ExxerAI.Infrastructure.Tests.InMemoryTaskRepositoryTests+QueryOperationsTests" name="Should_GetTasksByStatus_When_StatusMatches" />
    </UnitTest>
    <UnitTest name="ExxerAI.Infrastructure.Tests.InMemoryTaskRepositoryTests+ValidationTests.Should_ReturnFailure_When_UpdatingNonExistentTask" storage="f:\dynamic\exxerai\exxerai\artifacts\bin\debug\net10.0\exxerai.infrastructure.tests.dll" id="16267140-22fe-7541-085d-0b7f6b30f826">
      <Execution id="86bad8f6-5639-41c4-92d4-d01dbdff1da3" />
      <TestMethod codeBase="F:\Dynamic\ExxerAi\ExxerAI\artifacts\bin\Debug\net10.0\ExxerAI.Infrastructure.Tests.dll" adapterTypeName="executor://xunit/VsTestRunner3/netcore/" className="ExxerAI.Infrastructure.Tests.InMemoryTaskRepositoryTests+ValidationTests" name="Should_ReturnFailure_When_UpdatingNonExistentTask" />
    </UnitTest>
    <UnitTest name="ExxerAI.Infrastructure.Tests.InMemoryTaskRepositoryTests+ValidationTests.Should_ReturnFailure_When_UpdatingTaskWithEmptyId" storage="f:\dynamic\exxerai\exxerai\artifacts\bin\debug\net10.0\exxerai.infrastructure.tests.dll" id="1d992660-7050-1a6d-1f8a-f81256a119e2">
      <Execution id="59d79f55-21da-4183-8f57-87c15982b72e" />
      <TestMethod codeBase="F:\Dynamic\ExxerAi\ExxerAI\artifacts\bin\Debug\net10.0\ExxerAI.Infrastructure.Tests.dll" adapterTypeName="executor://xunit/VsTestRunner3/netcore/" className="ExxerAI.Infrastructure.Tests.InMemoryTaskRepositoryTests+ValidationTests" name="Should_ReturnFailure_When_UpdatingTaskWithEmptyId" />
    </UnitTest>
    <UnitTest name="ExxerAI.Infrastructure.Tests.InMemoryTaskRepositoryTests+ConcurrencyTests.Should_HandleConcurrentReads_When_MultipleThreadsReading" storage="f:\dynamic\exxerai\exxerai\artifacts\bin\debug\net10.0\exxerai.infrastructure.tests.dll" id="4616e142-10bb-ed02-1e8e-d39e6f5299ec">
      <Execution id="f8ba8285-2e93-49ae-8ad8-da227fef6f04" />
      <TestMethod codeBase="F:\Dynamic\ExxerAi\ExxerAI\artifacts\bin\Debug\net10.0\ExxerAI.Infrastructure.Tests.dll" adapterTypeName="executor://xunit/VsTestRunner3/netcore/" className="ExxerAI.Infrastructure.Tests.InMemoryTaskRepositoryTests+ConcurrencyTests" name="Should_HandleConcurrentReads_When_MultipleThreadsReading" />
    </UnitTest>
    <UnitTest name="ExxerAI.Infrastructure.Tests.InMemoryAgentRepositoryTests+CrudOperationsTests.Should_ReturnFailure_When_AgentNotFound" storage="f:\dynamic\exxerai\exxerai\artifacts\bin\debug\net10.0\exxerai.infrastructure.tests.dll" id="0fc58baa-a1eb-d394-50d8-1abab884124b">
      <Execution id="f6263dcb-4255-477c-ab9d-d3d64fa32fe0" />
      <TestMethod codeBase="F:\Dynamic\ExxerAi\ExxerAI\artifacts\bin\Debug\net10.0\ExxerAI.Infrastructure.Tests.dll" adapterTypeName="executor://xunit/VsTestRunner3/netcore/" className="ExxerAI.Infrastructure.Tests.InMemoryAgentRepositoryTests+CrudOperationsTests" name="Should_ReturnFailure_When_AgentNotFound" />
    </UnitTest>
    <UnitTest name="ExxerAI.Infrastructure.Tests.InMemoryTaskRepositoryTests+QueryOperationsTests.Should_GetTasksByAgentAndStatus_When_BothFiltersApplied" storage="f:\dynamic\exxerai\exxerai\artifacts\bin\debug\net10.0\exxerai.infrastructure.tests.dll" id="f5c040f3-4c6d-304c-e939-7630e33e68af">
      <Execution id="624fafec-4df8-41ed-a8eb-f0c52307c2dd" />
      <TestMethod codeBase="F:\Dynamic\ExxerAi\ExxerAI\artifacts\bin\Debug\net10.0\ExxerAI.Infrastructure.Tests.dll" adapterTypeName="executor://xunit/VsTestRunner3/netcore/" className="ExxerAI.Infrastructure.Tests.InMemoryTaskRepositoryTests+QueryOperationsTests" name="Should_GetTasksByAgentAndStatus_When_BothFiltersApplied" />
    </UnitTest>
    <UnitTest name="ExxerAI.Infrastructure.Tests.InMemoryTaskRepositoryTests+ValidationTests.Should_ReturnFailure_When_GetByTypeWithEmptyType" storage="f:\dynamic\exxerai\exxerai\artifacts\bin\debug\net10.0\exxerai.infrastructure.tests.dll" id="e5c6802b-dd05-abf2-22d5-490064e567b4">
      <Execution id="4711955b-fa1e-4f08-9033-2f7a0c8dfa8e" />
      <TestMethod codeBase="F:\Dynamic\ExxerAi\ExxerAI\artifacts\bin\Debug\net10.0\ExxerAI.Infrastructure.Tests.dll" adapterTypeName="executor://xunit/VsTestRunner3/netcore/" className="ExxerAI.Infrastructure.Tests.InMemoryTaskRepositoryTests+ValidationTests" name="Should_ReturnFailure_When_GetByTypeWithEmptyType" />
    </UnitTest>
    <UnitTest name="ExxerAI.Infrastructure.Tests.InMemoryAgentRepositoryTests+ValidationTests.Should_CheckNonExistence_When_AgentDoesNotExist" storage="f:\dynamic\exxerai\exxerai\artifacts\bin\debug\net10.0\exxerai.infrastructure.tests.dll" id="709a0334-64bd-a375-be16-77d7d881bd7c">
      <Execution id="eb79506a-a25c-4df1-9462-5a95869c08cb" />
      <TestMethod codeBase="F:\Dynamic\ExxerAi\ExxerAI\artifacts\bin\Debug\net10.0\ExxerAI.Infrastructure.Tests.dll" adapterTypeName="executor://xunit/VsTestRunner3/netcore/" className="ExxerAI.Infrastructure.Tests.InMemoryAgentRepositoryTests+ValidationTests" name="Should_CheckNonExistence_When_AgentDoesNotExist" />
    </UnitTest>
    <UnitTest name="ExxerAI.Infrastructure.Tests.InMemoryTaskRepositoryTests+EdgeCaseTests.Should_HandleTasksWithNoDeadline_When_CheckingOverdue" storage="f:\dynamic\exxerai\exxerai\artifacts\bin\debug\net10.0\exxerai.infrastructure.tests.dll" id="aec1f437-64e3-4344-3f27-d7ab921d9cab">
      <Execution id="0d04f9e4-5211-431b-a29d-b356c4c359d1" />
      <TestMethod codeBase="F:\Dynamic\ExxerAi\ExxerAI\artifacts\bin\Debug\net10.0\ExxerAI.Infrastructure.Tests.dll" adapterTypeName="executor://xunit/VsTestRunner3/netcore/" className="ExxerAI.Infrastructure.Tests.InMemoryTaskRepositoryTests+EdgeCaseTests" name="Should_HandleTasksWithNoDeadline_When_CheckingOverdue" />
    </UnitTest>
    <UnitTest name="ExxerAI.Infrastructure.Tests.InMemoryTaskRepositoryTests+CrudOperationsTests.Should_DeleteTask_When_TaskExists" storage="f:\dynamic\exxerai\exxerai\artifacts\bin\debug\net10.0\exxerai.infrastructure.tests.dll" id="aa91a762-9486-8962-d362-af6a78b34ae0">
      <Execution id="05164542-b2c2-4c2e-938d-ca9b2f5e0ddc" />
      <TestMethod codeBase="F:\Dynamic\ExxerAi\ExxerAI\artifacts\bin\Debug\net10.0\ExxerAI.Infrastructure.Tests.dll" adapterTypeName="executor://xunit/VsTestRunner3/netcore/" className="ExxerAI.Infrastructure.Tests.InMemoryTaskRepositoryTests+CrudOperationsTests" name="Should_DeleteTask_When_TaskExists" />
    </UnitTest>
    <UnitTest name="ExxerAI.Infrastructure.Tests.InMemoryTaskRepositoryTests+ValidationTests.Should_ReturnFailure_When_GetByAgentWithEmptyId" storage="f:\dynamic\exxerai\exxerai\artifacts\bin\debug\net10.0\exxerai.infrastructure.tests.dll" id="445d5b9f-20b0-2b8f-0af3-b0dda6af8cfd">
      <Execution id="7b2010d8-259e-4d26-abeb-495fc524a4cd" />
      <TestMethod codeBase="F:\Dynamic\ExxerAi\ExxerAI\artifacts\bin\Debug\net10.0\ExxerAI.Infrastructure.Tests.dll" adapterTypeName="executor://xunit/VsTestRunner3/netcore/" className="ExxerAI.Infrastructure.Tests.InMemoryTaskRepositoryTests+ValidationTests" name="Should_ReturnFailure_When_GetByAgentWithEmptyId" />
    </UnitTest>
    <UnitTest name="ExxerAI.Infrastructure.Tests.InMemoryTaskRepositoryTests+QueryOperationsTests.Should_GetTasksByType_When_TaskTypeMatches" storage="f:\dynamic\exxerai\exxerai\artifacts\bin\debug\net10.0\exxerai.infrastructure.tests.dll" id="00ee9465-2c51-d6bf-1273-74cb7516b68f">
      <Execution id="ae117eba-2e9f-4991-8ea4-54eec2f8b891" />
      <TestMethod codeBase="F:\Dynamic\ExxerAi\ExxerAI\artifacts\bin\Debug\net10.0\ExxerAI.Infrastructure.Tests.dll" adapterTypeName="executor://xunit/VsTestRunner3/netcore/" className="ExxerAI.Infrastructure.Tests.InMemoryTaskRepositoryTests+QueryOperationsTests" name="Should_GetTasksByType_When_TaskTypeMatches" />
    </UnitTest>
    <UnitTest name="ExxerAI.Infrastructure.Tests.InMemoryTaskRepositoryTests+CrudOperationsTests.Should_ReturnFailure_When_TaskIdAlreadyExists" storage="f:\dynamic\exxerai\exxerai\artifacts\bin\debug\net10.0\exxerai.infrastructure.tests.dll" id="5c9310af-fb77-d6b0-4bc8-79a980735c0a">
      <Execution id="c4b2d323-04ea-4049-90a6-80874213dded" />
      <TestMethod codeBase="F:\Dynamic\ExxerAi\ExxerAI\artifacts\bin\Debug\net10.0\ExxerAI.Infrastructure.Tests.dll" adapterTypeName="executor://xunit/VsTestRunner3/netcore/" className="ExxerAI.Infrastructure.Tests.InMemoryTaskRepositoryTests+CrudOperationsTests" name="Should_ReturnFailure_When_TaskIdAlreadyExists" />
    </UnitTest>
    <UnitTest name="ExxerAI.Infrastructure.Tests.InMemoryTaskRepositoryTests+CrudOperationsTests.Should_PreserveId_When_TaskHasValidId" storage="f:\dynamic\exxerai\exxerai\artifacts\bin\debug\net10.0\exxerai.infrastructure.tests.dll" id="42ccc301-fc4c-84e3-4b93-b826ee5b94e9">
      <Execution id="b8ecb4ed-2fcf-4b4e-8365-09d0cdfa748d" />
      <TestMethod codeBase="F:\Dynamic\ExxerAi\ExxerAI\artifacts\bin\Debug\net10.0\ExxerAI.Infrastructure.Tests.dll" adapterTypeName="executor://xunit/VsTestRunner3/netcore/" className="ExxerAI.Infrastructure.Tests.InMemoryTaskRepositoryTests+CrudOperationsTests" name="Should_PreserveId_When_TaskHasValidId" />
    </UnitTest>
    <UnitTest name="ExxerAI.Infrastructure.Tests.InMemoryTaskRepositoryTests+ValidationTests.Should_ReturnFailure_When_DeletingWithEmptyId" storage="f:\dynamic\exxerai\exxerai\artifacts\bin\debug\net10.0\exxerai.infrastructure.tests.dll" id="73266d59-53c2-0e14-1ace-40fde7eaaa43">
      <Execution id="4633f52a-1297-49a7-a355-87d15dcda0ec" />
      <TestMethod codeBase="F:\Dynamic\ExxerAi\ExxerAI\artifacts\bin\Debug\net10.0\ExxerAI.Infrastructure.Tests.dll" adapterTypeName="executor://xunit/VsTestRunner3/netcore/" className="ExxerAI.Infrastructure.Tests.InMemoryTaskRepositoryTests+ValidationTests" name="Should_ReturnFailure_When_DeletingWithEmptyId" />
    </UnitTest>
  </TestDefinitions>
  <TestEntries>
    <TestEntry testId="503f78d3-8b19-ec3b-ce53-f3acc189a129" executionId="3f0585b5-362d-4efa-8968-4ef67ceff076" testListId="8c84fa94-04c1-424b-9868-57a2d4851a1d" />
    <TestEntry testId="651b072a-f0ea-a376-3983-95379a2928ca" executionId="8bcfb01d-1d6d-451d-91c0-160ec78637dc" testListId="8c84fa94-04c1-424b-9868-57a2d4851a1d" />
    <TestEntry testId="6cecaa58-9efc-a119-70e2-280950af6ba2" executionId="485f9d70-6b8b-4411-8e02-2c42ebc73db0" testListId="8c84fa94-04c1-424b-9868-57a2d4851a1d" />
    <TestEntry testId="4a645ccc-dee3-9b88-edae-91990ad4cf28" executionId="72b504fa-f135-4b56-8c1c-28a1c36ed23b" testListId="8c84fa94-04c1-424b-9868-57a2d4851a1d" />
    <TestEntry testId="4616e142-10bb-ed02-1e8e-d39e6f5299ec" executionId="f8ba8285-2e93-49ae-8ad8-da227fef6f04" testListId="8c84fa94-04c1-424b-9868-57a2d4851a1d" />
    <TestEntry testId="76d9d449-b3eb-7b51-706b-941d4e3d80b6" executionId="76045144-a979-40a5-a955-92a7a8cab9b3" testListId="8c84fa94-04c1-424b-9868-57a2d4851a1d" />
    <TestEntry testId="0fc58baa-a1eb-d394-50d8-1abab884124b" executionId="f6263dcb-4255-477c-ab9d-d3d64fa32fe0" testListId="8c84fa94-04c1-424b-9868-57a2d4851a1d" />
    <TestEntry testId="3882f32f-7948-d678-3b06-e4320c3676e8" executionId="8dde8cab-a4ce-453a-9d08-be48e3d676f9" testListId="8c84fa94-04c1-424b-9868-57a2d4851a1d" />
    <TestEntry testId="0b4ffc8f-adf2-3e42-e63e-241660ac25aa" executionId="85d8d6aa-05c4-491e-bc55-e50afb872046" testListId="8c84fa94-04c1-424b-9868-57a2d4851a1d" />
    <TestEntry testId="4f51aaaf-5aaf-c97d-6823-51f38a0c7b25" executionId="dbff9e8e-6f6b-4d34-b7ec-671f85dbd2c8" testListId="8c84fa94-04c1-424b-9868-57a2d4851a1d" />
    <TestEntry testId="b59c66e5-a40f-5a77-55b9-52c10b9a4c67" executionId="7c62f0a0-5eee-4a60-9ead-cfb895ab73ce" testListId="8c84fa94-04c1-424b-9868-57a2d4851a1d" />
    <TestEntry testId="0625a3ff-a022-4611-5511-ead3093e4c92" executionId="20dbdc4d-d116-4639-86c5-c28342f26101" testListId="8c84fa94-04c1-424b-9868-57a2d4851a1d" />
    <TestEntry testId="6681aa69-007a-2c47-bed0-a18b4f66f550" executionId="9ab61a11-6d6e-4f7f-a373-c412cad273f7" testListId="8c84fa94-04c1-424b-9868-57a2d4851a1d" />
    <TestEntry testId="e5c6802b-dd05-abf2-22d5-490064e567b4" executionId="4711955b-fa1e-4f08-9033-2f7a0c8dfa8e" testListId="8c84fa94-04c1-424b-9868-57a2d4851a1d" />
    <TestEntry testId="cd351b1c-466b-f650-f2f9-a0c43edc7a51" executionId="85104785-c983-40e8-a072-28d497bf9c6e" testListId="8c84fa94-04c1-424b-9868-57a2d4851a1d" />
    <TestEntry testId="85f6af41-81cd-929f-7956-1cc5999bd4d7" executionId="d8c94c4b-e627-4509-81e9-93a21eb12d78" testListId="8c84fa94-04c1-424b-9868-57a2d4851a1d" />
    <TestEntry testId="dcd320e0-2b70-aa96-4795-82900af314cf" executionId="02939dae-7e19-48d1-a8c4-4f0613216e78" testListId="8c84fa94-04c1-424b-9868-57a2d4851a1d" />
    <TestEntry testId="1ce23298-4645-5f70-eb35-21bc78efb82e" executionId="0e5fc15b-24ca-41fd-adc0-bf2f42051539" testListId="8c84fa94-04c1-424b-9868-57a2d4851a1d" />
    <TestEntry testId="edbd1ccb-452a-a361-1a94-53e668adbdc4" executionId="c1be57e1-47d8-4dcc-b03d-64eefbfe5dae" testListId="8c84fa94-04c1-424b-9868-57a2d4851a1d" />
    <TestEntry testId="00ee9465-2c51-d6bf-1273-74cb7516b68f" executionId="ae117eba-2e9f-4991-8ea4-54eec2f8b891" testListId="8c84fa94-04c1-424b-9868-57a2d4851a1d" />
    <TestEntry testId="5f13569b-f776-395f-d51f-81b6db28d4c4" executionId="025619af-5edc-4300-80e2-c9f9ae718399" testListId="8c84fa94-04c1-424b-9868-57a2d4851a1d" />
    <TestEntry testId="445d5b9f-20b0-2b8f-0af3-b0dda6af8cfd" executionId="7b2010d8-259e-4d26-abeb-495fc524a4cd" testListId="8c84fa94-04c1-424b-9868-57a2d4851a1d" />
    <TestEntry testId="0d786b7b-caa4-2567-a381-11b870483a10" executionId="2cb0d42f-4323-49fb-8460-6088d98a846a" testListId="8c84fa94-04c1-424b-9868-57a2d4851a1d" />
    <TestEntry testId="709a0334-64bd-a375-be16-77d7d881bd7c" executionId="eb79506a-a25c-4df1-9462-5a95869c08cb" testListId="8c84fa94-04c1-424b-9868-57a2d4851a1d" />
    <TestEntry testId="8b635890-86b0-ce5d-2d9a-dab52d409277" executionId="1b9fd7eb-b49a-4787-8ba8-4ef8c5cdb615" testListId="8c84fa94-04c1-424b-9868-57a2d4851a1d" />
    <TestEntry testId="40c8d586-7f0d-ff3f-8d05-099e5958b668" executionId="1a6e0004-be47-4e99-a3dd-c9c36080d7f7" testListId="8c84fa94-04c1-424b-9868-57a2d4851a1d" />
    <TestEntry testId="f5c040f3-4c6d-304c-e939-7630e33e68af" executionId="624fafec-4df8-41ed-a8eb-f0c52307c2dd" testListId="8c84fa94-04c1-424b-9868-57a2d4851a1d" />
    <TestEntry testId="aec1f437-64e3-4344-3f27-d7ab921d9cab" executionId="0d04f9e4-5211-431b-a29d-b356c4c359d1" testListId="8c84fa94-04c1-424b-9868-57a2d4851a1d" />
    <TestEntry testId="0304dbde-3be1-55b6-7c74-1904dfdafe3a" executionId="ef16400b-af8e-43e0-b523-d722829be9f9" testListId="8c84fa94-04c1-424b-9868-57a2d4851a1d" />
    <TestEntry testId="3d21154c-8505-bea8-3a82-5fceae44f06b" executionId="12fd6da3-7d1f-42e2-8183-6e99d7099a21" testListId="8c84fa94-04c1-424b-9868-57a2d4851a1d" />
    <TestEntry testId="0469b877-c454-9e7f-b34b-4957d9afa708" executionId="2900b681-f9e3-4d52-81e5-70147e074d38" testListId="8c84fa94-04c1-424b-9868-57a2d4851a1d" />
    <TestEntry testId="e214b3de-7089-5bb1-630a-c40120bfd203" executionId="e8c27ccf-2e69-4cb4-bc79-67d86d718ee3" testListId="8c84fa94-04c1-424b-9868-57a2d4851a1d" />
    <TestEntry testId="aa91a762-9486-8962-d362-af6a78b34ae0" executionId="05164542-b2c2-4c2e-938d-ca9b2f5e0ddc" testListId="8c84fa94-04c1-424b-9868-57a2d4851a1d" />
    <TestEntry testId="9ad09d4a-6082-7cd0-b8cb-d45de156d38a" executionId="5f01235d-88ea-4a1a-aa54-20f59ce9956b" testListId="8c84fa94-04c1-424b-9868-57a2d4851a1d" />
    <TestEntry testId="bebff52e-a2cf-dbab-4ce8-1e61a5870694" executionId="98318d80-c2da-4c8d-b6e8-8b96a2cafa3b" testListId="8c84fa94-04c1-424b-9868-57a2d4851a1d" />
    <TestEntry testId="5c9310af-fb77-d6b0-4bc8-79a980735c0a" executionId="c4b2d323-04ea-4049-90a6-80874213dded" testListId="8c84fa94-04c1-424b-9868-57a2d4851a1d" />
    <TestEntry testId="73266d59-53c2-0e14-1ace-40fde7eaaa43" executionId="4633f52a-1297-49a7-a355-87d15dcda0ec" testListId="8c84fa94-04c1-424b-9868-57a2d4851a1d" />
    <TestEntry testId="b99b4a5f-ca2c-58ee-11e5-73447a08ac7b" executionId="576b379f-a8c4-4376-94f3-1672631487d1" testListId="8c84fa94-04c1-424b-9868-57a2d4851a1d" />
    <TestEntry testId="42ccc301-fc4c-84e3-4b93-b826ee5b94e9" executionId="b8ecb4ed-2fcf-4b4e-8365-09d0cdfa748d" testListId="8c84fa94-04c1-424b-9868-57a2d4851a1d" />
    <TestEntry testId="71024650-4a93-b97b-fe7c-0701a0ba3908" executionId="955a9233-6d09-4b4f-9b2a-50d274d4ca48" testListId="8c84fa94-04c1-424b-9868-57a2d4851a1d" />
    <TestEntry testId="864d4377-223d-f93a-2640-50dadacbbb26" executionId="7c9b15ad-e571-421e-a8d2-8d71a94205df" testListId="8c84fa94-04c1-424b-9868-57a2d4851a1d" />
    <TestEntry testId="d29bae8e-ccd2-1ca7-5406-3448543074ab" executionId="85a949fb-d88a-4890-99db-0cbe4066dc3c" testListId="8c84fa94-04c1-424b-9868-57a2d4851a1d" />
    <TestEntry testId="2a6151b7-6749-faf2-6ba0-1c0f4e094b16" executionId="2560cf2d-a269-4b66-bf2f-bf527aeb9822" testListId="8c84fa94-04c1-424b-9868-57a2d4851a1d" />
    <TestEntry testId="1d992660-7050-1a6d-1f8a-f81256a119e2" executionId="59d79f55-21da-4183-8f57-87c15982b72e" testListId="8c84fa94-04c1-424b-9868-57a2d4851a1d" />
    <TestEntry testId="972a990d-1652-cf03-6419-1eaa3608cbd4" executionId="b7c23073-5bbf-4d72-a869-5465a7d545ab" testListId="8c84fa94-04c1-424b-9868-57a2d4851a1d" />
    <TestEntry testId="3fda317a-3fe0-bc82-736b-194d77998207" executionId="4ccc6c24-c6f3-4117-9ebc-44599a98c422" testListId="8c84fa94-04c1-424b-9868-57a2d4851a1d" />
    <TestEntry testId="da9411ba-6c35-c1e3-e865-0e86cb04cfee" executionId="7aa0e587-dc8e-484d-8699-8f17422df029" testListId="8c84fa94-04c1-424b-9868-57a2d4851a1d" />
    <TestEntry testId="16267140-22fe-7541-085d-0b7f6b30f826" executionId="86bad8f6-5639-41c4-92d4-d01dbdff1da3" testListId="8c84fa94-04c1-424b-9868-57a2d4851a1d" />
    <TestEntry testId="2d761aa2-2364-d551-aba9-6963a8c8d85a" executionId="7bcb7f29-9152-473a-b325-556439f96abe" testListId="8c84fa94-04c1-424b-9868-57a2d4851a1d" />
    <TestEntry testId="2d3c03ef-6372-cc7f-6477-e1199f43b595" executionId="ed47e8ea-0eba-4c43-bcb1-c47a3743fe1a" testListId="8c84fa94-04c1-424b-9868-57a2d4851a1d" />
  </TestEntries>
  <TestLists>
    <TestList name="Results Not in a List" id="8c84fa94-04c1-424b-9868-57a2d4851a1d" />
    <TestList name="All Loaded Results" id="19431567-8539-422a-85d7-44ee4e166bda" />
  </TestLists>
  <ResultSummary outcome="Completed">
    <Counters total="50" executed="50" passed="50" failed="0" error="0" timeout="0" aborted="0" inconclusive="0" passedButRunAborted="0" notRunnable="0" notExecuted="0" disconnected="0" warning="0" completed="0" inProgress="0" pending="0" />
    <Output>
      <StdOut>[xUnit.net 00:00:00.00] xUnit.net VSTest Adapter v3.1.1+bf6400fd51 (64-bit .NET $(net10))&#xD;
[xUnit.net 00:00:00.30]   Discovering: ExxerAI.Infrastructure.Tests&#xD;
[xUnit.net 00:00:00.40]   Discovered:  ExxerAI.Infrastructure.Tests&#xD;
[xUnit.net 00:00:00.57]   Starting:    ExxerAI.Infrastructure.Tests&#xD;
[xUnit.net 00:00:00.86]   Finished:    ExxerAI.Infrastructure.Tests&#xD;
</StdOut>
    </Output>
  </ResultSummary>
</TestRun>