<?xml version="1.0" encoding="utf-8"?>
<TestRun id="5b40adb1-1350-44b1-a3c3-95e17e64ba15" name="Abel Briones@DESKTOP-FB2ES22 2025-07-04 23:19:36" runUser="DESKTOP-FB2ES22\Abel Briones" xmlns="http://microsoft.com/schemas/VisualStudio/TeamTest/2010">
  <Times creation="2025-07-04T23:19:36.6613650-06:00" queuing="2025-07-04T23:19:36.6613654-06:00" start="2025-07-04T23:19:35.2447833-06:00" finish="2025-07-04T23:19:39.1972789-06:00" />
  <TestSettings name="default" id="2d1dd1e4-3452-4c5f-90d9-4a87cb82333e">
    <Deployment runDeploymentRoot="Abel_Briones_DESKTOP-FB2ES22_2025-07-04_23_19_36" />
  </TestSettings>
  <Results>
    <UnitTestResult executionId="7be5a76a-2cba-42d2-bf5d-bec5c85a736b" testId="0fc093c3-b212-30d8-502f-eb867be6ce5c" testName="ExxerAI.Domain.Tests.ValidationErrorsTests+ResultExtensionsTests.CreateIfValid_WithAllValidValues_ShouldReturnFactoryResult" computerName="DESKTOP-FB2ES22" duration="00:00:00.0003876" startTime="2025-07-04T23:19:36.6614544-06:00" endTime="2025-07-04T23:19:36.6618952-06:00" testType="13cdc9d9-ddb5-4fa4-a97d-d965ccfc6d4b" outcome="Passed" testListId="8c84fa94-04c1-424b-9868-57a2d4851a1d" relativeResultsDirectory="7be5a76a-2cba-42d2-bf5d-bec5c85a736b" />
    <UnitTestResult executionId="653de1f4-f22d-4209-a7e3-d0511d941a29" testId="87ca8d1c-cb2f-500c-e561-4fe2971d486f" testName="ExxerAI.Domain.Tests.ResultTests.CombineErrors_PrimaryErrorsOnly_ShouldReturnPrimaryErrorsWithDefault" computerName="DESKTOP-FB2ES22" duration="00:00:00.0007666" startTime="2025-07-04T23:19:36.6456298-06:00" endTime="2025-07-04T23:19:36.6483487-06:00" testType="13cdc9d9-ddb5-4fa4-a97d-d965ccfc6d4b" outcome="Passed" testListId="8c84fa94-04c1-424b-9868-57a2d4851a1d" relativeResultsDirectory="653de1f4-f22d-4209-a7e3-d0511d941a29" />
    <UnitTestResult executionId="e5f57582-4e47-432b-b9ad-77a7758bcd56" testId="875596c3-aab2-5e96-6fd0-e56f0478a6af" testName="ExxerAI.Domain.Tests.DocumentProcessing.DocumentProcessingResultTests.Should_DetermineCorrectIsSuccessful_When_ConfidenceAndErrorSet(overallConfidence: 0.300000012, errorMessage: &quot;Processing failed&quot;, expectedSuccessful: False)" computerName="DESKTOP-FB2ES22" duration="00:00:00.0003268" startTime="2025-07-04T23:19:36.6517924-06:00" endTime="2025-07-04T23:19:36.6578415-06:00" testType="13cdc9d9-ddb5-4fa4-a97d-d965ccfc6d4b" outcome="Passed" testListId="8c84fa94-04c1-424b-9868-57a2d4851a1d" relativeResultsDirectory="e5f57582-4e47-432b-b9ad-77a7758bcd56" />
    <UnitTestResult executionId="fc75a319-8ad1-41ad-8f75-cd042442a508" testId="492033b4-0022-99cd-fb2e-a752f1ff4ff5" testName="ExxerAI.Domain.Tests.BasicResultTests.Error_Property_ShouldReturnFirstNonEmptyError" computerName="DESKTOP-FB2ES22" duration="00:00:00.0002215" startTime="2025-07-04T23:19:36.6395119-06:00" endTime="2025-07-04T23:19:36.6396726-06:00" testType="13cdc9d9-ddb5-4fa4-a97d-d965ccfc6d4b" outcome="Passed" testListId="8c84fa94-04c1-424b-9868-57a2d4851a1d" relativeResultsDirectory="fc75a319-8ad1-41ad-8f75-cd042442a508" />
    <UnitTestResult executionId="1b21c91a-acb3-49ea-a261-297ecf834e27" testId="beaa6dc0-b84f-1347-5eb1-60ecdbd691ba" testName="ExxerAI.Domain.Tests.ResultSpanOptimizationTests.FormatErrorsString_EmptyCollection_ShouldReturnPrefix" computerName="DESKTOP-FB2ES22" duration="00:00:00.0001706" startTime="2025-07-04T23:19:36.6712118-06:00" endTime="2025-07-04T23:19:36.6713620-06:00" testType="13cdc9d9-ddb5-4fa4-a97d-d965ccfc6d4b" outcome="Passed" testListId="8c84fa94-04c1-424b-9868-57a2d4851a1d" relativeResultsDirectory="1b21c91a-acb3-49ea-a261-297ecf834e27" />
    <UnitTestResult executionId="522564e2-ba84-49d1-a393-219d1a63f09e" testId="99b5ec4d-8097-643e-ca27-9d5120772d47" testName="ExxerAI.Domain.Tests.ResultRecoveryTests.Combine_WithNullValueInSuccessfulResult_ShouldHandleGracefully" computerName="DESKTOP-FB2ES22" duration="00:00:00.0004838" startTime="2025-07-04T23:19:36.6468203-06:00" endTime="2025-07-04T23:19:36.6481903-06:00" testType="13cdc9d9-ddb5-4fa4-a97d-d965ccfc6d4b" outcome="Passed" testListId="8c84fa94-04c1-424b-9868-57a2d4851a1d" relativeResultsDirectory="522564e2-ba84-49d1-a393-219d1a63f09e" />
    <UnitTestResult executionId="b8f9be65-4116-455b-8872-93d9d1a2b450" testId="0be77dee-940e-169d-31d4-78261778fea6" testName="ExxerAI.Domain.Tests.DocumentProcessing.ValidationResultDocumentTests.Should_InitializeWithValidState_When_ValidationResultCreated" computerName="DESKTOP-FB2ES22" duration="00:00:00.0004277" startTime="2025-07-04T23:19:36.6382824-06:00" endTime="2025-07-04T23:19:36.6393967-06:00" testType="13cdc9d9-ddb5-4fa4-a97d-d965ccfc6d4b" outcome="Passed" testListId="8c84fa94-04c1-424b-9868-57a2d4851a1d" relativeResultsDirectory="b8f9be65-4116-455b-8872-93d9d1a2b450" />
    <UnitTestResult executionId="6e7fa7fb-7189-49fc-ba55-55568e704eec" testId="f9a372b5-65ee-2d59-2daa-784cf359e95e" testName="ExxerAI.Domain.Tests.BasicResultTests.ImplicitConversion_ShouldConvertGenericToNonGeneric" computerName="DESKTOP-FB2ES22" duration="00:00:00.0008443" startTime="2025-07-04T23:19:36.6397673-06:00" endTime="2025-07-04T23:19:36.6418609-06:00" testType="13cdc9d9-ddb5-4fa4-a97d-d965ccfc6d4b" outcome="Passed" testListId="8c84fa94-04c1-424b-9868-57a2d4851a1d" relativeResultsDirectory="6e7fa7fb-7189-49fc-ba55-55568e704eec" />
    <UnitTestResult executionId="aa6cf380-d833-41f5-ab34-842014f1ac53" testId="53f6f490-14f3-23c4-c811-db9bd5468e0f" testName="ExxerAI.Domain.Tests.DocumentProcessing.DocumentProcessingResultTests.Should_CalculateCorrectOverallConfidence_When_ConfidenceScoresSet(confidence: 0, llmConfidence: 0, groundingConfidence: 0, expectedOverall: 0)" computerName="DESKTOP-FB2ES22" duration="00:00:00.0003491" startTime="2025-07-04T23:19:36.6495613-06:00" endTime="2025-07-04T23:19:36.6499217-06:00" testType="13cdc9d9-ddb5-4fa4-a97d-d965ccfc6d4b" outcome="Passed" testListId="8c84fa94-04c1-424b-9868-57a2d4851a1d" relativeResultsDirectory="aa6cf380-d833-41f5-ab34-842014f1ac53" />
    <UnitTestResult executionId="993334be-2176-4c44-a2ce-6ef6aeac44af" testId="4fb85853-c817-e840-73c9-2ae899695d87" testName="ExxerAI.Domain.Tests.DocumentProcessing.MCPTypesTests+MCPUploadResultTests.Should_AllowFullResultAssignment_When_ValuesSet" computerName="DESKTOP-FB2ES22" duration="00:00:00.0056287" startTime="2025-07-04T23:19:36.6331832-06:00" endTime="2025-07-04T23:19:36.6425181-06:00" testType="13cdc9d9-ddb5-4fa4-a97d-d965ccfc6d4b" outcome="Passed" testListId="8c84fa94-04c1-424b-9868-57a2d4851a1d" relativeResultsDirectory="993334be-2176-4c44-a2ce-6ef6aeac44af" />
    <UnitTestResult executionId="8d31dc80-85e9-4816-992b-e7d9cca94e3f" testId="6c3dc1c6-7389-c7c2-950c-de3994930a62" testName="ExxerAI.Domain.Tests.ResultTests.Constructor_Consistency_ShouldHandleNullsIdentically" computerName="DESKTOP-FB2ES22" duration="00:00:00.0002505" startTime="2025-07-04T23:19:36.6701310-06:00" endTime="2025-07-04T23:19:36.6710317-06:00" testType="13cdc9d9-ddb5-4fa4-a97d-d965ccfc6d4b" outcome="Passed" testListId="8c84fa94-04c1-424b-9868-57a2d4851a1d" relativeResultsDirectory="8d31dc80-85e9-4816-992b-e7d9cca94e3f" />
    <UnitTestResult executionId="8df0c48a-9a61-4337-8f58-1d0b545acbd0" testId="7c60b7b8-56a0-0a25-fba5-f9783bc573e0" testName="ExxerAI.Domain.Tests.ResultRecoveryTests.Recover_ShouldReturnOriginalResult_WhenResultIsSuccess" computerName="DESKTOP-FB2ES22" duration="00:00:00.0002142" startTime="2025-07-04T23:19:36.6482979-06:00" endTime="2025-07-04T23:19:36.6486292-06:00" testType="13cdc9d9-ddb5-4fa4-a97d-d965ccfc6d4b" outcome="Passed" testListId="8c84fa94-04c1-424b-9868-57a2d4851a1d" relativeResultsDirectory="8df0c48a-9a61-4337-8f58-1d0b545acbd0" />
    <UnitTestResult executionId="03d7a57c-dbb7-49b8-a410-30b3698e136d" testId="8c0c587f-be29-b9ca-afc5-0e76855133b5" testName="ExxerAI.Domain.Tests.ResultSpanOptimizationTests.SpanOptimizations_PerformanceRegression_ShouldNotDegrade" computerName="DESKTOP-FB2ES22" duration="00:00:00.0022183" startTime="2025-07-04T23:19:36.6675731-06:00" endTime="2025-07-04T23:19:36.6684388-06:00" testType="13cdc9d9-ddb5-4fa4-a97d-d965ccfc6d4b" outcome="Passed" testListId="8c84fa94-04c1-424b-9868-57a2d4851a1d" relativeResultsDirectory="03d7a57c-dbb7-49b8-a410-30b3698e136d" />
    <UnitTestResult executionId="e8831c9c-8e1a-4556-81b4-499bdd1b8f33" testId="897cf1c7-8cba-2375-3cb8-115a4a99b50f" testName="ExxerAI.Domain.Tests.ResultSpanOptimizationTests.CombineErrors_LargeCollections_ShouldUseFallback" computerName="DESKTOP-FB2ES22" duration="00:00:00.0156906" startTime="2025-07-04T23:19:36.6075998-06:00" endTime="2025-07-04T23:19:36.6364090-06:00" testType="13cdc9d9-ddb5-4fa4-a97d-d965ccfc6d4b" outcome="Passed" testListId="8c84fa94-04c1-424b-9868-57a2d4851a1d" relativeResultsDirectory="e8831c9c-8e1a-4556-81b4-499bdd1b8f33" />
    <UnitTestResult executionId="b6166200-e744-473c-8ae2-999e37de6a65" testId="b050b379-b36d-4297-056f-e6da4048bec2" testName="ExxerAI.Domain.Tests.ResultTests.ResultGeneric_WithFailure_ShouldAcceptReadOnlyCollectionTypes" computerName="DESKTOP-FB2ES22" duration="00:00:00.0006836" startTime="2025-07-04T23:19:36.6620907-06:00" endTime="2025-07-04T23:19:36.6638307-06:00" testType="13cdc9d9-ddb5-4fa4-a97d-d965ccfc6d4b" outcome="Passed" testListId="8c84fa94-04c1-424b-9868-57a2d4851a1d" relativeResultsDirectory="b6166200-e744-473c-8ae2-999e37de6a65" />
    <UnitTestResult executionId="fd537347-5508-478e-81af-1d7abc80d1a8" testId="fc043ae4-ad8b-f502-8ba4-f6bbaa25d602" testName="ExxerAI.Domain.Tests.ValidationErrorsTests+ResultExtensionsTests.FailForNullArgument_NonGeneric_WithNullOrEmptyName_ShouldReturnFailure" computerName="DESKTOP-FB2ES22" duration="00:00:00.0001627" startTime="2025-07-04T23:19:36.6619751-06:00" endTime="2025-07-04T23:19:36.6621252-06:00" testType="13cdc9d9-ddb5-4fa4-a97d-d965ccfc6d4b" outcome="Passed" testListId="8c84fa94-04c1-424b-9868-57a2d4851a1d" relativeResultsDirectory="fd537347-5508-478e-81af-1d7abc80d1a8" />
    <UnitTestResult executionId="95310d85-89b8-4e76-83ad-9ef20f1aa192" testId="8a7fa213-1839-e746-f203-5bc77f944f6f" testName="ExxerAI.Domain.Tests.ResultSpanOptimizationTests.CombineErrors_NonCollectionTypes_ShouldUseFallback" computerName="DESKTOP-FB2ES22" duration="00:00:00.0013613" startTime="2025-07-04T23:19:36.6651566-06:00" endTime="2025-07-04T23:19:36.6673779-06:00" testType="13cdc9d9-ddb5-4fa4-a97d-d965ccfc6d4b" outcome="Passed" testListId="8c84fa94-04c1-424b-9868-57a2d4851a1d" relativeResultsDirectory="95310d85-89b8-4e76-83ad-9ef20f1aa192" />
    <UnitTestResult executionId="2fd49b95-14b6-460b-ad5b-d58c532fd7cd" testId="706a3c22-4a14-85a3-883c-47476120869e" testName="ExxerAI.Domain.Tests.ResultTests.ResultGeneric_WithFailure_EmptyCollections_ShouldBehaveProperly" computerName="DESKTOP-FB2ES22" duration="00:00:00.0002786" startTime="2025-07-04T23:19:36.6682100-06:00" endTime="2025-07-04T23:19:36.6682720-06:00" testType="13cdc9d9-ddb5-4fa4-a97d-d965ccfc6d4b" outcome="Passed" testListId="8c84fa94-04c1-424b-9868-57a2d4851a1d" relativeResultsDirectory="2fd49b95-14b6-460b-ad5b-d58c532fd7cd" />
    <UnitTestResult executionId="5e11356a-ef89-44a2-b677-6cac57b51f96" testId="6d61eb41-ad22-f407-1f93-986ffd9dbbca" testName="ExxerAI.Domain.Tests.ResultTests.Constructor_WithInvalidParameters_ShouldThrowException" computerName="DESKTOP-FB2ES22" duration="00:00:00.0003628" startTime="2025-07-04T23:19:36.6730159-06:00" endTime="2025-07-04T23:19:36.6730488-06:00" testType="13cdc9d9-ddb5-4fa4-a97d-d965ccfc6d4b" outcome="Passed" testListId="8c84fa94-04c1-424b-9868-57a2d4851a1d" relativeResultsDirectory="5e11356a-ef89-44a2-b677-6cac57b51f96" />
    <UnitTestResult executionId="d09aa139-62bb-4205-b530-f6ab94c8f744" testId="573d93f3-b5e9-83b8-9bc9-0e5a05069f1a" testName="ExxerAI.Domain.Tests.EnumTests.EnumModelTests.Exists_WhenCalledWithValues_ShouldReturnCorrectResult(value: 999, expected: False)" computerName="DESKTOP-FB2ES22" duration="00:00:00.0000404" startTime="2025-07-04T23:19:36.6362239-06:00" endTime="2025-07-04T23:19:36.6362828-06:00" testType="13cdc9d9-ddb5-4fa4-a97d-d965ccfc6d4b" outcome="Passed" testListId="8c84fa94-04c1-424b-9868-57a2d4851a1d" relativeResultsDirectory="d09aa139-62bb-4205-b530-f6ab94c8f744" />
    <UnitTestResult executionId="4a98de5e-3c21-4aab-a8d3-6832421c0b20" testId="62e96b4c-9e27-7843-1857-d75f4099f461" testName="ExxerAI.Domain.Tests.BasicResultTests.ImplicitConversion_ShouldConvertValueToSuccessfulResult" computerName="DESKTOP-FB2ES22" duration="00:00:00.0003320" startTime="2025-07-04T23:19:36.6327712-06:00" endTime="2025-07-04T23:19:36.6332352-06:00" testType="13cdc9d9-ddb5-4fa4-a97d-d965ccfc6d4b" outcome="Passed" testListId="8c84fa94-04c1-424b-9868-57a2d4851a1d" relativeResultsDirectory="4a98de5e-3c21-4aab-a8d3-6832421c0b20" />
    <UnitTestResult executionId="52bdb0d9-4c1e-4ebd-a9df-f3e8664b9cbb" testId="b0e86a23-8fd2-b520-95f4-14fcb7368038" testName="ExxerAI.Domain.Tests.ResultTests.Result_Success_ShouldBeSuccessful" computerName="DESKTOP-FB2ES22" duration="00:00:00.0000919" startTime="2025-07-04T23:19:36.6695356-06:00" endTime="2025-07-04T23:19:36.6696232-06:00" testType="13cdc9d9-ddb5-4fa4-a97d-d965ccfc6d4b" outcome="Passed" testListId="8c84fa94-04c1-424b-9868-57a2d4851a1d" relativeResultsDirectory="52bdb0d9-4c1e-4ebd-a9df-f3e8664b9cbb" />
    <UnitTestResult executionId="49e7b692-046d-4847-b358-3ce72dee2115" testId="907d4693-c402-fb89-362f-3ccdcf8c59e9" testName="ExxerAI.Domain.Tests.ResultTests.CombineErrors_NonGeneric_BothNull_ShouldReturnNoErrorsFoundMessage" computerName="DESKTOP-FB2ES22" duration="00:00:00.0000906" startTime="2025-07-04T23:19:36.6717072-06:00" endTime="2025-07-04T23:19:36.6718272-06:00" testType="13cdc9d9-ddb5-4fa4-a97d-d965ccfc6d4b" outcome="Passed" testListId="8c84fa94-04c1-424b-9868-57a2d4851a1d" relativeResultsDirectory="49e7b692-046d-4847-b358-3ce72dee2115" />
    <UnitTestResult executionId="5bd89c2b-025e-4d31-af62-18d4eccff87f" testId="e065c93b-0ce2-39e7-7cc8-f86f34cfcc96" testName="ExxerAI.Domain.Tests.ResultTests.Result_OnFailure_ShouldWorkWithDifferentCollectionTypes" computerName="DESKTOP-FB2ES22" duration="00:00:00.0004898" startTime="2025-07-04T23:19:36.6734676-06:00" endTime="2025-07-04T23:19:36.6735193-06:00" testType="13cdc9d9-ddb5-4fa4-a97d-d965ccfc6d4b" outcome="Passed" testListId="8c84fa94-04c1-424b-9868-57a2d4851a1d" relativeResultsDirectory="5bd89c2b-025e-4d31-af62-18d4eccff87f" />
    <UnitTestResult executionId="73e5083d-8597-4f11-bef1-069157be4c18" testId="9e2f436a-b551-779e-72da-6c8ff1ed8124" testName="ExxerAI.Domain.Tests.EnumTests.EnumModelTests.Exists_WhenCalledWithValues_ShouldReturnCorrectResult(value: 2, expected: True)" computerName="DESKTOP-FB2ES22" duration="00:00:00.0147830" startTime="2025-07-04T23:19:36.6075440-06:00" endTime="2025-07-04T23:19:36.6360289-06:00" testType="13cdc9d9-ddb5-4fa4-a97d-d965ccfc6d4b" outcome="Passed" testListId="8c84fa94-04c1-424b-9868-57a2d4851a1d" relativeResultsDirectory="73e5083d-8597-4f11-bef1-069157be4c18" />
    <UnitTestResult executionId="822e018f-29d9-4c21-8d9a-a698304694ae" testId="672e2fe2-0c73-3d17-04d9-bc4f594e4919" testName="ExxerAI.Domain.Tests.ResultTests.ResultGeneric_Success_ShouldBeSuccessful" computerName="DESKTOP-FB2ES22" duration="00:00:00.0001316" startTime="2025-07-04T23:19:36.6639546-06:00" endTime="2025-07-04T23:19:36.6647585-06:00" testType="13cdc9d9-ddb5-4fa4-a97d-d965ccfc6d4b" outcome="Passed" testListId="8c84fa94-04c1-424b-9868-57a2d4851a1d" relativeResultsDirectory="822e018f-29d9-4c21-8d9a-a698304694ae" />
    <UnitTestResult executionId="45dea2a3-8c0e-450d-987d-5be0fb7be130" testId="932b89ae-eee1-c65c-8415-ce637c0b6d0c" testName="ExxerAI.Domain.Tests.ValidationErrorsTests+ResultExtensionsTests.EnsureNotNull_Nullable_WithNullOrEmptyParameterName_ShouldReturnFailure" computerName="DESKTOP-FB2ES22" duration="00:00:00.0001741" startTime="2025-07-04T23:19:36.6604615-06:00" endTime="2025-07-04T23:19:36.6613271-06:00" testType="13cdc9d9-ddb5-4fa4-a97d-d965ccfc6d4b" outcome="Passed" testListId="8c84fa94-04c1-424b-9868-57a2d4851a1d" relativeResultsDirectory="45dea2a3-8c0e-450d-987d-5be0fb7be130" />
    <UnitTestResult executionId="99eb91f6-a19a-40d0-8e5d-d05ef5eddd97" testId="da476aae-3dbc-fa50-0ccf-95a173d2485f" testName="ExxerAI.Domain.Tests.BasicResultTests.WithFailure_ShouldCreateFailedResult_WithSingleError" computerName="DESKTOP-FB2ES22" duration="00:00:00.0030134" startTime="2025-07-04T23:19:36.6333421-06:00" endTime="2025-07-04T23:19:36.6366129-06:00" testType="13cdc9d9-ddb5-4fa4-a97d-d965ccfc6d4b" outcome="Passed" testListId="8c84fa94-04c1-424b-9868-57a2d4851a1d" relativeResultsDirectory="99eb91f6-a19a-40d0-8e5d-d05ef5eddd97" />
    <UnitTestResult executionId="5e7121c2-e207-4240-bd05-3fdd6c7d7d8c" testId="54202c33-d80a-077f-adc2-1a44fd54d9ad" testName="ExxerAI.Domain.Tests.ResultTests.Result_OnFailure_ShouldInvokeActionWithErrors_WhenResultIsFailure" computerName="DESKTOP-FB2ES22" duration="00:00:00.0005018" startTime="2025-07-04T23:19:36.6656332-06:00" endTime="2025-07-04T23:19:36.6658430-06:00" testType="13cdc9d9-ddb5-4fa4-a97d-d965ccfc6d4b" outcome="Passed" testListId="8c84fa94-04c1-424b-9868-57a2d4851a1d" relativeResultsDirectory="5e7121c2-e207-4240-bd05-3fdd6c7d7d8c" />
    <UnitTestResult executionId="2aa934ea-ab5f-4765-ae3d-edfc04f78ae3" testId="f7e233c1-9d08-98b9-d693-cd9ad8c1e095" testName="ExxerAI.Domain.Tests.DocumentProcessing.DocumentProcessingResultTests.Should_CalculateCorrectOverallConfidence_When_ConfidenceScoresSet(confidence: 1, llmConfidence: 1, groundingConfidence: 1, expectedOverall: 1)" computerName="DESKTOP-FB2ES22" duration="00:00:00.0000027" startTime="2025-07-04T23:19:36.6502215-06:00" endTime="2025-07-04T23:19:36.6502625-06:00" testType="13cdc9d9-ddb5-4fa4-a97d-d965ccfc6d4b" outcome="Passed" testListId="8c84fa94-04c1-424b-9868-57a2d4851a1d" relativeResultsDirectory="2aa934ea-ab5f-4765-ae3d-edfc04f78ae3" />
    <UnitTestResult executionId="1a48b6bc-d58b-408f-9714-572179d94095" testId="14499fee-0478-4a61-2c93-0462c0e7a15b" testName="ExxerAI.Domain.Tests.ResultSpanOptimizationTests.SpanOptimizations_EdgeCases_ShouldBeSafe" computerName="DESKTOP-FB2ES22" duration="00:00:00.0005902" startTime="2025-07-04T23:19:36.6617310-06:00" endTime="2025-07-04T23:19:36.6633874-06:00" testType="13cdc9d9-ddb5-4fa4-a97d-d965ccfc6d4b" outcome="Passed" testListId="8c84fa94-04c1-424b-9868-57a2d4851a1d" relativeResultsDirectory="1a48b6bc-d58b-408f-9714-572179d94095" />
    <UnitTestResult executionId="6a1619bb-8500-44db-9daa-61ed1aa04c48" testId="4381be67-0adc-edc4-0233-2a57913aa2be" testName="ExxerAI.Domain.Tests.ResultAsyncSafetyTests.Result_TaskContinuations_ShouldWorkCorrectly" computerName="DESKTOP-FB2ES22" duration="00:00:00.2260538" startTime="2025-07-04T23:19:36.6077608-06:00" endTime="2025-07-04T23:19:36.8095822-06:00" testType="13cdc9d9-ddb5-4fa4-a97d-d965ccfc6d4b" outcome="Passed" testListId="8c84fa94-04c1-424b-9868-57a2d4851a1d" relativeResultsDirectory="6a1619bb-8500-44db-9daa-61ed1aa04c48" />
    <UnitTestResult executionId="352171b0-a321-49cb-abd0-07527ac447a7" testId="9753b451-7758-44c9-cc6a-15f501e2905b" testName="ExxerAI.Domain.Tests.ResultTests.ReadOnlyCollections_OnFailure_ShouldWorkConsistently" computerName="DESKTOP-FB2ES22" duration="00:00:00.0004957" startTime="2025-07-04T23:19:36.6754590-06:00" endTime="2025-07-04T23:19:36.6755151-06:00" testType="13cdc9d9-ddb5-4fa4-a97d-d965ccfc6d4b" outcome="Passed" testListId="8c84fa94-04c1-424b-9868-57a2d4851a1d" relativeResultsDirectory="352171b0-a321-49cb-abd0-07527ac447a7" />
    <UnitTestResult executionId="125a244e-bec7-405b-9b36-e1ae2733ee2f" testId="32010472-7ea3-c9df-6c61-7689688f4452" testName="ExxerAI.Domain.Tests.DocumentProcessing.DocumentProcessingResultTests.Should_HandleComplexExtractedFields_When_VariousDataTypesUsed" computerName="DESKTOP-FB2ES22" duration="00:00:00.0046485" startTime="2025-07-04T23:19:36.6595918-06:00" endTime="2025-07-04T23:19:36.6676358-06:00" testType="13cdc9d9-ddb5-4fa4-a97d-d965ccfc6d4b" outcome="Passed" testListId="8c84fa94-04c1-424b-9868-57a2d4851a1d" relativeResultsDirectory="125a244e-bec7-405b-9b36-e1ae2733ee2f" />
    <UnitTestResult executionId="bcfa84af-c227-4fb3-9ae6-92a3a57ac601" testId="2a6994c5-0176-0f0a-d941-c5f3425db09e" testName="ExxerAI.Domain.Tests.ValidationErrorsTests+ResultExtensionsTests.EnsureNotNull_WithNullOrEmptyParameterName_ShouldReturnFailure" computerName="DESKTOP-FB2ES22" duration="00:00:00.0003406" startTime="2025-07-04T23:19:36.6329917-06:00" endTime="2025-07-04T23:19:36.6333861-06:00" testType="13cdc9d9-ddb5-4fa4-a97d-d965ccfc6d4b" outcome="Passed" testListId="8c84fa94-04c1-424b-9868-57a2d4851a1d" relativeResultsDirectory="bcfa84af-c227-4fb3-9ae6-92a3a57ac601" />
    <UnitTestResult executionId="24957387-51c6-4909-a147-ef23fb458966" testId="8650096a-e841-fa8f-86a6-3fc93ce80fa7" testName="ExxerAI.Domain.Tests.ResultRecoveryTests.Ensure_WithNullValue_ShouldReturnFailureInsteadOfThrowing" computerName="DESKTOP-FB2ES22" duration="00:00:00.0058731" startTime="2025-07-04T23:19:36.6075636-06:00" endTime="2025-07-04T23:19:36.6140491-06:00" testType="13cdc9d9-ddb5-4fa4-a97d-d965ccfc6d4b" outcome="Passed" testListId="8c84fa94-04c1-424b-9868-57a2d4851a1d" relativeResultsDirectory="24957387-51c6-4909-a147-ef23fb458966" />
    <UnitTestResult executionId="e1f0ae8d-4d6b-4d8b-96d2-5e0290af6137" testId="ada06c8f-64de-7e04-b9fe-802ed9b12770" testName="ExxerAI.Domain.Tests.ValidationErrorsTests+ResultExtensionsTests.ValidateNotNull_WithSomeNullValues_ShouldReturnFailure" computerName="DESKTOP-FB2ES22" duration="00:00:00.0003947" startTime="2025-07-04T23:19:36.6574055-06:00" endTime="2025-07-04T23:19:36.6596775-06:00" testType="13cdc9d9-ddb5-4fa4-a97d-d965ccfc6d4b" outcome="Passed" testListId="8c84fa94-04c1-424b-9868-57a2d4851a1d" relativeResultsDirectory="e1f0ae8d-4d6b-4d8b-96d2-5e0290af6137" />
    <UnitTestResult executionId="0709ee10-e075-41b8-aa23-cbb371145672" testId="f7700647-7081-5a43-6f39-1a5d300828f8" testName="ExxerAI.Domain.Tests.BasicResultTests.GenericSuccess_ShouldCreateSuccessfulResult_WithValue" computerName="DESKTOP-FB2ES22" duration="00:00:00.0002417" startTime="2025-07-04T23:19:36.6392604-06:00" endTime="2025-07-04T23:19:36.6393051-06:00" testType="13cdc9d9-ddb5-4fa4-a97d-d965ccfc6d4b" outcome="Passed" testListId="8c84fa94-04c1-424b-9868-57a2d4851a1d" relativeResultsDirectory="0709ee10-e075-41b8-aa23-cbb371145672" />
    <UnitTestResult executionId="f3947989-98b6-4993-b7eb-a2d0ee6a1f2b" testId="0ff16fc7-1d19-6f3f-4da7-9006c1c1c3d3" testName="ExxerAI.Domain.Tests.ResultTests.Result_OnSuccess_ShouldInvokeAction_WhenResultIsSuccess" computerName="DESKTOP-FB2ES22" duration="00:00:00.0001717" startTime="2025-07-04T23:19:36.6711731-06:00" endTime="2025-07-04T23:19:36.6712562-06:00" testType="13cdc9d9-ddb5-4fa4-a97d-d965ccfc6d4b" outcome="Passed" testListId="8c84fa94-04c1-424b-9868-57a2d4851a1d" relativeResultsDirectory="f3947989-98b6-4993-b7eb-a2d0ee6a1f2b" />
    <UnitTestResult executionId="d3ca58d7-f0ad-4633-88ee-324cafddba94" testId="b22e6e78-50ea-671f-0999-3517339df368" testName="ExxerAI.Domain.Tests.DocumentProcessing.MCPTypesTests+MCPUploadResultTests.Should_AllowMetadataManipulation_When_Modified" computerName="DESKTOP-FB2ES22" duration="00:00:00.0004213" startTime="2025-07-04T23:19:36.6466578-06:00" endTime="2025-07-04T23:19:36.6479753-06:00" testType="13cdc9d9-ddb5-4fa4-a97d-d965ccfc6d4b" outcome="Passed" testListId="8c84fa94-04c1-424b-9868-57a2d4851a1d" relativeResultsDirectory="d3ca58d7-f0ad-4633-88ee-324cafddba94" />
    <UnitTestResult executionId="5ae71c25-2f0e-4cb6-8444-95bdbfdcc4b5" testId="92c8c78e-2816-47e6-0b3c-e03aeff53a4a" testName="ExxerAI.Domain.Tests.ResultSpanOptimizationTests.FormatErrorsString_SmallStringArray_ShouldUseSpanOptimization" computerName="DESKTOP-FB2ES22" duration="00:00:00.0002246" startTime="2025-07-04T23:19:36.6699740-06:00" endTime="2025-07-04T23:19:36.6700800-06:00" testType="13cdc9d9-ddb5-4fa4-a97d-d965ccfc6d4b" outcome="Passed" testListId="8c84fa94-04c1-424b-9868-57a2d4851a1d" relativeResultsDirectory="5ae71c25-2f0e-4cb6-8444-95bdbfdcc4b5" />
    <UnitTestResult executionId="07dfc292-9c3a-4c6d-9279-6d3c94e82d23" testId="b631f550-53f1-0ce3-b3c0-127d573db68e" testName="ExxerAI.Domain.Tests.ValidationErrorsTests+ResultExtensionsTests.EnsureNotNull_Nullable_WithNull_ShouldReturnFailure" computerName="DESKTOP-FB2ES22" duration="00:00:00.0010954" startTime="2025-07-04T23:19:36.6485870-06:00" endTime="2025-07-04T23:19:36.6514349-06:00" testType="13cdc9d9-ddb5-4fa4-a97d-d965ccfc6d4b" outcome="Passed" testListId="8c84fa94-04c1-424b-9868-57a2d4851a1d" relativeResultsDirectory="07dfc292-9c3a-4c6d-9279-6d3c94e82d23" />
    <UnitTestResult executionId="ac07d327-e0b9-4152-b6ae-2e655a7cebff" testId="f8fcea23-3c51-9c60-c5a6-a1a67c34b5c4" testName="ExxerAI.Domain.Tests.ValidationErrorsTests+ResultExtensionsTests.ValidateNotNull_WithNullOrEmptyValidations_ShouldReturnFailure" computerName="DESKTOP-FB2ES22" duration="00:00:00.0057484" startTime="2025-07-04T23:19:36.6077791-06:00" endTime="2025-07-04T23:19:36.6089796-06:00" testType="13cdc9d9-ddb5-4fa4-a97d-d965ccfc6d4b" outcome="Passed" testListId="8c84fa94-04c1-424b-9868-57a2d4851a1d" relativeResultsDirectory="ac07d327-e0b9-4152-b6ae-2e655a7cebff" />
    <UnitTestResult executionId="160680fb-461a-4d2b-82dd-0b43aa21b859" testId="6e763e48-09c3-9890-e8e4-2ff3adf2e665" testName="ExxerAI.Domain.Tests.ResultSpanOptimizationTests.FormatErrorsString_LongStrings_ShouldUseFallback" computerName="DESKTOP-FB2ES22" duration="00:00:00.0002203" startTime="2025-07-04T23:19:36.6573553-06:00" endTime="2025-07-04T23:19:36.6578626-06:00" testType="13cdc9d9-ddb5-4fa4-a97d-d965ccfc6d4b" outcome="Passed" testListId="8c84fa94-04c1-424b-9868-57a2d4851a1d" relativeResultsDirectory="160680fb-461a-4d2b-82dd-0b43aa21b859" />
    <UnitTestResult executionId="f5869f18-6129-48c3-b792-4c91ce8ae7d8" testId="94f6cf7b-5315-2757-861f-75c77a06bf59" testName="ExxerAI.Domain.Tests.ResultTests.Result_ToString_ShouldReturnSuccessOrFailureString" computerName="DESKTOP-FB2ES22" duration="00:00:00.0002926" startTime="2025-07-04T23:19:36.6654032-06:00" endTime="2025-07-04T23:19:36.6655550-06:00" testType="13cdc9d9-ddb5-4fa4-a97d-d965ccfc6d4b" outcome="Passed" testListId="8c84fa94-04c1-424b-9868-57a2d4851a1d" relativeResultsDirectory="f5869f18-6129-48c3-b792-4c91ce8ae7d8" />
    <UnitTestResult executionId="3fc32f9b-39b1-49c0-84da-190e8e62d8a8" testId="0e4f24d8-effe-e5c7-bf5e-081d05a8e9eb" testName="ExxerAI.Domain.Tests.ResultAsyncSafetyTests.Result_AsyncEnumerablePatterns_ShouldWorkCorrectly" computerName="DESKTOP-FB2ES22" duration="00:00:00.5486244" startTime="2025-07-04T23:19:38.3540714-06:00" endTime="2025-07-04T23:19:38.9031398-06:00" testType="13cdc9d9-ddb5-4fa4-a97d-d965ccfc6d4b" outcome="Passed" testListId="8c84fa94-04c1-424b-9868-57a2d4851a1d" relativeResultsDirectory="3fc32f9b-39b1-49c0-84da-190e8e62d8a8" />
    <UnitTestResult executionId="d70f39e2-69b5-4efe-95e0-f2b7134e5290" testId="32f3c877-f090-4b05-2dc9-d7f72c1d1276" testName="ExxerAI.Domain.Tests.ResultTests.ResultGeneric_ToString_ShouldReturnSuccessOrFailureString" computerName="DESKTOP-FB2ES22" duration="00:00:00.0002830" startTime="2025-07-04T23:19:36.6756501-06:00" endTime="2025-07-04T23:19:36.6757011-06:00" testType="13cdc9d9-ddb5-4fa4-a97d-d965ccfc6d4b" outcome="Passed" testListId="8c84fa94-04c1-424b-9868-57a2d4851a1d" relativeResultsDirectory="d70f39e2-69b5-4efe-95e0-f2b7134e5290" />
    <UnitTestResult executionId="e14312ae-d138-4118-b1e0-cae04bdc2c98" testId="a6e71e24-6bc2-f610-b68a-c0947f019de0" testName="ExxerAI.Domain.Tests.ResultTests.Result_WithFailure_EmptyCollections_ShouldBehaveProperly" computerName="DESKTOP-FB2ES22" duration="00:00:00.0001675" startTime="2025-07-04T23:19:36.6732946-06:00" endTime="2025-07-04T23:19:36.6733450-06:00" testType="13cdc9d9-ddb5-4fa4-a97d-d965ccfc6d4b" outcome="Passed" testListId="8c84fa94-04c1-424b-9868-57a2d4851a1d" relativeResultsDirectory="e14312ae-d138-4118-b1e0-cae04bdc2c98" />
    <UnitTestResult executionId="8a9c6d4b-27bd-4407-920f-474396602f75" testId="f5cdc1c4-3719-51d7-2db3-0d3f2815fcda" testName="ExxerAI.Domain.Tests.ResultTests.CombineErrors_BothPrimaryAndSecondaryErrors_ShouldReturnCombinedErrorsWithValue" computerName="DESKTOP-FB2ES22" duration="00:00:00.0002154" startTime="2025-07-04T23:19:36.6731255-06:00" endTime="2025-07-04T23:19:36.6731746-06:00" testType="13cdc9d9-ddb5-4fa4-a97d-d965ccfc6d4b" outcome="Passed" testListId="8c84fa94-04c1-424b-9868-57a2d4851a1d" relativeResultsDirectory="8a9c6d4b-27bd-4407-920f-474396602f75" />
    <UnitTestResult executionId="2b1c97e3-ec56-4775-a50f-f7960b42e1b5" testId="1e2158fb-7c2f-7cd2-2e7f-c14ba62505c6" testName="ExxerAI.Domain.Tests.ResultTests.Collection_Behavior_Documentation_Test" computerName="DESKTOP-FB2ES22" duration="00:00:00.0010156" startTime="2025-07-04T23:19:36.6698495-06:00" endTime="2025-07-04T23:19:36.6700072-06:00" testType="13cdc9d9-ddb5-4fa4-a97d-d965ccfc6d4b" outcome="Passed" testListId="8c84fa94-04c1-424b-9868-57a2d4851a1d" relativeResultsDirectory="2b1c97e3-ec56-4775-a50f-f7960b42e1b5" />
    <UnitTestResult executionId="e525f271-9cc1-4dc0-8c18-9c235befd194" testId="09817d7e-1e08-d8a7-19fd-f3530a08cff0" testName="ExxerAI.Domain.Tests.ResultTests.CombineErrors_NonGeneric_BothPrimaryAndSecondaryErrors_ShouldReturnCombinedErrors" computerName="DESKTOP-FB2ES22" duration="00:00:00.0001530" startTime="2025-07-04T23:19:36.6650025-06:00" endTime="2025-07-04T23:19:36.6651376-06:00" testType="13cdc9d9-ddb5-4fa4-a97d-d965ccfc6d4b" outcome="Passed" testListId="8c84fa94-04c1-424b-9868-57a2d4851a1d" relativeResultsDirectory="e525f271-9cc1-4dc0-8c18-9c235befd194" />
    <UnitTestResult executionId="635b9dfe-d9d4-49d8-9bbf-a8a4b7f8bcdd" testId="02099127-b2d4-5e43-22a8-ff63a7206855" testName="ExxerAI.Domain.Tests.ResultRecoveryTests.RecoverWith_ShouldExecuteRecoveryFunction_WhenResultIsFailure" computerName="DESKTOP-FB2ES22" duration="00:00:00.0011185" startTime="2025-07-04T23:19:36.6380256-06:00" endTime="2025-07-04T23:19:36.6398117-06:00" testType="13cdc9d9-ddb5-4fa4-a97d-d965ccfc6d4b" outcome="Passed" testListId="8c84fa94-04c1-424b-9868-57a2d4851a1d" relativeResultsDirectory="635b9dfe-d9d4-49d8-9bbf-a8a4b7f8bcdd" />
    <UnitTestResult executionId="f160c3bc-1838-4f7a-8e0a-122c49afc386" testId="60e3a0a2-7363-a578-cd44-022f06c00254" testName="ExxerAI.Domain.Tests.BasicResultTests.Success_ShouldCreateSuccessfulResult" computerName="DESKTOP-FB2ES22" duration="00:00:00.0004996" startTime="2025-07-04T23:19:36.6377688-06:00" endTime="2025-07-04T23:19:36.6390887-06:00" testType="13cdc9d9-ddb5-4fa4-a97d-d965ccfc6d4b" outcome="Passed" testListId="8c84fa94-04c1-424b-9868-57a2d4851a1d" relativeResultsDirectory="f160c3bc-1838-4f7a-8e0a-122c49afc386" />
    <UnitTestResult executionId="899c3c0f-2228-4d47-86ad-9dbd660ba337" testId="ce0f4278-76a9-85c1-5453-ddf1fbe6fb46" testName="ExxerAI.Domain.Tests.ValidationErrorsTests+ResultExtensionsTests.FailForNullArgument_Generic_ShouldReturnFailureResult" computerName="DESKTOP-FB2ES22" duration="00:00:00.0001698" startTime="2025-07-04T23:19:36.6438374-06:00" endTime="2025-07-04T23:19:36.6442640-06:00" testType="13cdc9d9-ddb5-4fa4-a97d-d965ccfc6d4b" outcome="Passed" testListId="8c84fa94-04c1-424b-9868-57a2d4851a1d" relativeResultsDirectory="899c3c0f-2228-4d47-86ad-9dbd660ba337" />
    <UnitTestResult executionId="0f0f4f29-2334-41f4-a104-315e1519f55c" testId="676bdcec-c68e-0e6d-5fdf-a7128263ffa0" testName="ExxerAI.Domain.Tests.ValidationErrorsTests+ResultExtensionsTests.FailForNullArgument_WithCustomMessage_ShouldReturnFailureWithMessage" computerName="DESKTOP-FB2ES22" duration="00:00:00.0001397" startTime="2025-07-04T23:19:36.6598221-06:00" endTime="2025-07-04T23:19:36.6603098-06:00" testType="13cdc9d9-ddb5-4fa4-a97d-d965ccfc6d4b" outcome="Passed" testListId="8c84fa94-04c1-424b-9868-57a2d4851a1d" relativeResultsDirectory="0f0f4f29-2334-41f4-a104-315e1519f55c" />
    <UnitTestResult executionId="07aa5161-a218-43d8-936a-ac5126a4e84c" testId="e55a0a33-d5fa-5ca3-011d-2719df8c6cba" testName="ExxerAI.Domain.Tests.BasicResultTests.Constructor_ShouldCreateInstance_WithDefaultValues" computerName="DESKTOP-FB2ES22" duration="00:00:00.0001878" startTime="2025-07-04T23:19:36.6421247-06:00" endTime="2025-07-04T23:19:36.6423332-06:00" testType="13cdc9d9-ddb5-4fa4-a97d-d965ccfc6d4b" outcome="Passed" testListId="8c84fa94-04c1-424b-9868-57a2d4851a1d" relativeResultsDirectory="07aa5161-a218-43d8-936a-ac5126a4e84c" />
    <UnitTestResult executionId="cedfcc74-f6d3-40da-adda-cfaf43b2f142" testId="a9f71c6e-f62c-428e-f018-b08e67c33845" testName="ExxerAI.Domain.Tests.ValidationErrorsTests+ResultExtensionsTests.FailForNullArgument_NonGeneric_ShouldReturnFailureResult" computerName="DESKTOP-FB2ES22" duration="00:00:00.0003321" startTime="2025-07-04T23:19:36.6406499-06:00" endTime="2025-07-04T23:19:36.6407385-06:00" testType="13cdc9d9-ddb5-4fa4-a97d-d965ccfc6d4b" outcome="Passed" testListId="8c84fa94-04c1-424b-9868-57a2d4851a1d" relativeResultsDirectory="cedfcc74-f6d3-40da-adda-cfaf43b2f142" />
    <UnitTestResult executionId="cc5ffa8f-da51-4dae-a377-a55903216f2e" testId="8668839a-4c54-7dab-9b7e-acc7d8005a1b" testName="ExxerAI.Domain.Tests.ResultTests.ResultGeneric_Failure_SingleError_ShouldBeFailureWithSingleError" computerName="DESKTOP-FB2ES22" duration="00:00:00.0001598" startTime="2025-07-04T23:19:36.6714280-06:00" endTime="2025-07-04T23:19:36.6715946-06:00" testType="13cdc9d9-ddb5-4fa4-a97d-d965ccfc6d4b" outcome="Passed" testListId="8c84fa94-04c1-424b-9868-57a2d4851a1d" relativeResultsDirectory="cc5ffa8f-da51-4dae-a377-a55903216f2e" />
    <UnitTestResult executionId="173fabc1-919f-42d4-8b41-4444e9c1b634" testId="20fcd088-fbf2-9208-88a7-91d7da0011e6" testName="ExxerAI.Domain.Tests.ResultTests.Result_Failure_SingleError_ShouldBeFailureWithSingleError" computerName="DESKTOP-FB2ES22" duration="00:00:00.0001342" startTime="2025-07-04T23:19:36.6669927-06:00" endTime="2025-07-04T23:19:36.6670895-06:00" testType="13cdc9d9-ddb5-4fa4-a97d-d965ccfc6d4b" outcome="Passed" testListId="8c84fa94-04c1-424b-9868-57a2d4851a1d" relativeResultsDirectory="173fabc1-919f-42d4-8b41-4444e9c1b634" />
    <UnitTestResult executionId="e6db86f4-c505-49c3-8316-11d48cb30170" testId="00f7da39-b509-8e64-73dd-cc504c570f24" testName="ExxerAI.Domain.Tests.DocumentProcessing.DocumentProcessingResultTests.Should_DetermineCorrectIsSuccessful_When_ConfidenceAndErrorSet(overallConfidence: 0.800000012, errorMessage: &quot;Error occurred&quot;, expectedSuccessful: False)" computerName="DESKTOP-FB2ES22" duration="00:00:00.0001936" startTime="2025-07-04T23:19:36.6516765-06:00" endTime="2025-07-04T23:19:36.6517230-06:00" testType="13cdc9d9-ddb5-4fa4-a97d-d965ccfc6d4b" outcome="Passed" testListId="8c84fa94-04c1-424b-9868-57a2d4851a1d" relativeResultsDirectory="e6db86f4-c505-49c3-8316-11d48cb30170" />
    <UnitTestResult executionId="2503ed78-005f-4db5-81e6-d2801e8c8e74" testId="40fece45-a757-2f08-6f49-8e333f9fc7f6" testName="ExxerAI.Domain.Tests.DocumentProcessing.DocumentProcessingResultTests.Should_InitializeWithDefaultValues_When_DocumentProcessingResultCreated" computerName="DESKTOP-FB2ES22" duration="00:00:00.0190887" startTime="2025-07-04T23:19:36.6075147-06:00" endTime="2025-07-04T23:19:36.6468807-06:00" testType="13cdc9d9-ddb5-4fa4-a97d-d965ccfc6d4b" outcome="Passed" testListId="8c84fa94-04c1-424b-9868-57a2d4851a1d" relativeResultsDirectory="2503ed78-005f-4db5-81e6-d2801e8c8e74" />
    <UnitTestResult executionId="cc1e4c44-761a-4824-8116-4488b25fc4f5" testId="e3f8fa40-65a3-c9b5-f811-3ef3081f89a3" testName="ExxerAI.Domain.Tests.ResultTests.Result_Failure_ShouldBeFailureWithErrors" computerName="DESKTOP-FB2ES22" duration="00:00:00.0002206" startTime="2025-07-04T23:19:36.6618601-06:00" endTime="2025-07-04T23:19:36.6620102-06:00" testType="13cdc9d9-ddb5-4fa4-a97d-d965ccfc6d4b" outcome="Passed" testListId="8c84fa94-04c1-424b-9868-57a2d4851a1d" relativeResultsDirectory="cc1e4c44-761a-4824-8116-4488b25fc4f5" />
    <UnitTestResult executionId="c4f972bf-5a2b-463f-8a17-a61dc21076f2" testId="8aae346d-00cb-0050-d9e8-d1d4adfc08c1" testName="ExxerAI.Domain.Tests.DocumentProcessing.DocumentProcessingResultTests.Should_ConvertToLearningFeedback_When_ToLearningFeedbackCalled" computerName="DESKTOP-FB2ES22" duration="00:00:00.0011446" startTime="2025-07-04T23:19:36.6677861-06:00" endTime="2025-07-04T23:19:36.6692375-06:00" testType="13cdc9d9-ddb5-4fa4-a97d-d965ccfc6d4b" outcome="Passed" testListId="8c84fa94-04c1-424b-9868-57a2d4851a1d" relativeResultsDirectory="c4f972bf-5a2b-463f-8a17-a61dc21076f2" />
    <UnitTestResult executionId="15b33cd5-afc5-4268-907d-6d593f765144" testId="40a38d3d-264e-ea47-eb08-e5e008d08f9a" testName="ExxerAI.Domain.Tests.ResultTests.CombineErrors_NoErrors_ShouldReturnNoErrorsFoundMessageWithValue" computerName="DESKTOP-FB2ES22" duration="00:00:00.0001440" startTime="2025-07-04T23:19:36.6736358-06:00" endTime="2025-07-04T23:19:36.6737127-06:00" testType="13cdc9d9-ddb5-4fa4-a97d-d965ccfc6d4b" outcome="Passed" testListId="8c84fa94-04c1-424b-9868-57a2d4851a1d" relativeResultsDirectory="15b33cd5-afc5-4268-907d-6d593f765144" />
    <UnitTestResult executionId="3179d8ec-be4a-4628-aafc-13ff8617e0c4" testId="e8a7c49b-19ff-ac51-2e77-a5cb92b1346e" testName="ExxerAI.Domain.Tests.DocumentProcessing.LearningResultTests.Should_InitializeWithDefaultValues_When_LearningResultCreated" computerName="DESKTOP-FB2ES22" duration="00:00:00.0161585" startTime="2025-07-04T23:19:36.6074555-06:00" endTime="2025-07-04T23:19:36.6383006-06:00" testType="13cdc9d9-ddb5-4fa4-a97d-d965ccfc6d4b" outcome="Passed" testListId="8c84fa94-04c1-424b-9868-57a2d4851a1d" relativeResultsDirectory="3179d8ec-be4a-4628-aafc-13ff8617e0c4" />
    <UnitTestResult executionId="9b0802aa-8eab-423d-8a7a-2066793bfe40" testId="b4838719-2065-1680-93af-11d3d2db4ee6" testName="ExxerAI.Domain.Tests.DocumentProcessing.DocumentProcessingResultTests.Should_CalculateCorrectOverallConfidence_When_ConfidenceScoresSet(confidence: 0.899999976, llmConfidence: 0.899999976, groundingConfidence: 0.899999976, expectedOverall: 0.899999976)" computerName="DESKTOP-FB2ES22" duration="00:00:00.0000090" startTime="2025-07-04T23:19:36.6499892-06:00" endTime="2025-07-04T23:19:36.6500377-06:00" testType="13cdc9d9-ddb5-4fa4-a97d-d965ccfc6d4b" outcome="Passed" testListId="8c84fa94-04c1-424b-9868-57a2d4851a1d" relativeResultsDirectory="9b0802aa-8eab-423d-8a7a-2066793bfe40" />
    <UnitTestResult executionId="732b540a-c067-4976-87ba-6c09c2309ac8" testId="387fce49-bc45-ebea-9142-7cda96cfae30" testName="ExxerAI.Domain.Tests.ResultSpanOptimizationTests.FormatErrorsString_NullErrorsInCollection_ShouldHandleGracefully" computerName="DESKTOP-FB2ES22" duration="00:00:00.0001804" startTime="2025-07-04T23:19:36.6715452-06:00" endTime="2025-07-04T23:19:36.6717537-06:00" testType="13cdc9d9-ddb5-4fa4-a97d-d965ccfc6d4b" outcome="Passed" testListId="8c84fa94-04c1-424b-9868-57a2d4851a1d" relativeResultsDirectory="732b540a-c067-4976-87ba-6c09c2309ac8" />
    <UnitTestResult executionId="2d6a274c-3fef-4509-bbce-9e0933a1d1f3" testId="e358d28d-0ff6-415f-6dba-a85ba5d45b1a" testName="ExxerAI.Domain.Tests.ResultTests.CombineErrors_NonGeneric_PrimaryErrorsOnly_ShouldReturnPrimaryErrors" computerName="DESKTOP-FB2ES22" duration="00:00:00.0002399" startTime="2025-07-04T23:19:36.6485091-06:00" endTime="2025-07-04T23:19:36.6496123-06:00" testType="13cdc9d9-ddb5-4fa4-a97d-d965ccfc6d4b" outcome="Passed" testListId="8c84fa94-04c1-424b-9868-57a2d4851a1d" relativeResultsDirectory="2d6a274c-3fef-4509-bbce-9e0933a1d1f3" />
    <UnitTestResult executionId="36e8812b-976a-4175-b76f-5b7ccbbe0502" testId="3693d638-f2ab-82fe-fba3-4b103d5aeb13" testName="ExxerAI.Domain.Tests.ResultRecoveryTests.JsonConstructor_WithInconsistentState_ShouldValidateAndFix" computerName="DESKTOP-FB2ES22" duration="00:00:00.0001714" startTime="2025-07-04T23:19:36.6487267-06:00" endTime="2025-07-04T23:19:36.6497809-06:00" testType="13cdc9d9-ddb5-4fa4-a97d-d965ccfc6d4b" outcome="Passed" testListId="8c84fa94-04c1-424b-9868-57a2d4851a1d" relativeResultsDirectory="36e8812b-976a-4175-b76f-5b7ccbbe0502" />
    <UnitTestResult executionId="ea57378b-6cd3-46cf-a7ea-1afe31c3a02d" testId="008d66c0-68ae-7829-664e-3dc25b2e2040" testName="ExxerAI.Domain.Tests.ResultRecoveryTests.GenericRecover_ShouldExecuteRecoveryFunction_WhenResultIsFailure" computerName="DESKTOP-FB2ES22" duration="00:00:00.0004168" startTime="2025-07-04T23:19:36.6355960-06:00" endTime="2025-07-04T23:19:36.6356622-06:00" testType="13cdc9d9-ddb5-4fa4-a97d-d965ccfc6d4b" outcome="Passed" testListId="8c84fa94-04c1-424b-9868-57a2d4851a1d" relativeResultsDirectory="ea57378b-6cd3-46cf-a7ea-1afe31c3a02d" />
    <UnitTestResult executionId="7b7fc1f8-22a3-4fa3-aac7-f387ba6891c7" testId="c8f958ac-7402-dc41-7284-57b6a8eb6bf5" testName="ExxerAI.Domain.Tests.ResultTests.CombineErrors_SecondaryErrorsOnly_ShouldReturnSecondaryErrorsWithValue" computerName="DESKTOP-FB2ES22" duration="00:00:00.0002138" startTime="2025-07-04T23:19:36.6615790-06:00" endTime="2025-07-04T23:19:36.6617695-06:00" testType="13cdc9d9-ddb5-4fa4-a97d-d965ccfc6d4b" outcome="Passed" testListId="8c84fa94-04c1-424b-9868-57a2d4851a1d" relativeResultsDirectory="7b7fc1f8-22a3-4fa3-aac7-f387ba6891c7" />
    <UnitTestResult executionId="7b849c47-0ca4-413d-b632-9fd903e67bbe" testId="995a7fda-4f2c-a05d-45db-02186ae726a9" testName="ExxerAI.Domain.Tests.ResultRecoveryTests.Match_WithNullValueInSuccessfulResult_ShouldCallFailureFunction" computerName="DESKTOP-FB2ES22" duration="00:00:00.0010502" startTime="2025-07-04T23:19:36.6632598-06:00" endTime="2025-07-04T23:19:36.6654388-06:00" testType="13cdc9d9-ddb5-4fa4-a97d-d965ccfc6d4b" outcome="Passed" testListId="8c84fa94-04c1-424b-9868-57a2d4851a1d" relativeResultsDirectory="7b849c47-0ca4-413d-b632-9fd903e67bbe" />
    <UnitTestResult executionId="3f4a1bfe-5b55-4841-bac1-da9f34e63347" testId="0e27c11d-3926-7be0-96c8-28f1ac41621e" testName="ExxerAI.Domain.Tests.DocumentProcessing.DocumentProcessingResultTests.Should_CreateFailedResult_When_FailedMethodCalled" computerName="DESKTOP-FB2ES22" duration="00:00:00.0004670" startTime="2025-07-04T23:19:36.6510597-06:00" endTime="2025-07-04T23:19:36.6515636-06:00" testType="13cdc9d9-ddb5-4fa4-a97d-d965ccfc6d4b" outcome="Passed" testListId="8c84fa94-04c1-424b-9868-57a2d4851a1d" relativeResultsDirectory="3f4a1bfe-5b55-4841-bac1-da9f34e63347" />
    <UnitTestResult executionId="318ed750-4bcd-4236-b19d-2a802a0a716d" testId="5e60ed54-66b7-8973-a848-a1e895ba2e48" testName="ExxerAI.Domain.Tests.CancellationHandlingTests.Cancelled_ShouldCreateFailedResult_WithCancellationError" computerName="DESKTOP-FB2ES22" duration="00:00:00.0059486" startTime="2025-07-04T23:19:36.6077403-06:00" endTime="2025-07-04T23:19:36.6129800-06:00" testType="13cdc9d9-ddb5-4fa4-a97d-d965ccfc6d4b" outcome="Passed" testListId="8c84fa94-04c1-424b-9868-57a2d4851a1d" relativeResultsDirectory="318ed750-4bcd-4236-b19d-2a802a0a716d" />
    <UnitTestResult executionId="b40cdad1-d5cf-49cc-bb76-099d93c4c713" testId="f8183df3-5740-c296-d54b-1ceee39092b2" testName="ExxerAI.Domain.Tests.ResultTests.Methods_WhenCalled_ShouldReturnExpectedResults" computerName="DESKTOP-FB2ES22" duration="00:00:00.0018246" startTime="2025-07-04T23:19:36.6673127-06:00" endTime="2025-07-04T23:19:36.6678440-06:00" testType="13cdc9d9-ddb5-4fa4-a97d-d965ccfc6d4b" outcome="Passed" testListId="8c84fa94-04c1-424b-9868-57a2d4851a1d" relativeResultsDirectory="b40cdad1-d5cf-49cc-bb76-099d93c4c713" />
    <UnitTestResult executionId="b1f6d389-308e-4777-9cd8-880c0423df46" testId="daef5881-8d0a-9f51-5404-8eff46fbea3c" testName="ExxerAI.Domain.Tests.ResultSpanOptimizationTests.CombineErrors_BothNullCollections_ShouldReturnDefaultError" computerName="DESKTOP-FB2ES22" duration="00:00:00.0001308" startTime="2025-07-04T23:19:36.6638512-06:00" endTime="2025-07-04T23:19:36.6639876-06:00" testType="13cdc9d9-ddb5-4fa4-a97d-d965ccfc6d4b" outcome="Passed" testListId="8c84fa94-04c1-424b-9868-57a2d4851a1d" relativeResultsDirectory="b1f6d389-308e-4777-9cd8-880c0423df46" />
    <UnitTestResult executionId="5dc8f46f-83bb-4001-bb56-2c100430ccd6" testId="789298dd-9c9e-d4db-e2a4-1d2ca2e90e98" testName="ExxerAI.Domain.Tests.ResultRecoveryTests.Tap_WithNullValue_ShouldNotExecuteAction" computerName="DESKTOP-FB2ES22" duration="00:00:00.0014985" startTime="2025-07-04T23:19:36.6359830-06:00" endTime="2025-07-04T23:19:36.6378701-06:00" testType="13cdc9d9-ddb5-4fa4-a97d-d965ccfc6d4b" outcome="Passed" testListId="8c84fa94-04c1-424b-9868-57a2d4851a1d" relativeResultsDirectory="5dc8f46f-83bb-4001-bb56-2c100430ccd6" />
    <UnitTestResult executionId="61e49c49-4359-46e2-8e43-76ed180d6cff" testId="7fb4039c-7b20-dc27-35fb-b0ce2a2087c5" testName="ExxerAI.Domain.Tests.BasicResultTests.NullErrorHandling_ShouldUseDefaultMessage" computerName="DESKTOP-FB2ES22" duration="00:00:00.0003280" startTime="2025-07-04T23:19:36.6440519-06:00" endTime="2025-07-04T23:19:36.6453576-06:00" testType="13cdc9d9-ddb5-4fa4-a97d-d965ccfc6d4b" outcome="Passed" testListId="8c84fa94-04c1-424b-9868-57a2d4851a1d" relativeResultsDirectory="61e49c49-4359-46e2-8e43-76ed180d6cff" />
    <UnitTestResult executionId="1d79e0f4-bd1c-42d1-abd8-37fc95afefe1" testId="076dccfd-5d7a-cbc1-46b5-a3d467d6b32b" testName="ExxerAI.Domain.Tests.BasicResultTests.GenericWithFailure_ShouldCreateFailedResult_WithErrorsAndValue" computerName="DESKTOP-FB2ES22" duration="00:00:00.0001521" startTime="2025-07-04T23:19:36.6436933-06:00" endTime="2025-07-04T23:19:36.6439373-06:00" testType="13cdc9d9-ddb5-4fa4-a97d-d965ccfc6d4b" outcome="Passed" testListId="8c84fa94-04c1-424b-9868-57a2d4851a1d" relativeResultsDirectory="1d79e0f4-bd1c-42d1-abd8-37fc95afefe1" />
    <UnitTestResult executionId="34b5c366-7cdf-41e0-ab19-eee510ce86d4" testId="58e4f55f-2e0e-8941-aae1-334194db6a77" testName="ExxerAI.Domain.Tests.ResultAsyncSafetyTests.Result_ConcurrentAsyncOperations_ShouldWorkCorrectly" computerName="DESKTOP-FB2ES22" duration="00:00:00.2174050" startTime="2025-07-04T23:19:38.9032748-06:00" endTime="2025-07-04T23:19:39.1211786-06:00" testType="13cdc9d9-ddb5-4fa4-a97d-d965ccfc6d4b" outcome="Passed" testListId="8c84fa94-04c1-424b-9868-57a2d4851a1d" relativeResultsDirectory="34b5c366-7cdf-41e0-ab19-eee510ce86d4" />
    <UnitTestResult executionId="5daa911d-889c-4fb7-af3c-2e8743371954" testId="db9256eb-41bb-5b2f-dc4c-00e5bfc81979" testName="ExxerAI.Domain.Tests.ResultTests.Properties_WhenSet_ShouldReturnCorrectValues" computerName="DESKTOP-FB2ES22" duration="00:00:00.0004702" startTime="2025-07-04T23:19:36.6727619-06:00" endTime="2025-07-04T23:19:36.6728019-06:00" testType="13cdc9d9-ddb5-4fa4-a97d-d965ccfc6d4b" outcome="Passed" testListId="8c84fa94-04c1-424b-9868-57a2d4851a1d" relativeResultsDirectory="5daa911d-889c-4fb7-af3c-2e8743371954" />
    <UnitTestResult executionId="628099bc-e0b0-4440-8c34-996cd57e60e2" testId="deb222f7-8043-ed97-7608-dc4c437d62ff" testName="ExxerAI.Domain.Tests.BasicResultTests.Error_Property_ShouldReturnNull_WhenNoValidErrors" computerName="DESKTOP-FB2ES22" duration="00:00:00.0000599" startTime="2025-07-04T23:19:36.6455457-06:00" endTime="2025-07-04T23:19:36.6464478-06:00" testType="13cdc9d9-ddb5-4fa4-a97d-d965ccfc6d4b" outcome="Passed" testListId="8c84fa94-04c1-424b-9868-57a2d4851a1d" relativeResultsDirectory="628099bc-e0b0-4440-8c34-996cd57e60e2" />
    <UnitTestResult executionId="b0e946fd-e10d-4f35-84d0-27ccbd69534e" testId="9566b3f9-4c19-2cc7-010d-34303ad55cdb" testName="ExxerAI.Domain.Tests.ResultSpanOptimizationTests.ResultGeneric_ToString_WithSpanOptimizations_ShouldWorkCorrectly" computerName="DESKTOP-FB2ES22" duration="00:00:00.0004858" startTime="2025-07-04T23:19:36.6599939-06:00" endTime="2025-07-04T23:19:36.6616151-06:00" testType="13cdc9d9-ddb5-4fa4-a97d-d965ccfc6d4b" outcome="Passed" testListId="8c84fa94-04c1-424b-9868-57a2d4851a1d" relativeResultsDirectory="b0e946fd-e10d-4f35-84d0-27ccbd69534e" />
    <UnitTestResult executionId="00e78dae-0731-454b-8e8b-c508dbb75f17" testId="644bcf44-80d5-4db1-bdfa-c7a30ddd4d7b" testName="ExxerAI.Domain.Tests.ValidationErrorsTests+ResultExtensionsTests.EnsureNotNull_WithNullValue_ShouldReturnFailure" computerName="DESKTOP-FB2ES22" duration="00:00:00.0001391" startTime="2025-07-04T23:19:36.6629920-06:00" endTime="2025-07-04T23:19:36.6633053-06:00" testType="13cdc9d9-ddb5-4fa4-a97d-d965ccfc6d4b" outcome="Passed" testListId="8c84fa94-04c1-424b-9868-57a2d4851a1d" relativeResultsDirectory="00e78dae-0731-454b-8e8b-c508dbb75f17" />
    <UnitTestResult executionId="8d02e62c-38e1-443d-839b-f49237da3675" testId="c1c35af9-2fcf-f6c9-459e-c3e6d2214d26" testName="ExxerAI.Domain.Tests.ResultRecoveryTests.NonGenericMatch_ShouldHandleNullErrors_Gracefully" computerName="DESKTOP-FB2ES22" duration="00:00:00.0006811" startTime="2025-07-04T23:19:36.6358206-06:00" endTime="2025-07-04T23:19:36.6358740-06:00" testType="13cdc9d9-ddb5-4fa4-a97d-d965ccfc6d4b" outcome="Passed" testListId="8c84fa94-04c1-424b-9868-57a2d4851a1d" relativeResultsDirectory="8d02e62c-38e1-443d-839b-f49237da3675" />
    <UnitTestResult executionId="86c82a84-4a2e-489f-8db6-ebeea9453ec2" testId="97552cc4-0499-78cf-0ecf-f136f5f59983" testName="ExxerAI.Domain.Tests.ResultTests.ResultGeneric_WithFailure_ShouldAcceptDifferentCollectionTypes" computerName="DESKTOP-FB2ES22" duration="00:00:00.0005003" startTime="2025-07-04T23:19:36.6684007-06:00" endTime="2025-07-04T23:19:36.6693757-06:00" testType="13cdc9d9-ddb5-4fa4-a97d-d965ccfc6d4b" outcome="Passed" testListId="8c84fa94-04c1-424b-9868-57a2d4851a1d" relativeResultsDirectory="86c82a84-4a2e-489f-8db6-ebeea9453ec2" />
    <UnitTestResult executionId="ca252db7-d7a2-4d00-8910-ba7997afcf88" testId="96b51052-8d62-7cc2-2329-bb6f2afd3090" testName="ExxerAI.Domain.Tests.ValidationErrorsTests+ResultExtensionsTests.EnsureNotNull_Nullable_WithValue_ShouldReturnSuccess" computerName="DESKTOP-FB2ES22" duration="00:00:00.0006618" startTime="2025-07-04T23:19:36.6452634-06:00" endTime="2025-07-04T23:19:36.6478536-06:00" testType="13cdc9d9-ddb5-4fa4-a97d-d965ccfc6d4b" outcome="Passed" testListId="8c84fa94-04c1-424b-9868-57a2d4851a1d" relativeResultsDirectory="ca252db7-d7a2-4d00-8910-ba7997afcf88" />
    <UnitTestResult executionId="f5691292-ee14-480a-92de-494791e667c7" testId="674c4970-bc97-a1fe-5d07-eeb41bf30098" testName="ExxerAI.Domain.Tests.ResultTests.Result_Tap_ShouldInvokeAction_WhenResultIsSuccess" computerName="DESKTOP-FB2ES22" duration="00:00:00.0001448" startTime="2025-07-04T23:19:36.6679733-06:00" endTime="2025-07-04T23:19:36.6680299-06:00" testType="13cdc9d9-ddb5-4fa4-a97d-d965ccfc6d4b" outcome="Passed" testListId="8c84fa94-04c1-424b-9868-57a2d4851a1d" relativeResultsDirectory="f5691292-ee14-480a-92de-494791e667c7" />
    <UnitTestResult executionId="c9b297e1-9dde-4e99-8e3d-98c921e64a7e" testId="a7357bb3-b635-ca27-7f66-d5fc503967d3" testName="ExxerAI.Domain.Tests.ResultSpanOptimizationTests.FormatErrorsString_SmallList_ShouldUseSpanOptimization" computerName="DESKTOP-FB2ES22" duration="00:00:00.0002538" startTime="2025-07-04T23:19:36.6719552-06:00" endTime="2025-07-04T23:19:36.6719961-06:00" testType="13cdc9d9-ddb5-4fa4-a97d-d965ccfc6d4b" outcome="Passed" testListId="8c84fa94-04c1-424b-9868-57a2d4851a1d" relativeResultsDirectory="c9b297e1-9dde-4e99-8e3d-98c921e64a7e" />
    <UnitTestResult executionId="9035ffdf-58b6-460f-8578-c5f05588ee4e" testId="56072efc-0a2e-8337-341d-49edd4fd9644" testName="ExxerAI.Domain.Tests.ResultTests.ResultGeneric_OnFailure_ShouldWorkWithDifferentCollectionTypes" computerName="DESKTOP-FB2ES22" duration="00:00:00.0014316" startTime="2025-07-04T23:19:36.6497358-06:00" endTime="2025-07-04T23:19:36.6576026-06:00" testType="13cdc9d9-ddb5-4fa4-a97d-d965ccfc6d4b" outcome="Passed" testListId="8c84fa94-04c1-424b-9868-57a2d4851a1d" relativeResultsDirectory="9035ffdf-58b6-460f-8578-c5f05588ee4e" />
    <UnitTestResult executionId="93f24200-6680-45be-86b7-92337be8dbbf" testId="ec32e4fb-7035-5557-34f0-fb12264d42be" testName="ExxerAI.Domain.Tests.CancellationHandlingTests.WrapResultOperation_WithSuccessfulResult_ShouldReturnOriginalResult" computerName="DESKTOP-FB2ES22" duration="00:00:00.0657797" startTime="2025-07-04T23:19:36.6225465-06:00" endTime="2025-07-04T23:19:36.6759729-06:00" testType="13cdc9d9-ddb5-4fa4-a97d-d965ccfc6d4b" outcome="Passed" testListId="8c84fa94-04c1-424b-9868-57a2d4851a1d" relativeResultsDirectory="93f24200-6680-45be-86b7-92337be8dbbf" />
    <UnitTestResult executionId="280d243e-9d07-4074-9de4-fcb370ff2c61" testId="abd2c301-ac86-1f75-a979-8d71db7092d3" testName="ExxerAI.Domain.Tests.ValidationErrorsTests+ResultExtensionsTests.FailForNullArgument_Generic_WithNullOrEmptyName_ShouldReturnFailure" computerName="DESKTOP-FB2ES22" duration="00:00:00.0002124" startTime="2025-07-04T23:19:36.6481248-06:00" endTime="2025-07-04T23:19:36.6484438-06:00" testType="13cdc9d9-ddb5-4fa4-a97d-d965ccfc6d4b" outcome="Passed" testListId="8c84fa94-04c1-424b-9868-57a2d4851a1d" relativeResultsDirectory="280d243e-9d07-4074-9de4-fcb370ff2c61" />
    <UnitTestResult executionId="94e82cf8-5768-4737-b63f-185010ce40dd" testId="a44d2cb9-2468-c453-5afe-3b49db284eca" testName="ExxerAI.Domain.Tests.ResultAsyncSafetyTests.Result_HighConcurrencyStressTest_ShouldWorkCorrectly" computerName="DESKTOP-FB2ES22" duration="00:00:00.0311558" startTime="2025-07-04T23:19:39.1213207-06:00" endTime="2025-07-04T23:19:39.1531669-06:00" testType="13cdc9d9-ddb5-4fa4-a97d-d965ccfc6d4b" outcome="Passed" testListId="8c84fa94-04c1-424b-9868-57a2d4851a1d" relativeResultsDirectory="94e82cf8-5768-4737-b63f-185010ce40dd" />
    <UnitTestResult executionId="996a4d84-f8e1-4707-9f2f-cfa6e2274b44" testId="629c0889-d8b6-8314-a9e9-25be0edb265a" testName="ExxerAI.Domain.Tests.DocumentProcessing.DocumentProcessingResultTests.Should_CalculateCorrectOverallConfidence_When_ConfidenceScoresSet(confidence: 0.800000012, llmConfidence: 0.699999988, groundingConfidence: 0.899999976, expectedOverall: 0.779999971)" computerName="DESKTOP-FB2ES22" duration="00:00:00.0006960" startTime="2025-07-04T23:19:36.6477869-06:00" endTime="2025-07-04T23:19:36.6487685-06:00" testType="13cdc9d9-ddb5-4fa4-a97d-d965ccfc6d4b" outcome="Passed" testListId="8c84fa94-04c1-424b-9868-57a2d4851a1d" relativeResultsDirectory="996a4d84-f8e1-4707-9f2f-cfa6e2274b44" />
    <UnitTestResult executionId="0193fff9-45b1-4010-b990-8f12c8b12394" testId="a9285626-17b0-41e6-9be2-3710850ef3d4" testName="ExxerAI.Domain.Tests.ResultTests.Result_WithFailure_ShouldAcceptDifferentCollectionTypes" computerName="DESKTOP-FB2ES22" duration="00:00:00.0154706" startTime="2025-07-04T23:19:36.6074946-06:00" endTime="2025-07-04T23:19:36.6375982-06:00" testType="13cdc9d9-ddb5-4fa4-a97d-d965ccfc6d4b" outcome="Passed" testListId="8c84fa94-04c1-424b-9868-57a2d4851a1d" relativeResultsDirectory="0193fff9-45b1-4010-b990-8f12c8b12394" />
    <UnitTestResult executionId="0581064f-2359-4436-b550-9b7e2950eaa9" testId="cb3f3466-72b5-0579-6aa4-d407607b60a9" testName="ExxerAI.Domain.Tests.ValidationErrorsTests+ResultExtensionsTests.FailForNullArguments_NonGeneric_WithNullOrEmptyNames_ShouldReturnFailure" computerName="DESKTOP-FB2ES22" duration="00:00:00.0004444" startTime="2025-07-04T23:19:36.6225242-06:00" endTime="2025-07-04T23:19:36.6226563-06:00" testType="13cdc9d9-ddb5-4fa4-a97d-d965ccfc6d4b" outcome="Passed" testListId="8c84fa94-04c1-424b-9868-57a2d4851a1d" relativeResultsDirectory="0581064f-2359-4436-b550-9b7e2950eaa9" />
    <UnitTestResult executionId="94d8661c-9ea8-4753-ab6c-9f416053671a" testId="79672f84-c5a3-aab3-5dae-778e81512764" testName="ExxerAI.Domain.Tests.ResultSpanOptimizationTests.CombineErrors_OneNullCollection_ShouldHandleCorrectly" computerName="DESKTOP-FB2ES22" duration="00:00:00.0003079" startTime="2025-07-04T23:19:36.6693138-06:00" endTime="2025-07-04T23:19:36.6694273-06:00" testType="13cdc9d9-ddb5-4fa4-a97d-d965ccfc6d4b" outcome="Passed" testListId="8c84fa94-04c1-424b-9868-57a2d4851a1d" relativeResultsDirectory="94d8661c-9ea8-4753-ab6c-9f416053671a" />
    <UnitTestResult executionId="3bb648f0-7fee-4e5d-b726-5faeb34fb482" testId="f27187ea-ba2f-e908-64cf-8d1402f66038" testName="ExxerAI.Domain.Tests.ResultTests.Result_WithFailure_ShouldAcceptReadOnlyCollectionTypes" computerName="DESKTOP-FB2ES22" duration="00:00:00.0026748" startTime="2025-07-04T23:19:36.6381197-06:00" endTime="2025-07-04T23:19:36.6453232-06:00" testType="13cdc9d9-ddb5-4fa4-a97d-d965ccfc6d4b" outcome="Passed" testListId="8c84fa94-04c1-424b-9868-57a2d4851a1d" relativeResultsDirectory="3bb648f0-7fee-4e5d-b726-5faeb34fb482" />
    <UnitTestResult executionId="68fe78ef-4fc0-452a-87ea-1895c71d25f8" testId="d244b4ce-14e7-a906-64b8-78b65c214226" testName="ExxerAI.Domain.Tests.DocumentProcessing.MCPTypesTests+MCPUploadResultTests.Should_InitializeWithDefaults_When_Created" computerName="DESKTOP-FB2ES22" duration="00:00:00.0123882" startTime="2025-07-04T23:19:36.6075823-06:00" endTime="2025-07-04T23:19:36.6330299-06:00" testType="13cdc9d9-ddb5-4fa4-a97d-d965ccfc6d4b" outcome="Passed" testListId="8c84fa94-04c1-424b-9868-57a2d4851a1d" relativeResultsDirectory="68fe78ef-4fc0-452a-87ea-1895c71d25f8" />
    <UnitTestResult executionId="93aac24f-c7c8-4005-985d-6601c5b216f4" testId="639997a1-bb8c-c669-d406-f010b20dd0d4" testName="ExxerAI.Domain.Tests.EnumTests.EnumModelTests.Exists_WhenCalledWithValues_ShouldReturnCorrectResult(value: 1, expected: True)" computerName="DESKTOP-FB2ES22" duration="00:00:00.0004452" startTime="2025-07-04T23:19:36.6361075-06:00" endTime="2025-07-04T23:19:36.6361501-06:00" testType="13cdc9d9-ddb5-4fa4-a97d-d965ccfc6d4b" outcome="Passed" testListId="8c84fa94-04c1-424b-9868-57a2d4851a1d" relativeResultsDirectory="93aac24f-c7c8-4005-985d-6601c5b216f4" />
    <UnitTestResult executionId="bf60df7a-9fab-4256-8d83-ff8ef3946554" testId="01666f8b-adb2-bdfa-398f-22fbbaaf7963" testName="ExxerAI.Domain.Tests.ResultTests.Success_WithDifferentTypes_ShouldAlwaysHaveEmptyCollections" computerName="DESKTOP-FB2ES22" duration="00:00:00.0008716" startTime="2025-07-04T23:19:36.6740382-06:00" endTime="2025-07-04T23:19:36.6740926-06:00" testType="13cdc9d9-ddb5-4fa4-a97d-d965ccfc6d4b" outcome="Passed" testListId="8c84fa94-04c1-424b-9868-57a2d4851a1d" relativeResultsDirectory="bf60df7a-9fab-4256-8d83-ff8ef3946554" />
    <UnitTestResult executionId="70dfb2af-2ade-481b-a9c0-30fadc2f2a59" testId="56ae0d5f-ce89-276f-8b42-5b8bb24e6c8e" testName="ExxerAI.Domain.Tests.BasicResultTests.WithWarnings_ShouldCreateSuccessfulResult_WithWarnings" computerName="DESKTOP-FB2ES22" duration="00:00:00.0114934" startTime="2025-07-04T23:19:36.6062303-06:00" endTime="2025-07-04T23:19:36.6230486-06:00" testType="13cdc9d9-ddb5-4fa4-a97d-d965ccfc6d4b" outcome="Passed" testListId="8c84fa94-04c1-424b-9868-57a2d4851a1d" relativeResultsDirectory="70dfb2af-2ade-481b-a9c0-30fadc2f2a59" />
    <UnitTestResult executionId="71ec5c92-26e4-4de9-a89d-6de2d09953f7" testId="38f61a39-95c0-4f3b-5357-4393a0f35de5" testName="ExxerAI.Domain.Tests.ResultSpanOptimizationTests.FormatErrorsString_LargeCollection_ShouldUseFallback" computerName="DESKTOP-FB2ES22" duration="00:00:00.0009771" startTime="2025-07-04T23:19:36.6695891-06:00" endTime="2025-07-04T23:19:36.6698859-06:00" testType="13cdc9d9-ddb5-4fa4-a97d-d965ccfc6d4b" outcome="Passed" testListId="8c84fa94-04c1-424b-9868-57a2d4851a1d" relativeResultsDirectory="71ec5c92-26e4-4de9-a89d-6de2d09953f7" />
    <UnitTestResult executionId="0ddfbc2f-1c0c-4365-a09f-82f6ad5b570c" testId="ad180e14-c764-9cd6-e217-695f4dfb75d3" testName="ExxerAI.Domain.Tests.ResultTests.DomainLogic_WhenExecuted_ShouldFollowBusinessRules" computerName="DESKTOP-FB2ES22" duration="00:00:00.0039791" startTime="2025-07-04T23:19:36.6738655-06:00" endTime="2025-07-04T23:19:36.6739180-06:00" testType="13cdc9d9-ddb5-4fa4-a97d-d965ccfc6d4b" outcome="Passed" testListId="8c84fa94-04c1-424b-9868-57a2d4851a1d" relativeResultsDirectory="0ddfbc2f-1c0c-4365-a09f-82f6ad5b570c" />
    <UnitTestResult executionId="d05edeba-f718-418f-bb1b-abcdda98b0e4" testId="58b06061-2932-4dce-d4a0-8e7a9e32ce83" testName="ExxerAI.Domain.Tests.ResultTests.All_Result_Operations_ShouldMaintainCollectionConsistency" computerName="DESKTOP-FB2ES22" duration="00:00:00.0009301" startTime="2025-07-04T23:19:36.6729059-06:00" endTime="2025-07-04T23:19:36.6729398-06:00" testType="13cdc9d9-ddb5-4fa4-a97d-d965ccfc6d4b" outcome="Passed" testListId="8c84fa94-04c1-424b-9868-57a2d4851a1d" relativeResultsDirectory="d05edeba-f718-418f-bb1b-abcdda98b0e4" />
    <UnitTestResult executionId="ef81dd69-dbe3-4a3e-9f83-324b57d0c890" testId="ff2f6681-da4d-347a-655f-d2643bcd3461" testName="ExxerAI.Domain.Tests.ResultAsyncSafetyTests.Result_WithConfigureAwaitFalse_ShouldWorkCorrectly" computerName="DESKTOP-FB2ES22" duration="00:00:00.2211914" startTime="2025-07-04T23:19:38.1324985-06:00" endTime="2025-07-04T23:19:38.3538878-06:00" testType="13cdc9d9-ddb5-4fa4-a97d-d965ccfc6d4b" outcome="Passed" testListId="8c84fa94-04c1-424b-9868-57a2d4851a1d" relativeResultsDirectory="ef81dd69-dbe3-4a3e-9f83-324b57d0c890" />
    <UnitTestResult executionId="c509fa23-950b-47c4-a59d-3c4e3341d86f" testId="782d9d8f-6967-c6c7-a805-8a542b22751d" testName="ExxerAI.Domain.Tests.DocumentProcessing.DocumentProcessingResultTests.Should_DetermineCorrectIsSuccessful_When_ConfidenceAndErrorSet(overallConfidence: 0.400000006, errorMessage: &quot;&quot;, expectedSuccessful: False)" computerName="DESKTOP-FB2ES22" duration="00:00:00.0000105" startTime="2025-07-04T23:19:36.6583576-06:00" endTime="2025-07-04T23:19:36.6584850-06:00" testType="13cdc9d9-ddb5-4fa4-a97d-d965ccfc6d4b" outcome="Passed" testListId="8c84fa94-04c1-424b-9868-57a2d4851a1d" relativeResultsDirectory="c509fa23-950b-47c4-a59d-3c4e3341d86f" />
    <UnitTestResult executionId="811be74b-3505-4c4b-a6d4-06236b43b898" testId="84b1a82b-4bd1-76d4-fa20-2eaba67646ae" testName="ExxerAI.Domain.Tests.ResultSpanOptimizationTests.FormatErrorsString_NullCollection_ShouldReturnPrefix" computerName="DESKTOP-FB2ES22" duration="00:00:00.0001188" startTime="2025-07-04T23:19:36.6648403-06:00" endTime="2025-07-04T23:19:36.6650391-06:00" testType="13cdc9d9-ddb5-4fa4-a97d-d965ccfc6d4b" outcome="Passed" testListId="8c84fa94-04c1-424b-9868-57a2d4851a1d" relativeResultsDirectory="811be74b-3505-4c4b-a6d4-06236b43b898" />
    <UnitTestResult executionId="92da9138-2437-4d90-85bb-5f403dc7c426" testId="4185ccca-fcdc-52ef-fb8f-95b1f213670f" testName="ExxerAI.Domain.Tests.DocumentProcessing.DocumentProcessingResultTests.Should_DetermineCorrectIsSuccessful_When_ConfidenceAndErrorSet(overallConfidence: 0.600000024, errorMessage: &quot;&quot;, expectedSuccessful: True)" computerName="DESKTOP-FB2ES22" duration="00:00:00.0000142" startTime="2025-07-04T23:19:36.6586336-06:00" endTime="2025-07-04T23:19:36.6587060-06:00" testType="13cdc9d9-ddb5-4fa4-a97d-d965ccfc6d4b" outcome="Passed" testListId="8c84fa94-04c1-424b-9868-57a2d4851a1d" relativeResultsDirectory="92da9138-2437-4d90-85bb-5f403dc7c426" />
    <UnitTestResult executionId="a1f73265-36bd-487a-962c-bdb0f088b708" testId="4cac043f-6390-6414-3733-f8484af26350" testName="ExxerAI.Domain.Tests.DocumentProcessing.MCPTypesTests+MCPUploadResultTests.Should_HandleSuccessAndFailure_When_StatusSet(isSuccess: True, description: &quot;Upload successful&quot;)" computerName="DESKTOP-FB2ES22" duration="00:00:00.0003683" startTime="2025-07-04T23:19:36.6441012-06:00" endTime="2025-07-04T23:19:36.6456792-06:00" testType="13cdc9d9-ddb5-4fa4-a97d-d965ccfc6d4b" outcome="Passed" testListId="8c84fa94-04c1-424b-9868-57a2d4851a1d" relativeResultsDirectory="a1f73265-36bd-487a-962c-bdb0f088b708" />
    <UnitTestResult executionId="28794cca-c59b-4947-85ef-84f5e0f2c10c" testId="874ff282-6fe7-594d-14c4-fa84c70257f0" testName="ExxerAI.Domain.Tests.ResultTests.Constructor_WithValidParameters_ShouldCreateInstance" computerName="DESKTOP-FB2ES22" duration="00:00:00.0003352" startTime="2025-07-04T23:19:36.6752235-06:00" endTime="2025-07-04T23:19:36.6752956-06:00" testType="13cdc9d9-ddb5-4fa4-a97d-d965ccfc6d4b" outcome="Passed" testListId="8c84fa94-04c1-424b-9868-57a2d4851a1d" relativeResultsDirectory="28794cca-c59b-4947-85ef-84f5e0f2c10c" />
    <UnitTestResult executionId="61fb680e-645c-4aa9-9795-aadb110dd069" testId="eda8b6ba-b89e-1660-5d46-4a829139bf28" testName="ExxerAI.Domain.Tests.ResultTests.Result_Recover_ShouldReturnRecoveredResult_WhenResultIsFailure" computerName="DESKTOP-FB2ES22" duration="00:00:00.0001653" startTime="2025-07-04T23:19:36.6612668-06:00" endTime="2025-07-04T23:19:36.6614912-06:00" testType="13cdc9d9-ddb5-4fa4-a97d-d965ccfc6d4b" outcome="Passed" testListId="8c84fa94-04c1-424b-9868-57a2d4851a1d" relativeResultsDirectory="61fb680e-645c-4aa9-9795-aadb110dd069" />
    <UnitTestResult executionId="4d2f36ac-b0c2-4ac1-8e0b-4b3f6741203f" testId="e2e85c77-abd6-bee2-9e8c-a4120f349619" testName="ExxerAI.Domain.Tests.DocumentProcessing.DocumentProcessingResultTests.Should_CalculateCorrectOverallConfidence_When_ConfidenceScoresSet(confidence: 0.5, llmConfidence: 0.600000024, groundingConfidence: 0.699999988, expectedOverall: 0.579999983)" computerName="DESKTOP-FB2ES22" duration="00:00:00.0000019" startTime="2025-07-04T23:19:36.6501127-06:00" endTime="2025-07-04T23:19:36.6501567-06:00" testType="13cdc9d9-ddb5-4fa4-a97d-d965ccfc6d4b" outcome="Passed" testListId="8c84fa94-04c1-424b-9868-57a2d4851a1d" relativeResultsDirectory="4d2f36ac-b0c2-4ac1-8e0b-4b3f6741203f" />
    <UnitTestResult executionId="7b2ce14d-ca1f-454e-a763-b776fc8448dc" testId="72778674-de20-c6a8-f549-7002d4764c1b" testName="ExxerAI.Domain.Tests.ValidationErrorsTests+ResultExtensionsTests.EnsureNotNull_WithValidValue_ShouldReturnSuccess" computerName="DESKTOP-FB2ES22" duration="00:00:00.0001633" startTime="2025-07-04T23:19:36.6634777-06:00" endTime="2025-07-04T23:19:36.6635948-06:00" testType="13cdc9d9-ddb5-4fa4-a97d-d965ccfc6d4b" outcome="Passed" testListId="8c84fa94-04c1-424b-9868-57a2d4851a1d" relativeResultsDirectory="7b2ce14d-ca1f-454e-a763-b776fc8448dc" />
    <UnitTestResult executionId="f1914ac6-c080-4232-947a-437be107f616" testId="0bb0763e-6a39-287e-0e91-1454ef29e5cb" testName="ExxerAI.Domain.Tests.ResultSpanOptimizationTests.Result_ToString_WithSpanOptimizations_ShouldWorkCorrectly" computerName="DESKTOP-FB2ES22" duration="00:00:00.0001775" startTime="2025-07-04T23:19:36.6584119-06:00" endTime="2025-07-04T23:19:36.6598394-06:00" testType="13cdc9d9-ddb5-4fa4-a97d-d965ccfc6d4b" outcome="Passed" testListId="8c84fa94-04c1-424b-9868-57a2d4851a1d" relativeResultsDirectory="f1914ac6-c080-4232-947a-437be107f616" />
    <UnitTestResult executionId="281b36f0-b99f-4f64-a3ec-6d9a780485d7" testId="5c3e8d1a-21de-9a69-dbd6-ce0fdbb7f607" testName="ExxerAI.Domain.Tests.ResultRecoveryTests.Performance_ReducedLinqAllocations_ShouldBeMeasurable" computerName="DESKTOP-FB2ES22" duration="00:00:00.0007126" startTime="2025-07-04T23:19:36.6513873-06:00" endTime="2025-07-04T23:19:36.6574789-06:00" testType="13cdc9d9-ddb5-4fa4-a97d-d965ccfc6d4b" outcome="Passed" testListId="8c84fa94-04c1-424b-9868-57a2d4851a1d" relativeResultsDirectory="281b36f0-b99f-4f64-a3ec-6d9a780485d7" />
    <UnitTestResult executionId="d9c42818-2f05-4cc6-957e-1840cdf5a661" testId="e8f385cd-484c-325c-fd11-a7d93a39adda" testName="ExxerAI.Domain.Tests.BasicResultTests.WithFailure_ShouldCreateFailedResult_WithMultipleErrors" computerName="DESKTOP-FB2ES22" duration="00:00:00.0001750" startTime="2025-07-04T23:19:36.6424685-06:00" endTime="2025-07-04T23:19:36.6435676-06:00" testType="13cdc9d9-ddb5-4fa4-a97d-d965ccfc6d4b" outcome="Passed" testListId="8c84fa94-04c1-424b-9868-57a2d4851a1d" relativeResultsDirectory="d9c42818-2f05-4cc6-957e-1840cdf5a661" />
    <UnitTestResult executionId="262b9670-2f2c-4bad-9667-60be2cb9b133" testId="59d3669f-0e5b-a96a-30d8-b5633fae5b11" testName="ExxerAI.Domain.Tests.ResultAsyncSafetyTests.CombineErrors_WithSpanOptimizations_ShouldWorkInAsyncMethods" computerName="DESKTOP-FB2ES22" duration="00:00:00.2215487" startTime="2025-07-04T23:19:36.8097136-06:00" endTime="2025-07-04T23:19:37.0320153-06:00" testType="13cdc9d9-ddb5-4fa4-a97d-d965ccfc6d4b" outcome="Passed" testListId="8c84fa94-04c1-424b-9868-57a2d4851a1d" relativeResultsDirectory="262b9670-2f2c-4bad-9667-60be2cb9b133" />
    <UnitTestResult executionId="069bf9b0-0dd7-4083-8e6b-f277fedb4508" testId="f590d872-a1cc-65fa-f615-da8734521e32" testName="ExxerAI.Domain.Tests.ResultTests.Failure_Methods_ShouldAlwaysReturnNonNullCollections" computerName="DESKTOP-FB2ES22" duration="00:00:00.0003178" startTime="2025-07-04T23:19:36.6758344-06:00" endTime="2025-07-04T23:19:36.6758730-06:00" testType="13cdc9d9-ddb5-4fa4-a97d-d965ccfc6d4b" outcome="Passed" testListId="8c84fa94-04c1-424b-9868-57a2d4851a1d" relativeResultsDirectory="069bf9b0-0dd7-4083-8e6b-f277fedb4508" />
    <UnitTestResult executionId="120f0de2-749b-4ca2-befc-c5471f6e16b2" testId="ecc75278-2680-e7fa-8bff-9d64100cbe43" testName="ExxerAI.Domain.Tests.ResultRecoveryTests.OnSuccess_WithNullValue_ShouldNotExecuteAction" computerName="DESKTOP-FB2ES22" duration="00:00:00.0005034" startTime="2025-07-04T23:19:36.6406320-06:00" endTime="2025-07-04T23:19:36.6419012-06:00" testType="13cdc9d9-ddb5-4fa4-a97d-d965ccfc6d4b" outcome="Passed" testListId="8c84fa94-04c1-424b-9868-57a2d4851a1d" relativeResultsDirectory="120f0de2-749b-4ca2-befc-c5471f6e16b2" />
    <UnitTestResult executionId="4a9a5e12-ac43-4f61-8200-9cdbebcf5b47" testId="63825958-f4e8-5351-9d35-b7ad01f51c33" testName="ExxerAI.Domain.Tests.ResultTests.Result_Ensure_ShouldReturnFailure_WhenConditionFails" computerName="DESKTOP-FB2ES22" duration="00:00:00.0001724" startTime="2025-07-04T23:19:36.6696999-06:00" endTime="2025-07-04T23:19:36.6697318-06:00" testType="13cdc9d9-ddb5-4fa4-a97d-d965ccfc6d4b" outcome="Passed" testListId="8c84fa94-04c1-424b-9868-57a2d4851a1d" relativeResultsDirectory="4a9a5e12-ac43-4f61-8200-9cdbebcf5b47" />
    <UnitTestResult executionId="f2f5851c-8ff7-4a02-802d-b2c7d730c3f9" testId="10e2b3ce-0930-8fe0-1a74-429ab7e52315" testName="ExxerAI.Domain.Tests.ValidationErrorsTests+ResultExtensionsTests.ValidateNotNull_WithAllValidValues_ShouldReturnSuccess" computerName="DESKTOP-FB2ES22" duration="00:00:00.0003382" startTime="2025-07-04T23:19:36.6515314-06:00" endTime="2025-07-04T23:19:36.6518851-06:00" testType="13cdc9d9-ddb5-4fa4-a97d-d965ccfc6d4b" outcome="Passed" testListId="8c84fa94-04c1-424b-9868-57a2d4851a1d" relativeResultsDirectory="f2f5851c-8ff7-4a02-802d-b2c7d730c3f9" />
    <UnitTestResult executionId="48593d0c-3390-42fe-8941-3fb783dabd6e" testId="7ef07af7-1261-9f23-f131-16191e378679" testName="ExxerAI.Domain.Tests.ResultAsyncSafetyTests.Result_WithSpanOptimizations_ShouldWorkInAsyncMethods" computerName="DESKTOP-FB2ES22" duration="00:00:00.2194858" startTime="2025-07-04T23:19:37.5818730-06:00" endTime="2025-07-04T23:19:37.8017809-06:00" testType="13cdc9d9-ddb5-4fa4-a97d-d965ccfc6d4b" outcome="Passed" testListId="8c84fa94-04c1-424b-9868-57a2d4851a1d" relativeResultsDirectory="48593d0c-3390-42fe-8941-3fb783dabd6e" />
    <UnitTestResult executionId="c608ae99-3fb4-4fc5-9e8a-2fdfed1f082c" testId="72e61c31-abb8-573c-899e-8f851943980b" testName="ExxerAI.Domain.Tests.ResultSpanOptimizationTests.FormatErrorsString_SingleError_ShouldUseSpanOptimization" computerName="DESKTOP-FB2ES22" duration="00:00:00.0001872" startTime="2025-07-04T23:19:36.6709207-06:00" endTime="2025-07-04T23:19:36.6709672-06:00" testType="13cdc9d9-ddb5-4fa4-a97d-d965ccfc6d4b" outcome="Passed" testListId="8c84fa94-04c1-424b-9868-57a2d4851a1d" relativeResultsDirectory="c608ae99-3fb4-4fc5-9e8a-2fdfed1f082c" />
    <UnitTestResult executionId="01ba4d82-b2bb-410d-9a48-54a0d075cbdb" testId="4e4242b7-daa0-95eb-865a-a5337f178793" testName="ExxerAI.Domain.Tests.ResultSpanOptimizationTests.CombineErrors_SmallCollections_ShouldUseSpanOptimization" computerName="DESKTOP-FB2ES22" duration="00:00:00.0003050" startTime="2025-07-04T23:19:36.6635403-06:00" endTime="2025-07-04T23:19:36.6637266-06:00" testType="13cdc9d9-ddb5-4fa4-a97d-d965ccfc6d4b" outcome="Passed" testListId="8c84fa94-04c1-424b-9868-57a2d4851a1d" relativeResultsDirectory="01ba4d82-b2bb-410d-9a48-54a0d075cbdb" />
    <UnitTestResult executionId="74594665-f3fc-4851-9a9c-87faff243b41" testId="e693b681-7a84-8088-88d7-11018ad4cd5d" testName="ExxerAI.Domain.Tests.ValidationErrorsTests+ResultExtensionsTests.CreateIfValid_WithNullFactory_ShouldReturnFailure" computerName="DESKTOP-FB2ES22" duration="00:00:00.0002932" startTime="2025-07-04T23:19:36.6408743-06:00" endTime="2025-07-04T23:19:36.6422409-06:00" testType="13cdc9d9-ddb5-4fa4-a97d-d965ccfc6d4b" outcome="Passed" testListId="8c84fa94-04c1-424b-9868-57a2d4851a1d" relativeResultsDirectory="74594665-f3fc-4851-9a9c-87faff243b41" />
    <UnitTestResult executionId="a5298d21-f861-430a-9d2a-09bb744995ea" testId="1bd13117-9451-1837-0285-05635f7af865" testName="ExxerAI.Domain.Tests.ValidationErrorsTests+ResultExtensionsTests.FailForNullArguments_Generic_WithNullOrEmptyNames_ShouldReturnFailure" computerName="DESKTOP-FB2ES22" duration="00:00:00.0009066" startTime="2025-07-04T23:19:36.6227874-06:00" endTime="2025-07-04T23:19:36.6228248-06:00" testType="13cdc9d9-ddb5-4fa4-a97d-d965ccfc6d4b" outcome="Passed" testListId="8c84fa94-04c1-424b-9868-57a2d4851a1d" relativeResultsDirectory="a5298d21-f861-430a-9d2a-09bb744995ea" />
    <UnitTestResult executionId="89ca46dd-8e13-45c9-acbb-226928e26c2f" testId="87dd9720-59f0-5d96-a0b1-30e2237fa17f" testName="ExxerAI.Domain.Tests.ResultRecoveryTests.RecoverWith_ShouldHandleNullValues_Safely" computerName="DESKTOP-FB2ES22" duration="00:00:00.0016053" startTime="2025-07-04T23:19:36.6325136-06:00" endTime="2025-07-04T23:19:36.6335343-06:00" testType="13cdc9d9-ddb5-4fa4-a97d-d965ccfc6d4b" outcome="Passed" testListId="8c84fa94-04c1-424b-9868-57a2d4851a1d" relativeResultsDirectory="89ca46dd-8e13-45c9-acbb-226928e26c2f" />
    <UnitTestResult executionId="1bfee235-99ff-42fd-b0b0-e0cdf03dd499" testId="82ab5042-0bb9-b793-24c2-b87f6545bb74" testName="ExxerAI.Domain.Tests.ValidationErrorsTests+ResultExtensionsTests.FailForNullArguments_Generic_ShouldReturnFailureWithMultipleParams" computerName="DESKTOP-FB2ES22" duration="00:00:00.0009858" startTime="2025-07-04T23:19:36.6229196-06:00" endTime="2025-07-04T23:19:36.6328574-06:00" testType="13cdc9d9-ddb5-4fa4-a97d-d965ccfc6d4b" outcome="Passed" testListId="8c84fa94-04c1-424b-9868-57a2d4851a1d" relativeResultsDirectory="1bfee235-99ff-42fd-b0b0-e0cdf03dd499" />
    <UnitTestResult executionId="576352f9-06fe-439b-9609-8a64ad779678" testId="922e27ac-71f1-1e90-9832-9a8df128307c" testName="ExxerAI.Domain.Tests.ResultSpanOptimizationTests.CombineErrors_AtOptimizationBoundary_ShouldWorkCorrectly" computerName="DESKTOP-FB2ES22" duration="00:00:00.0007469" startTime="2025-07-04T23:19:36.6512010-06:00" endTime="2025-07-04T23:19:36.6518339-06:00" testType="13cdc9d9-ddb5-4fa4-a97d-d965ccfc6d4b" outcome="Passed" testListId="8c84fa94-04c1-424b-9868-57a2d4851a1d" relativeResultsDirectory="576352f9-06fe-439b-9609-8a64ad779678" />
    <UnitTestResult executionId="d3fac1a7-23b9-4755-a4c8-c7506d4e1005" testId="16d31d88-edfc-bb90-20d5-da0e3c90eeac" testName="ExxerAI.Domain.Tests.ResultRecoveryTests.RecoverWith_ShouldConvertCompatibleTypes_WhenResultIsSuccess" computerName="DESKTOP-FB2ES22" duration="00:00:00.0005985" startTime="2025-07-04T23:19:36.6498801-06:00" endTime="2025-07-04T23:19:36.6512565-06:00" testType="13cdc9d9-ddb5-4fa4-a97d-d965ccfc6d4b" outcome="Passed" testListId="8c84fa94-04c1-424b-9868-57a2d4851a1d" relativeResultsDirectory="d3fac1a7-23b9-4755-a4c8-c7506d4e1005" />
    <UnitTestResult executionId="30dbc193-288c-474e-bf71-d919acbb3860" testId="a7648d68-4a66-13d6-f31b-0f8f09ac04c9" testName="ExxerAI.Domain.Tests.CancellationHandlingTests.WrapResultOperation_WithCancellation_ShouldReturnCancellation" computerName="DESKTOP-FB2ES22" duration="00:00:00.0665541" startTime="2025-07-04T23:19:36.6760831-06:00" endTime="2025-07-04T23:19:36.7307283-06:00" testType="13cdc9d9-ddb5-4fa4-a97d-d965ccfc6d4b" outcome="Passed" testListId="8c84fa94-04c1-424b-9868-57a2d4851a1d" relativeResultsDirectory="30dbc193-288c-474e-bf71-d919acbb3860" />
    <UnitTestResult executionId="911680dc-5854-4fd3-b25d-7240ece0681b" testId="dd405242-79ce-8db3-e116-75cb9ddc030a" testName="ExxerAI.Domain.Tests.ResultRecoveryTests.Match_ShouldExecuteFailureFunction_WhenResultIsFailure" computerName="DESKTOP-FB2ES22" duration="00:00:00.0004456" startTime="2025-07-04T23:19:36.6655209-06:00" endTime="2025-07-04T23:19:36.6657375-06:00" testType="13cdc9d9-ddb5-4fa4-a97d-d965ccfc6d4b" outcome="Passed" testListId="8c84fa94-04c1-424b-9868-57a2d4851a1d" relativeResultsDirectory="911680dc-5854-4fd3-b25d-7240ece0681b" />
    <UnitTestResult executionId="54420736-4e98-4566-b38e-da782170e8f1" testId="7d3b6bdc-1de6-d59a-a522-888c60393448" testName="ExxerAI.Domain.Tests.DocumentProcessing.LearningResultTests.Should_SetLearningResults_When_LearningResultInitializedWithValues" computerName="DESKTOP-FB2ES22" duration="00:00:00.0005897" startTime="2025-07-04T23:19:36.6390355-06:00" endTime="2025-07-04T23:19:36.6396023-06:00" testType="13cdc9d9-ddb5-4fa4-a97d-d965ccfc6d4b" outcome="Passed" testListId="8c84fa94-04c1-424b-9868-57a2d4851a1d" relativeResultsDirectory="54420736-4e98-4566-b38e-da782170e8f1" />
    <UnitTestResult executionId="32b0f6b8-1bdc-42e6-b85b-fb91479b27f1" testId="4bd59d2f-7645-b6ea-0d8a-9622470b50f2" testName="ExxerAI.Domain.Tests.EnumTests.EnumModelTests.Exists_WhenCalledWithValues_ShouldReturnCorrectResult(value: 4, expected: True)" computerName="DESKTOP-FB2ES22" duration="00:00:00.0000174" startTime="2025-07-04T23:19:36.6363727-06:00" endTime="2025-07-04T23:19:36.6365531-06:00" testType="13cdc9d9-ddb5-4fa4-a97d-d965ccfc6d4b" outcome="Passed" testListId="8c84fa94-04c1-424b-9868-57a2d4851a1d" relativeResultsDirectory="32b0f6b8-1bdc-42e6-b85b-fb91479b27f1" />
    <UnitTestResult executionId="96298c0d-985b-4ef1-926a-9c65bdee6d4f" testId="8b429e10-a201-9267-1eab-4ff2d91eb035" testName="ExxerAI.Domain.Tests.ResultTests.CombineErrors_NonGeneric_NoErrors_ShouldReturnNoErrorsFoundMessage" computerName="DESKTOP-FB2ES22" duration="00:00:00.0003266" startTime="2025-07-04T23:19:36.6377916-06:00" endTime="2025-07-04T23:19:36.6379688-06:00" testType="13cdc9d9-ddb5-4fa4-a97d-d965ccfc6d4b" outcome="Passed" testListId="8c84fa94-04c1-424b-9868-57a2d4851a1d" relativeResultsDirectory="96298c0d-985b-4ef1-926a-9c65bdee6d4f" />
    <UnitTestResult executionId="bcdec650-9e31-4e2e-af42-606fac462f48" testId="c3905146-5b5f-0646-6962-9ae0a2f45af6" testName="ExxerAI.Domain.Tests.ResultRecoveryTests.RecoverWith_ShouldHandleComplexTypeConversions_SafelyWithoutExceptions" computerName="DESKTOP-FB2ES22" duration="00:00:00.0006842" startTime="2025-07-04T23:19:36.6421958-06:00" endTime="2025-07-04T23:19:36.6441445-06:00" testType="13cdc9d9-ddb5-4fa4-a97d-d965ccfc6d4b" outcome="Passed" testListId="8c84fa94-04c1-424b-9868-57a2d4851a1d" relativeResultsDirectory="bcdec650-9e31-4e2e-af42-606fac462f48" />
    <UnitTestResult executionId="a2081bdc-c93a-4113-9ba1-e70ee9c7edbc" testId="fac98a10-5cde-b090-527d-46fc1a3dfc8d" testName="ExxerAI.Domain.Tests.DocumentProcessing.ValidationResultDocumentTests.Should_HandleValidationErrors_When_ErrorsAdded" computerName="DESKTOP-FB2ES22" duration="00:00:00.0159950" startTime="2025-07-04T23:19:36.6034290-06:00" endTime="2025-07-04T23:19:36.6381782-06:00" testType="13cdc9d9-ddb5-4fa4-a97d-d965ccfc6d4b" outcome="Passed" testListId="8c84fa94-04c1-424b-9868-57a2d4851a1d" relativeResultsDirectory="a2081bdc-c93a-4113-9ba1-e70ee9c7edbc" />
[...]
    <TestEntry testId="92c8c78e-2816-47e6-0b3c-e03aeff53a4a" executionId="5ae71c25-2f0e-4cb6-8444-95bdbfdcc4b5" testListId="8c84fa94-04c1-424b-9868-57a2d4851a1d" />
    <TestEntry testId="b631f550-53f1-0ce3-b3c0-127d573db68e" executionId="07dfc292-9c3a-4c6d-9279-6d3c94e82d23" testListId="8c84fa94-04c1-424b-9868-57a2d4851a1d" />
    <TestEntry testId="f8fcea23-3c51-9c60-c5a6-a1a67c34b5c4" executionId="ac07d327-e0b9-4152-b6ae-2e655a7cebff" testListId="8c84fa94-04c1-424b-9868-57a2d4851a1d" />
    <TestEntry testId="6e763e48-09c3-9890-e8e4-2ff3adf2e665" executionId="160680fb-461a-4d2b-82dd-0b43aa21b859" testListId="8c84fa94-04c1-424b-9868-57a2d4851a1d" />
    <TestEntry testId="94f6cf7b-5315-2757-861f-75c77a06bf59" executionId="f5869f18-6129-48c3-b792-4c91ce8ae7d8" testListId="8c84fa94-04c1-424b-9868-57a2d4851a1d" />
    <TestEntry testId="0e4f24d8-effe-e5c7-bf5e-081d05a8e9eb" executionId="3fc32f9b-39b1-49c0-84da-190e8e62d8a8" testListId="8c84fa94-04c1-424b-9868-57a2d4851a1d" />
    <TestEntry testId="32f3c877-f090-4b05-2dc9-d7f72c1d1276" executionId="d70f39e2-69b5-4efe-95e0-f2b7134e5290" testListId="8c84fa94-04c1-424b-9868-57a2d4851a1d" />
    <TestEntry testId="a6e71e24-6bc2-f610-b68a-c0947f019de0" executionId="e14312ae-d138-4118-b1e0-cae04bdc2c98" testListId="8c84fa94-04c1-424b-9868-57a2d4851a1d" />
    <TestEntry testId="f5cdc1c4-3719-51d7-2db3-0d3f2815fcda" executionId="8a9c6d4b-27bd-4407-920f-474396602f75" testListId="8c84fa94-04c1-424b-9868-57a2d4851a1d" />
    <TestEntry testId="1e2158fb-7c2f-7cd2-2e7f-c14ba62505c6" executionId="2b1c97e3-ec56-4775-a50f-f7960b42e1b5" testListId="8c84fa94-04c1-424b-9868-57a2d4851a1d" />
    <TestEntry testId="09817d7e-1e08-d8a7-19fd-f3530a08cff0" executionId="e525f271-9cc1-4dc0-8c18-9c235befd194" testListId="8c84fa94-04c1-424b-9868-57a2d4851a1d" />
    <TestEntry testId="02099127-b2d4-5e43-22a8-ff63a7206855" executionId="635b9dfe-d9d4-49d8-9bbf-a8a4b7f8bcdd" testListId="8c84fa94-04c1-424b-9868-57a2d4851a1d" />
    <TestEntry testId="60e3a0a2-7363-a578-cd44-022f06c00254" executionId="f160c3bc-1838-4f7a-8e0a-122c49afc386" testListId="8c84fa94-04c1-424b-9868-57a2d4851a1d" />
    <TestEntry testId="ce0f4278-76a9-85c1-5453-ddf1fbe6fb46" executionId="899c3c0f-2228-4d47-86ad-9dbd660ba337" testListId="8c84fa94-04c1-424b-9868-57a2d4851a1d" />
    <TestEntry testId="676bdcec-c68e-0e6d-5fdf-a7128263ffa0" executionId="0f0f4f29-2334-41f4-a104-315e1519f55c" testListId="8c84fa94-04c1-424b-9868-57a2d4851a1d" />
    <TestEntry testId="e55a0a33-d5fa-5ca3-011d-2719df8c6cba" executionId="07aa5161-a218-43d8-936a-ac5126a4e84c" testListId="8c84fa94-04c1-424b-9868-57a2d4851a1d" />
    <TestEntry testId="a9f71c6e-f62c-428e-f018-b08e67c33845" executionId="cedfcc74-f6d3-40da-adda-cfaf43b2f142" testListId="8c84fa94-04c1-424b-9868-57a2d4851a1d" />
    <TestEntry testId="8668839a-4c54-7dab-9b7e-acc7d8005a1b" executionId="cc5ffa8f-da51-4dae-a377-a55903216f2e" testListId="8c84fa94-04c1-424b-9868-57a2d4851a1d" />
    <TestEntry testId="20fcd088-fbf2-9208-88a7-91d7da0011e6" executionId="173fabc1-919f-42d4-8b41-4444e9c1b634" testListId="8c84fa94-04c1-424b-9868-57a2d4851a1d" />
    <TestEntry testId="00f7da39-b509-8e64-73dd-cc504c570f24" executionId="e6db86f4-c505-49c3-8316-11d48cb30170" testListId="8c84fa94-04c1-424b-9868-57a2d4851a1d" />
    <TestEntry testId="40fece45-a757-2f08-6f49-8e333f9fc7f6" executionId="2503ed78-005f-4db5-81e6-d2801e8c8e74" testListId="8c84fa94-04c1-424b-9868-57a2d4851a1d" />
    <TestEntry testId="e3f8fa40-65a3-c9b5-f811-3ef3081f89a3" executionId="cc1e4c44-761a-4824-8116-4488b25fc4f5" testListId="8c84fa94-04c1-424b-9868-57a2d4851a1d" />
    <TestEntry testId="8aae346d-00cb-0050-d9e8-d1d4adfc08c1" executionId="c4f972bf-5a2b-463f-8a17-a61dc21076f2" testListId="8c84fa94-04c1-424b-9868-57a2d4851a1d" />
    <TestEntry testId="40a38d3d-264e-ea47-eb08-e5e008d08f9a" executionId="15b33cd5-afc5-4268-907d-6d593f765144" testListId="8c84fa94-04c1-424b-9868-57a2d4851a1d" />
    <TestEntry testId="e8a7c49b-19ff-ac51-2e77-a5cb92b1346e" executionId="3179d8ec-be4a-4628-aafc-13ff8617e0c4" testListId="8c84fa94-04c1-424b-9868-57a2d4851a1d" />
    <TestEntry testId="b4838719-2065-1680-93af-11d3d2db4ee6" executionId="9b0802aa-8eab-423d-8a7a-2066793bfe40" testListId="8c84fa94-04c1-424b-9868-57a2d4851a1d" />
    <TestEntry testId="387fce49-bc45-ebea-9142-7cda96cfae30" executionId="732b540a-c067-4976-87ba-6c09c2309ac8" testListId="8c84fa94-04c1-424b-9868-57a2d4851a1d" />
    <TestEntry testId="e358d28d-0ff6-415f-6dba-a85ba5d45b1a" executionId="2d6a274c-3fef-4509-bbce-9e0933a1d1f3" testListId="8c84fa94-04c1-424b-9868-57a2d4851a1d" />
    <TestEntry testId="3693d638-f2ab-82fe-fba3-4b103d5aeb13" executionId="36e8812b-976a-4175-b76f-5b7ccbbe0502" testListId="8c84fa94-04c1-424b-9868-57a2d4851a1d" />
    <TestEntry testId="008d66c0-68ae-7829-664e-3dc25b2e2040" executionId="ea57378b-6cd3-46cf-a7ea-1afe31c3a02d" testListId="8c84fa94-04c1-424b-9868-57a2d4851a1d" />
    <TestEntry testId="c8f958ac-7402-dc41-7284-57b6a8eb6bf5" executionId="7b7fc1f8-22a3-4fa3-aac7-f387ba6891c7" testListId="8c84fa94-04c1-424b-9868-57a2d4851a1d" />
    <TestEntry testId="995a7fda-4f2c-a05d-45db-02186ae726a9" executionId="7b849c47-0ca4-413d-b632-9fd903e67bbe" testListId="8c84fa94-04c1-424b-9868-57a2d4851a1d" />
    <TestEntry testId="0e27c11d-3926-7be0-96c8-28f1ac41621e" executionId="3f4a1bfe-5b55-4841-bac1-da9f34e63347" testListId="8c84fa94-04c1-424b-9868-57a2d4851a1d" />
    <TestEntry testId="5e60ed54-66b7-8973-a848-a1e895ba2e48" executionId="318ed750-4bcd-4236-b19d-2a802a0a716d" testListId="8c84fa94-04c1-424b-9868-57a2d4851a1d" />
    <TestEntry testId="f8183df3-5740-c296-d54b-1ceee39092b2" executionId="b40cdad1-d5cf-49cc-bb76-099d93c4c713" testListId="8c84fa94-04c1-424b-9868-57a2d4851a1d" />
    <TestEntry testId="daef5881-8d0a-9f51-5404-8eff46fbea3c" executionId="b1f6d389-308e-4777-9cd8-880c0423df46" testListId="8c84fa94-04c1-424b-9868-57a2d4851a1d" />
    <TestEntry testId="789298dd-9c9e-d4db-e2a4-1d2ca2e90e98" executionId="5dc8f46f-83bb-4001-bb56-2c100430ccd6" testListId="8c84fa94-04c1-424b-9868-57a2d4851a1d" />
    <TestEntry testId="7fb4039c-7b20-dc27-35fb-b0ce2a2087c5" executionId="61e49c49-4359-46e2-8e43-76ed180d6cff" testListId="8c84fa94-04c1-424b-9868-57a2d4851a1d" />
    <TestEntry testId="076dccfd-5d7a-cbc1-46b5-a3d467d6b32b" executionId="1d79e0f4-bd1c-42d1-abd8-37fc95afefe1" testListId="8c84fa94-04c1-424b-9868-57a2d4851a1d" />
    <TestEntry testId="58e4f55f-2e0e-8941-aae1-334194db6a77" executionId="34b5c366-7cdf-41e0-ab19-eee510ce86d4" testListId="8c84fa94-04c1-424b-9868-57a2d4851a1d" />
    <TestEntry testId="db9256eb-41bb-5b2f-dc4c-00e5bfc81979" executionId="5daa911d-889c-4fb7-af3c-2e8743371954" testListId="8c84fa94-04c1-424b-9868-57a2d4851a1d" />
    <TestEntry testId="deb222f7-8043-ed97-7608-dc4c437d62ff" executionId="628099bc-e0b0-4440-8c34-996cd57e60e2" testListId="8c84fa94-04c1-424b-9868-57a2d4851a1d" />
    <TestEntry testId="9566b3f9-4c19-2cc7-010d-34303ad55cdb" executionId="b0e946fd-e10d-4f35-84d0-27ccbd69534e" testListId="8c84fa94-04c1-424b-9868-57a2d4851a1d" />
    <TestEntry testId="644bcf44-80d5-4db1-bdfa-c7a30ddd4d7b" executionId="00e78dae-0731-454b-8e8b-c508dbb75f17" testListId="8c84fa94-04c1-424b-9868-57a2d4851a1d" />
    <TestEntry testId="c1c35af9-2fcf-f6c9-459e-c3e6d2214d26" executionId="8d02e62c-38e1-443d-839b-f49237da3675" testListId="8c84fa94-04c1-424b-9868-57a2d4851a1d" />
    <TestEntry testId="97552cc4-0499-78cf-0ecf-f136f5f59983" executionId="86c82a84-4a2e-489f-8db6-ebeea9453ec2" testListId="8c84fa94-04c1-424b-9868-57a2d4851a1d" />
    <TestEntry testId="96b51052-8d62-7cc2-2329-bb6f2afd3090" executionId="ca252db7-d7a2-4d00-8910-ba7997afcf88" testListId="8c84fa94-04c1-424b-9868-57a2d4851a1d" />
    <TestEntry testId="674c4970-bc97-a1fe-5d07-eeb41bf30098" executionId="f5691292-ee14-480a-92de-494791e667c7" testListId="8c84fa94-04c1-424b-9868-57a2d4851a1d" />
    <TestEntry testId="a7357bb3-b635-ca27-7f66-d5fc503967d3" executionId="c9b297e1-9dde-4e99-8e3d-98c921e64a7e" testListId="8c84fa94-04c1-424b-9868-57a2d4851a1d" />
    <TestEntry testId="56072efc-0a2e-8337-341d-49edd4fd9644" executionId="9035ffdf-58b6-460f-8578-c5f05588ee4e" testListId="8c84fa94-04c1-424b-9868-57a2d4851a1d" />
    <TestEntry testId="ec32e4fb-7035-5557-34f0-fb12264d42be" executionId="93f24200-6680-45be-86b7-92337be8dbbf" testListId="8c84fa94-04c1-424b-9868-57a2d4851a1d" />
    <TestEntry testId="abd2c301-ac86-1f75-a979-8d71db7092d3" executionId="280d243e-9d07-4074-9de4-fcb370ff2c61" testListId="8c84fa94-04c1-424b-9868-57a2d4851a1d" />
    <TestEntry testId="a44d2cb9-2468-c453-5afe-3b49db284eca" executionId="94e82cf8-5768-4737-b63f-185010ce40dd" testListId="8c84fa94-04c1-424b-9868-57a2d4851a1d" />
    <TestEntry testId="629c0889-d8b6-8314-a9e9-25be0edb265a" executionId="996a4d84-f8e1-4707-9f2f-cfa6e2274b44" testListId="8c84fa94-04c1-424b-9868-57a2d4851a1d" />
    <TestEntry testId="a9285626-17b0-41e6-9be2-3710850ef3d4" executionId="0193fff9-45b1-4010-b990-8f12c8b12394" testListId="8c84fa94-04c1-424b-9868-57a2d4851a1d" />
    <TestEntry testId="cb3f3466-72b5-0579-6aa4-d407607b60a9" executionId="0581064f-2359-4436-b550-9b7e2950eaa9" testListId="8c84fa94-04c1-424b-9868-57a2d4851a1d" />
    <TestEntry testId="79672f84-c5a3-aab3-5dae-778e81512764" executionId="94d8661c-9ea8-4753-ab6c-9f416053671a" testListId="8c84fa94-04c1-424b-9868-57a2d4851a1d" />
    <TestEntry testId="f27187ea-ba2f-e908-64cf-8d1402f66038" executionId="3bb648f0-7fee-4e5d-b726-5faeb34fb482" testListId="8c84fa94-04c1-424b-9868-57a2d4851a1d" />
    <TestEntry testId="d244b4ce-14e7-a906-64b8-78b65c214226" executionId="68fe78ef-4fc0-452a-87ea-1895c71d25f8" testListId="8c84fa94-04c1-424b-9868-57a2d4851a1d" />
    <TestEntry testId="639997a1-bb8c-c669-d406-f010b20dd0d4" executionId="93aac24f-c7c8-4005-985d-6601c5b216f4" testListId="8c84fa94-04c1-424b-9868-57a2d4851a1d" />
    <TestEntry testId="01666f8b-adb2-bdfa-398f-22fbbaaf7963" executionId="bf60df7a-9fab-4256-8d83-ff8ef3946554" testListId="8c84fa94-04c1-424b-9868-57a2d4851a1d" />
    <TestEntry testId="56ae0d5f-ce89-276f-8b42-5b8bb24e6c8e" executionId="70dfb2af-2ade-481b-a9c0-30fadc2f2a59" testListId="8c84fa94-04c1-424b-9868-57a2d4851a1d" />
    <TestEntry testId="38f61a39-95c0-4f3b-5357-4393a0f35de5" executionId="71ec5c92-26e4-4de9-a89d-6de2d09953f7" testListId="8c84fa94-04c1-424b-9868-57a2d4851a1d" />
    <TestEntry testId="ad180e14-c764-9cd6-e217-695f4dfb75d3" executionId="0ddfbc2f-1c0c-4365-a09f-82f6ad5b570c" testListId="8c84fa94-04c1-424b-9868-57a2d4851a1d" />
    <TestEntry testId="58b06061-2932-4dce-d4a0-8e7a9e32ce83" executionId="d05edeba-f718-418f-bb1b-abcdda98b0e4" testListId="8c84fa94-04c1-424b-9868-57a2d4851a1d" />
    <TestEntry testId="ff2f6681-da4d-347a-655f-d2643bcd3461" executionId="ef81dd69-dbe3-4a3e-9f83-324b57d0c890" testListId="8c84fa94-04c1-424b-9868-57a2d4851a1d" />
    <TestEntry testId="782d9d8f-6967-c6c7-a805-8a542b22751d" executionId="c509fa23-950b-47c4-a59d-3c4e3341d86f" testListId="8c84fa94-04c1-424b-9868-57a2d4851a1d" />
    <TestEntry testId="84b1a82b-4bd1-76d4-fa20-2eaba67646ae" executionId="811be74b-3505-4c4b-a6d4-06236b43b898" testListId="8c84fa94-04c1-424b-9868-57a2d4851a1d" />
    <TestEntry testId="4185ccca-fcdc-52ef-fb8f-95b1f213670f" executionId="92da9138-2437-4d90-85bb-5f403dc7c426" testListId="8c84fa94-04c1-424b-9868-57a2d4851a1d" />
    <TestEntry testId="4cac043f-6390-6414-3733-f8484af26350" executionId="a1f73265-36bd-487a-962c-bdb0f088b708" testListId="8c84fa94-04c1-424b-9868-57a2d4851a1d" />
    <TestEntry testId="874ff282-6fe7-594d-14c4-fa84c70257f0" executionId="28794cca-c59b-4947-85ef-84f5e0f2c10c" testListId="8c84fa94-04c1-424b-9868-57a2d4851a1d" />
    <TestEntry testId="eda8b6ba-b89e-1660-5d46-4a829139bf28" executionId="61fb680e-645c-4aa9-9795-aadb110dd069" testListId="8c84fa94-04c1-424b-9868-57a2d4851a1d" />
    <TestEntry testId="e2e85c77-abd6-bee2-9e8c-a4120f349619" executionId="4d2f36ac-b0c2-4ac1-8e0b-4b3f6741203f" testListId="8c84fa94-04c1-424b-9868-57a2d4851a1d" />
    <TestEntry testId="72778674-de20-c6a8-f549-7002d4764c1b" executionId="7b2ce14d-ca1f-454e-a763-b776fc8448dc" testListId="8c84fa94-04c1-424b-9868-57a2d4851a1d" />
    <TestEntry testId="0bb0763e-6a39-287e-0e91-1454ef29e5cb" executionId="f1914ac6-c080-4232-947a-437be107f616" testListId="8c84fa94-04c1-424b-9868-57a2d4851a1d" />
    <TestEntry testId="5c3e8d1a-21de-9a69-dbd6-ce0fdbb7f607" executionId="281b36f0-b99f-4f64-a3ec-6d9a780485d7" testListId="8c84fa94-04c1-424b-9868-57a2d4851a1d" />
    <TestEntry testId="e8f385cd-484c-325c-fd11-a7d93a39adda" executionId="d9c42818-2f05-4cc6-957e-1840cdf5a661" testListId="8c84fa94-04c1-424b-9868-57a2d4851a1d" />
    <TestEntry testId="59d3669f-0e5b-a96a-30d8-b5633fae5b11" executionId="262b9670-2f2c-4bad-9667-60be2cb9b133" testListId="8c84fa94-04c1-424b-9868-57a2d4851a1d" />
    <TestEntry testId="f590d872-a1cc-65fa-f615-da8734521e32" executionId="069bf9b0-0dd7-4083-8e6b-f277fedb4508" testListId="8c84fa94-04c1-424b-9868-57a2d4851a1d" />
    <TestEntry testId="ecc75278-2680-e7fa-8bff-9d64100cbe43" executionId="120f0de2-749b-4ca2-befc-c5471f6e16b2" testListId="8c84fa94-04c1-424b-9868-57a2d4851a1d" />
    <TestEntry testId="63825958-f4e8-5351-9d35-b7ad01f51c33" executionId="4a9a5e12-ac43-4f61-8200-9cdbebcf5b47" testListId="8c84fa94-04c1-424b-9868-57a2d4851a1d" />
    <TestEntry testId="10e2b3ce-0930-8fe0-1a74-429ab7e52315" executionId="f2f5851c-8ff7-4a02-802d-b2c7d730c3f9" testListId="8c84fa94-04c1-424b-9868-57a2d4851a1d" />
    <TestEntry testId="7ef07af7-1261-9f23-f131-16191e378679" executionId="48593d0c-3390-42fe-8941-3fb783dabd6e" testListId="8c84fa94-04c1-424b-9868-57a2d4851a1d" />
    <TestEntry testId="72e61c31-abb8-573c-899e-8f851943980b" executionId="c608ae99-3fb4-4fc5-9e8a-2fdfed1f082c" testListId="8c84fa94-04c1-424b-9868-57a2d4851a1d" />
    <TestEntry testId="4e4242b7-daa0-95eb-865a-a5337f178793" executionId="01ba4d82-b2bb-410d-9a48-54a0d075cbdb" testListId="8c84fa94-04c1-424b-9868-57a2d4851a1d" />
    <TestEntry testId="e693b681-7a84-8088-88d7-11018ad4cd5d" executionId="74594665-f3fc-4851-9a9c-87faff243b41" testListId="8c84fa94-04c1-424b-9868-57a2d4851a1d" />
    <TestEntry testId="1bd13117-9451-1837-0285-05635f7af865" executionId="a5298d21-f861-430a-9d2a-09bb744995ea" testListId="8c84fa94-04c1-424b-9868-57a2d4851a1d" />
    <TestEntry testId="87dd9720-59f0-5d96-a0b1-30e2237fa17f" executionId="89ca46dd-8e13-45c9-acbb-226928e26c2f" testListId="8c84fa94-04c1-424b-9868-57a2d4851a1d" />
    <TestEntry testId="82ab5042-0bb9-b793-24c2-b87f6545bb74" executionId="1bfee235-99ff-42fd-b0b0-e0cdf03dd499" testListId="8c84fa94-04c1-424b-9868-57a2d4851a1d" />
    <TestEntry testId="922e27ac-71f1-1e90-9832-9a8df128307c" executionId="576352f9-06fe-439b-9609-8a64ad779678" testListId="8c84fa94-04c1-424b-9868-57a2d4851a1d" />
    <TestEntry testId="16d31d88-edfc-bb90-20d5-da0e3c90eeac" executionId="d3fac1a7-23b9-4755-a4c8-c7506d4e1005" testListId="8c84fa94-04c1-424b-9868-57a2d4851a1d" />
    <TestEntry testId="a7648d68-4a66-13d6-f31b-0f8f09ac04c9" executionId="30dbc193-288c-474e-bf71-d919acbb3860" testListId="8c84fa94-04c1-424b-9868-57a2d4851a1d" />
    <TestEntry testId="dd405242-79ce-8db3-e116-75cb9ddc030a" executionId="911680dc-5854-4fd3-b25d-7240ece0681b" testListId="8c84fa94-04c1-424b-9868-57a2d4851a1d" />
    <TestEntry testId="7d3b6bdc-1de6-d59a-a522-888c60393448" executionId="54420736-4e98-4566-b38e-da782170e8f1" testListId="8c84fa94-04c1-424b-9868-57a2d4851a1d" />
    <TestEntry testId="4bd59d2f-7645-b6ea-0d8a-9622470b50f2" executionId="32b0f6b8-1bdc-42e6-b85b-fb91479b27f1" testListId="8c84fa94-04c1-424b-9868-57a2d4851a1d" />
    <TestEntry testId="8b429e10-a201-9267-1eab-4ff2d91eb035" executionId="96298c0d-985b-4ef1-926a-9c65bdee6d4f" testListId="8c84fa94-04c1-424b-9868-57a2d4851a1d" />
    <TestEntry testId="c3905146-5b5f-0646-6962-9ae0a2f45af6" executionId="bcdec650-9e31-4e2e-af42-606fac462f48" testListId="8c84fa94-04c1-424b-9868-57a2d4851a1d" />
    <TestEntry testId="fac98a10-5cde-b090-527d-46fc1a3dfc8d" executionId="a2081bdc-c93a-4113-9ba1-e70ee9c7edbc" testListId="8c84fa94-04c1-424b-9868-57a2d4851a1d" />
    <TestEntry testId="1846e3a8-19d1-3a55-62c9-d5cb95f80a5f" executionId="f21d64d9-9ebd-474e-810d-220883a42e86" testListId="8c84fa94-04c1-424b-9868-57a2d4851a1d" />
    <TestEntry testId="da9bc948-ccd4-ec7a-77d5-2016a1f781f2" executionId="9facab22-f5a9-4930-8f49-347f0b8633db" testListId="8c84fa94-04c1-424b-9868-57a2d4851a1d" />
    <TestEntry testId="1701772e-6f54-0acf-0e88-e9a7a45fadde" executionId="12a1e854-6cc2-4fd3-8775-f096d1ecc5ff" testListId="8c84fa94-04c1-424b-9868-57a2d4851a1d" />
    <TestEntry testId="3a3c7085-3a9b-6d76-07b3-98048e3e9f52" executionId="ca95b372-8ec2-4ea9-9add-6069076f2141" testListId="8c84fa94-04c1-424b-9868-57a2d4851a1d" />
    <TestEntry testId="a53c4723-e342-43c5-bb8f-ab20a73aeaf1" executionId="ce612b13-3d62-428d-b0ba-2809f22b236b" testListId="8c84fa94-04c1-424b-9868-57a2d4851a1d" />
    <TestEntry testId="08bb7c34-aa66-9584-c4ff-aa983410d966" executionId="f17af06c-3276-4e76-b405-928a579a6828" testListId="8c84fa94-04c1-424b-9868-57a2d4851a1d" />
    <TestEntry testId="a8617554-53f6-76b6-bfad-dde010670e7f" executionId="fdc2e331-1b4d-42c2-a050-bef248d52eb1" testListId="8c84fa94-04c1-424b-9868-57a2d4851a1d" />
    <TestEntry testId="aaed61b0-ede8-b2e1-4987-6111dd4a5844" executionId="0d6854ac-fded-43f5-9cd7-5512d94263ae" testListId="8c84fa94-04c1-424b-9868-57a2d4851a1d" />
    <TestEntry testId="af6d86fb-8662-e65e-7b20-ae28e268ca9a" executionId="e8b67e49-c8a7-4eaa-967e-a22f503f9047" testListId="8c84fa94-04c1-424b-9868-57a2d4851a1d" />
    <TestEntry testId="c7c67a5e-ba5d-a183-c954-80220aae8abb" executionId="8fc92a7a-4fc1-4201-9bbf-5bd885c3af0c" testListId="8c84fa94-04c1-424b-9868-57a2d4851a1d" />
    <TestEntry testId="4dbbb630-7076-d661-260e-a96c44502222" executionId="a3738b1f-fd3a-4086-ba1e-9d1f49c83b06" testListId="8c84fa94-04c1-424b-9868-57a2d4851a1d" />
    <TestEntry testId="28f70096-de17-65d2-d837-6ecb52878c28" executionId="db4f4c0e-c501-4608-a092-5c28f7213034" testListId="8c84fa94-04c1-424b-9868-57a2d4851a1d" />
    <TestEntry testId="547a39bf-dd5b-5506-2091-53eafe8002b8" executionId="f4649765-9690-4857-8e22-b77902c7269a" testListId="8c84fa94-04c1-424b-9868-57a2d4851a1d" />
    <TestEntry testId="f835c362-3075-c977-bf81-d33d31be0783" executionId="ad788d14-2e14-4f6a-81c0-0b7827831ed5" testListId="8c84fa94-04c1-424b-9868-57a2d4851a1d" />
    <TestEntry testId="ec024026-67c8-2a86-8344-190eccba05bf" executionId="f7f689c6-8765-49e5-a3e2-c972b9966091" testListId="8c84fa94-04c1-424b-9868-57a2d4851a1d" />
    <TestEntry testId="75691863-b483-876a-2eee-5533ae98fe73" executionId="6fd04e06-51fa-44b3-88c4-09b4fcf6dfd9" testListId="8c84fa94-04c1-424b-9868-57a2d4851a1d" />
    <TestEntry testId="52edc7dd-983a-8905-fdf1-7c805bce4891" executionId="f0f94ca6-b1e3-45c9-8bcc-c525ad1e5cc4" testListId="8c84fa94-04c1-424b-9868-57a2d4851a1d" />
  </TestEntries>
  <TestLists>
    <TestList name="Results Not in a List" id="8c84fa94-04c1-424b-9868-57a2d4851a1d" />
    <TestList name="All Loaded Results" id="19431567-8539-422a-85d7-44ee4e166bda" />
  </TestLists>
  <ResultSummary outcome="Completed">
    <Counters total="155" executed="155" passed="155" failed="0" error="0" timeout="0" aborted="0" inconclusive="0" passedButRunAborted="0" notRunnable="0" notExecuted="0" disconnected="0" warning="0" completed="0" inProgress="0" pending="0" />
    <Output>
      <StdOut>[xUnit.net 00:00:00.00] xUnit.net VSTest Adapter v3.1.1+bf6400fd51 (64-bit .NET 9.0.6)&#xD;
[xUnit.net 00:00:00.16]   Discovering: ExxerAI.Domain.Tests&#xD;
[xUnit.net 00:00:00.39]   Discovered:  ExxerAI.Domain.Tests&#xD;
[xUnit.net 00:00:00.44]   Starting:    ExxerAI.Domain.Tests&#xD;
[xUnit.net 00:00:03.05]   Finished:    ExxerAI.Domain.Tests&#xD;
</StdOut>
    </Output>
  </ResultSummary>
</TestRun>