<?xml version="1.0" encoding="utf-8"?>
<TestRun id="e5846143-3551-4f3f-b16b-d0a8a4b7bc16" name="Abel Briones@DESKTOP-FB2ES22 2025-07-04 09:01:56" runUser="DESKTOP-FB2ES22\Abel Briones" xmlns="http://microsoft.com/schemas/VisualStudio/TeamTest/2010">
  <Times creation="2025-07-04T09:01:56.3380311-06:00" queuing="2025-07-04T09:01:56.3380315-06:00" start="2025-07-04T09:01:54.0594386-06:00" finish="2025-07-04T09:01:56.9667555-06:00" />
  <TestSettings name="default" id="89252e2e-4080-4b3b-a23d-dacea6305c37">
    <Deployment runDeploymentRoot="Abel_Briones_DESKTOP-FB2ES22_2025-07-04_09_01_56" />
  </TestSettings>
  <Results>
    <UnitTestResult executionId="51e33227-e6f2-4a30-baba-56c2ceb12c0d" testId="0aba6b81-f2b2-e78e-60fa-3a23db11b59f" testName="ExxerAI.CLI.Tests.AgentCommandsTests.DeactivateAgent_Should_ReturnError_When_InvalidIdFormat" computerName="DESKTOP-FB2ES22" duration="00:00:00.0004461" startTime="2025-07-04T09:01:56.4489809-06:00" endTime="2025-07-04T09:01:56.4492535-06:00" testType="13cdc9d9-ddb5-4fa4-a97d-d965ccfc6d4b" outcome="Passed" testListId="8c84fa94-04c1-424b-9868-57a2d4851a1d" relativeResultsDirectory="51e33227-e6f2-4a30-baba-56c2ceb12c0d" />
    <UnitTestResult executionId="b39859d9-87a7-4ad1-b195-d7555e41c859" testId="5e05c554-f6fb-dd13-8393-d8efa04716d1" testName="ExxerAI.CLI.Tests.TaskCommandsTests.ExecuteAsync_Should_CallShowTaskStatus_When_StatusCommandProvided" computerName="DESKTOP-FB2ES22" duration="00:00:00.0029243" startTime="2025-07-04T09:01:56.4591270-06:00" endTime="2025-07-04T09:01:56.4600206-06:00" testType="13cdc9d9-ddb5-4fa4-a97d-d965ccfc6d4b" outcome="Passed" testListId="8c84fa94-04c1-424b-9868-57a2d4851a1d" relativeResultsDirectory="b39859d9-87a7-4ad1-b195-d7555e41c859" />
    <UnitTestResult executionId="e9db6a8a-cb19-425e-8aad-a4747cffacfc" testId="e5d153b5-118f-a2e8-b6d0-39c8f163b13b" testName="ExxerAI.CLI.Tests.CommandRouterTests.ExecuteAsync_Should_ShowVersion_When_VersionCommandProvided" computerName="DESKTOP-FB2ES22" duration="00:00:00.0041620" startTime="2025-07-04T09:01:56.4565238-06:00" endTime="2025-07-04T09:01:56.4592354-06:00" testType="13cdc9d9-ddb5-4fa4-a97d-d965ccfc6d4b" outcome="Passed" testListId="8c84fa94-04c1-424b-9868-57a2d4851a1d" relativeResultsDirectory="e9db6a8a-cb19-425e-8aad-a4747cffacfc" />
    <UnitTestResult executionId="331d5f41-60d0-4015-ab24-d72a73d68401" testId="b275e674-1c0c-5631-cbcc-358d0470e259" testName="ExxerAI.CLI.Tests.CommandRouterTests.ExecuteAsync_Should_RouteToAgentCommands_When_AgentCommandProvided" computerName="DESKTOP-FB2ES22" duration="00:00:00.0020361" startTime="2025-07-04T09:01:56.4918758-06:00" endTime="2025-07-04T09:01:56.4936946-06:00" testType="13cdc9d9-ddb5-4fa4-a97d-d965ccfc6d4b" outcome="Passed" testListId="8c84fa94-04c1-424b-9868-57a2d4851a1d" relativeResultsDirectory="331d5f41-60d0-4015-ab24-d72a73d68401" />
    <UnitTestResult executionId="9d9a2b2b-d0c8-4a37-a8e7-50461cc4be78" testId="957adbfb-5158-e3ef-9430-e8cb115c360e" testName="ExxerAI.CLI.Tests.CommandRouterTests.ExecuteAsync_Should_ShowUnknownCommand_When_InvalidCommandsProvided(invalidCommand: &quot;unknown&quot;)" computerName="DESKTOP-FB2ES22" duration="00:00:00.0002714" startTime="2025-07-04T09:01:56.4623383-06:00" endTime="2025-07-04T09:01:56.4624876-06:00" testType="13cdc9d9-ddb5-4fa4-a97d-d965ccfc6d4b" outcome="Passed" testListId="8c84fa94-04c1-424b-9868-57a2d4851a1d" relativeResultsDirectory="9d9a2b2b-d0c8-4a37-a8e7-50461cc4be78" />
    <UnitTestResult executionId="42813307-5523-419e-ab4a-a7e43473b25c" testId="82b43356-16cb-62bf-661d-ecab48566a62" testName="ExxerAI.CLI.Tests.AgentCommandsTests.ListAgents_Should_ReturnSuccess_When_NoAgentsExist" computerName="DESKTOP-FB2ES22" duration="00:00:00.0020699" startTime="2025-07-04T09:01:56.3741366-06:00" endTime="2025-07-04T09:01:56.3749828-06:00" testType="13cdc9d9-ddb5-4fa4-a97d-d965ccfc6d4b" outcome="Passed" testListId="8c84fa94-04c1-424b-9868-57a2d4851a1d" relativeResultsDirectory="42813307-5523-419e-ab4a-a7e43473b25c" />
    <UnitTestResult executionId="96b1afef-8de8-4ea1-9c09-fb57a2fab63d" testId="04eca4c8-3db1-57ef-2f0e-2e3debaad4a6" testName="ExxerAI.CLI.Tests.TaskCommandsTests.ExecuteAsync_Should_CallCreateTask_When_CreateCommandProvided" computerName="DESKTOP-FB2ES22" duration="00:00:00.0020777" startTime="2025-07-04T09:01:56.4866214-06:00" endTime="2025-07-04T09:01:56.4867571-06:00" testType="13cdc9d9-ddb5-4fa4-a97d-d965ccfc6d4b" outcome="Passed" testListId="8c84fa94-04c1-424b-9868-57a2d4851a1d" relativeResultsDirectory="96b1afef-8de8-4ea1-9c09-fb57a2fab63d" />
    <UnitTestResult executionId="40c3dc9d-d6c5-41f8-8d82-93600d2b9240" testId="07706b0b-5b15-f510-4201-a093fcb6285b" testName="ExxerAI.CLI.Tests.TaskCommandsTests.Constructor_Should_InitializeCorrectly_When_ValidParametersProvided" computerName="DESKTOP-FB2ES22" duration="00:00:00.0003088" startTime="2025-07-04T09:01:56.4431103-06:00" endTime="2025-07-04T09:01:56.4431867-06:00" testType="13cdc9d9-ddb5-4fa4-a97d-d965ccfc6d4b" outcome="Passed" testListId="8c84fa94-04c1-424b-9868-57a2d4851a1d" relativeResultsDirectory="40c3dc9d-d6c5-41f8-8d82-93600d2b9240" />
    <UnitTestResult executionId="bc3ceaac-5aa0-4027-8997-548592a214db" testId="f6b75b06-c117-d795-0971-d54d311f510b" testName="ExxerAI.CLI.Tests.TaskCommandsTests.AssignTask_Should_ReturnError_When_TaskNotFound" computerName="DESKTOP-FB2ES22" duration="00:00:00.0012010" startTime="2025-07-04T09:01:56.4325897-06:00" endTime="2025-07-04T09:01:56.4330905-06:00" testType="13cdc9d9-ddb5-4fa4-a97d-d965ccfc6d4b" outcome="Passed" testListId="8c84fa94-04c1-424b-9868-57a2d4851a1d" relativeResultsDirectory="bc3ceaac-5aa0-4027-8997-548592a214db" />
    <UnitTestResult executionId="6d91e01d-16bd-4c56-ba97-72ecb0fb880c" testId="9d0e55fd-0f87-9e1d-a8af-525a7c825c54" testName="ExxerAI.CLI.Tests.WorkflowCommandsTests.ExecuteAsync_CreateWithDescriptionVariants_ShouldReturnZero(descriptionFlag: &quot;-d&quot;)" computerName="DESKTOP-FB2ES22" duration="00:00:00.0148892" startTime="2025-07-04T09:01:56.6636756-06:00" endTime="2025-07-04T09:01:56.6789891-06:00" testType="13cdc9d9-ddb5-4fa4-a97d-d965ccfc6d4b" outcome="Passed" testListId="8c84fa94-04c1-424b-9868-57a2d4851a1d" relativeResultsDirectory="6d91e01d-16bd-4c56-ba97-72ecb0fb880c" />
    <UnitTestResult executionId="a251d983-80f2-40fa-ae68-cd0aae70b85e" testId="5d80a515-3473-ab65-1dff-8a91e9329a3d" testName="ExxerAI.CLI.Tests.AgentCommandsTests.ExecuteAsync_Should_CallListAgents_When_LsCommandProvided" computerName="DESKTOP-FB2ES22" duration="00:00:00.0012996" startTime="2025-07-04T09:01:56.4582207-06:00" endTime="2025-07-04T09:01:56.4586744-06:00" testType="13cdc9d9-ddb5-4fa4-a97d-d965ccfc6d4b" outcome="Passed" testListId="8c84fa94-04c1-424b-9868-57a2d4851a1d" relativeResultsDirectory="a251d983-80f2-40fa-ae68-cd0aae70b85e" />
    <UnitTestResult executionId="9a1391a4-5076-4068-b7f7-431a03e5e6b6" testId="9b69e7e5-4ee3-5aa6-4907-8bcc3eaf5279" testName="ExxerAI.CLI.Tests.ProgramTests.Main_Should_ReturnOne_When_InvalidCommandsProvided(invalidCommand: &quot;123&quot;)" computerName="DESKTOP-FB2ES22" duration="00:00:00.0009364" startTime="2025-07-04T09:01:56.3450503-06:00" endTime="2025-07-04T09:01:56.3451227-06:00" testType="13cdc9d9-ddb5-4fa4-a97d-d965ccfc6d4b" outcome="Passed" testListId="8c84fa94-04c1-424b-9868-57a2d4851a1d" relativeResultsDirectory="9a1391a4-5076-4068-b7f7-431a03e5e6b6" />
    <UnitTestResult executionId="50339a7f-d38e-4aa2-b1be-4699cdd067bb" testId="492febbe-ee11-a3a1-a361-1f3ec906f38d" testName="ExxerAI.CLI.Tests.AgentCommandsTests.ValidateConstructorParameters_Should_ReturnFailure_When_AgentServiceIsNull" computerName="DESKTOP-FB2ES22" duration="00:00:00.0002182" startTime="2025-07-04T09:01:56.4486874-06:00" endTime="2025-07-04T09:01:56.4487614-06:00" testType="13cdc9d9-ddb5-4fa4-a97d-d965ccfc6d4b" outcome="Passed" testListId="8c84fa94-04c1-424b-9868-57a2d4851a1d" relativeResultsDirectory="50339a7f-d38e-4aa2-b1be-4699cdd067bb" />
    <UnitTestResult executionId="68440306-915c-455b-af9e-5d0337d0a833" testId="3b9a4bcb-3135-c4e1-5beb-2dee7f19f059" testName="ExxerAI.CLI.Tests.ProgramTests.Main_Should_HandleMultipleArguments_When_ComplexCommandProvided" computerName="DESKTOP-FB2ES22" duration="00:00:00.0056965" startTime="2025-07-04T09:01:56.3507400-06:00" endTime="2025-07-04T09:01:56.3523720-06:00" testType="13cdc9d9-ddb5-4fa4-a97d-d965ccfc6d4b" outcome="Passed" testListId="8c84fa94-04c1-424b-9868-57a2d4851a1d" relativeResultsDirectory="68440306-915c-455b-af9e-5d0337d0a833" />
    <UnitTestResult executionId="c08a0ef3-3edd-468b-895d-42b3ab4632df" testId="ae886312-a3b8-cbb8-ad46-4c35cbd99cce" testName="ExxerAI.CLI.Tests.AgentCommandsTests.UpdateAgent_Should_UpdateDescription_When_DescriptionProvided" computerName="DESKTOP-FB2ES22" duration="00:00:00.0019778" startTime="2025-07-04T09:01:56.4559638-06:00" endTime="2025-07-04T09:01:56.4566357-06:00" testType="13cdc9d9-ddb5-4fa4-a97d-d965ccfc6d4b" outcome="Passed" testListId="8c84fa94-04c1-424b-9868-57a2d4851a1d" relativeResultsDirectory="c08a0ef3-3edd-468b-895d-42b3ab4632df" />
    <UnitTestResult executionId="06785ce6-063d-4fdc-9c34-663f026d853b" testId="f0ddc6bd-11b5-cf3d-4c30-617152fc7f0d" testName="ExxerAI.CLI.Tests.TaskCommandsTests.ExecuteAsync_Should_HandleCommandAliases_When_AliasesProvided(alias: &quot;remove&quot;)" computerName="DESKTOP-FB2ES22" duration="00:00:00.0005151" startTime="2025-07-04T09:01:56.4167511-06:00" endTime="2025-07-04T09:01:56.4172041-06:00" testType="13cdc9d9-ddb5-4fa4-a97d-d965ccfc6d4b" outcome="Passed" testListId="8c84fa94-04c1-424b-9868-57a2d4851a1d" relativeResultsDirectory="06785ce6-063d-4fdc-9c34-663f026d853b" />
    <UnitTestResult executionId="8e209417-7073-40f5-afda-103dac2cc773" testId="b4ce2bf9-60ab-6beb-34ff-a89609e4ae30" testName="ExxerAI.CLI.Tests.TaskCommandsTests.CreateTask_Should_ReturnError_When_RepositoryFails" computerName="DESKTOP-FB2ES22" duration="00:00:00.0032207" startTime="2025-07-04T09:01:56.3846373-06:00" endTime="2025-07-04T09:01:56.3875899-06:00" testType="13cdc9d9-ddb5-4fa4-a97d-d965ccfc6d4b" outcome="Passed" testListId="8c84fa94-04c1-424b-9868-57a2d4851a1d" relativeResultsDirectory="8e209417-7073-40f5-afda-103dac2cc773" />
    <UnitTestResult executionId="e06bf006-cd44-427f-83ac-a4b6d3c24690" testId="04ad08af-336e-7df8-2c4b-14486592c6ae" testName="ExxerAI.CLI.Tests.ProgramTests.Main_Should_ReturnZero_When_ValidCommandGroupsProvided(commandGroup: &quot;workflow&quot;)" computerName="DESKTOP-FB2ES22" duration="00:00:00.0011333" startTime="2025-07-04T09:01:56.3380741-06:00" endTime="2025-07-04T09:01:56.3400506-06:00" testType="13cdc9d9-ddb5-4fa4-a97d-d965ccfc6d4b" outcome="Passed" testListId="8c84fa94-04c1-424b-9868-57a2d4851a1d" relativeResultsDirectory="e06bf006-cd44-427f-83ac-a4b6d3c24690" />
    <UnitTestResult executionId="7fb694aa-aa18-4374-8252-abfd41cf4fb8" testId="dab25e40-96a6-04b2-6117-3cbbd354ec91" testName="ExxerAI.CLI.Tests.AgentCommandsTests.CreateAgent_Should_CreateWithDescription_When_DescriptionProvided" computerName="DESKTOP-FB2ES22" duration="00:00:00.0018711" startTime="2025-07-04T09:01:56.3903609-06:00" endTime="2025-07-04T09:01:56.3922634-06:00" testType="13cdc9d9-ddb5-4fa4-a97d-d965ccfc6d4b" outcome="Passed" testListId="8c84fa94-04c1-424b-9868-57a2d4851a1d" relativeResultsDirectory="7fb694aa-aa18-4374-8252-abfd41cf4fb8" />
    <UnitTestResult executionId="a8b26c1c-12d8-4598-bc6a-374e3306341f" testId="fc318d9e-f46b-74a3-64cc-bc0342b96b8d" testName="ExxerAI.CLI.Tests.CommandRouterTests.ExecuteAsync_Should_ShowHelp_When_HelpVariantsProvided(helpCommand: &quot;-h&quot;)" computerName="DESKTOP-FB2ES22" duration="00:00:00.0027253" startTime="2025-07-04T09:01:56.4727952-06:00" endTime="2025-07-04T09:01:56.4755785-06:00" testType="13cdc9d9-ddb5-4fa4-a97d-d965ccfc6d4b" outcome="Passed" testListId="8c84fa94-04c1-424b-9868-57a2d4851a1d" relativeResultsDirectory="a8b26c1c-12d8-4598-bc6a-374e3306341f" />
    <UnitTestResult executionId="ce0fbc13-f9df-410d-bce7-db29f05c6b61" testId="42c146f9-be9a-1f91-e866-fff846aa5967" testName="ExxerAI.CLI.Tests.CLIValidationTests+AgentCommandsValidationTests.Constructor_WithNullParameters_ShouldStillCreateInstance" computerName="DESKTOP-FB2ES22" duration="00:00:00.0001572" startTime="2025-07-04T09:01:56.3115048-06:00" endTime="2025-07-04T09:01:56.3115821-06:00" testType="13cdc9d9-ddb5-4fa4-a97d-d965ccfc6d4b" outcome="Passed" testListId="8c84fa94-04c1-424b-9868-57a2d4851a1d" relativeResultsDirectory="ce0fbc13-f9df-410d-bce7-db29f05c6b61" />
    <UnitTestResult executionId="edfbfcd5-0b1d-4f73-9ae2-df110f02a218" testId="b655c7a4-e425-5a60-e417-dd8bbc2dae2a" testName="ExxerAI.CLI.Tests.AgentCommandsTests.ExecuteAsync_Should_ShowHelp_When_HelpFlagsProvided(helpFlag: &quot;--help&quot;)" computerName="DESKTOP-FB2ES22" duration="00:00:00.0009144" startTime="2025-07-04T09:01:56.3480394-06:00" endTime="2025-07-04T09:01:56.3483474-06:00" testType="13cdc9d9-ddb5-4fa4-a97d-d965ccfc6d4b" outcome="Passed" testListId="8c84fa94-04c1-424b-9868-57a2d4851a1d" relativeResultsDirectory="edfbfcd5-0b1d-4f73-9ae2-df110f02a218" />
    <UnitTestResult executionId="90d32658-37df-4622-9553-434ee107a931" testId="8ff4d45f-0c0f-d6ef-299c-05959d93fcb7" testName="ExxerAI.CLI.Tests.CommandRouterTests.ExecuteAsync_Should_RouteToWorkflowCommands_When_WorkflowCommandProvided" computerName="DESKTOP-FB2ES22" duration="00:00:00.0068390" startTime="2025-07-04T09:01:56.4627530-06:00" endTime="2025-07-04T09:01:56.4711772-06:00" testType="13cdc9d9-ddb5-4fa4-a97d-d965ccfc6d4b" outcome="Passed" testListId="8c84fa94-04c1-424b-9868-57a2d4851a1d" relativeResultsDirectory="90d32658-37df-4622-9553-434ee107a931" />
    <UnitTestResult executionId="0da2bce0-889a-467e-b778-22ee1b1b48d2" testId="cc7e8eb0-eae2-6ee6-03c9-d5b24fc14e9b" testName="ExxerAI.CLI.Tests.CommandRouterTests.ExecuteAsync_Should_RouteCorrectly_When_CommandAliasesProvided(command: &quot;agents&quot;, subCommand: &quot;list&quot;)" computerName="DESKTOP-FB2ES22" duration="00:00:00.0003512" startTime="2025-07-04T09:01:56.4514734-06:00" endTime="2025-07-04T09:01:56.4515582-06:00" testType="13cdc9d9-ddb5-4fa4-a97d-d965ccfc6d4b" outcome="Passed" testListId="8c84fa94-04c1-424b-9868-57a2d4851a1d" relativeResultsDirectory="0da2bce0-889a-467e-b778-22ee1b1b48d2" />
    <UnitTestResult executionId="5ebcab29-46b2-4b1c-9f44-8dd6d59350a5" testId="a8f37bff-13c0-8338-1266-797d61f3b94b" testName="ExxerAI.CLI.Tests.WorkflowCommandsTests.ExecuteAsync_WithMixedCaseCommands_ShouldWork(command: &quot;Create&quot;)" computerName="DESKTOP-FB2ES22" duration="00:00:00.0086431" startTime="2025-07-04T09:01:56.5018619-06:00" endTime="2025-07-04T09:01:56.5107927-06:00" testType="13cdc9d9-ddb5-4fa4-a97d-d965ccfc6d4b" outcome="Passed" testListId="8c84fa94-04c1-424b-9868-57a2d4851a1d" relativeResultsDirectory="5ebcab29-46b2-4b1c-9f44-8dd6d59350a5" />
    <UnitTestResult executionId="7a15b7e4-d433-4b1e-bbdf-937455bbeb73" testId="42fbde44-dec8-0ab2-12ec-5b38bb5684e3" testName="ExxerAI.CLI.Tests.CommandRouterTests.ExecuteAsync_Should_RouteToTaskCommands_When_TasksCommandProvided" computerName="DESKTOP-FB2ES22" duration="00:00:00.0019424" startTime="2025-07-04T09:01:56.4885903-06:00" endTime="2025-07-04T09:01:56.4904865-06:00" testType="13cdc9d9-ddb5-4fa4-a97d-d965ccfc6d4b" outcome="Passed" testListId="8c84fa94-04c1-424b-9868-57a2d4851a1d" relativeResultsDirectory="7a15b7e4-d433-4b1e-bbdf-937455bbeb73" />
    <UnitTestResult executionId="0ff7840e-fb33-42f8-8c29-75da7d7f27e9" testId="76aad867-e85a-7520-856d-794e22501f68" testName="ExxerAI.CLI.Tests.CLIValidationTests+TaskCommandsValidationTests.ValidateConstructorParameters_WithNullTaskRepository_ShouldReturnFailure" computerName="DESKTOP-FB2ES22" duration="00:00:00.0292912" startTime="2025-07-04T09:01:56.3399539-06:00" endTime="2025-07-04T09:01:56.3645603-06:00" testType="13cdc9d9-ddb5-4fa4-a97d-d965ccfc6d4b" outcome="Passed" testListId="8c84fa94-04c1-424b-9868-57a2d4851a1d" relativeResultsDirectory="0ff7840e-fb33-42f8-8c29-75da7d7f27e9" />
    <UnitTestResult executionId="7fe68c7b-a3e3-4c4e-8301-d0f09bb6e040" testId="2eb00596-1085-3313-4d37-bf7743f8a1ab" testName="ExxerAI.CLI.Tests.CommandRouterTests.ValidateConstructorParameters_Should_ReturnFailure_When_AgentCommandsIsNull" computerName="DESKTOP-FB2ES22" duration="00:00:00.0004136" startTime="2025-07-04T09:01:56.5279330-06:00" endTime="2025-07-04T09:01:56.5280224-06:00" testType="13cdc9d9-ddb5-4fa4-a97d-d965ccfc6d4b" outcome="Passed" testListId="8c84fa94-04c1-424b-9868-57a2d4851a1d" relativeResultsDirectory="7fe68c7b-a3e3-4c4e-8301-d0f09bb6e040" />
    <UnitTestResult executionId="cc0b686a-06c2-4bc2-8d33-8140be309720" testId="ada6cb6b-479b-ad15-5eef-715a3be70562" testName="ExxerAI.CLI.Tests.TaskCommandsTests.ListTasks_Should_ReturnError_When_InvalidAgentIdFormat" computerName="DESKTOP-FB2ES22" duration="00:00:00.0013734" startTime="2025-07-04T09:01:56.4688022-06:00" endTime="2025-07-04T09:01:56.4703639-06:00" testType="13cdc9d9-ddb5-4fa4-a97d-d965ccfc6d4b" outcome="Passed" testListId="8c84fa94-04c1-424b-9868-57a2d4851a1d" relativeResultsDirectory="cc0b686a-06c2-4bc2-8d33-8140be309720" />
    <UnitTestResult executionId="e1032e78-cd37-455c-81ae-db2f4b9fc875" testId="ec1cd3a8-db4d-e5fb-a2fa-eac4a75636bb" testName="ExxerAI.CLI.Tests.CommandRouterTests.ExecuteAsync_Should_ShowUnknownCommand_When_InvalidCommandProvided" computerName="DESKTOP-FB2ES22" duration="00:00:00.0008014" startTime="2025-07-04T09:01:56.5221384-06:00" endTime="2025-07-04T09:01:56.5222217-06:00" testType="13cdc9d9-ddb5-4fa4-a97d-d965ccfc6d4b" outcome="Passed" testListId="8c84fa94-04c1-424b-9868-57a2d4851a1d" relativeResultsDirectory="e1032e78-cd37-455c-81ae-db2f4b9fc875" />
    <UnitTestResult executionId="598bd5b9-12bc-49f8-b2bd-9601f487c5ff" testId="bfc0e01b-aa07-5d79-b398-c556420c0442" testName="ExxerAI.CLI.Tests.CLIValidationTests.AgentCommands_ExecuteAsync_WithNullDependency_ShouldReturnErrorExitCode" computerName="DESKTOP-FB2ES22" duration="00:00:00.0065303" startTime="2025-07-04T09:01:56.3515071-06:00" endTime="2025-07-04T09:01:56.3560001-06:00" testType="13cdc9d9-ddb5-4fa4-a97d-d965ccfc6d4b" outcome="Passed" testListId="8c84fa94-04c1-424b-9868-57a2d4851a1d" relativeResultsDirectory="598bd5b9-12bc-49f8-b2bd-9601f487c5ff" />
    <UnitTestResult executionId="12aa93d4-4192-4efb-b4cb-2c3585cfcf1e" testId="76e5a1f9-2848-29db-4fa8-ba9b596462c5" testName="ExxerAI.CLI.Tests.ProgramTests.Main_Should_ReturnOne_When_InvalidCommandsProvided(invalidCommand: &quot;invalid&quot;)" computerName="DESKTOP-FB2ES22" duration="00:00:00.0000577" startTime="2025-07-04T09:01:56.3473839-06:00" endTime="2025-07-04T09:01:56.3474504-06:00" testType="13cdc9d9-ddb5-4fa4-a97d-d965ccfc6d4b" outcome="Passed" testListId="8c84fa94-04c1-424b-9868-57a2d4851a1d" relativeResultsDirectory="12aa93d4-4192-4efb-b4cb-2c3585cfcf1e" />
    <UnitTestResult executionId="ff53b506-5a45-4941-92a4-c95b86b4c500" testId="45a8b62e-f0c9-24c9-55c3-ecb16bb329e4" testName="ExxerAI.CLI.Tests.CommandRouterTests.ValidateConstructorParameters_Should_ReturnFailure_When_WorkflowCommandsIsNull" computerName="DESKTOP-FB2ES22" duration="00:00:00.0004900" startTime="2025-07-04T09:01:56.5154509-06:00" endTime="2025-07-04T09:01:56.5158289-06:00" testType="13cdc9d9-ddb5-4fa4-a97d-d965ccfc6d4b" outcome="Passed" testListId="8c84fa94-04c1-424b-9868-57a2d4851a1d" relativeResultsDirectory="ff53b506-5a45-4941-92a4-c95b86b4c500" />
    <UnitTestResult executionId="f4cb2ba7-ca79-4e4f-b1a0-00533d9d5c24" testId="9d268d48-a967-a225-a97d-2c541acf7323" testName="ExxerAI.CLI.Tests.WorkflowCommandsTests.ExecuteAsync_WithCreateCommands_ShouldReturnZero(command: &quot;new&quot;)" computerName="DESKTOP-FB2ES22" duration="00:00:00.0018649" startTime="2025-07-04T09:01:56.5401452-06:00" endTime="2025-07-04T09:01:56.5423022-06:00" testType="13cdc9d9-ddb5-4fa4-a97d-d965ccfc6d4b" outcome="Passed" testListId="8c84fa94-04c1-424b-9868-57a2d4851a1d" relativeResultsDirectory="f4cb2ba7-ca79-4e4f-b1a0-00533d9d5c24" />
    <UnitTestResult executionId="963b3980-0758-4e0a-a9fd-b2c2558d6c7f" testId="83646dd4-8937-e649-c0ab-ce991c155400" testName="ExxerAI.CLI.Tests.WorkflowCommandsTests.ExecuteAsync_WithExecuteCommands_ShouldReturnZero(command: &quot;run&quot;)" computerName="DESKTOP-FB2ES22" duration="00:00:00.0037921" startTime="2025-07-04T09:01:56.7888250-06:00" endTime="2025-07-04T09:01:56.7932873-06:00" testType="13cdc9d9-ddb5-4fa4-a97d-d965ccfc6d4b" outcome="Passed" testListId="8c84fa94-04c1-424b-9868-57a2d4851a1d" relativeResultsDirectory="963b3980-0758-4e0a-a9fd-b2c2558d6c7f" />
    <UnitTestResult executionId="2cde5212-c63e-49bc-bf1a-c4f85d95f192" testId="25475f66-fcdd-384b-38b5-3235e66282bc" testName="ExxerAI.CLI.Tests.ProgramTests.Main_Should_ReturnOne_When_InvalidCommandProvided" computerName="DESKTOP-FB2ES22" duration="00:00:00.0003329" startTime="2025-07-04T09:01:56.3675056-06:00" endTime="2025-07-04T09:01:56.3675713-06:00" testType="13cdc9d9-ddb5-4fa4-a97d-d965ccfc6d4b" outcome="Passed" testListId="8c84fa94-04c1-424b-9868-57a2d4851a1d" relativeResultsDirectory="2cde5212-c63e-49bc-bf1a-c4f85d95f192" />
    <UnitTestResult executionId="62c24051-dcbd-4cdc-a45e-4cef42f9dc0d" testId="fe6f064b-c25f-6b69-c45c-fa7b8a195c60" testName="ExxerAI.CLI.Tests.CommandRouterTests.ExecuteAsync_Should_ShowHelp_When_HelpVariantsProvided(helpCommand: &quot;help&quot;)" computerName="DESKTOP-FB2ES22" duration="00:00:00.0010457" startTime="2025-07-04T09:01:56.4716803-06:00" endTime="2025-07-04T09:01:56.4724590-06:00" testType="13cdc9d9-ddb5-4fa4-a97d-d965ccfc6d4b" outcome="Passed" testListId="8c84fa94-04c1-424b-9868-57a2d4851a1d" relativeResultsDirectory="62c24051-dcbd-4cdc-a45e-4cef42f9dc0d" />
    <UnitTestResult executionId="16aa9e6e-bd6f-4dcd-a336-b0d3976c7dbc" testId="3acf88ce-dd51-0f6d-c003-61d3b0c04c74" testName="ExxerAI.CLI.Tests.ProgramTests.Main_Should_ReturnOne_When_InvalidCommandsProvided(invalidCommand: &quot;@#$&quot;)" computerName="DESKTOP-FB2ES22" duration="00:00:00.0000668" startTime="2025-07-04T09:01:56.3471511-06:00" endTime="2025-07-04T09:01:56.3472195-06:00" testType="13cdc9d9-ddb5-4fa4-a97d-d965ccfc6d4b" outcome="Passed" testListId="8c84fa94-04c1-424b-9868-57a2d4851a1d" relativeResultsDirectory="16aa9e6e-bd6f-4dcd-a336-b0d3976c7dbc" />
    <UnitTestResult executionId="5c84f082-73a0-43ba-86c5-730a623a459d" testId="0b85c59c-70c9-1112-d0b9-e6645497a313" testName="ExxerAI.CLI.Tests.CommandRouterTests.Constructor_Should_InitializeCorrectly_When_ValidParametersProvided" computerName="DESKTOP-FB2ES22" duration="00:00:00.0002939" startTime="2025-07-04T09:01:56.4594866-06:00" endTime="2025-07-04T09:01:56.4595653-06:00" testType="13cdc9d9-ddb5-4fa4-a97d-d965ccfc6d4b" outcome="Passed" testListId="8c84fa94-04c1-424b-9868-57a2d4851a1d" relativeResultsDirectory="5c84f082-73a0-43ba-86c5-730a623a459d" />
    <UnitTestResult executionId="7e6d607d-4463-45b2-b42d-6e6f457903d0" testId="ed8a72a7-5942-6c16-7652-db6fe0ef23f9" testName="ExxerAI.CLI.Tests.AgentCommandsTests.ExecuteAsync_Should_ShowUnknownCommand_When_InvalidCommandProvided" computerName="DESKTOP-FB2ES22" duration="00:00:00.0010580" startTime="2025-07-04T09:01:56.3470931-06:00" endTime="2025-07-04T09:01:56.3478629-06:00" testType="13cdc9d9-ddb5-4fa4-a97d-d965ccfc6d4b" outcome="Passed" testListId="8c84fa94-04c1-424b-9868-57a2d4851a1d" relativeResultsDirectory="7e6d607d-4463-45b2-b42d-6e6f457903d0" />
    <UnitTestResult executionId="e373dc79-07d3-4ad8-9cf7-9aedb6604af3" testId="a1995af0-0626-b165-9751-04dd74d48852" testName="ExxerAI.CLI.Tests.ProgramTests.Main_Should_CreateAgentService_When_Called" computerName="DESKTOP-FB2ES22" duration="00:00:00.0007828" startTime="2025-07-04T09:01:56.3626327-06:00" endTime="2025-07-04T09:01:56.3631613-06:00" testType="13cdc9d9-ddb5-4fa4-a97d-d965ccfc6d4b" outcome="Passed" testListId="8c84fa94-04c1-424b-9868-57a2d4851a1d" relativeResultsDirectory="e373dc79-07d3-4ad8-9cf7-9aedb6604af3" />
    <UnitTestResult executionId="0518f498-b9bf-42e2-bf43-f5e67524b6bf" testId="5ac71804-7087-8a20-0b76-de01e07c933d" testName="ExxerAI.CLI.Tests.TaskCommandsTests.CreateTask_Should_ReturnError_When_NoTitleProvided" computerName="DESKTOP-FB2ES22" duration="00:00:00.0007347" startTime="2025-07-04T09:01:56.4522476-06:00" endTime="2025-07-04T09:01:56.4554405-06:00" testType="13cdc9d9-ddb5-4fa4-a97d-d965ccfc6d4b" outcome="Passed" testListId="8c84fa94-04c1-424b-9868-57a2d4851a1d" relativeResultsDirectory="0518f498-b9bf-42e2-bf43-f5e67524b6bf" />
    <UnitTestResult executionId="156ccabc-0e95-4e48-9d6a-6a1c32123eab" testId="0d4f79b0-b8ea-773f-c592-0a2d2e84eb93" testName="ExxerAI.CLI.Tests.CLIValidationTests.CommandRouter_ExecuteAsync_WithVersionCommand_ShouldShowVersionAndReturnSuccess" computerName="DESKTOP-FB2ES22" duration="00:00:00.0008133" startTime="2025-07-04T09:01:56.3568382-06:00" endTime="2025-07-04T09:01:56.3571692-06:00" testType="13cdc9d9-ddb5-4fa4-a97d-d965ccfc6d4b" outcome="Passed" testListId="8c84fa94-04c1-424b-9868-57a2d4851a1d" relativeResultsDirectory="156ccabc-0e95-4e48-9d6a-6a1c32123eab" />
    <UnitTestResult executionId="950bd499-7799-44fe-ad5c-d1e7522522fb" testId="e5bce3d4-d509-c67b-4126-831db3f70fea" testName="ExxerAI.CLI.Tests.CommandRouterTests.ExecuteAsync_Should_RouteCorrectly_When_CommandAliasesProvided(command: &quot;task&quot;, subCommand: &quot;list&quot;)" computerName="DESKTOP-FB2ES22" duration="00:00:00.0003865" startTime="2025-07-04T09:01:56.4518598-06:00" endTime="2025-07-04T09:01:56.4546366-06:00" testType="13cdc9d9-ddb5-4fa4-a97d-d965ccfc6d4b" outcome="Passed" testListId="8c84fa94-04c1-424b-9868-57a2d4851a1d" relativeResultsDirectory="950bd499-7799-44fe-ad5c-d1e7522522fb" />
    <UnitTestResult executionId="af466aa3-b910-42c0-9a08-dffa3be465d5" testId="35675ebe-d0e9-e61f-fdca-eebf260a6a7f" testName="ExxerAI.CLI.Tests.CommandRouterTests.ExecuteAsync_Should_ShowHelp_When_NoArgumentsProvided" computerName="DESKTOP-FB2ES22" duration="00:00:00.0008435" startTime="2025-07-04T09:01:56.5151108-06:00" endTime="2025-07-04T09:01:56.5152272-06:00" testType="13cdc9d9-ddb5-4fa4-a97d-d965ccfc6d4b" outcome="Passed" testListId="8c84fa94-04c1-424b-9868-57a2d4851a1d" relativeResultsDirectory="af466aa3-b910-42c0-9a08-dffa3be465d5" />
    <UnitTestResult executionId="b8ede30e-0a41-4420-8b2e-48a2075c4156" testId="fea76800-4304-cd29-cb94-3bba1b64da59" testName="ExxerAI.CLI.Tests.TaskCommandsTests.CreateTask_Should_ReturnError_When_NoTypeProvided" computerName="DESKTOP-FB2ES22" duration="00:00:00.0007020" startTime="2025-07-04T09:01:56.4296347-06:00" endTime="2025-07-04T09:01:56.4301407-06:00" testType="13cdc9d9-ddb5-4fa4-a97d-d965ccfc6d4b" outcome="Passed" testListId="8c84fa94-04c1-424b-9868-57a2d4851a1d" relativeResultsDirectory="b8ede30e-0a41-4420-8b2e-48a2075c4156" />
    <UnitTestResult executionId="d9f525a1-8d1f-44b7-8377-9d14c5af02a5" testId="395980c8-1774-a75e-4d0a-739ecab67176" testName="ExxerAI.CLI.Tests.WorkflowCommandsTests.ExecuteAsync_WithHelpCommands_ShouldReturnZero(helpCommand: &quot;-h&quot;)" computerName="DESKTOP-FB2ES22" duration="00:00:00.0008495" startTime="2025-07-04T09:01:56.6198567-06:00" endTime="2025-07-04T09:01:56.6201512-06:00" testType="13cdc9d9-ddb5-4fa4-a97d-d965ccfc6d4b" outcome="Passed" testListId="8c84fa94-04c1-424b-9868-57a2d4851a1d" relativeResultsDirectory="d9f525a1-8d1f-44b7-8377-9d14c5af02a5" />
    <UnitTestResult executionId="b5ea0d38-97f3-4f95-90c0-13cbbd51a862" testId="512458df-b35b-f1f2-565b-88ab86f057ab" testName="ExxerAI.CLI.Tests.AgentCommandsTests.UpdateAgent_Should_ReturnError_When_AgentNotFound" computerName="DESKTOP-FB2ES22" duration="00:00:00.0013930" startTime="2025-07-04T09:01:56.4330099-06:00" endTime="2025-07-04T09:01:56.4333629-06:00" testType="13cdc9d9-ddb5-4fa4-a97d-d965ccfc6d4b" outcome="Passed" testListId="8c84fa94-04c1-424b-9868-57a2d4851a1d" relativeResultsDirectory="b5ea0d38-97f3-4f95-90c0-13cbbd51a862" />
    <UnitTestResult executionId="047b0a3d-96b5-4a10-99e8-66c033670e5a" testId="a91ae197-8bbb-ea10-0d9a-d2a2e1f91a70" testName="ExxerAI.CLI.Tests.AgentCommandsTests.ExecuteAsync_Should_CallCreateAgent_When_CreateCommandProvided" computerName="DESKTOP-FB2ES22" duration="00:00:00.0017392" startTime="2025-07-04T09:01:56.4298819-06:00" endTime="2025-07-04T09:01:56.4327279-06:00" testType="13cdc9d9-ddb5-4fa4-a97d-d965ccfc6d4b" outcome="Passed" testListId="8c84fa94-04c1-424b-9868-57a2d4851a1d" relativeResultsDirectory="047b0a3d-96b5-4a10-99e8-66c033670e5a" />
    <UnitTestResult executionId="19065280-cfbc-4827-8f0f-ad9e270287d2" testId="76a26670-cd3c-a999-bc37-965853d25cbe" testName="ExxerAI.CLI.Tests.TaskCommandsTests.ExecuteAsync_Should_HandleExceptions_When_ExceptionThrown" computerName="DESKTOP-FB2ES22" duration="00:00:00.0018399" startTime="2025-07-04T09:01:56.4720230-06:00" endTime="2025-07-04T09:01:56.4742443-06:00" testType="13cdc9d9-ddb5-4fa4-a97d-d965ccfc6d4b" outcome="Passed" testListId="8c84fa94-04c1-424b-9868-57a2d4851a1d" relativeResultsDirectory="19065280-cfbc-4827-8f0f-ad9e270287d2" />
    <UnitTestResult executionId="425ceae3-e9c3-4e1c-b4f2-e8cb45c0371e" testId="a8ae4d46-4ba9-1e18-9309-0389756c9ec2" testName="ExxerAI.CLI.Tests.TaskCommandsTests.UpdateTaskStatus_Should_SetStartedAt_When_ChangingToPending" computerName="DESKTOP-FB2ES22" duration="00:00:00.0024197" startTime="2025-07-04T09:01:56.4332920-06:00" endTime="2025-07-04T09:01:56.4349067-06:00" testType="13cdc9d9-ddb5-4fa4-a97d-d965ccfc6d4b" outcome="Passed" testListId="8c84fa94-04c1-424b-9868-57a2d4851a1d" relativeResultsDirectory="425ceae3-e9c3-4e1c-b4f2-e8cb45c0371e" />
    <UnitTestResult executionId="2a2f5563-93c8-4563-a5d0-9203703c8ad1" testId="92351c15-07e1-68ef-895f-a4399c951bc4" testName="ExxerAI.CLI.Tests.ProgramTests.Main_Should_ReturnZero_When_NoArgumentsProvided" computerName="DESKTOP-FB2ES22" duration="00:00:00.0003601" startTime="2025-07-04T09:01:56.3677409-06:00" endTime="2025-07-04T09:01:56.3678079-06:00" testType="13cdc9d9-ddb5-4fa4-a97d-d965ccfc6d4b" outcome="Passed" testListId="8c84fa94-04c1-424b-9868-57a2d4851a1d" relativeResultsDirectory="2a2f5563-93c8-4563-a5d0-9203703c8ad1" />
    <UnitTestResult executionId="b54c1242-a1ba-4e1e-9903-2869143b51dc" testId="42c8b3b2-fe5e-97df-b15c-b878c6100b3f" testName="ExxerAI.CLI.Tests.ProgramTests.Main_Should_HandleSpecialCharactersInArguments_When_SpecialCharsProvided" computerName="DESKTOP-FB2ES22" duration="00:00:00.0008113" startTime="2025-07-04T09:01:56.3633952-06:00" endTime="2025-07-04T09:01:56.3640912-06:00" testType="13cdc9d9-ddb5-4fa4-a97d-d965ccfc6d4b" outcome="Passed" testListId="8c84fa94-04c1-424b-9868-57a2d4851a1d" relativeResultsDirectory="b54c1242-a1ba-4e1e-9903-2869143b51dc" />
    <UnitTestResult executionId="a7cb607b-5f55-4349-8043-a5f1c1413a4a" testId="6341ccdb-1676-7f4f-8e39-bcece9c83bbf" testName="ExxerAI.CLI.Tests.CLIValidationTests+TaskCommandsValidationTests.ValidateConstructorParameters_WithBothNull_ShouldReturnFailureWithBothNames" computerName="DESKTOP-FB2ES22" duration="00:00:00.0002094" startTime="2025-07-04T09:01:56.3659318-06:00" endTime="2025-07-04T09:01:56.3660099-06:00" testType="13cdc9d9-ddb5-4fa4-a97d-d965ccfc6d4b" outcome="Passed" testListId="8c84fa94-04c1-424b-9868-57a2d4851a1d" relativeResultsDirectory="a7cb607b-5f55-4349-8043-a5f1c1413a4a" />
    <UnitTestResult executionId="167ec3a1-d540-46c0-b461-58708485ca43" testId="a54ae35b-972b-2308-afd4-9be24ce2808b" testName="ExxerAI.CLI.Tests.AgentCommandsTests.ActivateAgent_Should_ReturnError_When_InvalidIdFormat" computerName="DESKTOP-FB2ES22" duration="00:00:00.0089139" startTime="2025-07-04T09:01:56.4112027-06:00" endTime="2025-07-04T09:01:56.4115841-06:00" testType="13cdc9d9-ddb5-4fa4-a97d-d965ccfc6d4b" outcome="Passed" testListId="8c84fa94-04c1-424b-9868-57a2d4851a1d" relativeResultsDirectory="167ec3a1-d540-46c0-b461-58708485ca43" />
    <UnitTestResult executionId="e06f1f48-712e-4f6a-a522-384d139c9981" testId="eca77359-01de-dff7-0648-f7cf9700032d" testName="ExxerAI.CLI.Tests.TaskCommandsTests.ListTasks_Should_DisplayTasks_When_TasksExist" computerName="DESKTOP-FB2ES22" duration="00:00:00.0012598" startTime="2025-07-04T09:01:56.4511610-06:00" endTime="2025-07-04T09:01:56.4519083-06:00" testType="13cdc9d9-ddb5-4fa4-a97d-d965ccfc6d4b" outcome="Passed" testListId="8c84fa94-04c1-424b-9868-57a2d4851a1d" relativeResultsDirectory="e06f1f48-712e-4f6a-a522-384d139c9981" />
    <UnitTestResult executionId="7007b388-d68f-4816-90a7-3020ed479c81" testId="e81e1066-355b-6be3-9481-e283ed67aceb" testName="ExxerAI.CLI.Tests.CommandRouterTests.ExecuteAsync_Should_ShowHelp_When_HelpFlagProvided" computerName="DESKTOP-FB2ES22" duration="00:00:00.0008654" startTime="2025-07-04T09:01:56.5254577-06:00" endTime="2025-07-04T09:01:56.5255617-06:00" testType="13cdc9d9-ddb5-4fa4-a97d-d965ccfc6d4b" outcome="Passed" testListId="8c84fa94-04c1-424b-9868-57a2d4851a1d" relativeResultsDirectory="7007b388-d68f-4816-90a7-3020ed479c81" />
    <UnitTestResult executionId="48c04740-43c1-4490-9ad6-13520c3400bc" testId="3ed4fec3-24cf-d64a-4325-f38fbc955564" testName="ExxerAI.CLI.Tests.TaskCommandsTests.ExecuteAsync_Should_ShowHelp_When_HelpCommandProvided" computerName="DESKTOP-FB2ES22" duration="00:00:00.0007953" startTime="2025-07-04T09:01:56.4679918-06:00" endTime="2025-07-04T09:01:56.4685307-06:00" testType="13cdc9d9-ddb5-4fa4-a97d-d965ccfc6d4b" outcome="Passed" testListId="8c84fa94-04c1-424b-9868-57a2d4851a1d" relativeResultsDirectory="48c04740-43c1-4490-9ad6-13520c3400bc" />
    <UnitTestResult executionId="c7d75db5-33cb-45ee-bc12-5ee8ed02f560" testId="eb504906-261a-a769-ef22-2eddc8e8b6b4" testName="ExxerAI.CLI.Tests.CommandRouterTests.ExecuteAsync_Should_ShowHelp_When_HelpVariantsProvided(helpCommand: &quot;--help&quot;)" computerName="DESKTOP-FB2ES22" duration="00:00:00.0001921" startTime="2025-07-04T09:01:56.4807465-06:00" endTime="2025-07-04T09:01:56.4808287-06:00" testType="13cdc9d9-ddb5-4fa4-a97d-d965ccfc6d4b" outcome="Passed" testListId="8c84fa94-04c1-424b-9868-57a2d4851a1d" relativeResultsDirectory="c7d75db5-33cb-45ee-bc12-5ee8ed02f560" />
    <UnitTestResult executionId="50b2aa50-2ba8-4c5c-84e9-f216d1b8fc57" testId="0540fcfe-bad3-3025-387b-7273323952d2" testName="ExxerAI.CLI.Tests.ProgramTests.Main_Should_ReturnZero_When_ValidCommandGroupsProvided(commandGroup: &quot;workflows&quot;)" computerName="DESKTOP-FB2ES22" duration="00:00:00.0003852" startTime="2025-07-04T09:01:56.3402393-06:00" endTime="2025-07-04T09:01:56.3408743-06:00" testType="13cdc9d9-ddb5-4fa4-a97d-d965ccfc6d4b" outcome="Passed" testListId="8c84fa94-04c1-424b-9868-57a2d4851a1d" relativeResultsDirectory="50b2aa50-2ba8-4c5c-84e9-f216d1b8fc57" />
    <UnitTestResult executionId="24211ff9-a034-4c40-b258-d09ebf2658c6" testId="e12a4b21-d916-6411-2b8e-670d675734dc" testName="ExxerAI.CLI.Tests.CommandRouterTests.ExecuteAsync_Should_HandleExceptions_When_CommandThrows" computerName="DESKTOP-FB2ES22" duration="00:00:00.0013224" startTime="2025-07-04T09:01:56.5285349-06:00" endTime="2025-07-04T09:01:56.5286097-06:00" testType="13cdc9d9-ddb5-4fa4-a97d-d965ccfc6d4b" outcome="Passed" testListId="8c84fa94-04c1-424b-9868-57a2d4851a1d" relativeResultsDirectory="24211ff9-a034-4c40-b258-d09ebf2658c6" />
    <UnitTestResult executionId="1df37abf-bece-4e4f-93d3-19e8e9e956c0" testId="b5e4505e-f2fc-a364-9440-db964f0388ef" testName="ExxerAI.CLI.Tests.ProgramTests.Main_Should_ReturnOne_When_InvalidCommandsProvided(invalidCommand: &quot;badcommand&quot;)" computerName="DESKTOP-FB2ES22" duration="00:00:00.0003776" startTime="2025-07-04T09:01:56.3452454-06:00" endTime="2025-07-04T09:01:56.3467333-06:00" testType="13cdc9d9-ddb5-4fa4-a97d-d965ccfc6d4b" outcome="Passed" testListId="8c84fa94-04c1-424b-9868-57a2d4851a1d" relativeResultsDirectory="1df37abf-bece-4e4f-93d3-19e8e9e956c0" />
    <UnitTestResult executionId="fb0142ec-e4a0-44d6-9309-8fc3774d9350" testId="cf5122a8-60c1-6f6e-8c99-12fa9343e54b" testName="ExxerAI.CLI.Tests.CommandRouterTests.ExecuteAsync_Should_PropagateExitCode_When_CommandSucceeds" computerName="DESKTOP-FB2ES22" duration="00:00:00.0011719" startTime="2025-07-04T09:01:56.5175626-06:00" endTime="2025-07-04T09:01:56.5188938-06:00" testType="13cdc9d9-ddb5-4fa4-a97d-d965ccfc6d4b" outcome="Passed" testListId="8c84fa94-04c1-424b-9868-57a2d4851a1d" relativeResultsDirectory="fb0142ec-e4a0-44d6-9309-8fc3774d9350" />
    <UnitTestResult executionId="be96cd0e-492d-4c11-9b51-db2670897067" testId="53df9e7b-1d95-0611-e7bb-f72663592a91" testName="ExxerAI.CLI.Tests.WorkflowCommandsTests.ExecuteAsync_ExecuteWithInvalidId_ShouldReturnZero" computerName="DESKTOP-FB2ES22" duration="00:00:00.0121382" startTime="2025-07-04T09:01:56.6208949-06:00" endTime="2025-07-04T09:01:56.6325896-06:00" testType="13cdc9d9-ddb5-4fa4-a97d-d965ccfc6d4b" outcome="Passed" testListId="8c84fa94-04c1-424b-9868-57a2d4851a1d" relativeResultsDirectory="be96cd0e-492d-4c11-9b51-db2670897067" />
    <UnitTestResult executionId="1a4e056b-9da5-4091-8a6e-ead66a44dbad" testId="dca41022-91a7-61a7-5281-46941cafd3b8" testName="ExxerAI.CLI.Tests.ProgramTests.Main_Should_ReturnZero_When_BuiltInCommandsProvided(command: &quot;-h&quot;)" computerName="DESKTOP-FB2ES22" duration="00:00:00.0000844" startTime="2025-07-04T09:01:56.3447333-06:00" endTime="2025-07-04T09:01:56.3448399-06:00" testType="13cdc9d9-ddb5-4fa4-a97d-d965ccfc6d4b" outcome="Passed" testListId="8c84fa94-04c1-424b-9868-57a2d4851a1d" relativeResultsDirectory="1a4e056b-9da5-4091-8a6e-ead66a44dbad" />
    <UnitTestResult executionId="da41a818-426f-4405-9090-290625ae1b32" testId="6c3a9836-80a4-9cc9-cfbb-37b72241382f" testName="ExxerAI.CLI.Tests.WorkflowCommandsTests.ExecuteAsync_WithCreateCommands_ShouldReturnZero(command: &quot;create&quot;)" computerName="DESKTOP-FB2ES22" duration="00:00:00.0148992" startTime="2025-07-04T09:01:56.5270257-06:00" endTime="2025-07-04T09:01:56.5398666-06:00" testType="13cdc9d9-ddb5-4fa4-a97d-d965ccfc6d4b" outcome="Passed" testListId="8c84fa94-04c1-424b-9868-57a2d4851a1d" relativeResultsDirectory="da41a818-426f-4405-9090-290625ae1b32" />
    <UnitTestResult executionId="53b1debb-2a42-462c-b33c-76089d7a36c3" testId="6f722875-6912-f39a-1890-252e240d16fd" testName="ExxerAI.CLI.Tests.AgentCommandsTests.ExecuteAsync_Should_CallDeleteAgent_When_DeleteCommandProvided" computerName="DESKTOP-FB2ES22" duration="00:00:00.0008009" startTime="2025-07-04T09:01:56.4507415-06:00" endTime="2025-07-04T09:01:56.4512423-06:00" testType="13cdc9d9-ddb5-4fa4-a97d-d965ccfc6d4b" outcome="Passed" testListId="8c84fa94-04c1-424b-9868-57a2d4851a1d" relativeResultsDirectory="53b1debb-2a42-462c-b33c-76089d7a36c3" />
    <UnitTestResult executionId="559cf4e3-1302-4938-a163-1d5adecb9b8c" testId="c362a5d9-f8a6-edbd-15cf-320d43b875f4" testName="ExxerAI.CLI.Tests.ProgramTests.Main_Should_ReturnOne_When_InvalidCommandsProvided(invalidCommand: &quot;unknown&quot;)" computerName="DESKTOP-FB2ES22" duration="00:00:00.0000519" startTime="2025-07-04T09:01:56.3475695-06:00" endTime="2025-07-04T09:01:56.3476338-06:00" testType="13cdc9d9-ddb5-4fa4-a97d-d965ccfc6d4b" outcome="Passed" testListId="8c84fa94-04c1-424b-9868-57a2d4851a1d" relativeResultsDirectory="559cf4e3-1302-4938-a163-1d5adecb9b8c" />
    <UnitTestResult executionId="693b7705-8150-407e-ba00-9cf28d3879df" testId="934b3219-a749-e9c9-1246-742a6eba16bf" testName="ExxerAI.CLI.Tests.AgentCommandsTests.DeleteAgent_Should_ReturnError_When_NoIdProvided" computerName="DESKTOP-FB2ES22" duration="00:00:00.0008172" startTime="2025-07-04T09:01:56.4453399-06:00" endTime="2025-07-04T09:01:56.4454944-06:00" testType="13cdc9d9-ddb5-4fa4-a97d-d965ccfc6d4b" outcome="Passed" testListId="8c84fa94-04c1-424b-9868-57a2d4851a1d" relativeResultsDirectory="693b7705-8150-407e-ba00-9cf28d3879df" />
    <UnitTestResult executionId="97d801dc-3da2-4eac-b8f2-01bb222e76bb" testId="2d623b96-87ac-4152-123f-13e2f3d1e1da" testName="ExxerAI.CLI.Tests.TaskCommandsTests.ExecuteAsync_Should_ShowHelp_When_NoArgumentsProvided" computerName="DESKTOP-FB2ES22" duration="00:00:00.0008317" startTime="2025-07-04T09:01:56.3827193-06:00" endTime="2025-07-04T09:01:56.3832222-06:00" testType="13cdc9d9-ddb5-4fa4-a97d-d965ccfc6d4b" outcome="Passed" testListId="8c84fa94-04c1-424b-9868-57a2d4851a1d" relativeResultsDirectory="97d801dc-3da2-4eac-b8f2-01bb222e76bb" />
    <UnitTestResult executionId="3a18b713-888f-41f3-b065-3736328cda35" testId="a0d3d77c-a400-8853-d769-a293e4115d5b" testName="ExxerAI.CLI.Tests.AgentCommandsTests.ExecuteAsync_Should_HandleShortFlags_When_ShortFlagsProvided(shortFlag: &quot;-n&quot;)" computerName="DESKTOP-FB2ES22" duration="00:00:00.0004733" startTime="2025-07-04T09:01:56.4165715-06:00" endTime="2025-07-04T09:01:56.4169324-06:00" testType="13cdc9d9-ddb5-4fa4-a97d-d965ccfc6d4b" outcome="Passed" testListId="8c84fa94-04c1-424b-9868-57a2d4851a1d" relativeResultsDirectory="3a18b713-888f-41f3-b065-3736328cda35" />
    <UnitTestResult executionId="a3cf3510-4997-4440-8949-aad9c98d3846" testId="e06bed53-4ae6-d6c5-1730-571275bf9370" testName="ExxerAI.CLI.Tests.TaskCommandsTests.ListTasks_Should_FilterByPriority_When_PriorityFilterProvided" computerName="DESKTOP-FB2ES22" duration="00:00:00.0016860" startTime="2025-07-04T09:01:56.4708794-06:00" endTime="2025-07-04T09:01:56.4717916-06:00" testType="13cdc9d9-ddb5-4fa4-a97d-d965ccfc6d4b" outcome="Passed" testListId="8c84fa94-04c1-424b-9868-57a2d4851a1d" relativeResultsDirectory="a3cf3510-4997-4440-8949-aad9c98d3846" />
    <UnitTestResult executionId="ba38f268-a84b-47ad-8c62-feab2c7be9f9" testId="3cd58bd9-eb1d-011f-11e7-2b2ab48f9ac2" testName="ExxerAI.CLI.Tests.TaskCommandsTests.ExecuteAsync_Should_HandleShortFlags_When_ShortFlagsProvided(shortFlag: &quot;-a&quot;)" computerName="DESKTOP-FB2ES22" duration="00:00:00.0003722" startTime="2025-07-04T09:01:56.3781287-06:00" endTime="2025-07-04T09:01:56.3784372-06:00" testType="13cdc9d9-ddb5-4fa4-a97d-d965ccfc6d4b" outcome="Passed" testListId="8c84fa94-04c1-424b-9868-57a2d4851a1d" relativeResultsDirectory="ba38f268-a84b-47ad-8c62-feab2c7be9f9" />
    <UnitTestResult executionId="8c850886-d17b-49fb-be33-c1e4d837b972" testId="2c614f79-cea7-87bd-cbcc-c24e439dae4a" testName="ExxerAI.CLI.Tests.AgentCommandsTests.ChangeAgentStatus_Should_ReturnError_When_GetAgentFails" computerName="DESKTOP-FB2ES22" duration="00:00:00.0015308" startTime="2025-07-04T09:01:56.4212943-06:00" endTime="2025-07-04T09:01:56.4229477-06:00" testType="13cdc9d9-ddb5-4fa4-a97d-d965ccfc6d4b" outcome="Passed" testListId="8c84fa94-04c1-424b-9868-57a2d4851a1d" relativeResultsDirectory="8c850886-d17b-49fb-be33-c1e4d837b972" />
    <UnitTestResult executionId="7149cae4-7c20-4f56-bfb8-95c374b18ed7" testId="f852b579-8abf-ad69-6f1b-6bcade519fdf" testName="ExxerAI.CLI.Tests.WorkflowCommandsTests.ExecuteAsync_WithSpecialCharactersInName_ShouldWork" computerName="DESKTOP-FB2ES22" duration="00:00:00.0154855" startTime="2025-07-04T09:01:56.6952951-06:00" endTime="2025-07-04T09:01:56.7112134-06:00" testType="13cdc9d9-ddb5-4fa4-a97d-d965ccfc6d4b" outcome="Passed" testListId="8c84fa94-04c1-424b-9868-57a2d4851a1d" relativeResultsDirectory="7149cae4-7c20-4f56-bfb8-95c374b18ed7" />
    <UnitTestResult executionId="bd3e3d1b-14a3-4a48-b1d8-a9ee9255e419" testId="d0af6057-3a2f-4df1-5ce4-63e998b11f9e" testName="ExxerAI.CLI.Tests.AgentCommandsTests.ExecuteAsync_Should_HandleExceptions_When_ExceptionThrown" computerName="DESKTOP-FB2ES22" duration="00:00:00.0049073" startTime="2025-07-04T09:01:56.4392084-06:00" endTime="2025-07-04T09:01:56.4439181-06:00" testType="13cdc9d9-ddb5-4fa4-a97d-d965ccfc6d4b" outcome="Passed" testListId="8c84fa94-04c1-424b-9868-57a2d4851a1d" relativeResultsDirectory="bd3e3d1b-14a3-4a48-b1d8-a9ee9255e419" />
    <UnitTestResult executionId="66d7dcfc-d943-407c-ae81-8b03484b79ce" testId="f4bbf948-980e-26a4-8770-2a3ab096e54b" testName="ExxerAI.CLI.Tests.AgentCommandsTests.DeleteAgent_Should_ReturnError_When_RepositoryFails" computerName="DESKTOP-FB2ES22" duration="00:00:00.0013279" startTime="2025-07-04T09:01:56.4514254-06:00" endTime="2025-07-04T09:01:56.4527613-06:00" testType="13cdc9d9-ddb5-4fa4-a97d-d965ccfc6d4b" outcome="Passed" testListId="8c84fa94-04c1-424b-9868-57a2d4851a1d" relativeResultsDirectory="66d7dcfc-d943-407c-ae81-8b03484b79ce" />
    <UnitTestResult executionId="ca0dca15-23d7-41e8-94d1-1392bb7d46e5" testId="79cb777f-1820-74bb-87ec-cc032893885f" testName="ExxerAI.CLI.Tests.AgentCommandsTests.ValidateConstructorParameters_Should_ReturnSuccess_When_AllParametersValid" computerName="DESKTOP-FB2ES22" duration="00:00:00.0004393" startTime="2025-07-04T09:01:56.4463808-06:00" endTime="2025-07-04T09:01:56.4464911-06:00" testType="13cdc9d9-ddb5-4fa4-a97d-d965ccfc6d4b" outcome="Passed" testListId="8c84fa94-04c1-424b-9868-57a2d4851a1d" relativeResultsDirectory="ca0dca15-23d7-41e8-94d1-1392bb7d46e5" />
    <UnitTestResult executionId="24940bbe-abc8-467c-99ea-58ef167dd80f" testId="63515ea6-fb77-8119-72a9-a447976c6b76" testName="ExxerAI.CLI.Tests.AgentCommandsTests.ListAgents_Should_ReturnError_When_RepositoryFails" computerName="DESKTOP-FB2ES22" duration="00:00:00.0025225" startTime="2025-07-04T09:01:56.4190410-06:00" endTime="2025-07-04T09:01:56.4209642-06:00" testType="13cdc9d9-ddb5-4fa4-a97d-d965ccfc6d4b" outcome="Passed" testListId="8c84fa94-04c1-424b-9868-57a2d4851a1d" relativeResultsDirectory="24940bbe-abc8-467c-99ea-58ef167dd80f" />
    <UnitTestResult executionId="00401987-2e43-4e47-baef-5928a61d1474" testId="2b6699cb-b4bc-4187-8155-71cee5c6c124" testName="ExxerAI.CLI.Tests.AgentCommandsTests.UpdateAgent_Should_ReturnError_When_UpdateFails" computerName="DESKTOP-FB2ES22" duration="00:00:00.0041351" startTime="2025-07-04T09:01:56.3845732-06:00" endTime="2025-07-04T09:01:56.3895533-06:00" testType="13cdc9d9-ddb5-4fa4-a97d-d965ccfc6d4b" outcome="Passed" testListId="8c84fa94-04c1-424b-9868-57a2d4851a1d" relativeResultsDirectory="00401987-2e43-4e47-baef-5928a61d1474" />
    <UnitTestResult executionId="6824d058-74cf-4b5a-9684-09c6ef3159ab" testId="f5be81a8-8aa5-7f34-78e3-611a11a3115b" testName="ExxerAI.CLI.Tests.CommandRouterTests.ExecuteAsync_Should_RouteToTaskCommands_When_TaskCommandProvided" computerName="DESKTOP-FB2ES22" duration="00:00:00.0013482" startTime="2025-07-04T09:01:56.5160765-06:00" endTime="2025-07-04T09:01:56.5172970-06:00" testType="13cdc9d9-ddb5-4fa4-a97d-d965ccfc6d4b" outcome="Passed" testListId="8c84fa94-04c1-424b-9868-57a2d4851a1d" relativeResultsDirectory="6824d058-74cf-4b5a-9684-09c6ef3159ab" />
    <UnitTestResult executionId="b642ba04-1d8e-4128-ac95-a7789ed6fa44" testId="190c987f-3dac-56f4-5ad8-9c0bad073e9a" testName="ExxerAI.CLI.Tests.CommandRouterTests.ExecuteAsync_Should_RouteToAgentCommands_When_AgentsCommandProvided" computerName="DESKTOP-FB2ES22" duration="00:00:00.0015812" startTime="2025-07-04T09:01:56.5106549-06:00" endTime="2025-07-04T09:01:56.5122940-06:00" testType="13cdc9d9-ddb5-4fa4-a97d-d965ccfc6d4b" outcome="Passed" testListId="8c84fa94-04c1-424b-9868-57a2d4851a1d" relativeResultsDirectory="b642ba04-1d8e-4128-ac95-a7789ed6fa44" />
    <UnitTestResult executionId="d3fba538-f8e1-4cf3-868f-52322c4bcc81" testId="4ebd3f11-2dad-9a6d-522a-6ae42d7a7c1c" testName="ExxerAI.CLI.Tests.WorkflowCommandsTests.ExecuteAsync_ListWithStatusFilterVariants_ShouldReturnZero(statusFlag: &quot;-s&quot;)" computerName="DESKTOP-FB2ES22" duration="00:00:00.0127447" startTime="2025-07-04T09:01:56.5589022-06:00" endTime="2025-07-04T09:01:56.5705948-06:00" testType="13cdc9d9-ddb5-4fa4-a97d-d965ccfc6d4b" outcome="Passed" testListId="8c84fa94-04c1-424b-9868-57a2d4851a1d" relativeResultsDirectory="d3fba538-f8e1-4cf3-868f-52322c4bcc81" />
    <UnitTestResult executionId="65828690-ad90-4ac2-b860-db3e44edda81" testId="2dc9e5bf-e1c0-71ae-de82-616bebb68cf0" testName="ExxerAI.CLI.Tests.CommandRouterTests.ExecuteAsync_Should_ShowVersion_When_VersionVariantsProvided(versionCommand: &quot;-v&quot;)" computerName="DESKTOP-FB2ES22" duration="00:00:00.0043210" startTime="2025-07-04T09:01:56.4831970-06:00" endTime="2025-07-04T09:01:56.4880461-06:00" testType="13cdc9d9-ddb5-4fa4-a97d-d965ccfc6d4b" outcome="Passed" testListId="8c84fa94-04c1-424b-9868-57a2d4851a1d" relativeResultsDirectory="65828690-ad90-4ac2-b860-db3e44edda81" />
    <UnitTestResult executionId="139c66e9-c40f-4c13-8722-91ddd3f26371" testId="f34de30c-9c15-6bd6-7053-a2d0fa88bb3e" testName="ExxerAI.CLI.Tests.AgentCommandsTests.ExecuteAsync_Should_HandleCommandAliases_When_AliasesProvided(alias: &quot;info&quot;)" computerName="DESKTOP-FB2ES22" duration="00:00:00.0037128" startTime="2025-07-04T09:01:56.3966893-06:00" endTime="2025-07-04T09:01:56.4016368-06:00" testType="13cdc9d9-ddb5-4fa4-a97d-d965ccfc6d4b" outcome="Passed" testListId="8c84fa94-04c1-424b-9868-57a2d4851a1d" relativeResultsDirectory="139c66e9-c40f-4c13-8722-91ddd3f26371" />
    <UnitTestResult executionId="2f6edf64-c480-4365-a885-d35401dc3f3e" testId="a7340ab6-fa43-eda9-6caa-63b5eb688818" testName="ExxerAI.CLI.Tests.CLIValidationTests.CommandRouter_ExecuteAsync_WithEmptyArgs_ShouldShowHelpAndReturnSuccess" computerName="DESKTOP-FB2ES22" duration="00:00:00.0008678" startTime="2025-07-04T09:01:56.3510252-06:00" endTime="2025-07-04T09:01:56.3510920-06:00" testType="13cdc9d9-ddb5-4fa4-a97d-d965ccfc6d4b" outcome="Passed" testListId="8c84fa94-04c1-424b-9868-57a2d4851a1d" relativeResultsDirectory="2f6edf64-c480-4365-a885-d35401dc3f3e" />
    <UnitTestResult executionId="4e3cc8e4-c049-4530-9fe8-f817398d2934" testId="186c1e69-6382-54be-0ac0-75fd4bb32d39" testName="ExxerAI.CLI.Tests.TaskCommandsTests.ListTasks_Should_ReturnSuccess_When_NoTasksExist" computerName="DESKTOP-FB2ES22" duration="00:00:00.0010833" startTime="2025-07-04T09:01:56.4107010-06:00" endTime="2025-07-04T09:01:56.4113340-06:00" testType="13cdc9d9-ddb5-4fa4-a97d-d965ccfc6d4b" outcome="Passed" testListId="8c84fa94-04c1-424b-9868-57a2d4851a1d" relativeResultsDirectory="4e3cc8e4-c049-4530-9fe8-f817398d2934" />
    <UnitTestResult executionId="01474f6f-3f11-48c4-9b18-44a96eb04324" testId="f6b100b3-2411-73d1-18e1-b5a973c79c9f" testName="ExxerAI.CLI.Tests.TaskCommandsTests.ValidateConstructorParameters_Should_ReturnFailure_When_AgentRepositoryIsNull" computerName="DESKTOP-FB2ES22" duration="00:00:00.0008187" startTime="2025-07-04T09:01:56.3894416-06:00" endTime="2025-07-04T09:01:56.3898666-06:00" testType="13cdc9d9-ddb5-4fa4-a97d-d965ccfc6d4b" outcome="Passed" testListId="8c84fa94-04c1-424b-9868-57a2d4851a1d" relativeResultsDirectory="01474f6f-3f11-48c4-9b18-44a96eb04324" />
    <UnitTestResult executionId="b75e0ef5-8bad-41d1-887a-78d8bef93c84" testId="4839a5e7-c395-d6e8-c42a-4891191036fa" testName="ExxerAI.CLI.Tests.ProgramTests.Main_Should_HandleEmptyStringArguments_When_EmptyStringsProvided" computerName="DESKTOP-FB2ES22" duration="00:00:00.0379687" startTime="2025-07-04T09:01:56.3074030-06:00" endTime="2025-07-04T09:01:56.3375715-06:00" testType="13cdc9d9-ddb5-4fa4-a97d-d965ccfc6d4b" outcome="Passed" testListId="8c84fa94-04c1-424b-9868-57a2d4851a1d" relativeResultsDirectory="b75e0ef5-8bad-41d1-887a-78d8bef93c84" />
    <UnitTestResult executionId="1e6ef0e9-a126-4a9a-ac76-bff7f1b3f91a" testId="8d61a9af-3981-b0bc-482d-e9ce979dbf5d" testName="ExxerAI.CLI.Tests.TaskCommandsTests.ListTasks_Should_FilterByStatus_When_StatusFilterProvided" computerName="DESKTOP-FB2ES22" duration="00:00:00.0014247" startTime="2025-07-04T09:01:56.4777819-06:00" endTime="2025-07-04T09:01:56.4791320-06:00" testType="13cdc9d9-ddb5-4fa4-a97d-d965ccfc6d4b" outcome="Passed" testListId="8c84fa94-04c1-424b-9868-57a2d4851a1d" relativeResultsDirectory="1e6ef0e9-a126-4a9a-ac76-bff7f1b3f91a" />
    <UnitTestResult executionId="bd91ff2d-6b1d-47fd-8273-c00d652feedc" testId="95eb814c-3261-e9cf-4cb3-89a34db8881c" testName="ExxerAI.CLI.Tests.TaskCommandsTests.ValidateConstructorParameters_Should_ReturnSuccess_When_AllParametersValid" computerName="DESKTOP-FB2ES22" duration="00:00:00.0003963" startTime="2025-07-04T09:01:56.4015384-06:00" endTime="2025-07-04T09:01:56.4104388-06:00" testType="13cdc9d9-ddb5-4fa4-a97d-d965ccfc6d4b" outcome="Passed" testListId="8c84fa94-04c1-424b-9868-57a2d4851a1d" relativeResultsDirectory="bd91ff2d-6b1d-47fd-8273-c00d652feedc" />
    <UnitTestResult executionId="aa834c06-388f-4ff9-b449-6cf3a6049068" testId="a70be416-86ed-5c3d-d32c-f63ed1403240" testName="ExxerAI.CLI.Tests.TaskCommandsTests.ExecuteAsync_Should_CallAssignTask_When_AssignCommandProvided" computerName="DESKTOP-FB2ES22" duration="00:00:00.0066195" startTime="2025-07-04T09:01:56.4434138-06:00" endTime="2025-07-04T09:01:56.4508399-06:00" testType="13cdc9d9-ddb5-4fa4-a97d-d965ccfc6d4b" outcome="Passed" testListId="8c84fa94-04c1-424b-9868-57a2d4851a1d" relativeResultsDirectory="aa834c06-388f-4ff9-b449-6cf3a6049068" />
    <UnitTestResult executionId="32a173a0-94a9-498a-be2a-a3593780ae0b" testId="58277dde-a583-e60b-c387-4f9a6ce7484b" testName="ExxerAI.CLI.Tests.CLIValidationTests+CommandRouterValidationTests.ValidateConstructorParameters_WithAllNull_ShouldReturnFailureWithAllNames" computerName="DESKTOP-FB2ES22" duration="00:00:00.0002368" startTime="2025-07-04T09:01:56.2778015-06:00" endTime="2025-07-04T09:01:56.2780232-06:00" testType="13cdc9d9-ddb5-4fa4-a97d-d965ccfc6d4b" outcome="Passed" testListId="8c84fa94-04c1-424b-9868-57a2d4851a1d" relativeResultsDirectory="32a173a0-94a9-498a-be2a-a3593780ae0b" />
    <UnitTestResult executionId="115d21c2-0c97-47ab-84cd-255ed65480e9" testId="cfda127c-a5d9-84a1-e42d-d93eb0d11628" testName="ExxerAI.CLI.Tests.TaskCommandsTests.ExecuteAsync_Should_CallUpdateTaskStatus_When_UpdateCommandProvided" computerName="DESKTOP-FB2ES22" duration="00:00:00.0020866" startTime="2025-07-04T09:01:56.4813437-06:00" endTime="2025-07-04T09:01:56.4833465-06:00" testType="13cdc9d9-ddb5-4fa4-a97d-d965ccfc6d4b" outcome="Passed" testListId="8c84fa94-04c1-424b-9868-57a2d4851a1d" relativeResultsDirectory="115d21c2-0c97-47ab-84cd-255ed65480e9" />
    <UnitTestResult executionId="72d04015-c25d-4955-9dd1-9c0979fcb92c" testId="7dd9e371-adb2-fe53-a872-cbbed91b54f3" testName="ExxerAI.CLI.Tests.AgentCommandsTests.ListAgents_Should_FilterByStatus_When_StatusFilterProvided" computerName="DESKTOP-FB2ES22" duration="00:00:00.0010178" startTime="2025-07-04T09:01:56.4477671-06:00" endTime="2025-07-04T09:01:56.4484417-06:00" testType="13cdc9d9-ddb5-4fa4-a97d-d965ccfc6d4b" outcome="Passed" testListId="8c84fa94-04c1-424b-9868-57a2d4851a1d" relativeResultsDirectory="72d04015-c25d-4955-9dd1-9c0979fcb92c" />
    <UnitTestResult executionId="0583c1eb-3539-4521-91ee-f0cee75928cb" testId="ec060d6a-3ba5-68d0-e921-4a9feee3b53f" testName="ExxerAI.CLI.Tests.WorkflowCommandsTests.ExecuteAsync_CreateWithDescriptionVariants_ShouldReturnZero(descriptionFlag: &quot;--description&quot;)" computerName="DESKTOP-FB2ES22" duration="00:00:00.0150466" startTime="2025-07-04T09:01:56.6792115-06:00" endTime="2025-07-04T09:01:56.6949772-06:00" testType="13cdc9d9-ddb5-4fa4-a97d-d965ccfc6d4b" outcome="Passed" testListId="8c84fa94-04c1-424b-9868-57a2d4851a1d" relativeResultsDirectory="0583c1eb-3539-4521-91ee-f0cee75928cb" />
    <UnitTestResult executionId="825f77ec-7ebe-4b81-937c-e88e5a912ed1" testId="752607c0-72e5-f021-5f65-a75315da4ba3" testName="ExxerAI.CLI.Tests.CLIValidationTests+AgentCommandsValidationTests.ValidateConstructorParameters_WithNullAgentService_ShouldReturnFailure" computerName="DESKTOP-FB2ES22" duration="00:00:00.0006464" startTime="2025-07-04T09:01:56.3118395-06:00" endTime="2025-07-04T09:01:56.3119361-06:00" testType="13cdc9d9-ddb5-4fa4-a97d-d965ccfc6d4b" outcome="Passed" testListId="8c84fa94-04c1-424b-9868-57a2d4851a1d" relativeResultsDirectory="825f77ec-7ebe-4b81-937c-e88e5a912ed1" />
    <UnitTestResult executionId="956ef35f-7814-4a33-9178-fc9daba6b117" testId="6dfa0c88-4bc3-c12b-a4cf-f2cc750a2e09" testName="ExxerAI.CLI.Tests.WorkflowCommandsTests.ExecuteAsync_WithLongArgumentList_ShouldHandleEfficiently" computerName="DESKTOP-FB2ES22" duration="00:00:00.0128650" startTime="2025-07-04T09:01:56.6046525-06:00" endTime="2025-07-04T09:01:56.6165445-06:00" testType="13cdc9d9-ddb5-4fa4-a97d-d965ccfc6d4b" outcome="Passed" testListId="8c84fa94-04c1-424b-9868-57a2d4851a1d" relativeResultsDirectory="956ef35f-7814-4a33-9178-fc9daba6b117" />
    <UnitTestResult executionId="00b0d550-7479-49b8-ad16-ce31bf9910cb" testId="73325c86-666f-d17f-eb44-299e7a1cba02" testName="ExxerAI.CLI.Tests.WorkflowCommandsTests.ExecuteAsync_DeleteWithInvalidId_ShouldReturnOne" computerName="DESKTOP-FB2ES22" duration="00:00:00.0060099" startTime="2025-07-04T09:01:56.5777532-06:00" endTime="2025-07-04T09:01:56.5782488-06:00" testType="13cdc9d9-ddb5-4fa4-a97d-d965ccfc6d4b" outcome="Passed" testListId="8c84fa94-04c1-424b-9868-57a2d4851a1d" relativeResultsDirectory="00b0d550-7479-49b8-ad16-ce31bf9910cb" />
    <UnitTestResult executionId="2f4bd1b8-375f-40ba-8e12-18db8272aef5" testId="e183d32f-9cd0-7d38-6bf9-2dfdfc3095d6" testName="ExxerAI.CLI.Tests.WorkflowCommandsTests.ExecuteAsync_WithExecuteCommands_ShouldReturnZero(command: &quot;execute&quot;)" computerName="DESKTOP-FB2ES22" duration="00:00:00.0106837" startTime="2025-07-04T09:01:56.7937286-06:00" endTime="2025-07-04T09:01:56.8051725-06:00" testType="13cdc9d9-ddb5-4fa4-a97d-d965ccfc6d4b" outcome="Passed" testListId="8c84fa94-04c1-424b-9868-57a2d4851a1d" relativeResultsDirectory="2f4bd1b8-375f-40ba-8e12-18db8272aef5" />
    <UnitTestResult executionId="dc478ea5-efe3-4778-8bef-b4d073cf9c9e" testId="f0590e72-da6e-1452-6c84-13b38814c5fb" testName="ExxerAI.CLI.Tests.AgentCommandsTests.ExecuteAsync_Should_CallListAgents_When_ListCommandProvided" computerName="DESKTOP-FB2ES22" duration="00:00:00.0015994" startTime="2025-07-04T09:01:56.3826608-06:00" endTime="2025-07-04T09:01:56.3840044-06:00" testType="13cdc9d9-ddb5-4fa4-a97d-d965ccfc6d4b" outcome="Passed" testListId="8c84fa94-04c1-424b-9868-57a2d4851a1d" relativeResultsDirectory="dc478ea5-efe3-4778-8bef-b4d073cf9c9e" />
    <UnitTestResult executionId="ed092edf-264f-4e85-8d6e-a0ad7f4de567" testId="d6a882a9-114b-465d-3630-780e03d1ee8c" testName="ExxerAI.CLI.Tests.WorkflowCommandsTests.ExecuteAsync_WithoutRequiredArgs_ShouldReturnOne" computerName="DESKTOP-FB2ES22" duration="00:00:00.0279500" startTime="2025-07-04T09:01:56.7616307-06:00" endTime="2025-07-04T09:01:56.7882775-06:00" testType="13cdc9d9-ddb5-4fa4-a97d-d965ccfc6d4b" outcome="Passed" testListId="8c84fa94-04c1-424b-9868-57a2d4851a1d" relativeResultsDirectory="ed092edf-264f-4e85-8d6e-a0ad7f4de567" />
    <UnitTestResult executionId="d13feafa-54a8-4904-84bc-5b05afa29835" testId="0f73d449-77b7-552d-6159-df99431ba7ca" testName="ExxerAI.CLI.Tests.CommandRouterTests.ExecuteAsync_Should_PassEmptyArguments_When_OnlyCommandProvided" computerName="DESKTOP-FB2ES22" duration="00:00:00.0008739" startTime="2025-07-04T09:01:56.5147762-06:00" endTime="2025-07-04T09:01:56.5148814-06:00" testType="13cdc9d9-ddb5-4fa4-a97d-d965ccfc6d4b" outcome="Passed" testListId="8c84fa94-04c1-424b-9868-57a2d4851a1d" relativeResultsDirectory="d13feafa-54a8-4904-84bc-5b05afa29835" />
    <UnitTestResult executionId="7b69efbd-3bd6-4550-84ca-a41c5512817c" testId="65d3b764-7e08-4271-ea8a-ee9e3493d13b" testName="ExxerAI.CLI.Tests.TaskCommandsTests.ExecuteAsync_Should_CallListOverdueTasks_When_OverdueCommandProvided" computerName="DESKTOP-FB2ES22" duration="00:00:00.0059762" startTime="2025-07-04T09:01:56.4352043-06:00" endTime="2025-07-04T09:01:56.4411613-06:00" testType="13cdc9d9-ddb5-4fa4-a97d-d965ccfc6d4b" outcome="Passed" testListId="8c84fa94-04c1-424b-9868-57a2d4851a1d" relativeResultsDirectory="7b69efbd-3bd6-4550-84ca-a41c5512817c" />
    <UnitTestResult executionId="58e2c797-9294-4754-92b9-80b95b3e8f2e" testId="7a381426-c24c-2fab-11db-8d49e639773b" testName="ExxerAI.CLI.Tests.CLIValidationTests+TaskCommandsValidationTests.Constructor_WithNullParameters_ShouldStillCreateInstance" computerName="DESKTOP-FB2ES22" duration="00:00:00.0001232" startTime="2025-07-04T09:01:56.3368924-06:00" endTime="2025-07-04T09:01:56.3369875-06:00" testType="13cdc9d9-ddb5-4fa4-a97d-d965ccfc6d4b" outcome="Passed" testListId="8c84fa94-04c1-424b-9868-57a2d4851a1d" relativeResultsDirectory="58e2c797-9294-4754-92b9-80b95b3e8f2e" />
    <UnitTestResult executionId="de8f9f9d-9fab-4065-b7a8-aa69a67cfcff" testId="e5705f72-61ac-6e52-79de-b4ef9dc7e85d" testName="ExxerAI.CLI.Tests.ProgramTests.Main_Should_ReturnZero_When_VersionCommandProvided" computerName="DESKTOP-FB2ES22" duration="00:00:00.0006457" startTime="2025-07-04T09:01:56.3482807-06:00" endTime="2025-07-04T09:01:56.3484049-06:00" testType="13cdc9d9-ddb5-4fa4-a97d-d965ccfc6d4b" outcome="Passed" testListId="8c84fa94-04c1-424b-9868-57a2d4851a1d" relativeResultsDirectory="de8f9f9d-9fab-4065-b7a8-aa69a67cfcff" />
    <UnitTestResult executionId="56f8e4ff-39d5-4b1f-891b-288ec0583d0c" testId="4a816e3c-5397-1d5f-1266-dd36b1b2e71f" testName="ExxerAI.CLI.Tests.AgentCommandsTests.DeactivateAgent_Should_ReturnError_When_NoIdProvided" computerName="DESKTOP-FB2ES22" duration="00:00:00.0016991" startTime="2025-07-04T09:01:56.3898127-06:00" endTime="2025-07-04T09:01:56.3901755-06:00" testType="13cdc9d9-ddb5-4fa4-a97d-d965ccfc6d4b" outcome="Passed" testListId="8c84fa94-04c1-424b-9868-57a2d4851a1d" relativeResultsDirectory="56f8e4ff-39d5-4b1f-891b-288ec0583d0c" />
    <UnitTestResult executionId="8425e089-14d4-492a-a42c-394506561ead" testId="c7f55b29-6cb3-001b-929c-497ab5920813" testName="ExxerAI.CLI.Tests.CLIValidationTests+WorkflowCommandsValidationTests.ExecuteAsync_WithUnknownCommand_ShouldReturnOne" computerName="DESKTOP-FB2ES22" duration="00:00:00.0824204" startTime="2025-07-04T09:01:56.2779470-06:00" endTime="2025-07-04T09:01:56.3373054-06:00" testType="13cdc9d9-ddb5-4fa4-a97d-d965ccfc6d4b" outcome="Passed" testListId="8c84fa94-04c1-424b-9868-57a2d4851a1d" relativeResultsDirectory="8425e089-14d4-492a-a42c-394506561ead" />
    <UnitTestResult executionId="05a37012-b1bd-4d29-8c40-09c7a51ff610" testId="21477087-4bc8-485a-da5f-f1eaf3ffc5dd" testName="ExxerAI.CLI.Tests.CLIValidationTests+CommandRouterValidationTests.Constructor_WithNullParameters_ShouldStillCreateInstance" computerName="DESKTOP-FB2ES22" duration="00:00:00.0001747" startTime="2025-07-04T09:01:56.2790580-06:00" endTime="2025-07-04T09:01:56.2791367-06:00" testType="13cdc9d9-ddb5-4fa4-a97d-d965ccfc6d4b" outcome="Passed" testListId="8c84fa94-04c1-424b-9868-57a2d4851a1d" relativeResultsDirectory="05a37012-b1bd-4d29-8c40-09c7a51ff610" />
    <UnitTestResult executionId="8475d97b-2c8e-4f21-a1e2-b17e5ae51dbc" testId="1cf07fc7-27d8-757d-4df7-6cc3863d3878" testName="ExxerAI.CLI.Tests.ProgramTests.Main_Should_ReturnZero_When_ValidCommandGroupsProvided(commandGroup: &quot;task&quot;)" computerName="DESKTOP-FB2ES22" duration="00:00:00.0021151" startTime="2025-07-04T09:01:56.3410215-06:00" endTime="2025-07-04T09:01:56.3412718-06:00" testType="13cdc9d9-ddb5-4fa4-a97d-d965ccfc6d4b" outcome="Passed" testListId="8c84fa94-04c1-424b-9868-57a2d4851a1d" relativeResultsDirectory="8475d97b-2c8e-4f21-a1e2-b17e5ae51dbc" />
    <UnitTestResult executionId="a027c5aa-39c5-4144-b401-6439303787f0" testId="08e78cec-5614-4429-a120-2976be20633a" testName="ExxerAI.CLI.Tests.AgentCommandsTests.ShowAgentStatus_Should_ReturnError_When_NoIdProvided" computerName="DESKTOP-FB2ES22" duration="00:00:00.0009008" startTime="2025-07-04T09:01:56.4348294-06:00" endTime="2025-07-04T09:01:56.4355604-06:00" testType="13cdc9d9-ddb5-4fa4-a97d-d965ccfc6d4b" outcome="Passed" testListId="8c84fa94-04c1-424b-9868-57a2d4851a1d" relativeResultsDirectory="a027c5aa-39c5-4144-b401-6439303787f0" />
    <UnitTestResult executionId="44d7be49-a2dc-4b52-a0bc-267c494d83f2" testId="ef658d28-5e5a-9120-0d27-6ed967900415" testName="ExxerAI.CLI.Tests.ProgramTests.Main_Should_InitializeCommands_When_Called" computerName="DESKTOP-FB2ES22" duration="00:00:00.0005597" startTime="2025-07-04T09:01:56.3670526-06:00" endTime="2025-07-04T09:01:56.3671153-06:00" testType="13cdc9d9-ddb5-4fa4-a97d-d965ccfc6d4b" outcome="Passed" testListId="8c84fa94-04c1-424b-9868-57a2d4851a1d" relativeResultsDirectory="44d7be49-a2dc-4b52-a0bc-267c494d83f2" />
    <UnitTestResult executionId="1c144377-7e05-497a-9427-c6c94faab869" testId="af05d974-5b83-2ceb-165c-5c8e6cc72fcc" testName="ExxerAI.CLI.Tests.ProgramTests.Main_Should_HandleNullArguments_When_NullProvided" computerName="DESKTOP-FB2ES22" duration="00:00:00.0014143" startTime="2025-07-04T09:01:56.3594939-06:00" endTime="2025-07-04T09:01:56.3606626-06:00" testType="13cdc9d9-ddb5-4fa4-a97d-d965ccfc6d4b" outcome="Passed" testListId="8c84fa94-04c1-424b-9868-57a2d4851a1d" relativeResultsDirectory="1c144377-7e05-497a-9427-c6c94faab869" />
    <UnitTestResult executionId="36a8c5db-2988-4a1b-ab5e-2acbcba7053d" testId="ecd41ba7-2f48-6509-db60-2efbcdc8ccee" testName="ExxerAI.CLI.Tests.CommandRouterTests.ValidateConstructorParameters_Should_ReturnSuccess_When_AllParametersValid" computerName="DESKTOP-FB2ES22" duration="00:00:00.5612551" startTime="2025-07-04T09:01:55.8417049-06:00" endTime="2025-07-04T09:01:56.3634695-06:00" testType="13cdc9d9-ddb5-4fa4-a97d-d965ccfc6d4b" outcome="Passed" testListId="8c84fa94-04c1-424b-9868-57a2d4851a1d" relativeResultsDirectory="36a8c5db-2988-4a1b-ab5e-2acbcba7053d" />
    <UnitTestResult executionId="2591680e-4272-43ac-a5fd-bf42934c603f" testId="79935ccb-2006-668e-f976-b70665df6c98" testName="ExxerAI.CLI.Tests.TaskCommandsTests.ListOverdueTasks_Should_FilterOverdueTasks_When_OverdueTasksExist" computerName="DESKTOP-FB2ES22" duration="00:00:00.0016237" startTime="2025-07-04T09:01:56.4415804-06:00" endTime="2025-07-04T09:01:56.4428237-06:00" testType="13cdc9d9-ddb5-4fa4-a97d-d965ccfc6d4b" outcome="Passed" testListId="8c84fa94-04c1-424b-9868-57a2d4851a1d" relativeResultsDirectory="2591680e-4272-43ac-a5fd-bf42934c603f" />
    <UnitTestResult executionId="ca9c4e28-73c2-469d-b98a-7d56e97fbe0e" testId="fa2e1b0c-0bc9-37e9-8c44-1c6002859ada" testName="ExxerAI.CLI.Tests.ProgramTests.Main_Should_ReturnZero_When_BuiltInCommandsProvided(command: &quot;--help&quot;)" computerName="DESKTOP-FB2ES22" duration="00:00:00.0001022" startTime="2025-07-04T09:01:56.3440237-06:00" endTime="2025-07-04T09:01:56.3440917-06:00" testType="13cdc9d9-ddb5-4fa4-a97d-d965ccfc6d4b" outcome="Passed" testListId="8c84fa94-04c1-424b-9868-57a2d4851a1d" relativeResultsDirectory="ca9c4e28-73c2-469d-b98a-7d56e97fbe0e" />
    <UnitTestResult executionId="f8394b15-8679-483b-a494-0b0c37a0703a" testId="2b82f9fe-3050-cab5-e054-bd41d74e0566" testName="ExxerAI.CLI.Tests.TaskCommandsTests.ExecuteAsync_Should_HandleShortFlags_When_ShortFlagsProvided(shortFlag: &quot;-t&quot;)" computerName="DESKTOP-FB2ES22" duration="00:00:00.0002296" startTime="2025-07-04T09:01:56.3801478-06:00" endTime="2025-07-04T09:01:56.3802461-06:00" testType="13cdc9d9-ddb5-4fa4-a97d-d965ccfc6d4b" outcome="Passed" testListId="8c84fa94-04c1-424b-9868-57a2d4851a1d" relativeResultsDirectory="f8394b15-8679-483b-a494-0b0c37a0703a" />
    <UnitTestResult executionId="677e033e-b8bf-4d40-a86a-5285f7867bfe" testId="e2b61a8b-ba92-b442-5abc-ae54b82682fa" testName="ExxerAI.CLI.Tests.CLIValidationTests.WorkflowCommands_Constructor_ShouldCreateInstance" computerName="DESKTOP-FB2ES22" duration="00:00:00.0002019" startTime="2025-07-04T09:01:56.3573576-06:00" endTime="2025-07-04T09:01:56.3574329-06:00" testType="13cdc9d9-ddb5-4fa4-a97d-d965ccfc6d4b" outcome="Passed" testListId="8c84fa94-04c1-424b-9868-57a2d4851a1d" relativeResultsDirectory="677e033e-b8bf-4d40-a86a-5285f7867bfe" />
    <UnitTestResult executionId="4f6576bf-8554-479f-b8e7-fba1a364224c" testId="7e6a9460-9cd5-ec6c-47fc-ce7241d0d330" testName="ExxerAI.CLI.Tests.WorkflowCommandsTests.ExecuteAsync_CreateWithDescription_ShouldReturnZero" computerName="DESKTOP-FB2ES22" duration="00:00:00.0125412" startTime="2025-07-04T09:01:56.5110466-06:00" endTime="2025-07-04T09:01:56.5259410-06:00" testType="13cdc9d9-ddb5-4fa4-a97d-d965ccfc6d4b" outcome="Passed" testListId="8c84fa94-04c1-424b-9868-57a2d4851a1d" relativeResultsDirectory="4f6576bf-8554-479f-b8e7-fba1a364224c" />
    <UnitTestResult executionId="d3a0211a-1477-46fe-80e4-427d65134187" testId="d1d9ac67-db3f-c1fc-b0d8-306b6bada743" testName="ExxerAI.CLI.Tests.CommandRouterTests.ExecuteAsync_Should_HandleAsyncExceptions_When_TaskCommandThrows" computerName="DESKTOP-FB2ES22" duration="00:00:00.0008323" startTime="2025-07-04T09:01:56.5282416-06:00" endTime="2025-07-04T09:01:56.5283311-06:00" testType="13cdc9d9-ddb5-4fa4-a97d-d965ccfc6d4b" outcome="Passed" testListId="8c84fa94-04c1-424b-9868-57a2d4851a1d" relativeResultsDirectory="d3a0211a-1477-46fe-80e4-427d65134187" />
    <UnitTestResult executionId="4b97652b-3e7f-45e2-978c-d91058d3b8b0" testId="b4e42f07-8250-1002-9188-6a9233614e66" testName="ExxerAI.CLI.Tests.CLIValidationTests+TaskCommandsValidationTests.ValidateConstructorParameters_WithNullAgentRepository_ShouldReturnFailure" computerName="DESKTOP-FB2ES22" duration="00:00:00.5252532" startTime="2025-07-04T09:01:55.8417620-06:00" endTime="2025-07-04T09:01:56.3334696-06:00" testType="13cdc9d9-ddb5-4fa4-a97d-d965ccfc6d4b" outcome="Passed" testListId="8c84fa94-04c1-424b-9868-57a2d4851a1d" relativeResultsDirectory="4b97652b-3e7f-45e2-978c-d91058d3b8b0" />
    <UnitTestResult executionId="1c86efaf-5ede-4b7c-829b-002985af2881" testId="c80a7bf8-6b50-e9f2-4c50-9b2f8fc84ca4" testName="ExxerAI.CLI.Tests.CLIValidationTests.TaskCommands_Constructor_WithNullArguments_ShouldCreateInstance" computerName="DESKTOP-FB2ES22" duration="00:00:00.0002309" startTime="2025-07-04T09:01:56.3512668-06:00" endTime="2025-07-04T09:01:56.3513345-06:00" testType="13cdc9d9-ddb5-4fa4-a97d-d965ccfc6d4b" outcome="Passed" testListId="8c84fa94-04c1-424b-9868-57a2d4851a1d" relativeResultsDirectory="1c86efaf-5ede-4b7c-829b-002985af2881" />
    <UnitTestResult executionId="867fbdfc-ab5f-479f-9cfa-0221f55a519a" testId="967f8438-694e-b976-42ba-4020bce27f09" testName="ExxerAI.CLI.Tests.CLIValidationTests+CommandRouterValidationTests.Constructor_WithValidParameters_ShouldCreateInstance" computerName="DESKTOP-FB2ES22" duration="00:00:00.0003139" startTime="2025-07-04T09:01:56.2775058-06:00" endTime="2025-07-04T09:01:56.2775912-06:00" testType="13cdc9d9-ddb5-4fa4-a97d-d965ccfc6d4b" outcome="Passed" testListId="8c84fa94-04c1-424b-9868-57a2d4851a1d" relativeResultsDirectory="867fbdfc-ab5f-479f-9cfa-0221f55a519a" />
    <UnitTestResult executionId="7652207c-7f42-4416-907d-f82bd3ca8a49" testId="9f70ce8a-1ef7-3b2f-0906-28e926b5bc09" testName="ExxerAI.CLI.Tests.TaskCommandsTests.UpdateTaskStatus_Should_SetCompletedAt_When_ChangingToCompleted" computerName="DESKTOP-FB2ES22" duration="00:00:00.0097613" startTime="2025-07-04T09:01:56.3901006-06:00" endTime="2025-07-04T09:01:56.3983954-06:00" testType="13cdc9d9-ddb5-4fa4-a97d-d965ccfc6d4b" outcome="Passed" testListId="8c84fa94-04c1-424b-9868-57a2d4851a1d" relativeResultsDirectory="7652207c-7f42-4416-907d-f82bd3ca8a49" />
    <UnitTestResult executionId="9d11c2f8-ab99-4a96-949f-e1b67f692117" testId="35d8f0d3-c97a-3807-8d73-40d3eea91cff" testName="ExxerAI.CLI.Tests.AgentCommandsTests.ExecuteAsync_Should_CallActivateAgent_When_ActivateCommandProvided" computerName="DESKTOP-FB2ES22" duration="00:00:00.0059297" startTime="2025-07-04T09:01:56.3765591-06:00" endTime="2025-07-04T09:01:56.3821869-06:00" testType="13cdc9d9-ddb5-4fa4-a97d-d965ccfc6d4b" outcome="Passed" testListId="8c84fa94-04c1-424b-9868-57a2d4851a1d" relativeResultsDirectory="9d11c2f8-ab99-4a96-949f-e1b67f692117" />
    <UnitTestResult executionId="27b697e2-33e6-404c-93c3-b49acd1e3efb" testId="4e3286ec-daee-9969-221f-5e06d9cecc8a" testName="ExxerAI.CLI.Tests.TaskCommandsTests.CreateTask_Should_ReturnError_When_InvalidPriority" computerName="DESKTOP-FB2ES22" duration="00:00:00.0007240" startTime="2025-07-04T09:01:56.3834736-06:00" endTime="2025-07-04T09:01:56.3843363-06:00" testType="13cdc9d9-ddb5-4fa4-a97d-d965ccfc6d4b" outcome="Passed" testListId="8c84fa94-04c1-424b-9868-57a2d4851a1d" relativeResultsDirectory="27b697e2-33e6-404c-93c3-b49acd1e3efb" />
    <UnitTestResult executionId="cb4d5d03-e05d-496b-ba1c-ba3f37c8394d" testId="ab1f49be-3e21-4a8a-27e7-37f53fa3e8a7" testName="ExxerAI.CLI.Tests.ProgramTests.Main_Should_RouteToAgentCommands_When_AgentCommandProvided" computerName="DESKTOP-FB2ES22" duration="00:00:00.0007308" startTime="2025-07-04T09:01:56.3570950-06:00" endTime="2025-07-04T09:01:56.3575881-06:00" testType="13cdc9d9-ddb5-4fa4-a97d-d965ccfc6d4b" outcome="Passed" testListId="8c84fa94-04c1-424b-9868-57a2d4851a1d" relativeResultsDirectory="cb4d5d03-e05d-496b-ba1c-ba3f37c8394d" />
    <UnitTestResult executionId="30ea8344-1561-456f-b8a6-abbd63fd8d81" testId="20236970-69e7-27c3-16d2-11bb67403a70" testName="ExxerAI.CLI.Tests.TaskCommandsTests.ExecuteAsync_Should_HandleCommandAliases_When_AliasesProvided(alias: &quot;rm&quot;)" computerName="DESKTOP-FB2ES22" duration="00:00:00.0030683" startTime="2025-07-04T09:01:56.4137482-06:00" endTime="2025-07-04T09:01:56.4166288-06:00" testType="13cdc9d9-ddb5-4fa4-a97d-d965ccfc6d4b" outcome="Passed" testListId="8c84fa94-04c1-424b-9868-57a2d4851a1d" relativeResultsDirectory="30ea8344-1561-456f-b8a6-abbd63fd8d81" />
    <UnitTestResult executionId="3063e4a8-3f5e-4946-a862-4e21d72f1360" testId="3cdaf0f8-bdf2-07f0-852e-ce8c0a6f85f6" testName="ExxerAI.CLI.Tests.AgentCommandsTests.ValidateConstructorParameters_Should_ReturnFailure_When_AgentRepositoryIsNull" computerName="DESKTOP-FB2ES22" duration="00:00:00.0002341" startTime="2025-07-04T09:01:56.4471746-06:00" endTime="2025-07-04T09:01:56.4472460-06:00" testType="13cdc9d9-ddb5-4fa4-a97d-d965ccfc6d4b" outcome="Passed" testListId="8c84fa94-04c1-424b-9868-57a2d4851a1d" relativeResultsDirectory="3063e4a8-3f5e-4946-a862-4e21d72f1360" />
    <UnitTestResult executionId="757b8a01-fea3-4f47-9bc6-6a2337b0c50a" testId="47815421-c213-0ad9-86e4-d4f28079dd62" testName="ExxerAI.CLI.Tests.WorkflowCommandsTests.ExecuteAsync_ListWithStatusFilterVariants_ShouldReturnZero(statusFlag: &quot;--agentStatus&quot;)" computerName="DESKTOP-FB2ES22" duration="00:00:00.0137091" startTime="2025-07-04T09:01:56.5425917-06:00" endTime="2025-07-04T09:01:56.5569836-06:00" testType="13cdc9d9-ddb5-4fa4-a97d-d965ccfc6d4b" outcome="Passed" testListId="8c84fa94-04c1-424b-9868-57a2d4851a1d" relativeResultsDirectory="757b8a01-fea3-4f47-9bc6-6a2337b0c50a" />
    <UnitTestResult executionId="f040da53-ec88-417b-8e82-8cb63dba218a" testId="c662ca4a-bd67-deee-eca1-aee836913af1" testName="ExxerAI.CLI.Tests.ProgramTests.Main_Should_InitializeCommandRouter_When_Called" computerName="DESKTOP-FB2ES22" duration="00:00:00.0003806" startTime="2025-07-04T09:01:56.3667969-06:00" endTime="2025-07-04T09:01:56.3668702-06:00" testType="13cdc9d9-ddb5-4fa4-a97d-d965ccfc6d4b" outcome="Passed" testListId="8c84fa94-04c1-424b-9868-57a2d4851a1d" relativeResultsDirectory="f040da53-ec88-417b-8e82-8cb63dba218a" />
    <UnitTestResult executionId="ebda98c8-11ff-4254-a911-36c1e141cdfa" testId="c6e9aeee-f644-02cf-8785-958faed68a89" testName="ExxerAI.CLI.Tests.ProgramTests.Main_Should_HandleCaseInsensitiveCommands_When_UpperCaseProvided" computerName="DESKTOP-FB2ES22" duration="00:00:00.0004011" startTime="2025-07-04T09:01:56.3672755-06:00" endTime="2025-07-04T09:01:56.3673417-06:00" testType="13cdc9d9-ddb5-4fa4-a97d-d965ccfc6d4b" outcome="Passed" testListId="8c84fa94-04c1-424b-9868-57a2d4851a1d" relativeResultsDirectory="ebda98c8-11ff-4254-a911-36c1e141cdfa" />
    <UnitTestResult executionId="c955eb7e-d5e4-42f9-a8d2-369d7e6aec5e" testId="23b4a9d3-8a2e-e4db-dfbd-95938a3ddb6a" testName="ExxerAI.CLI.Tests.CLIValidationTests+CommandRouterValidationTests.ValidateConstructorParameters_WithValidParameters_ShouldReturnSuccess" computerName="DESKTOP-FB2ES22" duration="00:00:00.0006613" startTime="2025-07-04T09:01:56.2769725-06:00" endTime="2025-07-04T09:01:56.2771426-06:00" testType="13cdc9d9-ddb5-4fa4-a97d-d965ccfc6d4b" outcome="Passed" testListId="8c84fa94-04c1-424b-9868-57a2d4851a1d" relativeResultsDirectory="c955eb7e-d5e4-42f9-a8d2-369d7e6aec5e" />
    <UnitTestResult executionId="2e303f3e-e029-4b97-8e7f-46c2b2420922" testId="8edee6fe-cebf-2a19-4a70-511b9cf7e184" testName="ExxerAI.CLI.Tests.CLIValidationTests+TaskCommandsValidationTests.ValidateConstructorParameters_WithValidParameters_ShouldReturnSuccess" computerName="DESKTOP-FB2ES22" duration="00:00:00.0010814" startTime="2025-07-04T09:01:56.3372256-06:00" endTime="2025-07-04T09:01:56.3382460-06:00" testType="13cdc9d9-ddb5-4fa4-a97d-d965ccfc6d4b" outcome="Passed" testListId="8c84fa94-04c1-424b-9868-57a2d4851a1d" relativeResultsDirectory="2e303f3e-e029-4b97-8e7f-46c2b2420922" />
    <UnitTestResult executionId="bf05c049-947e-4c5f-8b66-149560e56a2c" testId="0d5fcbca-be16-47c6-5ad0-bdf6cce5b3b4" testName="ExxerAI.CLI.Tests.ProgramTests.Main_Should_ReturnZero_When_BuiltInCommandsProvided(command: &quot;-v&quot;)" computerName="DESKTOP-FB2ES22" duration="00:00:00.0000459" startTime="2025-07-04T09:01:56.3445147-06:00" endTime="2025-07-04T09:01:56.3445915-06:00" testType="13cdc9d9-ddb5-4fa4-a97d-d965ccfc6d4b" outcome="Passed" testListId="8c84fa94-04c1-424b-9868-57a2d4851a1d" relativeResultsDirectory="bf05c049-947e-4c5f-8b66-149560e56a2c" />
    <UnitTestResult executionId="cd5b88ce-1cad-4b2c-9bcb-5538e4763f38" testId="0a9e241f-e869-b8ef-feca-97fc1d35ca98" testName="ExxerAI.CLI.Tests.TaskCommandsTests.ValidateConstructorParameters_Should_ReturnFailure_When_TaskRepositoryIsNull" computerName="DESKTOP-FB2ES22" duration="00:00:00.0003306" startTime="2025-07-04T09:01:56.3998956-06:00" endTime="2025-07-04T09:01:56.4000631-06:00" testType="13cdc9d9-ddb5-4fa4-a97d-d965ccfc6d4b" outcome="Passed" testListId="8c84fa94-04c1-424b-9868-57a2d4851a1d" relativeResultsDirectory="cd5b88ce-1cad-4b2c-9bcb-5538e4763f38" />
    <UnitTestResult executionId="f6db28e3-8b13-4ab0-be06-9d068140cf25" testId="8e41c46a-f3e2-c956-7e98-f0473f57353d" testName="ExxerAI.CLI.Tests.ProgramTests.Main_Should_ReturnZero_When_BuiltInCommandsProvided(command: &quot;help&quot;)" computerName="DESKTOP-FB2ES22" duration="00:00:00.0010862" startTime="2025-07-04T09:01:56.3435904-06:00" endTime="2025-07-04T09:01:56.3436673-06:00" testType="13cdc9d9-ddb5-4fa4-a97d-d965ccfc6d4b" outcome="Passed" testListId="8c84fa94-04c1-424b-9868-57a2d4851a1d" relativeResultsDirectory="f6db28e3-8b13-4ab0-be06-9d068140cf25" />
    <UnitTestResult executionId="e05c613b-d7b8-4bb3-9360-d5e9416810e7" testId="12cce1c2-5e13-e49e-b0c6-4aea9cf38c60" testName="ExxerAI.CLI.Tests.CommandRouterTests.ExecuteAsync_Should_HandleAsyncExceptions_When_AgentCommandThrows" computerName="DESKTOP-FB2ES22" duration="00:00:00.0012248" startTime="2025-07-04T09:01:56.5092557-06:00" endTime="2025-07-04T09:01:56.5102954-06:00" testType="13cdc9d9-ddb5-4fa4-a97d-d965ccfc6d4b" outcome="Passed" testListId="8c84fa94-04c1-424b-9868-57a2d4851a1d" relativeResultsDirectory="e05c613b-d7b8-4bb3-9360-d5e9416810e7" />
    <UnitTestResult executionId="25f968c7-5dec-4a50-b906-0a5a73a7115f" testId="dc3cce0c-22ae-7dea-28db-1bf3e6a70ab5" testName="ExxerAI.CLI.Tests.ProgramTests.Main_Should_HandleVeryLongArguments_When_LongStringsProvided" computerName="DESKTOP-FB2ES22" duration="00:00:00.0008317" startTime="2025-07-04T09:01:56.3614547-06:00" endTime="2025-07-04T09:01:56.3623574-06:00" testType="13cdc9d9-ddb5-4fa4-a97d-d965ccfc6d4b" outcome="Passed" testListId="8c84fa94-04c1-424b-9868-57a2d4851a1d" relativeResultsDirectory="25f968c7-5dec-4a50-b906-0a5a73a7115f" />
    <UnitTestResult executionId="eff42e46-930b-4891-9ab4-dc393c33cb71" testId="3c65d5f0-0117-a466-d2d6-cf96ed50b77f" testName="ExxerAI.CLI.Tests.TaskCommandsTests.ExecuteAsync_Should_HandleShortFlags_When_ShortFlagsProvided(shortFlag: &quot;-d&quot;)" computerName="DESKTOP-FB2ES22" duration="00:00:00.0044040" startTime="2025-07-04T09:01:56.3748925-06:00" endTime="2025-07-04T09:01:56.3779040-06:00" testType="13cdc9d9-ddb5-4fa4-a97d-d965ccfc6d4b" outcome="Passed" testListId="8c84fa94-04c1-424b-9868-57a2d4851a1d" relativeResultsDirectory="eff42e46-930b-4891-9ab4-dc393c33cb71" />
[...]
Commands:&#xD;
  agent    Manage AI agents (list, create, delete, agentStatus)&#xD;
  task     Manage tasks (list, create, assign, update)&#xD;
  workflow Manage workflows (list, create, execute)&#xD;
  help     Show this help information&#xD;
  version  Show version information&#xD;
Examples:&#xD;
  exxerai agent list&#xD;
  exxerai agent create "Value Processor" --description "Processes data"&#xD;
  exxerai task list --agentStatus pending&#xD;
  exxerai task assign 123 456&#xD;
Use 'exxerai &lt;command&gt; --help' for more information about a command.&#xD;
No tasks found.&#xD;
Error: Invalid deadline format 'invalid-date'. Use format: YYYY-MM-DD&#xD;
Error: Task ID and agent ID are required.&#xD;
Usage: exxerai task assign &lt;task-id&gt; &lt;agent-id&gt;&#xD;
Tasks:&#xD;
ID         Title                          Type            AgentStatus  Priority Agent                     Deadline    &#xD;
-----------------------------------------------------------------------------------------------------------------------------&#xD;
d4245bd6   PendingTask                    Test            Pending      Normal   Unassigned                None        &#xD;
Total: 1 task(s)&#xD;
Task 'TestTask' created successfully with ID: eb77bc98-a5f3-4179-8f83-e91dc0404529&#xD;
ExxerAI CLI - Autonomous AI Agent Management System&#xD;
Usage: exxerai &lt;command&gt; [options]&#xD;
Commands:&#xD;
  agent    Manage AI agents (list, create, delete, agentStatus)&#xD;
  task     Manage tasks (list, create, assign, update)&#xD;
  workflow Manage workflows (list, create, execute)&#xD;
  help     Show this help information&#xD;
  version  Show version information&#xD;
Examples:&#xD;
  exxerai agent list&#xD;
  exxerai agent create "Value Processor" --description "Processes data"&#xD;
  exxerai task list --agentStatus pending&#xD;
  exxerai task assign 123 456&#xD;
Use 'exxerai &lt;command&gt; --help' for more information about a command.&#xD;
ExxerAI CLI v1.0.0&#xD;
Autonomous AI Agent Management System&#xD;
Task 0971e4de-8930-45b0-9643-0d5eb8cb00dd agentStatus updated to Completed successfully.&#xD;
Task 'TestTask' created successfully with ID: 8fa73d02-2740-4cd6-a9d2-879e93570a22&#xD;
ExxerAI CLI v1.0.0&#xD;
Autonomous AI Agent Management System&#xD;
ExxerAI CLI v1.0.0&#xD;
Autonomous AI Agent Management System&#xD;
Task 'TestTask' created successfully with ID: dcd15854-d64b-4b5e-aba3-ad2893604bd6&#xD;
ExxerAI CLI v1.0.0&#xD;
Autonomous AI Agent Management System&#xD;
Agents:&#xD;
ID         Name                      AgentStatus     Created             &#xD;
----------------------------------------------------------------------&#xD;
175866e5   Test Agent                Inactive        2025-07-04 15:01&#xD;
Total: 1 agent(s)&#xD;
Error retrieving agents: Test error&#xD;
ExxerAI CLI - Autonomous AI Agent Management System&#xD;
Usage: exxerai &lt;command&gt; [options]&#xD;
Commands:&#xD;
  agent    Manage AI agents (list, create, delete, agentStatus)&#xD;
  task     Manage tasks (list, create, assign, update)&#xD;
  workflow Manage workflows (list, create, execute)&#xD;
  help     Show this help information&#xD;
  version  Show version information&#xD;
Examples:&#xD;
  exxerai agent list&#xD;
  exxerai agent create "Value Processor" --description "Processes data"&#xD;
  exxerai task list --agentStatus pending&#xD;
  exxerai task assign 123 456&#xD;
Use 'exxerai &lt;command&gt; --help' for more information about a command.&#xD;
No tasks found.&#xD;
Creating workflow 'TestWorkflow'...&#xD;
Note: Workflow creation is currently under development.&#xD;
This feature will allow you to:&#xD;
  - Define agent collaboration patterns&#xD;
  - Set up task dependencies and flows&#xD;
  - Configure automated decision points&#xD;
  - Create reusable workflow templates&#xD;
Please check back in future releases for full workflow support.&#xD;
Creating workflow 'TestWorkflow'...&#xD;
Note: Workflow creation is currently under development.&#xD;
This feature will allow you to:&#xD;
  - Define agent collaboration patterns&#xD;
  - Set up task dependencies and flows&#xD;
  - Configure automated decision points&#xD;
  - Create reusable workflow templates&#xD;
Please check back in future releases for full workflow support.&#xD;
Creating workflow 'TestWorkflow'...&#xD;
Note: Workflow creation is currently under development.&#xD;
This feature will allow you to:&#xD;
  - Define agent collaboration patterns&#xD;
  - Set up task dependencies and flows&#xD;
  - Configure automated decision points&#xD;
  - Create reusable workflow templates&#xD;
Please check back in future releases for full workflow support.&#xD;
Error: Invalid agent ID format 'invalid-guid'.&#xD;
Agent 'TestAgent' created successfully with ID: 94e04be0-1ebc-4c1c-8635-58e85d318ef5&#xD;
ExxerAI CLI - Autonomous AI Agent Management System&#xD;
Usage: exxerai &lt;command&gt; [options]&#xD;
Commands:&#xD;
  agent    Manage AI agents (list, create, delete, agentStatus)&#xD;
  task     Manage tasks (list, create, assign, update)&#xD;
  workflow Manage workflows (list, create, execute)&#xD;
  help     Show this help information&#xD;
  version  Show version information&#xD;
Examples:&#xD;
  exxerai agent list&#xD;
  exxerai agent create "Value Processor" --description "Processes data"&#xD;
  exxerai task list --agentStatus pending&#xD;
  exxerai task assign 123 456&#xD;
Use 'exxerai &lt;command&gt; --help' for more information about a command.&#xD;
Workflow Commands:&#xD;
Usage: exxerai workflow &lt;command&gt; [options]&#xD;
Commands:&#xD;
  list      List available workflows&#xD;
  create    Create a new workflow&#xD;
  execute   Execute a workflow&#xD;
  agentStatus    Show workflow execution agentStatus&#xD;
Note: Workflow management is currently under development.&#xD;
      These commands provide a preview of upcoming functionality.&#xD;
Examples (future functionality):&#xD;
  exxerai workflow list&#xD;
  exxerai workflow create "Value Pipeline" --template processing&#xD;
  exxerai workflow execute "Value Pipeline" --parameters input.json&#xD;
  exxerai workflow agentStatus "Value Pipeline"&#xD;
Stay tuned for full workflow orchestration capabilities!&#xD;
ExxerAI CLI - Autonomous AI Agent Management System&#xD;
Usage: exxerai &lt;command&gt; [options]&#xD;
Commands:&#xD;
  agent    Manage AI agents (list, create, delete, agentStatus)&#xD;
  task     Manage tasks (list, create, assign, update)&#xD;
  workflow Manage workflows (list, create, execute)&#xD;
  help     Show this help information&#xD;
  version  Show version information&#xD;
Examples:&#xD;
  exxerai agent list&#xD;
  exxerai agent create "Value Processor" --description "Processes data"&#xD;
  exxerai task list --agentStatus pending&#xD;
  exxerai task assign 123 456&#xD;
Use 'exxerai &lt;command&gt; --help' for more information about a command.&#xD;
No tasks found.&#xD;
Task 'TestTask' created successfully with ID: 0150eb01-d0ab-42cf-9648-6d3dd490c8ee&#xD;
No agents found.&#xD;
ExxerAI CLI v1.0.0&#xD;
Autonomous AI Agent Management System&#xD;
Creating workflow 'TestWorkflow'...&#xD;
Note: Workflow creation is currently under development.&#xD;
This feature will allow you to:&#xD;
  - Define agent collaboration patterns&#xD;
  - Set up task dependencies and flows&#xD;
  - Configure automated decision points&#xD;
  - Create reusable workflow templates&#xD;
Please check back in future releases for full workflow support.&#xD;
Unknown command: invalid&#xD;
Use 'exxerai help' to see available commands.&#xD;
ExxerAI CLI - Autonomous AI Agent Management System&#xD;
Usage: exxerai &lt;command&gt; [options]&#xD;
Commands:&#xD;
  agent    Manage AI agents (list, create, delete, agentStatus)&#xD;
  task     Manage tasks (list, create, assign, update)&#xD;
  workflow Manage workflows (list, create, execute)&#xD;
  help     Show this help information&#xD;
  version  Show version information&#xD;
Examples:&#xD;
  exxerai agent list&#xD;
  exxerai agent create "Value Processor" --description "Processes data"&#xD;
  exxerai task list --agentStatus pending&#xD;
  exxerai task assign 123 456&#xD;
Use 'exxerai &lt;command&gt; --help' for more information about a command.&#xD;
Unknown workflow command: invalid-subcommand&#xD;
Use 'exxerai workflow help' to see available commands.&#xD;
Error: Invalid task ID format 'invalid-guid'.&#xD;
Error listing agents: Test exception&#xD;
Creating workflow 'TestWorkflow'...&#xD;
Note: Workflow creation is currently under development.&#xD;
This feature will allow you to:&#xD;
  - Define agent collaboration patterns&#xD;
  - Set up task dependencies and flows&#xD;
  - Configure automated decision points&#xD;
  - Create reusable workflow templates&#xD;
Please check back in future releases for full workflow support.&#xD;
Creating workflow 'TestWorkflow'...&#xD;
Note: Workflow creation is currently under development.&#xD;
This feature will allow you to:&#xD;
  - Define agent collaboration patterns&#xD;
  - Set up task dependencies and flows&#xD;
  - Configure automated decision points&#xD;
  - Create reusable workflow templates&#xD;
Please check back in future releases for full workflow support.&#xD;
Available Workflows:&#xD;
Note: Workflow management is currently under development.&#xD;
The following workflows will be available in future versions:&#xD;
  - Agent Coordination Workflows&#xD;
  - Value Processing Pipelines&#xD;
  - Task Orchestration Flows&#xD;
  - Multi-Agent Collaboration Workflows&#xD;
Stay tuned for upcoming releases!&#xD;
Available Workflows:&#xD;
Note: Workflow management is currently under development.&#xD;
The following workflows will be available in future versions:&#xD;
  - Agent Coordination Workflows&#xD;
  - Value Processing Pipelines&#xD;
  - Task Orchestration Flows&#xD;
  - Multi-Agent Collaboration Workflows&#xD;
Stay tuned for upcoming releases!&#xD;
Unknown workflow command: invalidcommand&#xD;
Use 'exxerai workflow help' to see available commands.&#xD;
Unknown workflow command: delete&#xD;
Use 'exxerai workflow help' to see available commands.&#xD;
Creating workflow ''...&#xD;
Note: Workflow creation is currently under development.&#xD;
This feature will allow you to:&#xD;
  - Define agent collaboration patterns&#xD;
  - Set up task dependencies and flows&#xD;
  - Configure automated decision points&#xD;
  - Create reusable workflow templates&#xD;
Please check back in future releases for full workflow support.&#xD;
Unknown workflow command: update&#xD;
Use 'exxerai workflow help' to see available commands.&#xD;
Unknown workflow command: update&#xD;
Use 'exxerai workflow help' to see available commands.&#xD;
Unknown workflow command: stop&#xD;
Use 'exxerai workflow help' to see available commands.&#xD;
Available Workflows:&#xD;
Note: Workflow management is currently under development.&#xD;
The following workflows will be available in future versions:&#xD;
  - Agent Coordination Workflows&#xD;
  - Value Processing Pipelines&#xD;
  - Task Orchestration Flows&#xD;
  - Multi-Agent Collaboration Workflows&#xD;
Stay tuned for upcoming releases!&#xD;
Creating workflow 'TestWorkflow'...&#xD;
Note: Workflow creation is currently under development.&#xD;
This feature will allow you to:&#xD;
  - Define agent collaboration patterns&#xD;
  - Set up task dependencies and flows&#xD;
  - Configure automated decision points&#xD;
  - Create reusable workflow templates&#xD;
Please check back in future releases for full workflow support.&#xD;
Unknown workflow command: remove&#xD;
Use 'exxerai workflow help' to see available commands.&#xD;
Unknown workflow command: delete&#xD;
Use 'exxerai workflow help' to see available commands.&#xD;
Unknown workflow command: rm&#xD;
Use 'exxerai workflow help' to see available commands.&#xD;
Workflow Commands:&#xD;
Usage: exxerai workflow &lt;command&gt; [options]&#xD;
Commands:&#xD;
  list      List available workflows&#xD;
  create    Create a new workflow&#xD;
  execute   Execute a workflow&#xD;
  agentStatus    Show workflow execution agentStatus&#xD;
Note: Workflow management is currently under development.&#xD;
      These commands provide a preview of upcoming functionality.&#xD;
Examples (future functionality):&#xD;
  exxerai workflow list&#xD;
  exxerai workflow create "Value Pipeline" --template processing&#xD;
  exxerai workflow execute "Value Pipeline" --parameters input.json&#xD;
  exxerai workflow agentStatus "Value Pipeline"&#xD;
Stay tuned for full workflow orchestration capabilities!&#xD;
Workflow Commands:&#xD;
Usage: exxerai workflow &lt;command&gt; [options]&#xD;
Commands:&#xD;
  list      List available workflows&#xD;
  create    Create a new workflow&#xD;
  execute   Execute a workflow&#xD;
  agentStatus    Show workflow execution agentStatus&#xD;
Note: Workflow management is currently under development.&#xD;
      These commands provide a preview of upcoming functionality.&#xD;
Examples (future functionality):&#xD;
  exxerai workflow list&#xD;
  exxerai workflow create "Value Pipeline" --template processing&#xD;
  exxerai workflow execute "Value Pipeline" --parameters input.json&#xD;
  exxerai workflow agentStatus "Value Pipeline"&#xD;
Stay tuned for full workflow orchestration capabilities!&#xD;
Workflow Commands:&#xD;
Usage: exxerai workflow &lt;command&gt; [options]&#xD;
Commands:&#xD;
  list      List available workflows&#xD;
  create    Create a new workflow&#xD;
  execute   Execute a workflow&#xD;
  agentStatus    Show workflow execution agentStatus&#xD;
Note: Workflow management is currently under development.&#xD;
      These commands provide a preview of upcoming functionality.&#xD;
Examples (future functionality):&#xD;
  exxerai workflow list&#xD;
  exxerai workflow create "Value Pipeline" --template processing&#xD;
  exxerai workflow execute "Value Pipeline" --parameters input.json&#xD;
  exxerai workflow agentStatus "Value Pipeline"&#xD;
Stay tuned for full workflow orchestration capabilities!&#xD;
Executing workflow 'invalid-id'...&#xD;
Note: Workflow execution is currently under development.&#xD;
Future versions will support:&#xD;
  - Real-time workflow execution&#xD;
  - Progress monitoring and agentStatus updates&#xD;
  - Error handling and recovery&#xD;
  - Parallel and sequential task execution&#xD;
  - Dynamic agent assignment&#xD;
This will enable powerful autonomous agent orchestration!&#xD;
Unknown workflow command: update&#xD;
Use 'exxerai workflow help' to see available commands.&#xD;
Creating workflow 'Workflow1'...&#xD;
Note: Workflow creation is currently under development.&#xD;
This feature will allow you to:&#xD;
  - Define agent collaboration patterns&#xD;
  - Set up task dependencies and flows&#xD;
  - Configure automated decision points&#xD;
  - Create reusable workflow templates&#xD;
Please check back in future releases for full workflow support.&#xD;
Available Workflows:&#xD;
Note: Workflow management is currently under development.&#xD;
The following workflows will be available in future versions:&#xD;
  - Agent Coordination Workflows&#xD;
  - Value Processing Pipelines&#xD;
  - Task Orchestration Flows&#xD;
  - Multi-Agent Collaboration Workflows&#xD;
Stay tuned for upcoming releases!&#xD;
Workflow Commands:&#xD;
Usage: exxerai workflow &lt;command&gt; [options]&#xD;
Commands:&#xD;
  list      List available workflows&#xD;
  create    Create a new workflow&#xD;
  execute   Execute a workflow&#xD;
  agentStatus    Show workflow execution agentStatus&#xD;
Note: Workflow management is currently under development.&#xD;
      These commands provide a preview of upcoming functionality.&#xD;
Examples (future functionality):&#xD;
  exxerai workflow list&#xD;
  exxerai workflow create "Value Pipeline" --template processing&#xD;
  exxerai workflow execute "Value Pipeline" --parameters input.json&#xD;
  exxerai workflow agentStatus "Value Pipeline"&#xD;
Stay tuned for full workflow orchestration capabilities!&#xD;
Creating workflow 'TestWorkflow'...&#xD;
Note: Workflow creation is currently under development.&#xD;
This feature will allow you to:&#xD;
  - Define agent collaboration patterns&#xD;
  - Set up task dependencies and flows&#xD;
  - Configure automated decision points&#xD;
  - Create reusable workflow templates&#xD;
Please check back in future releases for full workflow support.&#xD;
Creating workflow 'TestWorkflow'...&#xD;
Note: Workflow creation is currently under development.&#xD;
This feature will allow you to:&#xD;
  - Define agent collaboration patterns&#xD;
  - Set up task dependencies and flows&#xD;
  - Configure automated decision points&#xD;
  - Create reusable workflow templates&#xD;
Please check back in future releases for full workflow support.&#xD;
Creating workflow 'Workflow!@#$%'...&#xD;
Note: Workflow creation is currently under development.&#xD;
This feature will allow you to:&#xD;
  - Define agent collaboration patterns&#xD;
  - Set up task dependencies and flows&#xD;
  - Configure automated decision points&#xD;
  - Create reusable workflow templates&#xD;
Please check back in future releases for full workflow support.&#xD;
Workflow AgentStatus for 'c52d871f-abbc-4f27-a700-b1d2e344bc16':&#xD;
Note: Workflow agentStatus tracking is currently under development.&#xD;
Future versions will display:&#xD;
  - Current execution state&#xD;
  - Active agents and their tasks&#xD;
  - Progress percentage and ETA&#xD;
  - Error logs and recovery actions&#xD;
  - Performance metrics&#xD;
Advanced monitoring capabilities coming soon!&#xD;
Workflow AgentStatus for '651c469e-4ea3-483f-a6f6-d37d659086b7':&#xD;
Note: Workflow agentStatus tracking is currently under development.&#xD;
Future versions will display:&#xD;
  - Current execution state&#xD;
  - Active agents and their tasks&#xD;
  - Progress percentage and ETA&#xD;
  - Error logs and recovery actions&#xD;
  - Performance metrics&#xD;
Advanced monitoring capabilities coming soon!&#xD;
Unknown workflow command: stop&#xD;
Use 'exxerai workflow help' to see available commands.&#xD;
Error: Workflow name is required.&#xD;
Usage: exxerai workflow create &lt;name&gt; [--template &lt;template&gt;]&#xD;
Unknown workflow command: pause&#xD;
Use 'exxerai workflow help' to see available commands.&#xD;
Unknown workflow command: delete&#xD;
Use 'exxerai workflow help' to see available commands.&#xD;
Error: Workflow ID or name is required.&#xD;
Usage: exxerai workflow execute &lt;id-or-name&gt; [--parameters &lt;params&gt;]&#xD;
Error: Workflow ID or name is required.&#xD;
Usage: exxerai workflow agentStatus &lt;id-or-name&gt;&#xD;
Unknown workflow command: stop&#xD;
Use 'exxerai workflow help' to see available commands.&#xD;
Unknown workflow command: pause&#xD;
Use 'exxerai workflow help' to see available commands.&#xD;
Unknown workflow command: resume&#xD;
Use 'exxerai workflow help' to see available commands.&#xD;
Unknown workflow command: update&#xD;
Use 'exxerai workflow help' to see available commands.&#xD;
Executing workflow '581aaa2d-19d4-4e54-b8a3-48039e05282a'...&#xD;
Note: Workflow execution is currently under development.&#xD;
Future versions will support:&#xD;
  - Real-time workflow execution&#xD;
  - Progress monitoring and agentStatus updates&#xD;
  - Error handling and recovery&#xD;
  - Parallel and sequential task execution&#xD;
  - Dynamic agent assignment&#xD;
This will enable powerful autonomous agent orchestration!&#xD;
Executing workflow 'a628d6e5-b715-4b62-af17-c6594afc0f42'...&#xD;
Note: Workflow execution is currently under development.&#xD;
Future versions will support:&#xD;
  - Real-time workflow execution&#xD;
  - Progress monitoring and agentStatus updates&#xD;
  - Error handling and recovery&#xD;
  - Parallel and sequential task execution&#xD;
  - Dynamic agent assignment&#xD;
This will enable powerful autonomous agent orchestration!&#xD;
Unknown workflow command: resume&#xD;
Use 'exxerai workflow help' to see available commands.&#xD;
[xUnit.net 00:00:01.50]   Finished:    ExxerAI.CLI.Tests&#xD;
</StdOut>
    </Output>
  </ResultSummary>
</TestRun>