<?xml version="1.0" encoding="utf-8"?>
<coverage line-rate="0.0735" branch-rate="0.09210000000000002" version="1.9" timestamp="1751396336" lines-covered="233" lines-valid="3170" branches-covered="80" branches-valid="868">
  <sources>
    <source>F:\Dynamic\ExxerAi\ExxerAI\code\src\</source>
  </sources>
  <packages>
    <package name="ExxerAI.Application" line-rate="0" branch-rate="0" complexity="469">
      <classes>
        <class name="ExxerAI.Application.Services.AgentService" filename="ExxerAI.Application\Services\AgentService.cs" line-rate="0" branch-rate="0" complexity="4">
          <methods>
            <method name=".ctor" signature="(ExxerAI.Application.Interfaces.IAgentRepository,ExxerAI.Application.Interfaces.ITaskRepository)" line-rate="0" branch-rate="0" complexity="4">
              <lines>
                <line number="19" hits="0" branch="False" />
                <line number="20" hits="0" branch="False" />
                <line number="21" hits="0" branch="False" />
                <line number="22" hits="0" branch="False" />
                <line number="23" hits="0" branch="True" condition-coverage="0% (0/2)">
                  <conditions>
                    <condition number="11" type="jump" coverage="0%" />
                  </conditions>
                </line>
                <line number="24" hits="0" branch="True" condition-coverage="0% (0/2)">
                  <conditions>
                    <condition number="33" type="jump" coverage="0%" />
                  </conditions>
                </line>
                <line number="25" hits="0" branch="False" />
              </lines>
            </method>
          </methods>
          <lines>
            <line number="19" hits="0" branch="False" />
            <line number="20" hits="0" branch="False" />
            <line number="21" hits="0" branch="False" />
            <line number="22" hits="0" branch="False" />
            <line number="23" hits="0" branch="True" condition-coverage="0% (0/2)">
              <conditions>
                <condition number="11" type="jump" coverage="0%" />
              </conditions>
            </line>
            <line number="24" hits="0" branch="True" condition-coverage="0% (0/2)">
              <conditions>
                <condition number="33" type="jump" coverage="0%" />
              </conditions>
            </line>
            <line number="25" hits="0" branch="False" />
          </lines>
        </class>
        <class name="ExxerAI.Application.Services.AgentService/&lt;&gt;c" filename="ExxerAI.Application\Services\AgentService.cs" line-rate="0" branch-rate="1" complexity="4">
          <methods>
            <method name="&lt;FindBestAgentForTaskAsync&gt;b__11_0" signature="(ExxerAI.Domain.Agent)" line-rate="0" branch-rate="1" complexity="1">
              <lines>
                <line number="353" hits="0" branch="False" />
              </lines>
            </method>
            <method name="&lt;FindBestAgentForTaskAsync&gt;b__11_2" signature="(System.ValueTuple`2&lt;ExxerAI.Domain.Agent,System.Int32&gt;)" line-rate="0" branch-rate="1" complexity="1">
              <lines>
                <line number="370" hits="0" branch="False" />
              </lines>
            </method>
            <method name="&lt;FindBestAgentForTaskAsync&gt;b__11_3" signature="(System.ValueTuple`2&lt;ExxerAI.Domain.Agent,System.Int32&gt;)" line-rate="0" branch-rate="1" complexity="1">
              <lines>
                <line number="371" hits="0" branch="False" />
              </lines>
            </method>
            <method name="&lt;FindBestAgentForTaskAsync&gt;b__11_4" signature="(System.ValueTuple`2&lt;ExxerAI.Domain.Agent,System.Int32&gt;)" line-rate="0" branch-rate="1" complexity="1">
              <lines>
                <line number="372" hits="0" branch="False" />
              </lines>
            </method>
          </methods>
          <lines>
            <line number="353" hits="0" branch="False" />
            <line number="370" hits="0" branch="False" />
            <line number="371" hits="0" branch="False" />
            <line number="372" hits="0" branch="False" />
          </lines>
        </class>
        <class name="ExxerAI.Application.Services.AgentService/&lt;&gt;c__DisplayClass11_0" filename="ExxerAI.Application\Services\AgentService.cs" line-rate="0" branch-rate="1" complexity="1">
          <methods>
            <method name="&lt;FindBestAgentForTaskAsync&gt;b__1" signature="(System.ValueTuple`2&lt;ExxerAI.Domain.Agent,System.Int32&gt;)" line-rate="0" branch-rate="1" complexity="1">
              <lines>
                <line number="369" hits="0" branch="False" />
              </lines>
            </method>
          </methods>
          <lines>
            <line number="369" hits="0" branch="False" />
          </lines>
        </class>
        <class name="ExxerAI.Application.Services.AgentService/&lt;AssignTaskAsync&gt;d__9" filename="ExxerAI.Application\Services\AgentService.cs" line-rate="0" branch-rate="0" complexity="16">
          <methods>
            <method name="MoveNext" signature="()" line-rate="0" branch-rate="0" complexity="16">
              <lines>
                <line number="260" hits="0" branch="False" />
                <line number="262" hits="0" branch="False" />
                <line number="263" hits="0" branch="True" condition-coverage="0% (0/2)">
                  <conditions>
                    <condition number="71" type="jump" coverage="0%" />
                  </conditions>
                </line>
                <line number="264" hits="0" branch="False" />
                <line number="265" hits="0" branch="False" />
                <line number="268" hits="0" branch="True" condition-coverage="0% (0/2)">
                  <conditions>
                    <condition number="109" type="jump" coverage="0%" />
                  </conditions>
                </line>
                <line number="269" hits="0" branch="False" />
                <line number="270" hits="0" branch="False" />
                <line number="274" hits="0" branch="False" />
                <line number="275" hits="0" branch="True" condition-coverage="0% (0/2)">
                  <conditions>
                    <condition number="300" type="jump" coverage="0%" />
                  </conditions>
                </line>
                <line number="276" hits="0" branch="False" />
                <line number="277" hits="0" branch="False" />
                <line number="280" hits="0" branch="True" condition-coverage="0% (0/2)">
                  <conditions>
                    <condition number="385" type="jump" coverage="0%" />
                  </conditions>
                </line>
                <line number="281" hits="0" branch="False" />
                <line number="282" hits="0" branch="False" />
                <line number="286" hits="0" branch="False" />
                <line number="287" hits="0" branch="True" condition-coverage="0% (0/2)">
                  <conditions>
                    <condition number="628" type="jump" coverage="0%" />
                  </conditions>
                </line>
                <line number="288" hits="0" branch="False" />
                <line number="289" hits="0" branch="False" />
                <line number="292" hits="0" branch="True" condition-coverage="0% (0/2)">
                  <conditions>
                    <condition number="710" type="jump" coverage="0%" />
                  </conditions>
                </line>
                <line number="293" hits="0" branch="False" />
                <line number="294" hits="0" branch="False" />
                <line number="298" hits="0" branch="False" />
                <line number="300" hits="0" branch="False" />
                <line number="301" hits="0" branch="True" condition-coverage="0% (0/2)">
                  <conditions>
                    <condition number="1023" type="jump" coverage="0%" />
                  </conditions>
                </line>
                <line number="302" hits="0" branch="False" />
                <line number="303" hits="0" branch="True" condition-coverage="0% (0/2)">
                  <conditions>
                    <condition number="1038" type="jump" coverage="0%" />
                  </conditions>
                </line>
                <line number="306" hits="0" branch="False" />
                <line number="308" hits="0" branch="False" />
                <line number="309" hits="0" branch="False" />
                <line number="310" hits="0" branch="False" />
                <line number="312" hits="0" branch="False" />
              </lines>
            </method>
          </methods>
          <lines>
            <line number="260" hits="0" branch="False" />
            <line number="262" hits="0" branch="False" />
            <line number="263" hits="0" branch="True" condition-coverage="0% (0/2)">
              <conditions>
                <condition number="71" type="jump" coverage="0%" />
              </conditions>
            </line>
            <line number="264" hits="0" branch="False" />
            <line number="265" hits="0" branch="False" />
            <line number="268" hits="0" branch="True" condition-coverage="0% (0/2)">
              <conditions>
                <condition number="109" type="jump" coverage="0%" />
              </conditions>
            </line>
            <line number="269" hits="0" branch="False" />
            <line number="270" hits="0" branch="False" />
            <line number="274" hits="0" branch="False" />
            <line number="275" hits="0" branch="True" condition-coverage="0% (0/2)">
              <conditions>
                <condition number="300" type="jump" coverage="0%" />
              </conditions>
            </line>
            <line number="276" hits="0" branch="False" />
            <line number="277" hits="0" branch="False" />
            <line number="280" hits="0" branch="True" condition-coverage="0% (0/2)">
              <conditions>
                <condition number="385" type="jump" coverage="0%" />
              </conditions>
            </line>
            <line number="281" hits="0" branch="False" />
            <line number="282" hits="0" branch="False" />
            <line number="286" hits="0" branch="False" />
            <line number="287" hits="0" branch="True" condition-coverage="0% (0/2)">
              <conditions>
                <condition number="628" type="jump" coverage="0%" />
              </conditions>
            </line>
            <line number="288" hits="0" branch="False" />
            <line number="289" hits="0" branch="False" />
            <line number="292" hits="0" branch="True" condition-coverage="0% (0/2)">
              <conditions>
                <condition number="710" type="jump" coverage="0%" />
              </conditions>
            </line>
            <line number="293" hits="0" branch="False" />
            <line number="294" hits="0" branch="False" />
            <line number="298" hits="0" branch="False" />
            <line number="300" hits="0" branch="False" />
            <line number="301" hits="0" branch="True" condition-coverage="0% (0/2)">
              <conditions>
                <condition number="1023" type="jump" coverage="0%" />
              </conditions>
            </line>
            <line number="302" hits="0" branch="False" />
            <line number="303" hits="0" branch="True" condition-coverage="0% (0/2)">
              <conditions>
                <condition number="1038" type="jump" coverage="0%" />
              </conditions>
            </line>
            <line number="306" hits="0" branch="False" />
            <line number="308" hits="0" branch="False" />
            <line number="309" hits="0" branch="False" />
            <line number="310" hits="0" branch="False" />
            <line number="312" hits="0" branch="False" />
          </lines>
        </class>
        <class name="ExxerAI.Application.Services.AgentService/&lt;AssignTaskToAgentAsync&gt;d__10" filename="ExxerAI.Application\Services\AgentService.cs" line-rate="0" branch-rate="1" complexity="1">
          <methods>
            <method name="MoveNext" signature="()" line-rate="0" branch-rate="1" complexity="1">
              <lines>
                <line number="325" hits="0" branch="False" />
                <line number="326" hits="0" branch="False" />
                <line number="327" hits="0" branch="False" />
              </lines>
            </method>
          </methods>
          <lines>
            <line number="325" hits="0" branch="False" />
            <line number="326" hits="0" branch="False" />
            <line number="327" hits="0" branch="False" />
          </lines>
        </class>
        <class name="ExxerAI.Application.Services.AgentService/&lt;CreateAgentAsync&gt;d__3" filename="ExxerAI.Application\Services\AgentService.cs" line-rate="0" branch-rate="0" complexity="10">
          <methods>
            <method name="MoveNext" signature="()" line-rate="0" branch-rate="0" complexity="10">
              <lines>
                <line number="40" hits="0" branch="False" />
                <line number="42" hits="0" branch="False" />
                <line number="43" hits="0" branch="True" condition-coverage="0% (0/2)">
                  <conditions>
                    <condition number="40" type="jump" coverage="0%" />
                  </conditions>
                </line>
                <line number="44" hits="0" branch="False" />
                <line number="45" hits="0" branch="False" />
                <line number="48" hits="0" branch="True" condition-coverage="0% (0/2)">
                  <conditions>
                    <condition number="73" type="jump" coverage="0%" />
                  </conditions>
                </line>
                <line number="49" hits="0" branch="False" />
                <line number="50" hits="0" branch="False" />
                <line number="53" hits="0" branch="True" condition-coverage="0% (0/2)">
                  <conditions>
                    <condition number="106" type="jump" coverage="0%" />
                  </conditions>
                </line>
                <line number="54" hits="0" branch="False" />
                <line number="55" hits="0" branch="False" />
                <line number="58" hits="0" branch="False" />
                <line number="59" hits="0" branch="False" />
                <line number="60" hits="0" branch="False" />
                <line number="61" hits="0" branch="False" />
                <line number="62" hits="0" branch="False" />
                <line number="63" hits="0" branch="False" />
                <line number="64" hits="0" branch="False" />
                <line number="65" hits="0" branch="False" />
                <line number="67" hits="0" branch="False" />
                <line number="69" hits="0" branch="True" condition-coverage="0% (0/2)">
                  <conditions>
                    <condition number="367" type="jump" coverage="0%" />
                  </conditions>
                </line>
                <line number="70" hits="0" branch="False" />
                <line number="71" hits="0" branch="True" condition-coverage="0% (0/2)">
                  <conditions>
                    <condition number="382" type="jump" coverage="0%" />
                  </conditions>
                </line>
                <line number="74" hits="0" branch="False" />
                <line number="76" hits="0" branch="False" />
                <line number="77" hits="0" branch="False" />
                <line number="78" hits="0" branch="False" />
                <line number="80" hits="0" branch="False" />
              </lines>
            </method>
          </methods>
          <lines>
            <line number="40" hits="0" branch="False" />
            <line number="42" hits="0" branch="False" />
            <line number="43" hits="0" branch="True" condition-coverage="0% (0/2)">
              <conditions>
                <condition number="40" type="jump" coverage="0%" />
              </conditions>
            </line>
            <line number="44" hits="0" branch="False" />
            <line number="45" hits="0" branch="False" />
            <line number="48" hits="0" branch="True" condition-coverage="0% (0/2)">
              <conditions>
                <condition number="73" type="jump" coverage="0%" />
              </conditions>
            </line>
            <line number="49" hits="0" branch="False" />
            <line number="50" hits="0" branch="False" />
            <line number="53" hits="0" branch="True" condition-coverage="0% (0/2)">
              <conditions>
                <condition number="106" type="jump" coverage="0%" />
              </conditions>
            </line>
            <line number="54" hits="0" branch="False" />
            <line number="55" hits="0" branch="False" />
            <line number="58" hits="0" branch="False" />
            <line number="59" hits="0" branch="False" />
            <line number="60" hits="0" branch="False" />
            <line number="61" hits="0" branch="False" />
            <line number="62" hits="0" branch="False" />
            <line number="63" hits="0" branch="False" />
            <line number="64" hits="0" branch="False" />
            <line number="65" hits="0" branch="False" />
            <line number="67" hits="0" branch="False" />
            <line number="69" hits="0" branch="True" condition-coverage="0% (0/2)">
              <conditions>
                <condition number="367" type="jump" coverage="0%" />
              </conditions>
            </line>
            <line number="70" hits="0" branch="False" />
            <line number="71" hits="0" branch="True" condition-coverage="0% (0/2)">
              <conditions>
                <condition number="382" type="jump" coverage="0%" />
              </conditions>
            </line>
            <line number="74" hits="0" branch="False" />
            <line number="76" hits="0" branch="False" />
            <line number="77" hits="0" branch="False" />
            <line number="78" hits="0" branch="False" />
            <line number="80" hits="0" branch="False" />
          </lines>
        </class>
        <class name="ExxerAI.Application.Services.AgentService/&lt;DeleteAgentAsync&gt;d__12" filename="ExxerAI.Application\Services\AgentService.cs" line-rate="0" branch-rate="0" complexity="12">
          <methods>
            <method name="MoveNext" signature="()" line-rate="0" branch-rate="0" complexity="12">
              <lines>
                <line number="395" hits="0" branch="False" />
                <line number="397" hits="0" branch="False" />
                <line number="398" hits="0" branch="True" condition-coverage="0% (0/2)">
                  <conditions>
                    <condition number="71" type="jump" coverage="0%" />
                  </conditions>
                </line>
                <line number="399" hits="0" branch="False" />
                <line number="400" hits="0" branch="False" />
                <line number="404" hits="0" branch="False" />
                <line number="405" hits="0" branch="True" condition-coverage="0% (0/2)">
                  <conditions>
                    <condition number="259" type="jump" coverage="0%" />
                  </conditions>
                </line>
                <line number="406" hits="0" branch="False" />
                <line number="407" hits="0" branch="False" />
                <line number="411" hits="0" branch="False" />
                <line number="412" hits="0" branch="True" condition-coverage="0% (0/4)">
                  <conditions>
                    <condition number="491" type="jump" coverage="0%" />
                    <condition number="516" type="jump" coverage="0%" />
                  </conditions>
                </line>
                <line number="413" hits="0" branch="False" />
                <line number="414" hits="0" branch="False" />
                <line number="417" hits="0" branch="False" />
                <line number="418" hits="0" branch="True" condition-coverage="0% (0/2)">
                  <conditions>
                    <condition number="759" type="jump" coverage="0%" />
                  </conditions>
                </line>
                <line number="419" hits="0" branch="False" />
                <line number="420" hits="0" branch="True" condition-coverage="0% (0/2)">
                  <conditions>
                    <condition number="774" type="jump" coverage="0%" />
                  </conditions>
                </line>
                <line number="423" hits="0" branch="False" />
                <line number="425" hits="0" branch="False" />
                <line number="426" hits="0" branch="False" />
                <line number="427" hits="0" branch="False" />
                <line number="429" hits="0" branch="False" />
              </lines>
            </method>
          </methods>
          <lines>
            <line number="395" hits="0" branch="False" />
            <line number="397" hits="0" branch="False" />
            <line number="398" hits="0" branch="True" condition-coverage="0% (0/2)">
              <conditions>
                <condition number="71" type="jump" coverage="0%" />
              </conditions>
            </line>
            <line number="399" hits="0" branch="False" />
            <line number="400" hits="0" branch="False" />
            <line number="404" hits="0" branch="False" />
            <line number="405" hits="0" branch="True" condition-coverage="0% (0/2)">
              <conditions>
                <condition number="259" type="jump" coverage="0%" />
              </conditions>
            </line>
            <line number="406" hits="0" branch="False" />
            <line number="407" hits="0" branch="False" />
            <line number="411" hits="0" branch="False" />
            <line number="412" hits="0" branch="True" condition-coverage="0% (0/4)">
              <conditions>
                <condition number="491" type="jump" coverage="0%" />
                <condition number="516" type="jump" coverage="0%" />
              </conditions>
            </line>
            <line number="413" hits="0" branch="False" />
            <line number="414" hits="0" branch="False" />
            <line number="417" hits="0" branch="False" />
            <line number="418" hits="0" branch="True" condition-coverage="0% (0/2)">
              <conditions>
                <condition number="759" type="jump" coverage="0%" />
              </conditions>
            </line>
            <line number="419" hits="0" branch="False" />
            <line number="420" hits="0" branch="True" condition-coverage="0% (0/2)">
              <conditions>
                <condition number="774" type="jump" coverage="0%" />
              </conditions>
            </line>
            <line number="423" hits="0" branch="False" />
            <line number="425" hits="0" branch="False" />
            <line number="426" hits="0" branch="False" />
            <line number="427" hits="0" branch="False" />
            <line number="429" hits="0" branch="False" />
          </lines>
        </class>
        <class name="ExxerAI.Application.Services.AgentService/&lt;FindBestAgentForTaskAsync&gt;d__11" filename="ExxerAI.Application\Services\AgentService.cs" line-rate="0" branch-rate="0" complexity="12">
          <methods>
            <method name="MoveNext" signature="()" line-rate="0" branch-rate="0" complexity="12">
              <lines>
                <line number="338" hits="0" branch="False" />
                <line number="340" hits="0" branch="False" />
                <line number="341" hits="0" branch="True" condition-coverage="0% (0/2)">
                  <conditions>
                    <condition number="63" type="jump" coverage="0%" />
                  </conditions>
                </line>
                <line number="342" hits="0" branch="False" />
                <line number="343" hits="0" branch="False" />
                <line number="347" hits="0" branch="False" />
                <line number="348" hits="0" branch="True" condition-coverage="0% (0/2)">
                  <conditions>
                    <condition number="251" type="jump" coverage="0%" />
                  </conditions>
                </line>
                <line number="349" hits="0" branch="False" />
                <line number="350" hits="0" branch="True" condition-coverage="0% (0/2)">
                  <conditions>
                    <condition number="266" type="jump" coverage="0%" />
                  </conditions>
                </line>
                <line number="354" hits="0" branch="True" condition-coverage="0% (0/2)">
                  <conditions>
                    <condition number="372" type="jump" coverage="0%" />
                  </conditions>
                </line>
                <line number="355" hits="0" branch="False" />
                <line number="356" hits="0" branch="False" />
                <line number="360" hits="0" branch="False" />
                <line number="361" hits="0" branch="True" condition-coverage="0% (0/2)">
                  <conditions>
                    <condition number="568" type="jump" coverage="0%" />
                  </conditions>
                </line>
                <line number="362" hits="0" branch="False" />
                <line number="364" hits="0" branch="False" />
                <line number="368" hits="0" branch="False" />
                <line number="373" hits="0" branch="False" />
                <line number="375" hits="0" branch="True" condition-coverage="0% (0/2)">
                  <conditions>
                    <condition number="763" type="jump" coverage="0%" />
                  </conditions>
                </line>
                <line number="376" hits="0" branch="False" />
                <line number="377" hits="0" branch="False" />
                <line number="380" hits="0" branch="False" />
                <line number="382" hits="0" branch="False" />
                <line number="383" hits="0" branch="False" />
                <line number="384" hits="0" branch="False" />
                <line number="386" hits="0" branch="False" />
              </lines>
            </method>
          </methods>
          <lines>
            <line number="338" hits="0" branch="False" />
            <line number="340" hits="0" branch="False" />
            <line number="341" hits="0" branch="True" condition-coverage="0% (0/2)">
              <conditions>
                <condition number="63" type="jump" coverage="0%" />
              </conditions>
            </line>
            <line number="342" hits="0" branch="False" />
            <line number="343" hits="0" branch="False" />
            <line number="347" hits="0" branch="False" />
            <line number="348" hits="0" branch="True" condition-coverage="0% (0/2)">
              <conditions>
                <condition number="251" type="jump" coverage="0%" />
              </conditions>
            </line>
            <line number="349" hits="0" branch="False" />
            <line number="350" hits="0" branch="True" condition-coverage="0% (0/2)">
              <conditions>
                <condition number="266" type="jump" coverage="0%" />
              </conditions>
            </line>
            <line number="354" hits="0" branch="True" condition-coverage="0% (0/2)">
              <conditions>
                <condition number="372" type="jump" coverage="0%" />
              </conditions>
            </line>
            <line number="355" hits="0" branch="False" />
            <line number="356" hits="0" branch="False" />
            <line number="360" hits="0" branch="False" />
            <line number="361" hits="0" branch="True" condition-coverage="0% (0/2)">
              <conditions>
                <condition number="568" type="jump" coverage="0%" />
              </conditions>
            </line>
            <line number="362" hits="0" branch="False" />
            <line number="364" hits="0" branch="False" />
            <line number="368" hits="0" branch="False" />
            <line number="373" hits="0" branch="False" />
            <line number="375" hits="0" branch="True" condition-coverage="0% (0/2)">
              <conditions>
                <condition number="763" type="jump" coverage="0%" />
              </conditions>
            </line>
            <line number="376" hits="0" branch="False" />
            <line number="377" hits="0" branch="False" />
            <line number="380" hits="0" branch="False" />
            <line number="382" hits="0" branch="False" />
            <line number="383" hits="0" branch="False" />
            <line number="384" hits="0" branch="False" />
            <line number="386" hits="0" branch="False" />
          </lines>
        </class>
        <class name="ExxerAI.Application.Services.AgentService/&lt;GetActiveAgentsAsync&gt;d__6" filename="ExxerAI.Application\Services\AgentService.cs" line-rate="0" branch-rate="0" complexity="4">
          <methods>
            <method name="MoveNext" signature="()" line-rate="0" branch-rate="0" complexity="4">
              <lines>
                <line number="142" hits="0" branch="False" />
                <line number="144" hits="0" branch="False" />
                <line number="145" hits="0" branch="False" />
                <line number="147" hits="0" branch="True" condition-coverage="0% (0/2)">
                  <conditions>
                    <condition number="186" type="jump" coverage="0%" />
                  </conditions>
                </line>
                <line number="148" hits="0" branch="False" />
                <line number="149" hits="0" branch="True" condition-coverage="0% (0/2)">
                  <conditions>
                    <condition number="201" type="jump" coverage="0%" />
                  </conditions>
                </line>
                <line number="152" hits="0" branch="False" />
                <line number="154" hits="0" branch="False" />
                <line number="155" hits="0" branch="False" />
                <line number="156" hits="0" branch="False" />
                <line number="158" hits="0" branch="False" />
              </lines>
            </method>
          </methods>
          <lines>
            <line number="142" hits="0" branch="False" />
            <line number="144" hits="0" branch="False" />
            <line number="145" hits="0" branch="False" />
            <line number="147" hits="0" branch="True" condition-coverage="0% (0/2)">
              <conditions>
                <condition number="186" type="jump" coverage="0%" />
              </conditions>
            </line>
            <line number="148" hits="0" branch="False" />
            <line number="149" hits="0" branch="True" condition-coverage="0% (0/2)">
              <conditions>
                <condition number="201" type="jump" coverage="0%" />
              </conditions>
            </line>
            <line number="152" hits="0" branch="False" />
            <line number="154" hits="0" branch="False" />
            <line number="155" hits="0" branch="False" />
            <line number="156" hits="0" branch="False" />
            <line number="158" hits="0" branch="False" />
          </lines>
        </class>
        <class name="ExxerAI.Application.Services.AgentService/&lt;GetAgentAsync&gt;d__4" filename="ExxerAI.Application\Services\AgentService.cs" line-rate="0" branch-rate="0" complexity="4">
          <methods>
            <method name="MoveNext" signature="()" line-rate="0" branch-rate="0" complexity="4">
              <lines>
                <line number="89" hits="0" branch="False" />
                <line number="91" hits="0" branch="False" />
                <line number="92" hits="0" branch="True" condition-coverage="0% (0/2)">
                  <conditions>
                    <condition number="45" type="jump" coverage="0%" />
                  </conditions>
                </line>
                <line number="93" hits="0" branch="False" />
                <line number="94" hits="0" branch="False" />
                <line number="97" hits="0" branch="False" />
                <line number="99" hits="0" branch="True" condition-coverage="0% (0/2)">
                  <conditions>
                    <condition number="233" type="jump" coverage="0%" />
                  </conditions>
                </line>
                <line number="100" hits="0" branch="False" />
                <line number="101" hits="0" branch="False" />
                <line number="104" hits="0" branch="False" />
                <line number="106" hits="0" branch="False" />
                <line number="107" hits="0" branch="False" />
                <line number="108" hits="0" branch="False" />
                <line number="110" hits="0" branch="False" />
              </lines>
            </method>
          </methods>
          <lines>
            <line number="89" hits="0" branch="False" />
            <line number="91" hits="0" branch="False" />
            <line number="92" hits="0" branch="True" condition-coverage="0% (0/2)">
              <conditions>
                <condition number="45" type="jump" coverage="0%" />
              </conditions>
            </line>
            <line number="93" hits="0" branch="False" />
            <line number="94" hits="0" branch="False" />
            <line number="97" hits="0" branch="False" />
            <line number="99" hits="0" branch="True" condition-coverage="0% (0/2)">
              <conditions>
                <condition number="233" type="jump" coverage="0%" />
              </conditions>
            </line>
            <line number="100" hits="0" branch="False" />
            <line number="101" hits="0" branch="False" />
            <line number="104" hits="0" branch="False" />
            <line number="106" hits="0" branch="False" />
            <line number="107" hits="0" branch="False" />
            <line number="108" hits="0" branch="False" />
            <line number="110" hits="0" branch="False" />
          </lines>
        </class>
        <class name="ExxerAI.Application.Services.AgentService/&lt;GetAllAgentsAsync&gt;d__5" filename="ExxerAI.Application\Services\AgentService.cs" line-rate="0" branch-rate="0" complexity="4">
          <methods>
            <method name="MoveNext" signature="()" line-rate="0" branch-rate="0" complexity="4">
              <lines>
                <line number="118" hits="0" branch="False" />
                <line number="120" hits="0" branch="False" />
                <line number="121" hits="0" branch="False" />
                <line number="123" hits="0" branch="True" condition-coverage="0% (0/2)">
                  <conditions>
                    <condition number="185" type="jump" coverage="0%" />
                  </conditions>
                </line>
                <line number="124" hits="0" branch="False" />
                <line number="125" hits="0" branch="True" condition-coverage="0% (0/2)">
                  <conditions>
                    <condition number="200" type="jump" coverage="0%" />
                  </conditions>
                </line>
                <line number="128" hits="0" branch="False" />
                <line number="130" hits="0" branch="False" />
                <line number="131" hits="0" branch="False" />
                <line number="132" hits="0" branch="False" />
                <line number="134" hits="0" branch="False" />
              </lines>
            </method>
          </methods>
          <lines>
            <line number="118" hits="0" branch="False" />
            <line number="120" hits="0" branch="False" />
            <line number="121" hits="0" branch="False" />
            <line number="123" hits="0" branch="True" condition-coverage="0% (0/2)">
              <conditions>
                <condition number="185" type="jump" coverage="0%" />
              </conditions>
            </line>
            <line number="124" hits="0" branch="False" />
            <line number="125" hits="0" branch="True" condition-coverage="0% (0/2)">
              <conditions>
                <condition number="200" type="jump" coverage="0%" />
              </conditions>
            </line>
            <line number="128" hits="0" branch="False" />
            <line number="130" hits="0" branch="False" />
            <line number="131" hits="0" branch="False" />
            <line number="132" hits="0" branch="False" />
            <line number="134" hits="0" branch="False" />
          </lines>
        </class>
        <class name="ExxerAI.Application.Services.AgentService/&lt;UpdateAgentConfigurationAsync&gt;d__7" filename="ExxerAI.Application\Services\AgentService.cs" line-rate="0" branch-rate="0" complexity="10">
          <methods>
            <method name="MoveNext" signature="()" line-rate="0" branch-rate="0" complexity="10">
              <lines>
                <line number="171" hits="0" branch="False" />
                <line number="173" hits="0" branch="False" />
                <line number="174" hits="0" branch="True" condition-coverage="0% (0/2)">
                  <conditions>
                    <condition number="57" type="jump" coverage="0%" />
                  </conditions>
                </line>
                <line number="175" hits="0" branch="False" />
                <line number="176" hits="0" branch="False" />
                <line number="179" hits="0" branch="True" condition-coverage="0% (0/2)">
                  <conditions>
                    <condition number="88" type="jump" coverage="0%" />
                  </conditions>
                </line>
                <line number="180" hits="0" branch="False" />
                <line number="181" hits="0" branch="False" />
                <line number="184" hits="0" branch="False" />
                <line number="185" hits="0" branch="True" condition-coverage="0% (0/2)">
                  <conditions>
                    <condition number="279" type="jump" coverage="0%" />
                  </conditions>
                </line>
                <line number="186" hits="0" branch="False" />
                <line number="187" hits="0" branch="False" />
                <line number="190" hits="0" branch="False" />
                <line number="191" hits="0" branch="False" />
                <line number="193" hits="0" branch="False" />
                <line number="194" hits="0" branch="True" condition-coverage="0% (0/2)">
                  <conditions>
                    <condition number="559" type="jump" coverage="0%" />
                  </conditions>
                </line>
                <line number="195" hits="0" branch="False" />
                <line number="196" hits="0" branch="True" condition-coverage="0% (0/2)">
                  <conditions>
                    <condition number="574" type="jump" coverage="0%" />
                  </conditions>
                </line>
                <line number="199" hits="0" branch="False" />
                <line number="201" hits="0" branch="False" />
                <line number="202" hits="0" branch="False" />
                <line number="203" hits="0" branch="False" />
                <line number="205" hits="0" branch="False" />
              </lines>
            </method>
          </methods>
          <lines>
            <line number="171" hits="0" branch="False" />
            <line number="173" hits="0" branch="False" />
            <line number="174" hits="0" branch="True" condition-coverage="0% (0/2)">
              <conditions>
                <condition number="57" type="jump" coverage="0%" />
              </conditions>
            </line>
            <line number="175" hits="0" branch="False" />
            <line number="176" hits="0" branch="False" />
            <line number="179" hits="0" branch="True" condition-coverage="0% (0/2)">
              <conditions>
                <condition number="88" type="jump" coverage="0%" />
              </conditions>
            </line>
            <line number="180" hits="0" branch="False" />
            <line number="181" hits="0" branch="False" />
            <line number="184" hits="0" branch="False" />
            <line number="185" hits="0" branch="True" condition-coverage="0% (0/2)">
              <conditions>
                <condition number="279" type="jump" coverage="0%" />
              </conditions>
            </line>
            <line number="186" hits="0" branch="False" />
            <line number="187" hits="0" branch="False" />
            <line number="190" hits="0" branch="False" />
            <line number="191" hits="0" branch="False" />
            <line number="193" hits="0" branch="False" />
            <line number="194" hits="0" branch="True" condition-coverage="0% (0/2)">
              <conditions>
                <condition number="559" type="jump" coverage="0%" />
              </conditions>
            </line>
            <line number="195" hits="0" branch="False" />
            <line number="196" hits="0" branch="True" condition-coverage="0% (0/2)">
              <conditions>
                <condition number="574" type="jump" coverage="0%" />
              </conditions>
            </line>
            <line number="199" hits="0" branch="False" />
            <line number="201" hits="0" branch="False" />
            <line number="202" hits="0" branch="False" />
            <line number="203" hits="0" branch="False" />
            <line number="205" hits="0" branch="False" />
          </lines>
        </class>
        <class name="ExxerAI.Application.Services.AgentService/&lt;UpdateAgentStatusAsync&gt;d__8" filename="ExxerAI.Application\Services\AgentService.cs" line-rate="0" branch-rate="0" complexity="8">
          <methods>
            <method name="MoveNext" signature="()" line-rate="0" branch-rate="0" complexity="8">
              <lines>
                <line number="218" hits="0" branch="False" />
                <line number="220" hits="0" branch="False" />
                <line number="221" hits="0" branch="True" condition-coverage="0% (0/2)">
                  <conditions>
                    <condition number="57" type="jump" coverage="0%" />
                  </conditions>
                </line>
                <line number="222" hits="0" branch="False" />
                <line number="223" hits="0" branch="False" />
                <line number="226" hits="0" branch="False" />
                <line number="227" hits="0" branch="True" condition-coverage="0% (0/2)">
                  <conditions>
                    <condition number="245" type="jump" coverage="0%" />
                  </conditions>
                </line>
                <line number="228" hits="0" branch="False" />
                <line number="229" hits="0" branch="False" />
                <line number="232" hits="0" branch="False" />
                <line number="233" hits="0" branch="False" />
                <line number="235" hits="0" branch="False" />
                <line number="236" hits="0" branch="True" condition-coverage="0% (0/2)">
                  <conditions>
                    <condition number="525" type="jump" coverage="0%" />
                  </conditions>
                </line>
                <line number="237" hits="0" branch="False" />
                <line number="238" hits="0" branch="True" condition-coverage="0% (0/2)">
                  <conditions>
                    <condition number="540" type="jump" coverage="0%" />
                  </conditions>
                </line>
                <line number="241" hits="0" branch="False" />
                <line number="243" hits="0" branch="False" />
                <line number="244" hits="0" branch="False" />
                <line number="245" hits="0" branch="False" />
                <line number="247" hits="0" branch="False" />
              </lines>
            </method>
          </methods>
          <lines>
            <line number="218" hits="0" branch="False" />
            <line number="220" hits="0" branch="False" />
            <line number="221" hits="0" branch="True" condition-coverage="0% (0/2)">
              <conditions>
                <condition number="57" type="jump" coverage="0%" />
              </conditions>
            </line>
            <line number="222" hits="0" branch="False" />
            <line number="223" hits="0" branch="False" />
            <line number="226" hits="0" branch="False" />
            <line number="227" hits="0" branch="True" condition-coverage="0% (0/2)">
              <conditions>
                <condition number="245" type="jump" coverage="0%" />
              </conditions>
            </line>
            <line number="228" hits="0" branch="False" />
            <line number="229" hits="0" branch="False" />
            <line number="232" hits="0" branch="False" />
            <line number="233" hits="0" branch="False" />
            <line number="235" hits="0" branch="False" />
            <line number="236" hits="0" branch="True" condition-coverage="0% (0/2)">
              <conditions>
                <condition number="525" type="jump" coverage="0%" />
              </conditions>
            </line>
            <line number="237" hits="0" branch="False" />
            <line number="238" hits="0" branch="True" condition-coverage="0% (0/2)">
              <conditions>
                <condition number="540" type="jump" coverage="0%" />
              </conditions>
            </line>
            <line number="241" hits="0" branch="False" />
            <line number="243" hits="0" branch="False" />
            <line number="244" hits="0" branch="False" />
            <line number="245" hits="0" branch="False" />
            <line number="247" hits="0" branch="False" />
          </lines>
        </class>
        <class name="ExxerAI.Application.Services.DocumentIngestionService" filename="ExxerAI.Application\Services\DocumentIngestionService.cs" line-rate="0" branch-rate="0" complexity="6">
          <methods>
            <method name=".ctor" signature="(ExxerAI.Application.Interfaces.IPolymorphicDocumentProcessor,ExxerAI.Application.Interfaces.IDocumentHashGenerator,Microsoft.Extensions.Logging.ILogger`1&lt;ExxerAI.Application.Services.DocumentIngestionService&gt;)" line-rate="0" branch-rate="0" complexity="6">
              <lines>
                <line number="19" hits="0" branch="False" />
                <line number="20" hits="0" branch="False" />
                <line number="28" hits="0" branch="False" />
                <line number="29" hits="0" branch="False" />
                <line number="30" hits="0" branch="False" />
                <line number="31" hits="0" branch="False" />
                <line number="32" hits="0" branch="False" />
                <line number="33" hits="0" branch="True" condition-coverage="0% (0/2)">
                  <conditions>
                    <condition number="33" type="jump" coverage="0%" />
                  </conditions>
                </line>
                <line number="34" hits="0" branch="True" condition-coverage="0% (0/2)">
                  <conditions>
                    <condition number="55" type="jump" coverage="0%" />
                  </conditions>
                </line>
                <line number="35" hits="0" branch="True" condition-coverage="0% (0/2)">
                  <conditions>
                    <condition number="77" type="jump" coverage="0%" />
                  </conditions>
                </line>
                <line number="36" hits="0" branch="False" />
              </lines>
            </method>
          </methods>
          <lines>
            <line number="19" hits="0" branch="False" />
            <line number="20" hits="0" branch="False" />
            <line number="28" hits="0" branch="False" />
            <line number="29" hits="0" branch="False" />
            <line number="30" hits="0" branch="False" />
            <line number="31" hits="0" branch="False" />
            <line number="32" hits="0" branch="False" />
            <line number="33" hits="0" branch="True" condition-coverage="0% (0/2)">
              <conditions>
                <condition number="33" type="jump" coverage="0%" />
              </conditions>
            </line>
            <line number="34" hits="0" branch="True" condition-coverage="0% (0/2)">
              <conditions>
                <condition number="55" type="jump" coverage="0%" />
              </conditions>
            </line>
            <line number="35" hits="0" branch="True" condition-coverage="0% (0/2)">
              <conditions>
                <condition number="77" type="jump" coverage="0%" />
              </conditions>
            </line>
            <line number="36" hits="0" branch="False" />
          </lines>
        </class>
        <class name="ExxerAI.Application.Services.DocumentIngestionService/&lt;&gt;c" filename="ExxerAI.Application\Services\DocumentIngestionService.cs" line-rate="0" branch-rate="0" complexity="8">
          <methods>
            <method name="&lt;DetectDocumentChangesAsync&gt;b__8_0" signature="(System.Collections.Generic.KeyValuePair`2&lt;System.String,ExxerAI.Application.Services.WatchSession&gt;)" line-rate="0" branch-rate="1" complexity="1">
              <lines>
                <line number="125" hits="0" branch="False" />
              </lines>
            </method>
            <method name="&lt;GetIngestionStatusAsync&gt;b__12_0" signature="(ExxerAI.Application.Services.WatchSession)" line-rate="0" branch-rate="1" complexity="1">
              <lines>
                <line number="332" hits="0" branch="False" />
              </lines>
            </method>
            <method name="&lt;GetIngestionStatusAsync&gt;b__12_1" signature="(ExxerAI.Application.Services.WatchSession)" line-rate="0" branch-rate="1" complexity="1">
              <lines>
                <line number="333" hits="0" branch="False" />
              </lines>
            </method>
            <method name="&lt;GetIngestionStatusAsync&gt;b__12_2" signature="(ExxerAI.Application.Services.WatchSession)" line-rate="0" branch-rate="1" complexity="1">
              <lines>
                <line number="334" hits="0" branch="False" />
              </lines>
            </method>
            <method name="&lt;GetIngestionStatusAsync&gt;b__12_3" signature="(ExxerAI.Application.Services.WatchSession)" line-rate="0" branch-rate="0" complexity="2">
              <lines>
                <line number="346" hits="0" branch="True" condition-coverage="0% (0/2)">
                  <conditions>
                    <condition number="14" type="jump" coverage="0%" />
                  </conditions>
                </line>
              </lines>
            </method>
            <method name="&lt;DetermineSystemHealthAsync&gt;b__22_0" signature="(System.Collections.Generic.KeyValuePair`2&lt;System.String,ExxerAI.Application.Services.WatchSession&gt;)" line-rate="0" branch-rate="1" complexity="1">
              <lines>
                <line number="475" hits="0" branch="False" />
              </lines>
            </method>
            <method name="&lt;GetDetailedMetricsAsync&gt;b__24_0" signature="(System.Collections.Generic.KeyValuePair`2&lt;System.String,ExxerAI.Application.Services.WatchSession&gt;)" line-rate="0" branch-rate="1" complexity="1">
              <lines>
                <line number="505" hits="0" branch="False" />
              </lines>
            </method>
          </methods>
          <lines>
            <line number="125" hits="0" branch="False" />
            <line number="332" hits="0" branch="False" />
            <line number="333" hits="0" branch="False" />
            <line number="334" hits="0" branch="False" />
            <line number="346" hits="0" branch="True" condition-coverage="0% (0/2)">
              <conditions>
                <condition number="14" type="jump" coverage="0%" />
              </conditions>
            </line>
            <line number="475" hits="0" branch="False" />
            <line number="505" hits="0" branch="False" />
          </lines>
        </class>
        <class name="ExxerAI.Application.Services.DocumentIngestionService/&lt;CheckExistingDocumentAsync&gt;d__18" filename="ExxerAI.Application\Services\DocumentIngestionService.cs" line-rate="0" branch-rate="1" complexity="1">
          <methods>
            <method name="MoveNext" signature="()" line-rate="0" branch-rate="1" complexity="1">
              <lines>
                <line number="439" hits="0" branch="False" />
                <line number="441" hits="0" branch="False" />
                <line number="445" hits="0" branch="False" />
                <line number="446" hits="0" branch="False" />
              </lines>
            </method>
          </methods>
          <lines>
            <line number="439" hits="0" branch="False" />
            <line number="441" hits="0" branch="False" />
            <line number="445" hits="0" branch="False" />
            <line number="446" hits="0" branch="False" />
          </lines>
        </class>
        <class name="ExxerAI.Application.Services.DocumentIngestionService/&lt;DetectDocumentChangesAsync&gt;d__8" filename="ExxerAI.Application\Services\DocumentIngestionService.cs" line-rate="0" branch-rate="1" complexity="1">
          <methods>
            <method name="MoveNext" signature="()" line-rate="0" branch-rate="1" complexity="1">
              <lines>
                <line number="121" hits="0" branch="False" />
                <line number="123" hits="0" branch="False" />
                <line number="124" hits="0" branch="False" />
                <line number="129" hits="0" branch="False" />
                <line number="130" hits="0" branch="False" />
                <line number="132" hits="0" branch="False" />
                <line number="134" hits="0" branch="False" />
                <line number="136" hits="0" branch="False" />
                <line number="137" hits="0" branch="False" />
                <line number="138" hits="0" branch="False" />
                <line number="139" hits="0" branch="False" />
                <line number="141" hits="0" branch="False" />
              </lines>
            </method>
          </methods>
          <lines>
            <line number="121" hits="0" branch="False" />
            <line number="123" hits="0" branch="False" />
            <line number="124" hits="0" branch="False" />
            <line number="129" hits="0" branch="False" />
            <line number="130" hits="0" branch="False" />
            <line number="132" hits="0" branch="False" />
            <line number="134" hits="0" branch="False" />
            <line number="136" hits="0" branch="False" />
            <line number="137" hits="0" branch="False" />
            <line number="138" hits="0" branch="False" />
            <line number="139" hits="0" branch="False" />
            <line number="141" hits="0" branch="False" />
          </lines>
        </class>
        <class name="ExxerAI.Application.Services.DocumentIngestionService/&lt;DetermineSystemHealthAsync&gt;d__22" filename="ExxerAI.Application\Services\DocumentIngestionService.cs" line-rate="0" branch-rate="0" complexity="2">
          <methods>
            <method name="MoveNext" signature="()" line-rate="0" branch-rate="0" complexity="2">
              <lines>
                <line number="470" hits="0" branch="False" />
                <line number="472" hits="0" branch="False" />
                <line number="476" hits="0" branch="True" condition-coverage="0% (0/2)">
                  <conditions>
                    <condition number="178" type="jump" coverage="0%" />
                  </conditions>
                </line>
                <line number="477" hits="0" branch="False" />
              </lines>
            </method>
          </methods>
          <lines>
            <line number="470" hits="0" branch="False" />
            <line number="472" hits="0" branch="False" />
            <line number="476" hits="0" branch="True" condition-coverage="0% (0/2)">
              <conditions>
                <condition number="178" type="jump" coverage="0%" />
              </conditions>
            </line>
            <line number="477" hits="0" branch="False" />
          </lines>
        </class>
        <class name="ExxerAI.Application.Services.DocumentIngestionService/&lt;DownloadDocumentAsync&gt;d__16" filename="ExxerAI.Application\Services\DocumentIngestionService.cs" line-rate="0" branch-rate="1" complexity="1">
          <methods>
            <method name="MoveNext" signature="()" line-rate="0" branch-rate="1" complexity="1">
              <lines>
                <line number="404" hits="0" branch="False" />
                <line number="406" hits="0" branch="False" />
                <line number="410" hits="0" branch="False" />
                <line number="412" hits="0" branch="False" />
                <line number="414" hits="0" branch="False" />
                <line number="415" hits="0" branch="False" />
              </lines>
            </method>
          </methods>
          <lines>
            <line number="404" hits="0" branch="False" />
            <line number="406" hits="0" branch="False" />
            <line number="410" hits="0" branch="False" />
            <line number="412" hits="0" branch="False" />
            <line number="414" hits="0" branch="False" />
            <line number="415" hits="0" branch="False" />
          </lines>
        </class>
        <class name="ExxerAI.Application.Services.DocumentIngestionService/&lt;GetAverageProcessingTimeAsync&gt;d__21" filename="ExxerAI.Application\Services\DocumentIngestionService.cs" line-rate="0" branch-rate="1" complexity="1">
          <methods>
            <method name="MoveNext" signature="()" line-rate="0" branch-rate="1" complexity="1">
              <lines>
                <line number="463" hits="0" branch="False" />
                <line number="465" hits="0" branch="False" />
                <line number="466" hits="0" branch="False" />
                <line number="467" hits="0" branch="False" />
              </lines>
            </method>
          </methods>
          <lines>
            <line number="463" hits="0" branch="False" />
            <line number="465" hits="0" branch="False" />
            <line number="466" hits="0" branch="False" />
            <line number="467" hits="0" branch="False" />
          </lines>
        </class>
        <class name="ExxerAI.Application.Services.DocumentIngestionService/&lt;GetDetailedMetricsAsync&gt;d__24" filename="ExxerAI.Application\Services\DocumentIngestionService.cs" line-rate="0" branch-rate="1" complexity="1">
          <methods>
            <method name="MoveNext" signature="()" line-rate="0" branch-rate="1" complexity="1">
              <lines>
                <line number="499" hits="0" branch="False" />
                <line number="500" hits="0" branch="False" />
                <line number="502" hits="0" branch="False" />
                <line number="503" hits="0" branch="False" />
                <line number="504" hits="0" branch="False" />
                <line number="506" hits="0" branch="False" />
                <line number="507" hits="0" branch="False" />
                <line number="508" hits="0" branch="False" />
                <line number="509" hits="0" branch="False" />
              </lines>
            </method>
          </methods>
          <lines>
            <line number="499" hits="0" branch="False" />
            <line number="500" hits="0" branch="False" />
            <line number="502" hits="0" branch="False" />
            <line number="503" hits="0" branch="False" />
            <line number="504" hits="0" branch="False" />
            <line number="506" hits="0" branch="False" />
            <line number="507" hits="0" branch="False" />
            <line number="508" hits="0" branch="False" />
            <line number="509" hits="0" branch="False" />
          </lines>
        </class>
        <class name="ExxerAI.Application.Services.DocumentIngestionService/&lt;GetDocumentMetadataAsync&gt;d__17" filename="ExxerAI.Application\Services\DocumentIngestionService.cs" line-rate="0" branch-rate="1" complexity="1">
          <methods>
            <method name="MoveNext" signature="()" line-rate="0" branch-rate="1" complexity="1">
              <lines>
                <line number="418" hits="0" branch="False" />
                <line number="420" hits="0" branch="False" />
                <line number="423" hits="0" branch="False" />
                <line number="424" hits="0" branch="False" />
                <line number="425" hits="0" branch="False" />
                <line number="426" hits="0" branch="False" />
                <line number="427" hits="0" branch="False" />
                <line number="428" hits="0" branch="False" />
                <line number="429" hits="0" branch="False" />
                <line number="430" hits="0" branch="False" />
                <line number="431" hits="0" branch="False" />
                <line number="432" hits="0" branch="False" />
                <line number="433" hits="0" branch="False" />
                <line number="435" hits="0" branch="False" />
                <line number="436" hits="0" branch="False" />
              </lines>
            </method>
          </methods>
          <lines>
            <line number="418" hits="0" branch="False" />
            <line number="420" hits="0" branch="False" />
            <line number="423" hits="0" branch="False" />
            <line number="424" hits="0" branch="False" />
            <line number="425" hits="0" branch="False" />
            <line number="426" hits="0" branch="False" />
            <line number="427" hits="0" branch="False" />
            <line number="428" hits="0" branch="False" />
            <line number="429" hits="0" branch="False" />
            <line number="430" hits="0" branch="False" />
            <line number="431" hits="0" branch="False" />
            <line number="432" hits="0" branch="False" />
            <line number="433" hits="0" branch="False" />
            <line number="435" hits="0" branch="False" />
            <line number="436" hits="0" branch="False" />
          </lines>
        </class>
        <class name="ExxerAI.Application.Services.DocumentIngestionService/&lt;GetDocumentsProcessedThisWeekAsync&gt;d__20" filename="ExxerAI.Application\Services\DocumentIngestionService.cs" line-rate="0" branch-rate="1" complexity="1">
          <methods>
            <method name="MoveNext" signature="()" line-rate="0" branch-rate="1" complexity="1">
              <lines>
                <line number="456" hits="0" branch="False" />
                <line number="458" hits="0" branch="False" />
                <line number="459" hits="0" branch="False" />
                <line number="460" hits="0" branch="False" />
              </lines>
            </method>
          </methods>
          <lines>
            <line number="456" hits="0" branch="False" />
            <line number="458" hits="0" branch="False" />
            <line number="459" hits="0" branch="False" />
            <line number="460" hits="0" branch="False" />
          </lines>
        </class>
        <class name="ExxerAI.Application.Services.DocumentIngestionService/&lt;GetDocumentsProcessedTodayAsync&gt;d__19" filename="ExxerAI.Application\Services\DocumentIngestionService.cs" line-rate="0" branch-rate="1" complexity="1">
          <methods>
            <method name="MoveNext" signature="()" line-rate="0" branch-rate="1" complexity="1">
              <lines>
                <line number="449" hits="0" branch="False" />
                <line number="451" hits="0" branch="False" />
                <line number="452" hits="0" branch="False" />
                <line number="453" hits="0" branch="False" />
              </lines>
            </method>
          </methods>
          <lines>
            <line number="449" hits="0" branch="False" />
            <line number="451" hits="0" branch="False" />
            <line number="452" hits="0" branch="False" />
            <line number="453" hits="0" branch="False" />
          </lines>
        </class>
        <class name="ExxerAI.Application.Services.DocumentIngestionService/&lt;GetIngestionStatusAsync&gt;d__12" filename="ExxerAI.Application\Services\DocumentIngestionService.cs" line-rate="0" branch-rate="0" complexity="2">
          <methods>
            <method name="MoveNext" signature="()" line-rate="0" branch-rate="0" complexity="2">
              <lines>
                <line number="329" hits="0" branch="False" />
                <line number="331" hits="0" branch="False" />
                <line number="336" hits="0" branch="True" condition-coverage="0% (0/2)">
                  <conditions>
                    <condition number="913" type="jump" coverage="0%" />
                  </conditions>
                </line>
                <line number="337" hits="0" branch="False" />
                <line number="338" hits="0" branch="False" />
                <line number="339" hits="0" branch="False" />
                <line number="340" hits="0" branch="False" />
                <line number="341" hits="0" branch="False" />
                <line number="342" hits="0" branch="False" />
                <line number="343" hits="0" branch="False" />
                <line number="344" hits="0" branch="False" />
                <line number="345" hits="0" branch="False" />
                <line number="347" hits="0" branch="False" />
                <line number="348" hits="0" branch="False" />
                <line number="349" hits="0" branch="False" />
                <line number="350" hits="0" branch="False" />
                <line number="352" hits="0" branch="False" />
                <line number="354" hits="0" branch="False" />
                <line number="355" hits="0" branch="False" />
                <line number="356" hits="0" branch="False" />
                <line number="357" hits="0" branch="False" />
                <line number="359" hits="0" branch="False" />
              </lines>
            </method>
          </methods>
          <lines>
            <line number="329" hits="0" branch="False" />
            <line number="331" hits="0" branch="False" />
            <line number="336" hits="0" branch="True" condition-coverage="0% (0/2)">
              <conditions>
                <condition number="913" type="jump" coverage="0%" />
              </conditions>
            </line>
            <line number="337" hits="0" branch="False" />
            <line number="338" hits="0" branch="False" />
            <line number="339" hits="0" branch="False" />
            <line number="340" hits="0" branch="False" />
            <line number="341" hits="0" branch="False" />
            <line number="342" hits="0" branch="False" />
            <line number="343" hits="0" branch="False" />
            <line number="344" hits="0" branch="False" />
            <line number="345" hits="0" branch="False" />
            <line number="347" hits="0" branch="False" />
            <line number="348" hits="0" branch="False" />
            <line number="349" hits="0" branch="False" />
            <line number="350" hits="0" branch="False" />
            <line number="352" hits="0" branch="False" />
            <line number="354" hits="0" branch="False" />
            <line number="355" hits="0" branch="False" />
            <line number="356" hits="0" branch="False" />
            <line number="357" hits="0" branch="False" />
            <line number="359" hits="0" branch="False" />
          </lines>
        </class>
        <class name="ExxerAI.Application.Services.DocumentIngestionService/&lt;GetSystemMessagesAsync&gt;d__23" filename="ExxerAI.Application\Services\DocumentIngestionService.cs" line-rate="0" branch-rate="0" complexity="4">
          <methods>
            <method name="MoveNext" signature="()" line-rate="0" branch-rate="0" complexity="4">
              <lines>
                <line number="480" hits="0" branch="False" />
                <line number="481" hits="0" branch="False" />
                <line number="483" hits="0" branch="False" />
                <line number="485" hits="0" branch="True" condition-coverage="0% (0/2)">
                  <conditions>
                    <condition number="152" type="jump" coverage="0%" />
                  </conditions>
                </line>
                <line number="486" hits="0" branch="False" />
                <line number="487" hits="0" branch="False" />
                <line number="488" hits="0" branch="False" />
                <line number="490" hits="0" branch="True" condition-coverage="0% (0/2)">
                  <conditions>
                    <condition number="197" type="jump" coverage="0%" />
                  </conditions>
                </line>
                <line number="491" hits="0" branch="False" />
                <line number="492" hits="0" branch="False" />
                <line number="493" hits="0" branch="False" />
                <line number="495" hits="0" branch="False" />
                <line number="496" hits="0" branch="False" />
              </lines>
            </method>
          </methods>
          <lines>
            <line number="480" hits="0" branch="False" />
            <line number="481" hits="0" branch="False" />
            <line number="483" hits="0" branch="False" />
            <line number="485" hits="0" branch="True" condition-coverage="0% (0/2)">
              <conditions>
                <condition number="152" type="jump" coverage="0%" />
              </conditions>
            </line>
            <line number="486" hits="0" branch="False" />
            <line number="487" hits="0" branch="False" />
            <line number="488" hits="0" branch="False" />
            <line number="490" hits="0" branch="True" condition-coverage="0% (0/2)">
              <conditions>
                <condition number="197" type="jump" coverage="0%" />
              </conditions>
            </line>
            <line number="491" hits="0" branch="False" />
            <line number="492" hits="0" branch="False" />
            <line number="493" hits="0" branch="False" />
            <line number="495" hits="0" branch="False" />
            <line number="496" hits="0" branch="False" />
          </lines>
        </class>
        <class name="ExxerAI.Application.Services.DocumentIngestionService/&lt;HandleDocumentDeletionAsync&gt;d__15" filename="ExxerAI.Application\Services\DocumentIngestionService.cs" line-rate="0" branch-rate="1" complexity="1">
          <methods>
            <method name="MoveNext" signature="()" line-rate="0" branch-rate="1" complexity="1">
              <lines>
                <line number="382" hits="0" branch="False" />
                <line number="383" hits="0" branch="False" />
                <line number="390" hits="0" branch="False" />
                <line number="392" hits="0" branch="False" />
                <line number="393" hits="0" branch="False" />
                <line number="394" hits="0" branch="False" />
                <line number="395" hits="0" branch="False" />
                <line number="396" hits="0" branch="False" />
                <line number="397" hits="0" branch="False" />
                <line number="398" hits="0" branch="False" />
                <line number="399" hits="0" branch="False" />
                <line number="400" hits="0" branch="False" />
                <line number="401" hits="0" branch="False" />
              </lines>
            </method>
          </methods>
          <lines>
            <line number="382" hits="0" branch="False" />
            <line number="383" hits="0" branch="False" />
            <line number="390" hits="0" branch="False" />
            <line number="392" hits="0" branch="False" />
            <line number="393" hits="0" branch="False" />
            <line number="394" hits="0" branch="False" />
            <line number="395" hits="0" branch="False" />
            <line number="396" hits="0" branch="False" />
            <line number="397" hits="0" branch="False" />
            <line number="398" hits="0" branch="False" />
            <line number="399" hits="0" branch="False" />
            <line number="400" hits="0" branch="False" />
            <line number="401" hits="0" branch="False" />
          </lines>
        </class>
        <class name="ExxerAI.Application.Services.DocumentIngestionService/&lt;IngestDocumentAsync&gt;d__10" filename="ExxerAI.Application\Services\DocumentIngestionService.cs" line-rate="0" branch-rate="0" complexity="12">
          <methods>
            <method name="MoveNext" signature="()" line-rate="0" branch-rate="0" complexity="12">
              <lines>
                <line number="234" hits="0" branch="False" />
                <line number="236" hits="0" branch="False" />
                <line number="237" hits="0" branch="True" condition-coverage="0% (0/2)">
                  <conditions>
                    <condition number="75" type="jump" coverage="0%" />
                  </conditions>
                </line>
                <line number="238" hits="0" branch="False" />
                <line number="239" hits="0" branch="False" />
                <line number="242" hits="0" branch="False" />
                <line number="243" hits="0" branch="False" />
                <line number="246" hits="0" branch="True" condition-coverage="0% (0/2)">
                  <conditions>
                    <condition number="157" type="jump" coverage="0%" />
                  </conditions>
                </line>
                <line number="247" hits="0" branch="False" />
                <line number="248" hits="0" branch="False" />
                <line number="249" hits="0" branch="True" condition-coverage="0% (0/4)">
                  <conditions>
                    <condition number="315" type="jump" coverage="0%" />
                    <condition number="338" type="jump" coverage="0%" />
                  </conditions>
                </line>
                <line number="250" hits="0" branch="False" />
                <line number="251" hits="0" branch="False" />
                <line number="252" hits="0" branch="False" />
                <line number="254" hits="0" branch="False" />
                <line number="257" hits="0" branch="False" />
                <line number="258" hits="0" branch="True" condition-coverage="0% (0/2)">
                  <conditions>
                    <condition number="567" type="jump" coverage="0%" />
                  </conditions>
                </line>
                <line number="259" hits="0" branch="False" />
                <line number="260" hits="0" branch="False" />
                <line number="263" hits="0" branch="False" />
                <line number="264" hits="0" branch="True" condition-coverage="0% (0/2)">
                  <conditions>
                    <condition number="762" type="jump" coverage="0%" />
                  </conditions>
                </line>
                <line number="265" hits="0" branch="False" />
                <line number="266" hits="0" branch="False" />
                <line number="270" hits="0" branch="False" />
                <line number="271" hits="0" branch="False" />
                <line number="272" hits="0" branch="False" />
                <line number="273" hits="0" branch="False" />
                <line number="275" hits="0" branch="False" />
                <line number="276" hits="0" branch="False" />
                <line number="278" hits="0" branch="False" />
                <line number="280" hits="0" branch="False" />
                <line number="281" hits="0" branch="False" />
                <line number="282" hits="0" branch="False" />
                <line number="283" hits="0" branch="False" />
                <line number="285" hits="0" branch="False" />
              </lines>
            </method>
          </methods>
          <lines>
            <line number="234" hits="0" branch="False" />
            <line number="236" hits="0" branch="False" />
            <line number="237" hits="0" branch="True" condition-coverage="0% (0/2)">
              <conditions>
                <condition number="75" type="jump" coverage="0%" />
              </conditions>
            </line>
            <line number="238" hits="0" branch="False" />
            <line number="239" hits="0" branch="False" />
            <line number="242" hits="0" branch="False" />
            <line number="243" hits="0" branch="False" />
            <line number="246" hits="0" branch="True" condition-coverage="0% (0/2)">
              <conditions>
                <condition number="157" type="jump" coverage="0%" />
              </conditions>
            </line>
            <line number="247" hits="0" branch="False" />
            <line number="248" hits="0" branch="False" />
            <line number="249" hits="0" branch="True" condition-coverage="0% (0/4)">
              <conditions>
                <condition number="315" type="jump" coverage="0%" />
                <condition number="338" type="jump" coverage="0%" />
              </conditions>
            </line>
            <line number="250" hits="0" branch="False" />
            <line number="251" hits="0" branch="False" />
            <line number="252" hits="0" branch="False" />
            <line number="254" hits="0" branch="False" />
            <line number="257" hits="0" branch="False" />
            <line number="258" hits="0" branch="True" condition-coverage="0% (0/2)">
              <conditions>
                <condition number="567" type="jump" coverage="0%" />
              </conditions>
            </line>
            <line number="259" hits="0" branch="False" />
            <line number="260" hits="0" branch="False" />
            <line number="263" hits="0" branch="False" />
            <line number="264" hits="0" branch="True" condition-coverage="0% (0/2)">
              <conditions>
                <condition number="762" type="jump" coverage="0%" />
              </conditions>
            </line>
            <line number="265" hits="0" branch="False" />
            <line number="266" hits="0" branch="False" />
            <line number="270" hits="0" branch="False" />
            <line number="271" hits="0" branch="False" />
            <line number="272" hits="0" branch="False" />
            <line number="273" hits="0" branch="False" />
            <line number="275" hits="0" branch="False" />
            <line number="276" hits="0" branch="False" />
            <line number="278" hits="0" branch="False" />
            <line number="280" hits="0" branch="False" />
            <line number="281" hits="0" branch="False" />
            <line number="282" hits="0" branch="False" />
            <line number="283" hits="0" branch="False" />
            <line number="285" hits="0" branch="False" />
          </lines>
        </class>
        <class name="ExxerAI.Application.Services.DocumentIngestionService/&lt;IsDocumentModifiedAsync&gt;d__11" filename="ExxerAI.Application\Services\DocumentIngestionService.cs" line-rate="0" branch-rate="0" complexity="2">
          <methods>
[...]
          <lines>
            <line number="389" hits="0" branch="False" />
            <line number="391" hits="0" branch="False" />
            <line number="394" hits="0" branch="False" />
            <line number="396" hits="0" branch="False" />
            <line number="397" hits="0" branch="False" />
            <line number="399" hits="0" branch="False" />
            <line number="400" hits="0" branch="False" />
            <line number="401" hits="0" branch="False" />
            <line number="402" hits="0" branch="False" />
            <line number="404" hits="0" branch="False" />
          </lines>
        </class>
        <class name="ExxerAI.Infrastructure.DocumentProcessing.PolymorphicDocumentProcessor/&lt;LearnDocumentSchemaAsync&gt;d__8" filename="ExxerAI.Infrastructure\DocumentProcessing\PolymorphicDocumentProcessor.cs" line-rate="0" branch-rate="0" complexity="6">
          <methods>
            <method name="MoveNext" signature="()" line-rate="0" branch-rate="0" complexity="6">
              <lines>
                <line number="289" hits="0" branch="False" />
                <line number="290" hits="0" branch="False" />
                <line number="293" hits="0" branch="False" />
                <line number="295" hits="0" branch="False" />
                <line number="296" hits="0" branch="True" condition-coverage="0% (0/2)">
                  <conditions>
                    <condition number="95" type="jump" coverage="0%" />
                  </conditions>
                </line>
                <line number="298" hits="0" branch="True" condition-coverage="0% (0/2)">
                  <conditions>
                    <condition number="433" type="jump" coverage="0%" />
                  </conditions>
                </line>
                <line number="299" hits="0" branch="False" />
                <line number="300" hits="0" branch="False" />
                <line number="301" hits="0" branch="False" />
                <line number="302" hits="0" branch="False" />
                <line number="303" hits="0" branch="False" />
                <line number="304" hits="0" branch="False" />
                <line number="305" hits="0" branch="False" />
                <line number="306" hits="0" branch="True" condition-coverage="0% (0/2)">
                  <conditions>
                    <condition number="373" type="jump" coverage="0%" />
                  </conditions>
                </line>
                <line number="307" hits="0" branch="False" />
                <line number="308" hits="0" branch="False" />
                <line number="309" hits="0" branch="False" />
                <line number="310" hits="0" branch="False" />
                <line number="313" hits="0" branch="False" />
                <line number="314" hits="0" branch="False" />
                <line number="315" hits="0" branch="False" />
                <line number="316" hits="0" branch="False" />
                <line number="317" hits="0" branch="False" />
                <line number="318" hits="0" branch="False" />
                <line number="319" hits="0" branch="False" />
                <line number="321" hits="0" branch="False" />
                <line number="322" hits="0" branch="False" />
                <line number="324" hits="0" branch="False" />
                <line number="326" hits="0" branch="False" />
                <line number="327" hits="0" branch="False" />
                <line number="328" hits="0" branch="False" />
                <line number="329" hits="0" branch="False" />
                <line number="331" hits="0" branch="False" />
              </lines>
            </method>
          </methods>
          <lines>
            <line number="289" hits="0" branch="False" />
            <line number="290" hits="0" branch="False" />
            <line number="293" hits="0" branch="False" />
            <line number="295" hits="0" branch="False" />
            <line number="296" hits="0" branch="True" condition-coverage="0% (0/2)">
              <conditions>
                <condition number="95" type="jump" coverage="0%" />
              </conditions>
            </line>
            <line number="298" hits="0" branch="True" condition-coverage="0% (0/2)">
              <conditions>
                <condition number="433" type="jump" coverage="0%" />
              </conditions>
            </line>
            <line number="299" hits="0" branch="False" />
            <line number="300" hits="0" branch="False" />
            <line number="301" hits="0" branch="False" />
            <line number="302" hits="0" branch="False" />
            <line number="303" hits="0" branch="False" />
            <line number="304" hits="0" branch="False" />
            <line number="305" hits="0" branch="False" />
            <line number="306" hits="0" branch="True" condition-coverage="0% (0/2)">
              <conditions>
                <condition number="373" type="jump" coverage="0%" />
              </conditions>
            </line>
            <line number="307" hits="0" branch="False" />
            <line number="308" hits="0" branch="False" />
            <line number="309" hits="0" branch="False" />
            <line number="310" hits="0" branch="False" />
            <line number="313" hits="0" branch="False" />
            <line number="314" hits="0" branch="False" />
            <line number="315" hits="0" branch="False" />
            <line number="316" hits="0" branch="False" />
            <line number="317" hits="0" branch="False" />
            <line number="318" hits="0" branch="False" />
            <line number="319" hits="0" branch="False" />
            <line number="321" hits="0" branch="False" />
            <line number="322" hits="0" branch="False" />
            <line number="324" hits="0" branch="False" />
            <line number="326" hits="0" branch="False" />
            <line number="327" hits="0" branch="False" />
            <line number="328" hits="0" branch="False" />
            <line number="329" hits="0" branch="False" />
            <line number="331" hits="0" branch="False" />
          </lines>
        </class>
        <class name="ExxerAI.Infrastructure.DocumentProcessing.PolymorphicDocumentProcessor/&lt;ProcessDocumentAsync&gt;d__4" filename="ExxerAI.Infrastructure\DocumentProcessing\PolymorphicDocumentProcessor.cs" line-rate="0" branch-rate="0" complexity="16">
          <methods>
            <method name="MoveNext" signature="()" line-rate="0" branch-rate="0" complexity="16">
              <lines>
                <line number="54" hits="0" branch="False" />
                <line number="56" hits="0" branch="False" />
                <line number="57" hits="0" branch="False" />
                <line number="58" hits="0" branch="False" />
                <line number="61" hits="0" branch="True" condition-coverage="0% (0/2)">
                  <conditions>
                    <condition number="148" type="jump" coverage="0%" />
                  </conditions>
                </line>
                <line number="62" hits="0" branch="False" />
                <line number="63" hits="0" branch="False" />
                <line number="64" hits="0" branch="False" />
                <line number="65" hits="0" branch="False" />
                <line number="66" hits="0" branch="False" />
                <line number="67" hits="0" branch="False" />
                <line number="70" hits="0" branch="False" />
                <line number="71" hits="0" branch="True" condition-coverage="0% (0/2)">
                  <conditions>
                    <condition number="377" type="jump" coverage="0%" />
                  </conditions>
                </line>
                <line number="72" hits="0" branch="False" />
                <line number="73" hits="0" branch="False" />
                <line number="74" hits="0" branch="False" />
                <line number="75" hits="0" branch="False" />
                <line number="76" hits="0" branch="False" />
                <line number="77" hits="0" branch="False" />
                <line number="79" hits="0" branch="False" />
                <line number="81" hits="0" branch="False" />
                <line number="82" hits="0" branch="False" />
                <line number="84" hits="0" branch="False" />
                <line number="85" hits="0" branch="True" condition-coverage="0% (0/2)">
                  <conditions>
                    <condition number="680" type="jump" coverage="0%" />
                  </conditions>
                </line>
                <line number="86" hits="0" branch="False" />
                <line number="87" hits="0" branch="False" />
                <line number="88" hits="0" branch="False" />
                <line number="89" hits="0" branch="False" />
                <line number="91" hits="0" branch="False" />
                <line number="92" hits="0" branch="False" />
                <line number="94" hits="0" branch="False" />
                <line number="97" hits="0" branch="False" />
                <line number="98" hits="0" branch="False" />
                <line number="99" hits="0" branch="True" condition-coverage="0% (0/2)">
                  <conditions>
                    <condition number="973" type="jump" coverage="0%" />
                  </conditions>
                </line>
                <line number="100" hits="0" branch="False" />
                <line number="102" hits="0" branch="False" />
                <line number="105" hits="0" branch="False" />
                <line number="108" hits="0" branch="True" condition-coverage="0% (0/4)">
                  <conditions>
                    <condition number="1016" type="jump" coverage="0%" />
                    <condition number="1043" type="jump" coverage="0%" />
                  </conditions>
                </line>
                <line number="109" hits="0" branch="False" />
                <line number="110" hits="0" branch="False" />
                <line number="111" hits="0" branch="True" condition-coverage="0% (0/2)">
                  <conditions>
                    <condition number="1210" type="jump" coverage="0%" />
                  </conditions>
                </line>
                <line number="112" hits="0" branch="False" />
                <line number="113" hits="0" branch="False" />
                <line number="114" hits="0" branch="False" />
                <line number="115" hits="0" branch="False" />
                <line number="116" hits="0" branch="False" />
                <line number="118" hits="0" branch="False" />
                <line number="119" hits="0" branch="False" />
                <line number="120" hits="0" branch="False" />
                <line number="123" hits="0" branch="False" />
                <line number="124" hits="0" branch="True" condition-coverage="0% (0/2)">
                  <conditions>
                    <condition number="1451" type="jump" coverage="0%" />
                  </conditions>
                </line>
                <line number="125" hits="0" branch="False" />
                <line number="126" hits="0" branch="False" />
                <line number="127" hits="0" branch="False" />
                <line number="128" hits="0" branch="False" />
                <line number="130" hits="0" branch="False" />
                <line number="131" hits="0" branch="False" />
                <line number="133" hits="0" branch="False" />
                <line number="134" hits="0" branch="False" />
                <line number="136" hits="0" branch="False" />
                <line number="138" hits="0" branch="False" />
                <line number="139" hits="0" branch="False" />
                <line number="140" hits="0" branch="False" />
                <line number="141" hits="0" branch="False" />
                <line number="143" hits="0" branch="False" />
              </lines>
            </method>
          </methods>
          <lines>
            <line number="54" hits="0" branch="False" />
            <line number="56" hits="0" branch="False" />
            <line number="57" hits="0" branch="False" />
            <line number="58" hits="0" branch="False" />
            <line number="61" hits="0" branch="True" condition-coverage="0% (0/2)">
              <conditions>
                <condition number="148" type="jump" coverage="0%" />
              </conditions>
            </line>
            <line number="62" hits="0" branch="False" />
            <line number="63" hits="0" branch="False" />
            <line number="64" hits="0" branch="False" />
            <line number="65" hits="0" branch="False" />
            <line number="66" hits="0" branch="False" />
            <line number="67" hits="0" branch="False" />
            <line number="70" hits="0" branch="False" />
            <line number="71" hits="0" branch="True" condition-coverage="0% (0/2)">
              <conditions>
                <condition number="377" type="jump" coverage="0%" />
              </conditions>
            </line>
            <line number="72" hits="0" branch="False" />
            <line number="73" hits="0" branch="False" />
            <line number="74" hits="0" branch="False" />
            <line number="75" hits="0" branch="False" />
            <line number="76" hits="0" branch="False" />
            <line number="77" hits="0" branch="False" />
            <line number="79" hits="0" branch="False" />
            <line number="81" hits="0" branch="False" />
            <line number="82" hits="0" branch="False" />
            <line number="84" hits="0" branch="False" />
            <line number="85" hits="0" branch="True" condition-coverage="0% (0/2)">
              <conditions>
                <condition number="680" type="jump" coverage="0%" />
              </conditions>
            </line>
            <line number="86" hits="0" branch="False" />
            <line number="87" hits="0" branch="False" />
            <line number="88" hits="0" branch="False" />
            <line number="89" hits="0" branch="False" />
            <line number="91" hits="0" branch="False" />
            <line number="92" hits="0" branch="False" />
            <line number="94" hits="0" branch="False" />
            <line number="97" hits="0" branch="False" />
            <line number="98" hits="0" branch="False" />
            <line number="99" hits="0" branch="True" condition-coverage="0% (0/2)">
              <conditions>
                <condition number="973" type="jump" coverage="0%" />
              </conditions>
            </line>
            <line number="100" hits="0" branch="False" />
            <line number="102" hits="0" branch="False" />
            <line number="105" hits="0" branch="False" />
            <line number="108" hits="0" branch="True" condition-coverage="0% (0/4)">
              <conditions>
                <condition number="1016" type="jump" coverage="0%" />
                <condition number="1043" type="jump" coverage="0%" />
              </conditions>
            </line>
            <line number="109" hits="0" branch="False" />
            <line number="110" hits="0" branch="False" />
            <line number="111" hits="0" branch="True" condition-coverage="0% (0/2)">
              <conditions>
                <condition number="1210" type="jump" coverage="0%" />
              </conditions>
            </line>
            <line number="112" hits="0" branch="False" />
            <line number="113" hits="0" branch="False" />
            <line number="114" hits="0" branch="False" />
            <line number="115" hits="0" branch="False" />
            <line number="116" hits="0" branch="False" />
            <line number="118" hits="0" branch="False" />
            <line number="119" hits="0" branch="False" />
            <line number="120" hits="0" branch="False" />
            <line number="123" hits="0" branch="False" />
            <line number="124" hits="0" branch="True" condition-coverage="0% (0/2)">
              <conditions>
                <condition number="1451" type="jump" coverage="0%" />
              </conditions>
            </line>
            <line number="125" hits="0" branch="False" />
            <line number="126" hits="0" branch="False" />
            <line number="127" hits="0" branch="False" />
            <line number="128" hits="0" branch="False" />
            <line number="130" hits="0" branch="False" />
            <line number="131" hits="0" branch="False" />
            <line number="133" hits="0" branch="False" />
            <line number="134" hits="0" branch="False" />
            <line number="136" hits="0" branch="False" />
            <line number="138" hits="0" branch="False" />
            <line number="139" hits="0" branch="False" />
            <line number="140" hits="0" branch="False" />
            <line number="141" hits="0" branch="False" />
            <line number="143" hits="0" branch="False" />
          </lines>
        </class>
        <class name="ExxerAI.Infrastructure.DocumentProcessing.PolymorphicDocumentProcessor/&lt;ValidateAndGroundDataAsync&gt;d__6" filename="ExxerAI.Infrastructure\DocumentProcessing\PolymorphicDocumentProcessor.cs" line-rate="0" branch-rate="1" complexity="1">
          <methods>
            <method name="MoveNext" signature="()" line-rate="0" branch-rate="1" complexity="1">
              <lines>
                <line number="220" hits="0" branch="False" />
                <line number="221" hits="0" branch="False" />
                <line number="222" hits="0" branch="False" />
                <line number="223" hits="0" branch="False" />
                <line number="224" hits="0" branch="False" />
              </lines>
            </method>
          </methods>
          <lines>
            <line number="220" hits="0" branch="False" />
            <line number="221" hits="0" branch="False" />
            <line number="222" hits="0" branch="False" />
            <line number="223" hits="0" branch="False" />
            <line number="224" hits="0" branch="False" />
          </lines>
        </class>
        <class name="ExxerAI.Infrastructure.DocumentProcessing.PolymorphicDocumentProcessor/&lt;VerifyWithLLMAsync&gt;d__14" filename="ExxerAI.Infrastructure\DocumentProcessing\PolymorphicDocumentProcessor.cs" line-rate="0" branch-rate="1" complexity="1">
          <methods>
            <method name="MoveNext" signature="()" line-rate="0" branch-rate="1" complexity="1">
              <lines>
                <line number="464" hits="0" branch="False" />
                <line number="466" hits="0" branch="False" />
                <line number="469" hits="0" branch="False" />
                <line number="471" hits="0" branch="False" />
                <line number="472" hits="0" branch="False" />
                <line number="474" hits="0" branch="False" />
                <line number="475" hits="0" branch="False" />
                <line number="476" hits="0" branch="False" />
                <line number="477" hits="0" branch="False" />
                <line number="479" hits="0" branch="False" />
              </lines>
            </method>
          </methods>
          <lines>
            <line number="464" hits="0" branch="False" />
            <line number="466" hits="0" branch="False" />
            <line number="469" hits="0" branch="False" />
            <line number="471" hits="0" branch="False" />
            <line number="472" hits="0" branch="False" />
            <line number="474" hits="0" branch="False" />
            <line number="475" hits="0" branch="False" />
            <line number="476" hits="0" branch="False" />
            <line number="477" hits="0" branch="False" />
            <line number="479" hits="0" branch="False" />
          </lines>
        </class>
      </classes>
    </package>
  </packages>
</coverage>