<?xml version="1.0" encoding="utf-8"?>
<!DOCTYPE coverage SYSTEM "http://cobertura.sourceforge.net/xml/coverage-04.dtd">
<coverage line-rate="0.23792566214110838" branch-rate="0.15384615384615385" lines-covered="1069" lines-valid="4493" branches-covered="228" branches-valid="1482" complexity="2292" version="0" timestamp="1751374771">
  <sources>
    <source>F:\Dynamic\ExxerAi\ExxerAI\code\src\</source>
    <source>F:\Dynamic\ExxerAi\ExxerAI\code\src\ExxerAI.Domain\</source>
  </sources>
  <packages>
    <package name="ExxerAI.Api" line-rate="0.5684931506849316" branch-rate="0.48936170212765956" complexity="118">
      <classes>
        <class name="ExxerAI.Api.Controllers.AgentsController" filename="F:\Dynamic\ExxerAi\ExxerAI\code\src\ExxerAI.Api\Controllers\AgentsController.cs" line-rate="0.5046728971962616" branch-rate="0.4625" complexity="72">
          <methods>
            <method name=".ctor" signature="(ExxerAI.Application.Interfaces.IAgentService,Microsoft.Extensions.Logging.ILogger`1&lt;ExxerAI.Api.Controllers.AgentsController&gt;)" line-rate="1" branch-rate="1" complexity="4">
              <lines>
                <line number="24" hits="19" branch="false" />
                <line number="25" hits="19" branch="false" />
                <line number="26" hits="19" branch="true" condition-coverage="100% (2/2)" />
                <line number="27" hits="18" branch="true" condition-coverage="100% (2/2)" />
                <line number="28" hits="17" branch="false" />
              </lines>
            </method>
            <method name="AssignTask" signature="()" line-rate="0" branch-rate="0" complexity="12">
              <lines>
                <line number="400" hits="0" branch="false" />
                <line number="402" hits="0" branch="false" />
                <line number="403" hits="0" branch="false" />
                <line number="405" hits="0" branch="true" condition-coverage="0% (0/2)" />
                <line number="406" hits="0" branch="false" />
                <line number="407" hits="0" branch="false" />
                <line number="408" hits="0" branch="true" condition-coverage="0% (0/2)" />
                <line number="409" hits="0" branch="false" />
                <line number="410" hits="0" branch="false" />
                <line number="411" hits="0" branch="false" />
                <line number="412" hits="0" branch="false" />
                <line number="414" hits="0" branch="false" />
                <line number="415" hits="0" branch="false" />
                <line number="416" hits="0" branch="false" />
                <line number="417" hits="0" branch="false" />
                <line number="418" hits="0" branch="false" />
                <line number="419" hits="0" branch="false" />
                <line number="422" hits="0" branch="false" />
                <line number="424" hits="0" branch="true" condition-coverage="0% (0/2)" />
                <line number="425" hits="0" branch="false" />
                <line number="426" hits="0" branch="true" condition-coverage="0% (0/4)" />
                <line number="427" hits="0" branch="false" />
                <line number="428" hits="0" branch="true" condition-coverage="0% (0/2)" />
                <line number="429" hits="0" branch="false" />
                <line number="430" hits="0" branch="false" />
                <line number="431" hits="0" branch="false" />
                <line number="432" hits="0" branch="false" />
                <line number="433" hits="0" branch="false" />
                <line number="436" hits="0" branch="true" condition-coverage="0% (0/2)" />
                <line number="437" hits="0" branch="false" />
                <line number="438" hits="0" branch="false" />
                <line number="439" hits="0" branch="false" />
                <line number="440" hits="0" branch="false" />
                <line number="441" hits="0" branch="false" />
                <line number="444" hits="0" branch="false" />
                <line number="445" hits="0" branch="false" />
                <line number="447" hits="0" branch="false" />
                <line number="448" hits="0" branch="false" />
                <line number="449" hits="0" branch="false" />
                <line number="450" hits="0" branch="false" />
                <line number="451" hits="0" branch="false" />
                <line number="452" hits="0" branch="false" />
                <line number="453" hits="0" branch="false" />
                <line number="454" hits="0" branch="false" />
                <line number="455" hits="0" branch="false" />
                <line number="457" hits="0" branch="false" />
              </lines>
            </method>
            <method name="CreateAgent" signature="()" line-rate="0.82" branch-rate="0.7" complexity="8">
              <lines>
                <line number="46" hits="3" branch="false" />
                <line number="48" hits="3" branch="false" />
                <line number="49" hits="3" branch="false" />
                <line number="51" hits="3" branch="true" condition-coverage="100% (2/2)" />
                <line number="52" hits="1" branch="false" />
                <line number="53" hits="1" branch="false" />
                <line number="54" hits="1" branch="true" condition-coverage="50% (1/2)" />
                <line number="55" hits="1" branch="false" />
                <line number="56" hits="1" branch="false" />
                <line number="57" hits="1" branch="false" />
                <line number="58" hits="1" branch="false" />
                <line number="60" hits="1" branch="false" />
                <line number="61" hits="1" branch="false" />
                <line number="62" hits="1" branch="false" />
                <line number="63" hits="1" branch="false" />
                <line number="64" hits="1" branch="false" />
                <line number="65" hits="1" branch="false" />
                <line number="68" hits="2" branch="false" />
                <line number="69" hits="2" branch="false" />
                <line number="70" hits="2" branch="false" />
                <line number="71" hits="2" branch="false" />
                <line number="72" hits="2" branch="false" />
                <line number="74" hits="2" branch="true" condition-coverage="100% (2/2)" />
                <line number="75" hits="1" branch="false" />
                <line number="76" hits="1" branch="true" condition-coverage="50% (1/2)" />
                <line number="77" hits="1" branch="true" condition-coverage="50% (1/2)" />
                <line number="78" hits="1" branch="false" />
                <line number="79" hits="1" branch="false" />
                <line number="80" hits="1" branch="false" />
                <line number="81" hits="1" branch="false" />
                <line number="82" hits="1" branch="false" />
                <line number="86" hits="1" branch="false" />
                <line number="87" hits="1" branch="false" />
                <line number="88" hits="1" branch="false" />
                <line number="89" hits="1" branch="false" />
                <line number="90" hits="1" branch="false" />
                <line number="91" hits="1" branch="false" />
                <line number="92" hits="1" branch="false" />
                <line number="94" hits="1" branch="false" />
                <line number="95" hits="1" branch="false" />
                <line number="97" hits="0" branch="false" />
                <line number="98" hits="0" branch="false" />
                <line number="99" hits="0" branch="false" />
                <line number="100" hits="0" branch="false" />
                <line number="101" hits="0" branch="false" />
                <line number="102" hits="0" branch="false" />
                <line number="103" hits="0" branch="false" />
                <line number="104" hits="0" branch="false" />
                <line number="105" hits="0" branch="false" />
                <line number="107" hits="3" branch="false" />
              </lines>
            </method>
            <method name="DeleteAgent" signature="()" line-rate="0.8125" branch-rate="0.5" complexity="10">
              <lines>
                <line number="534" hits="3" branch="false" />
                <line number="536" hits="3" branch="false" />
                <line number="537" hits="3" branch="false" />
                <line number="539" hits="3" branch="false" />
                <line number="541" hits="3" branch="true" condition-coverage="100% (2/2)" />
                <line number="542" hits="1" branch="false" />
                <line number="543" hits="1" branch="true" condition-coverage="50% (2/4)" />
                <line number="544" hits="1" branch="false" />
                <line number="545" hits="1" branch="true" condition-coverage="50% (1/2)" />
                <line number="546" hits="1" branch="false" />
                <line number="547" hits="1" branch="false" />
                <line number="548" hits="1" branch="false" />
                <line number="549" hits="1" branch="false" />
                <line number="550" hits="1" branch="false" />
                <line number="553" hits="0" branch="true" condition-coverage="0% (0/2)" />
                <line number="554" hits="0" branch="false" />
                <line number="555" hits="0" branch="false" />
                <line number="556" hits="0" branch="false" />
                <line number="557" hits="0" branch="false" />
                <line number="558" hits="0" branch="false" />
                <line number="561" hits="1" branch="false" />
                <line number="562" hits="1" branch="false" />
                <line number="564" hits="1" branch="false" />
                <line number="565" hits="1" branch="false" />
                <line number="566" hits="1" branch="false" />
                <line number="567" hits="1" branch="false" />
                <line number="568" hits="1" branch="false" />
                <line number="569" hits="1" branch="false" />
                <line number="570" hits="1" branch="false" />
                <line number="571" hits="1" branch="false" />
                <line number="572" hits="1" branch="false" />
                <line number="574" hits="3" branch="false" />
              </lines>
            </method>
            <method name="FindBestAgentForTask" signature="()" line-rate="0" branch-rate="0" complexity="4">
              <lines>
                <line number="475" hits="0" branch="false" />
                <line number="477" hits="0" branch="false" />
                <line number="478" hits="0" branch="false" />
                <line number="480" hits="0" branch="false" />
                <line number="482" hits="0" branch="true" condition-coverage="0% (0/2)" />
                <line number="483" hits="0" branch="false" />
                <line number="484" hits="0" branch="false" />
                <line number="485" hits="0" branch="true" condition-coverage="0% (0/2)" />
                <line number="486" hits="0" branch="false" />
                <line number="487" hits="0" branch="false" />
                <line number="488" hits="0" branch="false" />
                <line number="489" hits="0" branch="false" />
                <line number="490" hits="0" branch="false" />
                <line number="494" hits="0" branch="false" />
                <line number="495" hits="0" branch="false" />
                <line number="496" hits="0" branch="false" />
                <line number="497" hits="0" branch="false" />
                <line number="498" hits="0" branch="false" />
                <line number="499" hits="0" branch="false" />
                <line number="500" hits="0" branch="false" />
                <line number="502" hits="0" branch="false" />
                <line number="504" hits="0" branch="false" />
                <line number="505" hits="0" branch="false" />
                <line number="506" hits="0" branch="false" />
                <line number="507" hits="0" branch="false" />
                <line number="508" hits="0" branch="false" />
                <line number="509" hits="0" branch="false" />
                <line number="510" hits="0" branch="false" />
                <line number="511" hits="0" branch="false" />
                <line number="512" hits="0" branch="false" />
                <line number="514" hits="0" branch="false" />
              </lines>
            </method>
            <method name="GetActiveAgents" signature="()" line-rate="0.7096774193548387" branch-rate="1" complexity="6">
              <lines>
                <line number="178" hits="3" branch="false" />
                <line number="180" hits="3" branch="false" />
                <line number="181" hits="3" branch="false" />
                <line number="183" hits="3" branch="false" />
                <line number="185" hits="3" branch="true" condition-coverage="100% (2/2)" />
                <line number="186" hits="2" branch="false" />
                <line number="187" hits="2" branch="true" condition-coverage="100% (2/2)" />
                <line number="188" hits="2" branch="true" condition-coverage="100% (2/2)" />
                <line number="189" hits="2" branch="false" />
                <line number="190" hits="2" branch="false" />
                <line number="191" hits="2" branch="false" />
                <line number="192" hits="2" branch="false" />
                <line number="193" hits="2" branch="false" />
                <line number="197" hits="1" branch="false" />
                <line number="198" hits="1" branch="false" />
                <line number="199" hits="1" branch="false" />
                <line number="200" hits="1" branch="false" />
                <line number="201" hits="1" branch="false" />
                <line number="202" hits="2" branch="false" />
                <line number="203" hits="1" branch="false" />
                <line number="205" hits="1" branch="false" />
                <line number="207" hits="0" branch="false" />
                <line number="208" hits="0" branch="false" />
                <line number="209" hits="0" branch="false" />
                <line number="210" hits="0" branch="false" />
                <line number="211" hits="0" branch="false" />
                <line number="212" hits="0" branch="false" />
                <line number="213" hits="0" branch="false" />
                <line number="214" hits="0" branch="false" />
                <line number="215" hits="0" branch="false" />
                <line number="217" hits="3" branch="false" />
              </lines>
            </method>
            <method name="GetAgent" signature="()" line-rate="1" branch-rate="0.75" complexity="4">
              <lines>
                <line number="125" hits="3" branch="false" />
                <line number="127" hits="3" branch="false" />
                <line number="128" hits="3" branch="false" />
                <line number="130" hits="3" branch="false" />
                <line number="132" hits="3" branch="true" condition-coverage="100% (2/2)" />
                <line number="133" hits="1" branch="false" />
                <line number="134" hits="1" branch="false" />
                <line number="135" hits="1" branch="true" condition-coverage="50% (1/2)" />
                <line number="136" hits="1" branch="false" />
                <line number="137" hits="1" branch="false" />
                <line number="138" hits="1" branch="false" />
                <line number="139" hits="1" branch="false" />
                <line number="140" hits="1" branch="false" />
                <line number="144" hits="1" branch="false" />
                <line number="145" hits="1" branch="false" />
                <line number="146" hits="1" branch="false" />
                <line number="147" hits="1" branch="false" />
                <line number="148" hits="1" branch="false" />
                <line number="149" hits="1" branch="false" />
                <line number="150" hits="1" branch="false" />
                <line number="152" hits="1" branch="false" />
                <line number="154" hits="1" branch="false" />
                <line number="155" hits="1" branch="false" />
                <line number="156" hits="1" branch="false" />
                <line number="157" hits="1" branch="false" />
                <line number="158" hits="1" branch="false" />
                <line number="159" hits="1" branch="false" />
                <line number="160" hits="1" branch="false" />
                <line number="161" hits="1" branch="false" />
                <line number="162" hits="1" branch="false" />
                <line number="164" hits="3" branch="false" />
              </lines>
            </method>
            <method name="UpdateAgentConfiguration" signature="()" line-rate="0.40816326530612246" branch-rate="0.42857142857142855" complexity="12">
              <lines>
                <line number="239" hits="2" branch="false" />
                <line number="241" hits="2" branch="false" />
                <line number="242" hits="2" branch="false" />
                <line number="244" hits="2" branch="true" condition-coverage="50% (1/2)" />
                <line number="245" hits="0" branch="false" />
                <line number="246" hits="0" branch="false" />
                <line number="247" hits="0" branch="true" condition-coverage="0% (0/2)" />
                <line number="248" hits="0" branch="false" />
                <line number="249" hits="0" branch="false" />
                <line number="250" hits="0" branch="false" />
                <line number="251" hits="0" branch="false" />
                <line number="253" hits="0" branch="false" />
                <line number="254" hits="0" branch="false" />
                <line number="255" hits="0" branch="false" />
                <line number="256" hits="0" branch="false" />
                <line number="257" hits="0" branch="false" />
                <line number="258" hits="0" branch="false" />
                <line number="261" hits="2" branch="false" />
                <line number="262" hits="2" branch="false" />
                <line number="263" hits="2" branch="false" />
                <line number="264" hits="2" branch="false" />
                <line number="266" hits="2" branch="true" condition-coverage="100% (2/2)" />
                <line number="267" hits="1" branch="false" />
                <line number="268" hits="1" branch="true" condition-coverage="50% (2/4)" />
                <line number="269" hits="0" branch="false" />
                <line number="270" hits="0" branch="true" condition-coverage="0% (0/2)" />
                <line number="271" hits="0" branch="false" />
                <line number="272" hits="0" branch="false" />
                <line number="273" hits="0" branch="false" />
                <line number="274" hits="0" branch="false" />
                <line number="275" hits="0" branch="false" />
                <line number="278" hits="1" branch="true" condition-coverage="50% (1/2)" />
                <line number="279" hits="1" branch="false" />
                <line number="280" hits="1" branch="false" />
                <line number="281" hits="1" branch="false" />
                <line number="282" hits="1" branch="false" />
                <line number="283" hits="1" branch="false" />
                <line number="286" hits="1" branch="false" />
                <line number="287" hits="1" branch="false" />
                <line number="289" hits="0" branch="false" />
                <line number="290" hits="0" branch="false" />
                <line number="291" hits="0" branch="false" />
                <line number="292" hits="0" branch="false" />
                <line number="293" hits="0" branch="false" />
                <line number="294" hits="0" branch="false" />
                <line number="295" hits="0" branch="false" />
                <line number="296" hits="0" branch="false" />
                <line number="297" hits="0" branch="false" />
                <line number="299" hits="2" branch="false" />
              </lines>
            </method>
            <method name="UpdateAgentStatus" signature="()" line-rate="0.3695652173913043" branch-rate="0.42857142857142855" complexity="12">
              <lines>
                <line number="321" hits="2" branch="false" />
                <line number="323" hits="2" branch="false" />
                <line number="324" hits="2" branch="false" />
                <line number="326" hits="2" branch="true" condition-coverage="50% (1/2)" />
                <line number="327" hits="0" branch="false" />
                <line number="328" hits="0" branch="false" />
                <line number="329" hits="0" branch="true" condition-coverage="0% (0/2)" />
                <line number="330" hits="0" branch="false" />
                <line number="331" hits="0" branch="false" />
                <line number="332" hits="0" branch="false" />
                <line number="333" hits="0" branch="false" />
                <line number="335" hits="0" branch="false" />
                <line number="336" hits="0" branch="false" />
                <line number="337" hits="0" branch="false" />
                <line number="338" hits="0" branch="false" />
                <line number="339" hits="0" branch="false" />
                <line number="340" hits="0" branch="false" />
                <line number="343" hits="2" branch="false" />
                <line number="345" hits="2" branch="true" condition-coverage="100% (2/2)" />
                <line number="346" hits="1" branch="false" />
                <line number="347" hits="1" branch="true" condition-coverage="50% (2/4)" />
                <line number="348" hits="0" branch="false" />
                <line number="349" hits="0" branch="true" condition-coverage="0% (0/2)" />
                <line number="350" hits="0" branch="false" />
                <line number="351" hits="0" branch="false" />
                <line number="352" hits="0" branch="false" />
                <line number="353" hits="0" branch="false" />
                <line number="354" hits="0" branch="false" />
                <line number="357" hits="1" branch="true" condition-coverage="50% (1/2)" />
                <line number="358" hits="1" branch="false" />
                <line number="359" hits="1" branch="false" />
                <line number="360" hits="1" branch="false" />
                <line number="361" hits="1" branch="false" />
                <line number="362" hits="1" branch="false" />
                <line number="365" hits="1" branch="false" />
                <line number="366" hits="1" branch="false" />
                <line number="368" hits="0" branch="false" />
                <line number="369" hits="0" branch="false" />
                <line number="370" hits="0" branch="false" />
                <line number="371" hits="0" branch="false" />
                <line number="372" hits="0" branch="false" />
                <line number="373" hits="0" branch="false" />
                <line number="374" hits="0" branch="false" />
                <line number="375" hits="0" branch="false" />
                <line number="376" hits="0" branch="false" />
                <line number="378" hits="2" branch="false" />
              </lines>
            </method>
          </methods>
          <lines>
            <line number="24" hits="19" branch="false" />
            <line number="25" hits="19" branch="false" />
            <line number="26" hits="19" branch="true" condition-coverage="100% (2/2)" />
            <line number="27" hits="18" branch="true" condition-coverage="100% (2/2)" />
            <line number="28" hits="17" branch="false" />
            <line number="46" hits="3" branch="false" />
            <line number="48" hits="3" branch="false" />
            <line number="49" hits="3" branch="false" />
            <line number="51" hits="3" branch="true" condition-coverage="100% (2/2)" />
            <line number="52" hits="1" branch="false" />
            <line number="53" hits="1" branch="false" />
            <line number="54" hits="1" branch="true" condition-coverage="50% (1/2)" />
            <line number="55" hits="1" branch="false" />
            <line number="56" hits="1" branch="false" />
            <line number="57" hits="1" branch="false" />
            <line number="58" hits="1" branch="false" />
            <line number="60" hits="1" branch="false" />
            <line number="61" hits="1" branch="false" />
            <line number="62" hits="1" branch="false" />
            <line number="63" hits="1" branch="false" />
            <line number="64" hits="1" branch="false" />
            <line number="65" hits="1" branch="false" />
            <line number="68" hits="2" branch="false" />
            <line number="69" hits="2" branch="false" />
            <line number="70" hits="2" branch="false" />
            <line number="71" hits="2" branch="false" />
            <line number="72" hits="2" branch="false" />
            <line number="74" hits="2" branch="true" condition-coverage="100% (2/2)" />
            <line number="75" hits="1" branch="false" />
            <line number="76" hits="1" branch="true" condition-coverage="50% (1/2)" />
            <line number="77" hits="1" branch="true" condition-coverage="50% (1/2)" />
            <line number="78" hits="1" branch="false" />
            <line number="79" hits="1" branch="false" />
            <line number="80" hits="1" branch="false" />
            <line number="81" hits="1" branch="false" />
            <line number="82" hits="1" branch="false" />
            <line number="86" hits="1" branch="false" />
            <line number="87" hits="1" branch="false" />
            <line number="88" hits="1" branch="false" />
            <line number="89" hits="1" branch="false" />
            <line number="90" hits="1" branch="false" />
            <line number="91" hits="1" branch="false" />
            <line number="92" hits="1" branch="false" />
            <line number="94" hits="1" branch="false" />
            <line number="95" hits="1" branch="false" />
            <line number="97" hits="0" branch="false" />
            <line number="98" hits="0" branch="false" />
            <line number="99" hits="0" branch="false" />
            <line number="100" hits="0" branch="false" />
            <line number="101" hits="0" branch="false" />
            <line number="102" hits="0" branch="false" />
            <line number="103" hits="0" branch="false" />
            <line number="104" hits="0" branch="false" />
            <line number="105" hits="0" branch="false" />
            <line number="107" hits="3" branch="false" />
            <line number="125" hits="3" branch="false" />
            <line number="127" hits="3" branch="false" />
            <line number="128" hits="3" branch="false" />
            <line number="130" hits="3" branch="false" />
            <line number="132" hits="3" branch="true" condition-coverage="100% (2/2)" />
            <line number="133" hits="1" branch="false" />
            <line number="134" hits="1" branch="false" />
            <line number="135" hits="1" branch="true" condition-coverage="50% (1/2)" />
            <line number="136" hits="1" branch="false" />
            <line number="137" hits="1" branch="false" />
            <line number="138" hits="1" branch="false" />
            <line number="139" hits="1" branch="false" />
            <line number="140" hits="1" branch="false" />
            <line number="144" hits="1" branch="false" />
            <line number="145" hits="1" branch="false" />
            <line number="146" hits="1" branch="false" />
            <line number="147" hits="1" branch="false" />
            <line number="148" hits="1" branch="false" />
            <line number="149" hits="1" branch="false" />
            <line number="150" hits="1" branch="false" />
            <line number="152" hits="1" branch="false" />
            <line number="154" hits="1" branch="false" />
            <line number="155" hits="1" branch="false" />
            <line number="156" hits="1" branch="false" />
            <line number="157" hits="1" branch="false" />
            <line number="158" hits="1" branch="false" />
            <line number="159" hits="1" branch="false" />
            <line number="160" hits="1" branch="false" />
            <line number="161" hits="1" branch="false" />
            <line number="162" hits="1" branch="false" />
            <line number="164" hits="3" branch="false" />
            <line number="178" hits="3" branch="false" />
            <line number="180" hits="3" branch="false" />
            <line number="181" hits="3" branch="false" />
            <line number="183" hits="3" branch="false" />
            <line number="185" hits="3" branch="true" condition-coverage="100% (2/2)" />
            <line number="186" hits="2" branch="false" />
            <line number="187" hits="2" branch="true" condition-coverage="100% (2/2)" />
            <line number="188" hits="2" branch="true" condition-coverage="100% (2/2)" />
            <line number="189" hits="2" branch="false" />
            <line number="190" hits="2" branch="false" />
            <line number="191" hits="2" branch="false" />
            <line number="192" hits="2" branch="false" />
            <line number="193" hits="2" branch="false" />
            <line number="197" hits="1" branch="false" />
            <line number="198" hits="1" branch="false" />
            <line number="199" hits="1" branch="false" />
            <line number="200" hits="1" branch="false" />
            <line number="201" hits="1" branch="false" />
            <line number="202" hits="2" branch="false" />
            <line number="203" hits="1" branch="false" />
            <line number="205" hits="1" branch="false" />
            <line number="207" hits="0" branch="false" />
            <line number="208" hits="0" branch="false" />
            <line number="209" hits="0" branch="false" />
            <line number="210" hits="0" branch="false" />
            <line number="211" hits="0" branch="false" />
            <line number="212" hits="0" branch="false" />
            <line number="213" hits="0" branch="false" />
            <line number="214" hits="0" branch="false" />
            <line number="215" hits="0" branch="false" />
            <line number="217" hits="3" branch="false" />
            <line number="239" hits="2" branch="false" />
            <line number="241" hits="2" branch="false" />
            <line number="242" hits="2" branch="false" />
            <line number="244" hits="2" branch="true" condition-coverage="50% (1/2)" />
            <line number="245" hits="0" branch="false" />
            <line number="246" hits="0" branch="false" />
            <line number="247" hits="0" branch="true" condition-coverage="0% (0/2)" />
            <line number="248" hits="0" branch="false" />
            <line number="249" hits="0" branch="false" />
            <line number="250" hits="0" branch="false" />
            <line number="251" hits="0" branch="false" />
            <line number="253" hits="0" branch="false" />
            <line number="254" hits="0" branch="false" />
            <line number="255" hits="0" branch="false" />
            <line number="256" hits="0" branch="false" />
            <line number="257" hits="0" branch="false" />
            <line number="258" hits="0" branch="false" />
            <line number="261" hits="2" branch="false" />
            <line number="262" hits="2" branch="false" />
            <line number="263" hits="2" branch="false" />
            <line number="264" hits="2" branch="false" />
            <line number="266" hits="2" branch="true" condition-coverage="100% (2/2)" />
            <line number="267" hits="1" branch="false" />
            <line number="268" hits="1" branch="true" condition-coverage="50% (2/4)" />
            <line number="269" hits="0" branch="false" />
            <line number="270" hits="0" branch="true" condition-coverage="0% (0/2)" />
            <line number="271" hits="0" branch="false" />
            <line number="272" hits="0" branch="false" />
            <line number="273" hits="0" branch="false" />
            <line number="274" hits="0" branch="false" />
            <line number="275" hits="0" branch="false" />
            <line number="278" hits="1" branch="true" condition-coverage="50% (1/2)" />
            <line number="279" hits="1" branch="false" />
            <line number="280" hits="1" branch="false" />
            <line number="281" hits="1" branch="false" />
            <line number="282" hits="1" branch="false" />
            <line number="283" hits="1" branch="false" />
            <line number="286" hits="1" branch="false" />
            <line number="287" hits="1" branch="false" />
            <line number="289" hits="0" branch="false" />
            <line number="290" hits="0" branch="false" />
            <line number="291" hits="0" branch="false" />
            <line number="292" hits="0" branch="false" />
            <line number="293" hits="0" branch="false" />
            <line number="294" hits="0" branch="false" />
            <line number="295" hits="0" branch="false" />
            <line number="296" hits="0" branch="false" />
            <line number="297" hits="0" branch="false" />
            <line number="299" hits="2" branch="false" />
            <line number="321" hits="2" branch="false" />
            <line number="323" hits="2" branch="false" />
            <line number="324" hits="2" branch="false" />
            <line number="326" hits="2" branch="true" condition-coverage="50% (1/2)" />
            <line number="327" hits="0" branch="false" />
            <line number="328" hits="0" branch="false" />
            <line number="329" hits="0" branch="true" condition-coverage="0% (0/2)" />
            <line number="330" hits="0" branch="false" />
            <line number="331" hits="0" branch="false" />
            <line number="332" hits="0" branch="false" />
            <line number="333" hits="0" branch="false" />
            <line number="335" hits="0" branch="false" />
            <line number="336" hits="0" branch="false" />
            <line number="337" hits="0" branch="false" />
            <line number="338" hits="0" branch="false" />
            <line number="339" hits="0" branch="false" />
            <line number="340" hits="0" branch="false" />
            <line number="343" hits="2" branch="false" />
            <line number="345" hits="2" branch="true" condition-coverage="100% (2/2)" />
            <line number="346" hits="1" branch="false" />
            <line number="347" hits="1" branch="true" condition-coverage="50% (2/4)" />
            <line number="348" hits="0" branch="false" />
            <line number="349" hits="0" branch="true" condition-coverage="0% (0/2)" />
            <line number="350" hits="0" branch="false" />
            <line number="351" hits="0" branch="false" />
            <line number="352" hits="0" branch="false" />
            <line number="353" hits="0" branch="false" />
            <line number="354" hits="0" branch="false" />
            <line number="357" hits="1" branch="true" condition-coverage="50% (1/2)" />
            <line number="358" hits="1" branch="false" />
            <line number="359" hits="1" branch="false" />
            <line number="360" hits="1" branch="false" />
            <line number="361" hits="1" branch="false" />
            <line number="362" hits="1" branch="false" />
            <line number="365" hits="1" branch="false" />
            <line number="366" hits="1" branch="false" />
            <line number="368" hits="0" branch="false" />
            <line number="369" hits="0" branch="false" />
            <line number="370" hits="0" branch="false" />
            <line number="371" hits="0" branch="false" />
            <line number="372" hits="0" branch="false" />
            <line number="373" hits="0" branch="false" />
            <line number="374" hits="0" branch="false" />
            <line number="375" hits="0" branch="false" />
            <line number="376" hits="0" branch="false" />
            <line number="378" hits="2" branch="false" />
            <line number="400" hits="0" branch="false" />
            <line number="402" hits="0" branch="false" />
            <line number="403" hits="0" branch="false" />
            <line number="405" hits="0" branch="true" condition-coverage="0% (0/2)" />
            <line number="406" hits="0" branch="false" />
            <line number="407" hits="0" branch="false" />
            <line number="408" hits="0" branch="true" condition-coverage="0% (0/2)" />
            <line number="409" hits="0" branch="false" />
            <line number="410" hits="0" branch="false" />
            <line number="411" hits="0" branch="false" />
            <line number="412" hits="0" branch="false" />
            <line number="414" hits="0" branch="false" />
            <line number="415" hits="0" branch="false" />
            <line number="416" hits="0" branch="false" />
            <line number="417" hits="0" branch="false" />
            <line number="418" hits="0" branch="false" />
            <line number="419" hits="0" branch="false" />
            <line number="422" hits="0" branch="false" />
            <line number="424" hits="0" branch="true" condition-coverage="0% (0/2)" />
            <line number="425" hits="0" branch="false" />
            <line number="426" hits="0" branch="true" condition-coverage="0% (0/4)" />
            <line number="427" hits="0" branch="false" />
            <line number="428" hits="0" branch="true" condition-coverage="0% (0/2)" />
            <line number="429" hits="0" branch="false" />
            <line number="430" hits="0" branch="false" />
            <line number="431" hits="0" branch="false" />
            <line number="432" hits="0" branch="false" />
            <line number="433" hits="0" branch="false" />
            <line number="436" hits="0" branch="true" condition-coverage="0% (0/2)" />
            <line number="437" hits="0" branch="false" />
            <line number="438" hits="0" branch="false" />
            <line number="439" hits="0" branch="false" />
            <line number="440" hits="0" branch="false" />
            <line number="441" hits="0" branch="false" />
            <line number="444" hits="0" branch="false" />
            <line number="445" hits="0" branch="false" />
            <line number="447" hits="0" branch="false" />
            <line number="448" hits="0" branch="false" />
            <line number="449" hits="0" branch="false" />
            <line number="450" hits="0" branch="false" />
            <line number="451" hits="0" branch="false" />
            <line number="452" hits="0" branch="false" />
            <line number="453" hits="0" branch="false" />
            <line number="454" hits="0" branch="false" />
            <line number="455" hits="0" branch="false" />
            <line number="457" hits="0" branch="false" />
            <line number="475" hits="0" branch="false" />
            <line number="477" hits="0" branch="false" />
            <line number="478" hits="0" branch="false" />
            <line number="480" hits="0" branch="false" />
            <line number="482" hits="0" branch="true" condition-coverage="0% (0/2)" />
            <line number="483" hits="0" branch="false" />
            <line number="484" hits="0" branch="false" />
            <line number="485" hits="0" branch="true" condition-coverage="0% (0/2)" />
            <line number="486" hits="0" branch="false" />
            <line number="487" hits="0" branch="false" />
            <line number="488" hits="0" branch="false" />
            <line number="489" hits="0" branch="false" />
            <line number="490" hits="0" branch="false" />
            <line number="494" hits="0" branch="false" />
            <line number="495" hits="0" branch="false" />
            <line number="496" hits="0" branch="false" />
            <line number="497" hits="0" branch="false" />
            <line number="498" hits="0" branch="false" />
            <line number="499" hits="0" branch="false" />
            <line number="500" hits="0" branch="false" />
            <line number="502" hits="0" branch="false" />
            <line number="504" hits="0" branch="false" />
            <line number="505" hits="0" branch="false" />
            <line number="506" hits="0" branch="false" />
            <line number="507" hits="0" branch="false" />
            <line number="508" hits="0" branch="false" />
            <line number="509" hits="0" branch="false" />
            <line number="510" hits="0" branch="false" />
            <line number="511" hits="0" branch="false" />
            <line number="512" hits="0" branch="false" />
            <line number="514" hits="0" branch="false" />
            <line number="534" hits="3" branch="false" />
            <line number="536" hits="3" branch="false" />
            <line number="537" hits="3" branch="false" />
            <line number="539" hits="3" branch="false" />
            <line number="541" hits="3" branch="true" condition-coverage="100% (2/2)" />
            <line number="542" hits="1" branch="false" />
            <line number="543" hits="1" branch="true" condition-coverage="50% (2/4)" />
            <line number="544" hits="1" branch="false" />
            <line number="545" hits="1" branch="true" condition-coverage="50% (1/2)" />
            <line number="546" hits="1" branch="false" />
            <line number="547" hits="1" branch="false" />
            <line number="548" hits="1" branch="false" />
            <line number="549" hits="1" branch="false" />
            <line number="550" hits="1" branch="false" />
            <line number="553" hits="0" branch="true" condition-coverage="0% (0/2)" />
            <line number="554" hits="0" branch="false" />
            <line number="555" hits="0" branch="false" />
            <line number="556" hits="0" branch="false" />
            <line number="557" hits="0" branch="false" />
            <line number="558" hits="0" branch="false" />
            <line number="561" hits="1" branch="false" />
            <line number="562" hits="1" branch="false" />
            <line number="564" hits="1" branch="false" />
            <line number="565" hits="1" branch="false" />
            <line number="566" hits="1" branch="false" />
            <line number="567" hits="1" branch="false" />
            <line number="568" hits="1" branch="false" />
            <line number="569" hits="1" branch="false" />
            <line number="570" hits="1" branch="false" />
            <line number="571" hits="1" branch="false" />
            <line number="572" hits="1" branch="false" />
            <line number="574" hits="3" branch="false" />
          </lines>
        </class>
        <class name="ExxerAI.Api.Models.AgentCapabilitiesDto" filename="F:\Dynamic\ExxerAi\ExxerAI\code\src\ExxerAI.Api\Models\AgentModels.cs" line-rate="1" branch-rate="1" complexity="6">
          <methods>
            <method name="get_CanProcessNaturalLanguage" signature="()" line-rate="1" branch-rate="1" complexity="1">
              <lines>
                <line number="138" hits="30058" branch="false" />
              </lines>
            </method>
            <method name="get_CanGenerateCode" signature="()" line-rate="1" branch-rate="1" complexity="1">
              <lines>
                <line number="143" hits="30057" branch="false" />
              </lines>
            </method>
            <method name="get_CanAnalyzeData" signature="()" line-rate="1" branch-rate="1" complexity="1">
              <lines>
                <line number="148" hits="30056" branch="false" />
              </lines>
            </method>
            <method name="get_CanCallExternalAPIs" signature="()" line-rate="1" branch-rate="1" complexity="1">
              <lines>
                <line number="153" hits="30056" branch="false" />
              </lines>
            </method>
            <method name="get_MaxConcurrentTasks" signature="()" line-rate="1" branch-rate="1" complexity="1">
              <lines>
                <line number="159" hits="30058" branch="false" />
              </lines>
            </method>
            <method name="get_SupportedTaskTypes" signature="()" line-rate="1" branch-rate="1" complexity="1">
              <lines>
                <line number="164" hits="30074" branch="false" />
              </lines>
            </method>
          </methods>
          <lines>
            <line number="138" hits="30058" branch="false" />
            <line number="143" hits="30057" branch="false" />
            <line number="148" hits="30056" branch="false" />
            <line number="153" hits="30056" branch="false" />
            <line number="159" hits="30058" branch="false" />
            <line number="164" hits="30074" branch="false" />
          </lines>
        </class>
        <class name="ExxerAI.Api.Models.AgentConfigurationDto" filename="F:\Dynamic\ExxerAi\ExxerAI\code\src\ExxerAI.Api\Models\AgentModels.cs" line-rate="1" branch-rate="1" complexity="4">
          <methods>
            <method name="get_TaskTimeoutSeconds" signature="()" line-rate="1" branch-rate="1" complexity="1">
              <lines>
                <line number="175" hits="30035" branch="false" />
              </lines>
            </method>
            <method name="get_MaxRetries" signature="()" line-rate="1" branch-rate="1" complexity="1">
              <lines>
                <line number="180" hits="30035" branch="false" />
              </lines>
            </method>
            <method name="get_Priority" signature="()" line-rate="1" branch-rate="1" complexity="1">
              <lines>
                <line number="185" hits="30035" branch="false" />
              </lines>
            </method>
            <method name="get_CustomProperties" signature="()" line-rate="1" branch-rate="1" complexity="1">
              <lines>
                <line number="190" hits="30052" branch="false" />
              </lines>
            </method>
          </methods>
          <lines>
            <line number="175" hits="30035" branch="false" />
            <line number="180" hits="30035" branch="false" />
            <line number="185" hits="30035" branch="false" />
            <line number="190" hits="30052" branch="false" />
          </lines>
        </class>
        <class name="ExxerAI.Api.Models.AgentMappingExtensions" filename="F:\Dynamic\ExxerAi\ExxerAI\code\src\ExxerAI.Api\Models\AgentModels.cs" line-rate="1" branch-rate="0.75" complexity="13">
          <methods>
            <method name="ToResponse" signature="(ExxerAI.Domain.Agent)" line-rate="1" branch-rate="1" complexity="1">
              <lines>
                <line number="231" hits="10008" branch="false" />
                <line number="232" hits="10008" branch="false" />
                <line number="233" hits="10008" branch="false" />
                <line number="234" hits="10008" branch="false" />
                <line number="235" hits="10008" branch="false" />
                <line number="236" hits="10008" branch="false" />
                <line number="237" hits="10008" branch="false" />
                <line number="238" hits="10008" branch="false" />
                <line number="239" hits="10008" branch="false" />
                <line number="240" hits="10008" branch="false" />
                <line number="241" hits="10008" branch="false" />
                <line number="242" hits="10008" branch="false" />
                <line number="243" hits="10008" branch="false" />
              </lines>
            </method>
            <method name="ToDto" signature="(ExxerAI.Domain.AgentCapabilities)" line-rate="1" branch-rate="0.5" complexity="4">
              <lines>
                <line number="251" hits="10014" branch="false" />
                <line number="252" hits="10014" branch="true" condition-coverage="50% (2/4)" />
                <line number="253" hits="10014" branch="false" />
                <line number="254" hits="10014" branch="false" />
                <line number="255" hits="10014" branch="false" />
                <line number="256" hits="10014" branch="false" />
                <line number="257" hits="10014" branch="false" />
                <line number="258" hits="10014" branch="false" />
                <line number="259" hits="10014" branch="false" />
                <line number="260" hits="10014" branch="false" />
                <line number="261" hits="10014" branch="false" />
              </lines>
            </method>
            <method name="ToDto" signature="(ExxerAI.Domain.AgentConfiguration)" line-rate="1" branch-rate="0.5" complexity="2">
              <lines>
                <line number="269" hits="10011" branch="false" />
                <line number="270" hits="10011" branch="true" condition-coverage="50% (1/2)" />
                <line number="271" hits="10011" branch="false" />
                <line number="272" hits="10011" branch="false" />
                <line number="273" hits="10011" branch="false" />
                <line number="274" hits="10011" branch="false" />
                <line number="275" hits="10011" branch="false" />
                <line number="276" hits="10011" branch="false" />
                <line number="277" hits="10011" branch="false" />
                <line number="278" hits="10011" branch="false" />
                <line number="279" hits="10011" branch="false" />
              </lines>
            </method>
            <method name="ToDomain" signature="(ExxerAI.Api.Models.AgentCapabilitiesDto)" line-rate="1" branch-rate="1" complexity="4">
              <lines>
                <line number="287" hits="9" branch="false" />
                <line number="288" hits="9" branch="true" condition-coverage="100% (4/4)" />
                <line number="289" hits="9" branch="false" />
                <line number="290" hits="9" branch="false" />
                <line number="291" hits="9" branch="false" />
                <line number="292" hits="9" branch="false" />
                <line number="293" hits="9" branch="false" />
                <line number="294" hits="9" branch="false" />
                <line number="295" hits="9" branch="false" />
                <line number="296" hits="9" branch="false" />
                <line number="297" hits="9" branch="false" />
              </lines>
            </method>
            <method name="ToDomain" signature="(ExxerAI.Api.Models.UpdateAgentConfigurationRequest)" line-rate="1" branch-rate="1" complexity="2">
              <lines>
                <line number="305" hits="4" branch="false" />
                <line number="306" hits="4" branch="true" condition-coverage="100% (2/2)" />
                <line number="307" hits="4" branch="false" />
                <line number="308" hits="4" branch="false" />
                <line number="309" hits="4" branch="false" />
                <line number="310" hits="4" branch="false" />
                <line number="311" hits="4" branch="false" />
                <line number="312" hits="4" branch="false" />
                <line number="313" hits="4" branch="false" />
                <line number="314" hits="4" branch="false" />
                <line number="315" hits="4" branch="false" />
              </lines>
            </method>
          </methods>
          <lines>
            <line number="231" hits="10008" branch="false" />
            <line number="232" hits="10008" branch="false" />
            <line number="233" hits="10008" branch="false" />
            <line number="234" hits="10008" branch="false" />
            <line number="235" hits="10008" branch="false" />
            <line number="236" hits="10008" branch="false" />
            <line number="237" hits="10008" branch="false" />
            <line number="238" hits="10008" branch="false" />
            <line number="239" hits="10008" branch="false" />
            <line number="240" hits="10008" branch="false" />
            <line number="241" hits="10008" branch="false" />
            <line number="242" hits="10008" branch="false" />
            <line number="243" hits="10008" branch="false" />
            <line number="251" hits="10014" branch="false" />
            <line number="252" hits="10014" branch="true" condition-coverage="50% (2/4)" />
            <line number="253" hits="10014" branch="false" />
            <line number="254" hits="10014" branch="false" />
            <line number="255" hits="10014" branch="false" />
            <line number="256" hits="10014" branch="false" />
            <line number="257" hits="10014" branch="false" />
            <line number="258" hits="10014" branch="false" />
            <line number="259" hits="10014" branch="false" />
            <line number="260" hits="10014" branch="false" />
            <line number="261" hits="10014" branch="false" />
            <line number="269" hits="10011" branch="false" />
            <line number="270" hits="10011" branch="true" condition-coverage="50% (1/2)" />
            <line number="271" hits="10011" branch="false" />
            <line number="272" hits="10011" branch="false" />
            <line number="273" hits="10011" branch="false" />
            <line number="274" hits="10011" branch="false" />
            <line number="275" hits="10011" branch="false" />
            <line number="276" hits="10011" branch="false" />
            <line number="277" hits="10011" branch="false" />
            <line number="278" hits="10011" branch="false" />
            <line number="279" hits="10011" branch="false" />
            <line number="287" hits="9" branch="false" />
            <line number="288" hits="9" branch="true" condition-coverage="100% (4/4)" />
            <line number="289" hits="9" branch="false" />
            <line number="290" hits="9" branch="false" />
            <line number="291" hits="9" branch="false" />
            <line number="292" hits="9" branch="false" />
            <line number="293" hits="9" branch="false" />
            <line number="294" hits="9" branch="false" />
            <line number="295" hits="9" branch="false" />
            <line number="296" hits="9" branch="false" />
            <line number="297" hits="9" branch="false" />
            <line number="305" hits="4" branch="false" />
            <line number="306" hits="4" branch="true" condition-coverage="100% (2/2)" />
            <line number="307" hits="4" branch="false" />
            <line number="308" hits="4" branch="false" />
            <line number="309" hits="4" branch="false" />
            <line number="310" hits="4" branch="false" />
            <line number="311" hits="4" branch="false" />
            <line number="312" hits="4" branch="false" />
            <line number="313" hits="4" branch="false" />
            <line number="314" hits="4" branch="false" />
            <line number="315" hits="4" branch="false" />
          </lines>
        </class>
        <class name="ExxerAI.Api.Models.AgentResponse" filename="F:\Dynamic\ExxerAi\ExxerAI\code\src\ExxerAI.Api\Models\AgentModels.cs" line-rate="1" branch-rate="1" complexity="8">
          <methods>
            <method name="get_Id" signature="()" line-rate="1" branch-rate="1" complexity="1">
              <lines>
                <line number="92" hits="20010" branch="false" />
              </lines>
            </method>
            <method name="get_Name" signature="()" line-rate="1" branch-rate="1" complexity="1">
              <lines>
                <line number="97" hits="20022" branch="false" />
              </lines>
            </method>
            <method name="get_Description" signature="()" line-rate="1" branch-rate="1" complexity="1">
              <lines>
                <line number="102" hits="20018" branch="false" />
              </lines>
            </method>
            <method name="get_Status" signature="()" line-rate="1" branch-rate="1" complexity="1">
              <lines>
                <line number="107" hits="10010" branch="false" />
              </lines>
            </method>
            <method name="get_Capabilities" signature="()" line-rate="1" branch-rate="1" complexity="1">
              <lines>
                <line number="112" hits="20036" branch="false" />
              </lines>
            </method>
            <method name="get_Configuration" signature="()" line-rate="1" branch-rate="1" complexity="1">
              <lines>
                <line number="117" hits="20041" branch="false" />
              </lines>
            </method>
            <method name="get_CreatedAt" signature="()" line-rate="1" branch-rate="1" complexity="1">
              <lines>
                <line number="122" hits="10010" branch="false" />
              </lines>
            </method>
            <method name="get_UpdatedAt" signature="()" line-rate="1" branch-rate="1" complexity="1">
              <lines>
                <line number="127" hits="10010" branch="false" />
              </lines>
            </method>
          </methods>
          <lines>
            <line number="92" hits="20010" branch="false" />
            <line number="97" hits="20022" branch="false" />
            <line number="102" hits="20018" branch="false" />
            <line number="107" hits="10010" branch="false" />
            <line number="112" hits="20036" branch="false" />
            <line number="117" hits="20041" branch="false" />
            <line number="122" hits="10010" branch="false" />
            <line number="127" hits="10010" branch="false" />
          </lines>
        </class>
        <class name="ExxerAI.Api.Models.ApiResponse`1" filename="F:\Dynamic\ExxerAi\ExxerAI\code\src\ExxerAI.Api\Models\AgentModels.cs" line-rate="1" branch-rate="1" complexity="4">
          <methods>
            <method name="get_Success" signature="()" line-rate="1" branch-rate="1" complexity="1">
              <lines>
                <line number="202" hits="21" branch="false" />
              </lines>
            </method>
            <method name="get_Data" signature="()" line-rate="1" branch-rate="1" complexity="1">
              <lines>
                <line number="207" hits="9" branch="false" />
              </lines>
            </method>
            <method name="get_Errors" signature="()" line-rate="1" branch-rate="1" complexity="1">
              <lines>
                <line number="212" hits="26" branch="false" />
              </lines>
            </method>
            <method name="get_Message" signature="()" line-rate="1" branch-rate="1" complexity="1">
              <lines>
                <line number="217" hits="26" branch="false" />
              </lines>
            </method>
          </methods>
          <lines>
            <line number="202" hits="21" branch="false" />
            <line number="207" hits="9" branch="false" />
            <line number="212" hits="26" branch="false" />
            <line number="217" hits="26" branch="false" />
          </lines>
        </class>
        <class name="ExxerAI.Api.Models.AssignTaskRequest" filename="F:\Dynamic\ExxerAi\ExxerAI\code\src\ExxerAI.Api\Models\AgentModels.cs" line-rate="0" branch-rate="1" complexity="1">
          <methods>
            <method name="get_TaskId" signature="()" line-rate="0" branch-rate="1" complexity="1">
              <lines>
                <line number="81" hits="0" branch="false" />
              </lines>
            </method>
          </methods>
          <lines>
            <line number="81" hits="0" branch="false" />
          </lines>
        </class>
        <class name="ExxerAI.Api.Models.CreateAgentRequest" filename="F:\Dynamic\ExxerAi\ExxerAI\code\src\ExxerAI.Api\Models\AgentModels.cs" line-rate="1" branch-rate="1" complexity="3">
          <methods>
            <method name="get_Name" signature="()" line-rate="1" branch-rate="1" complexity="1">
              <lines>
                <line number="16" hits="12" branch="false" />
              </lines>
            </method>
            <method name="get_Description" signature="()" line-rate="1" branch-rate="1" complexity="1">
              <lines>
                <line number="22" hits="9" branch="false" />
              </lines>
            </method>
            <method name="get_Capabilities" signature="()" line-rate="1" branch-rate="1" complexity="1">
              <lines>
                <line number="28" hits="8" branch="false" />
              </lines>
            </method>
          </methods>
          <lines>
            <line number="16" hits="12" branch="false" />
            <line number="22" hits="9" branch="false" />
            <line number="28" hits="8" branch="false" />
          </lines>
        </class>
        <class name="ExxerAI.Api.Models.UpdateAgentConfigurationRequest" filename="F:\Dynamic\ExxerAi\ExxerAI\code\src\ExxerAI.Api\Models\AgentModels.cs" line-rate="1" branch-rate="1" complexity="4">
          <methods>
            <method name="get_TaskTimeoutSeconds" signature="()" line-rate="1" branch-rate="1" complexity="1">
              <lines>
                <line number="40" hits="11" branch="false" />
              </lines>
            </method>
            <method name="get_MaxRetries" signature="()" line-rate="1" branch-rate="1" complexity="1">
              <lines>
                <line number="46" hits="11" branch="false" />
              </lines>
            </method>
            <method name="get_Priority" signature="()" line-rate="1" branch-rate="1" complexity="1">
              <lines>
                <line number="52" hits="11" branch="false" />
              </lines>
            </method>
            <method name="get_CustomProperties" signature="()" line-rate="1" branch-rate="1" complexity="1">
              <lines>
                <line number="57" hits="15" branch="false" />
              </lines>
            </method>
          </methods>
          <lines>
            <line number="40" hits="11" branch="false" />
            <line number="46" hits="11" branch="false" />
            <line number="52" hits="11" branch="false" />
            <line number="57" hits="15" branch="false" />
          </lines>
        </class>
        <class name="ExxerAI.Api.Models.UpdateAgentStatusRequest" filename="F:\Dynamic\ExxerAi\ExxerAI\code\src\ExxerAI.Api\Models\AgentModels.cs" line-rate="1" branch-rate="1" complexity="1">
          <methods>
            <method name="get_Status" signature="()" line-rate="1" branch-rate="1" complexity="1">
              <lines>
                <line number="69" hits="9" branch="false" />
              </lines>
            </method>
          </methods>
          <lines>
            <line number="69" hits="9" branch="false" />
          </lines>
        </class>
        <class name="ExxerAI.Api.Program" filename="F:\Dynamic\ExxerAi\ExxerAI\code\src\ExxerAI.Api\Program.cs" line-rate="0" branch-rate="0" complexity="2">
          <methods>
            <method name="Main" signature="(System.String[])" line-rate="0" branch-rate="0" complexity="2">
              <lines>
                <line number="22" hits="0" branch="false" />
                <line number="23" hits="0" branch="false" />
                <line number="26" hits="0" branch="false" />
                <line number="29" hits="0" branch="false" />
                <line number="32" hits="0" branch="false" />
                <line number="33" hits="0" branch="false" />
                <line number="34" hits="0" branch="false" />
                <line number="37" hits="0" branch="false" />
                <line number="38" hits="0" branch="false" />
                <line number="39" hits="0" branch="false" />
                <line number="40" hits="0" branch="false" />
                <line number="41" hits="0" branch="false" />
                <line number="42" hits="0" branch="false" />
                <line number="43" hits="0" branch="false" />
                <line number="44" hits="0" branch="false" />
                <line number="45" hits="0" branch="false" />
                <line number="48" hits="0" branch="false" />
                <line number="49" hits="0" branch="false" />
                <line number="50" hits="0" branch="false" />
                <line number="52" hits="0" branch="false" />
                <line number="55" hits="0" branch="true" condition-coverage="0% (0/2)" />
                <line number="56" hits="0" branch="false" />
                <line number="57" hits="0" branch="false" />
                <line number="58" hits="0" branch="false" />
                <line number="60" hits="0" branch="false" />
                <line number="61" hits="0" branch="false" />
                <line number="62" hits="0" branch="false" />
                <line number="64" hits="0" branch="false" />
                <line number="65" hits="0" branch="false" />
              </lines>
            </method>
          </methods>
          <lines>
            <line number="22" hits="0" branch="false" />
            <line number="23" hits="0" branch="false" />
            <line number="26" hits="0" branch="false" />
            <line number="29" hits="0" branch="false" />
            <line number="32" hits="0" branch="false" />
            <line number="33" hits="0" branch="false" />
            <line number="34" hits="0" branch="false" />
            <line number="37" hits="0" branch="false" />
            <line number="38" hits="0" branch="false" />
            <line number="39" hits="0" branch="false" />
            <line number="40" hits="0" branch="false" />
            <line number="41" hits="0" branch="false" />
            <line number="42" hits="0" branch="false" />
            <line number="43" hits="0" branch="false" />
            <line number="44" hits="0" branch="false" />
            <line number="45" hits="0" branch="false" />
            <line number="48" hits="0" branch="false" />
            <line number="49" hits="0" branch="false" />
            <line number="50" hits="0" branch="false" />
            <line number="52" hits="0" branch="false" />
            <line number="55" hits="0" branch="true" condition-coverage="0% (0/2)" />
            <line number="56" hits="0" branch="false" />
            <line number="57" hits="0" branch="false" />
            <line number="58" hits="0" branch="false" />
            <line number="60" hits="0" branch="false" />
            <line number="61" hits="0" branch="false" />
            <line number="62" hits="0" branch="false" />
            <line number="64" hits="0" branch="false" />
            <line number="65" hits="0" branch="false" />
          </lines>
        </class>
      </classes>
    </package>
    <package name="ExxerAI.Application" line-rate="0" branch-rate="0" complexity="456">
      <classes>
        <class name="ExxerAI.Application.Interfaces.DataQualityMetrics" filename="F:\Dynamic\ExxerAi\ExxerAI\code\src\ExxerAI.Application\Interfaces\IPrimarySourceOfTruthSystem.cs" line-rate="0" branch-rate="1" complexity="7">
          <methods>
            <method name="get_OverallQualityScore" signature="()" line-rate="0" branch-rate="1" complexity="1">
              <lines>
                <line number="269" hits="0" branch="false" />
              </lines>
            </method>
            <method name="get_CompletenessPercentage" signature="()" line-rate="0" branch-rate="1" complexity="1">
              <lines>
                <line number="274" hits="0" branch="false" />
              </lines>
            </method>
            <method name="get_AccuracyPercentage" signature="()" line-rate="0" branch-rate="1" complexity="1">
              <lines>
                <line number="279" hits="0" branch="false" />
              </lines>
            </method>
            <method name="get_ConsistencyPercentage" signature="()" line-rate="0" branch-rate="1" complexity="1">
              <lines>
                <line number="284" hits="0" branch="false" />
              </lines>
            </method>
            <method name="get_DuplicateRecords" signature="()" line-rate="0" branch-rate="1" complexity="1">
              <lines>
                <line number="289" hits="0" branch="false" />
              </lines>
            </method>
            <method name="get_ValidationErrors" signature="()" line-rate="0" branch-rate="1" complexity="1">
              <lines>
                <line number="294" hits="0" branch="false" />
              </lines>
            </method>
            <method name="get_FieldMetrics" signature="()" line-rate="0" branch-rate="1" complexity="1">
              <lines>
                <line number="299" hits="0" branch="false" />
              </lines>
            </method>
          </methods>
          <lines>
            <line number="269" hits="0" branch="false" />
            <line number="274" hits="0" branch="false" />
            <line number="279" hits="0" branch="false" />
            <line number="284" hits="0" branch="false" />
            <line number="289" hits="0" branch="false" />
            <line number="294" hits="0" branch="false" />
            <line number="299" hits="0" branch="false" />
          </lines>
        </class>
        <class name="ExxerAI.Application.Interfaces.DateRange" filename="F:\Dynamic\ExxerAi\ExxerAI\code\src\ExxerAI.Application\Interfaces\IPrimarySourceOfTruthSystem.cs" line-rate="0" branch-rate="1" complexity="3">
          <methods>
            <method name="get_FromDate" signature="()" line-rate="0" branch-rate="1" complexity="1">
              <lines>
                <line number="336" hits="0" branch="false" />
              </lines>
            </method>
            <method name="get_ToDate" signature="()" line-rate="0" branch-rate="1" complexity="1">
              <lines>
                <line number="341" hits="0" branch="false" />
              </lines>
            </method>
            <method name="get_Duration" signature="()" line-rate="0" branch-rate="1" complexity="1">
              <lines>
                <line number="346" hits="0" branch="false" />
              </lines>
            </method>
          </methods>
          <lines>
            <line number="336" hits="0" branch="false" />
            <line number="341" hits="0" branch="false" />
            <line number="346" hits="0" branch="false" />
          </lines>
        </class>
        <class name="ExxerAI.Application.Interfaces.DocumentChange" filename="F:\Dynamic\ExxerAi\ExxerAI\code\src\ExxerAI.Application\Interfaces\IMCPGoogleDriveService.cs" line-rate="0" branch-rate="1" complexity="5">
          <methods>
            <method name="get_DocumentId" signature="()" line-rate="0" branch-rate="1" complexity="1">
              <lines>
                <line number="174" hits="0" branch="false" />
              </lines>
            </method>
            <method name="get_ChangeType" signature="()" line-rate="0" branch-rate="1" complexity="1">
              <lines>
                <line number="179" hits="0" branch="false" />
              </lines>
            </method>
            <method name="get_Metadata" signature="()" line-rate="0" branch-rate="1" complexity="1">
              <lines>
                <line number="184" hits="0" branch="false" />
              </lines>
            </method>
            <method name="get_DetectedAt" signature="()" line-rate="0" branch-rate="1" complexity="1">
              <lines>
                <line number="189" hits="0" branch="false" />
              </lines>
            </method>
            <method name="get_ChangeDetails" signature="()" line-rate="0" branch-rate="1" complexity="1">
              <lines>
                <line number="194" hits="0" branch="false" />
              </lines>
            </method>
          </methods>
          <lines>
            <line number="174" hits="0" branch="false" />
            <line number="179" hits="0" branch="false" />
            <line number="184" hits="0" branch="false" />
            <line number="189" hits="0" branch="false" />
            <line number="194" hits="0" branch="false" />
          </lines>
        </class>
        <class name="ExxerAI.Application.Interfaces.DocumentChangeEvent" filename="F:\Dynamic\ExxerAi\ExxerAI\code\src\ExxerAI.Application\Interfaces\IDocumentIngestionService.cs" line-rate="0" branch-rate="0" complexity="20">
          <methods>
            <method name="get_EventId" signature="()" line-rate="0" branch-rate="1" complexity="1">
              <lines>
                <line number="91" hits="0" branch="false" />
              </lines>
            </method>
            <method name="get_DocumentId" signature="()" line-rate="0" branch-rate="1" complexity="1">
              <lines>
                <line number="96" hits="0" branch="false" />
              </lines>
            </method>
            <method name="get_ChangeType" signature="()" line-rate="0" branch-rate="1" complexity="1">
              <lines>
                <line number="101" hits="0" branch="false" />
              </lines>
            </method>
            <method name="get_DetectedAt" signature="()" line-rate="0" branch-rate="1" complexity="1">
              <lines>
                <line number="106" hits="0" branch="false" />
              </lines>
            </method>
            <method name="get_ChangedAt" signature="()" line-rate="0" branch-rate="1" complexity="1">
              <lines>
                <line number="111" hits="0" branch="false" />
              </lines>
            </method>
            <method name="get_Metadata" signature="()" line-rate="0" branch-rate="1" complexity="1">
              <lines>
                <line number="116" hits="0" branch="false" />
              </lines>
            </method>
            <method name="get_PreviousHash" signature="()" line-rate="0" branch-rate="1" complexity="1">
              <lines>
                <line number="121" hits="0" branch="false" />
              </lines>
            </method>
            <method name="get_NewHash" signature="()" line-rate="0" branch-rate="1" complexity="1">
              <lines>
                <line number="126" hits="0" branch="false" />
              </lines>
            </method>
            <method name="get_WatchSessionId" signature="()" line-rate="0" branch-rate="1" complexity="1">
              <lines>
                <line number="131" hits="0" branch="false" />
              </lines>
            </method>
            <method name="get_Properties" signature="()" line-rate="0" branch-rate="1" complexity="1">
              <lines>
                <line number="136" hits="0" branch="false" />
              </lines>
            </method>
            <method name="get_IsContentChange" signature="()" line-rate="0" branch-rate="0" complexity="6">
              <lines>
                <line number="141" hits="0" branch="true" condition-coverage="0% (0/6)" />
                <line number="142" hits="0" branch="false" />
                <line number="143" hits="0" branch="false" />
                <line number="144" hits="0" branch="false" />
              </lines>
            </method>
            <method name="get_RequiresProcessing" signature="()" line-rate="0" branch-rate="0" complexity="4">
              <lines>
                <line number="149" hits="0" branch="true" condition-coverage="0% (0/4)" />
                <line number="150" hits="0" branch="false" />
                <line number="151" hits="0" branch="false" />
              </lines>
            </method>
          </methods>
          <lines>
            <line number="91" hits="0" branch="false" />
            <line number="96" hits="0" branch="false" />
            <line number="101" hits="0" branch="false" />
            <line number="106" hits="0" branch="false" />
            <line number="111" hits="0" branch="false" />
            <line number="116" hits="0" branch="false" />
            <line number="121" hits="0" branch="false" />
            <line number="126" hits="0" branch="false" />
            <line number="131" hits="0" branch="false" />
            <line number="136" hits="0" branch="false" />
            <line number="141" hits="0" branch="true" condition-coverage="0% (0/6)" />
            <line number="142" hits="0" branch="false" />
            <line number="143" hits="0" branch="false" />
            <line number="144" hits="0" branch="false" />
            <line number="149" hits="0" branch="true" condition-coverage="0% (0/4)" />
            <line number="150" hits="0" branch="false" />
            <line number="151" hits="0" branch="false" />
          </lines>
        </class>
        <class name="ExxerAI.Application.Interfaces.DocumentHash" filename="F:\Dynamic\ExxerAi\ExxerAI\code\src\ExxerAI.Application\Interfaces\IDocumentHashGenerator.cs" line-rate="0" branch-rate="0" complexity="13">
          <methods>
            <method name="get_ContentHash" signature="()" line-rate="0" branch-rate="1" complexity="1">
              <lines>
                <line number="76" hits="0" branch="false" />
              </lines>
            </method>
            <method name="get_MetadataHash" signature="()" line-rate="0" branch-rate="1" complexity="1">
              <lines>
                <line number="81" hits="0" branch="false" />
              </lines>
            </method>
            <method name="get_GeneratedAt" signature="()" line-rate="0" branch-rate="1" complexity="1">
              <lines>
                <line number="86" hits="0" branch="false" />
              </lines>
            </method>
            <method name="get_Algorithm" signature="()" line-rate="0" branch-rate="1" complexity="1">
              <lines>
                <line number="91" hits="0" branch="false" />
              </lines>
            </method>
            <method name="get_Properties" signature="()" line-rate="0" branch-rate="1" complexity="1">
              <lines>
                <line number="96" hits="0" branch="false" />
              </lines>
            </method>
            <method name="get_CombinedHash" signature="()" line-rate="0" branch-rate="1" complexity="1">
              <lines>
                <line number="101" hits="0" branch="false" />
              </lines>
            </method>
            <method name="IsEquivalentTo" signature="(ExxerAI.Application.Interfaces.DocumentHash)" line-rate="0" branch-rate="0" complexity="4">
              <lines>
                <line number="126" hits="0" branch="false" />
                <line number="127" hits="0" branch="true" condition-coverage="0% (0/2)" />
                <line number="128" hits="0" branch="true" condition-coverage="0% (0/2)" />
                <line number="129" hits="0" branch="false" />
                <line number="130" hits="0" branch="false" />
              </lines>
            </method>
            <method name="ToString" signature="()" line-rate="0" branch-rate="1" complexity="1">
              <lines>
                <line number="137" hits="0" branch="false" />
                <line number="138" hits="0" branch="false" />
                <line number="139" hits="0" branch="false" />
              </lines>
            </method>
            <method name=".ctor" signature="()" line-rate="0" branch-rate="1" complexity="1">
              <lines>
[...]
              <lines>
                <line number="162" hits="3" branch="false" />
                <line number="163" hits="11" branch="false" />
                <line number="164" hits="3" branch="false" />
                <line number="165" hits="3" branch="false" />
              </lines>
            </method>
            <method name="GetByAgentAsync" signature="(System.Guid,System.Nullable`1&lt;ExxerAI.Domain.TaskStatus&gt;,System.Threading.CancellationToken)" line-rate="1" branch-rate="1" complexity="6">
              <lines>
                <line number="178" hits="5" branch="false" />
                <line number="179" hits="5" branch="true" condition-coverage="100% (2/2)" />
                <line number="180" hits="1" branch="false" />
                <line number="181" hits="1" branch="false" />
                <line number="184" hits="5011" branch="true" condition-coverage="100% (2/2)" />
                <line number="186" hits="4" branch="true" condition-coverage="100% (2/2)" />
                <line number="187" hits="1" branch="false" />
                <line number="188" hits="4" branch="false" />
                <line number="189" hits="1" branch="false" />
                <line number="191" hits="4" branch="false" />
                <line number="192" hits="4" branch="false" />
                <line number="193" hits="5" branch="false" />
              </lines>
            </method>
            <method name="GetOverdueTasksAsync" signature="(System.Threading.CancellationToken)" line-rate="1" branch-rate="1" complexity="6">
              <lines>
                <line number="201" hits="4" branch="false" />
                <line number="202" hits="4" branch="false" />
                <line number="203" hits="4" branch="false" />
                <line number="204" hits="5006" branch="true" condition-coverage="100% (6/6)" />
                <line number="205" hits="5006" branch="false" />
                <line number="206" hits="4" branch="false" />
                <line number="208" hits="4" branch="false" />
                <line number="209" hits="4" branch="false" />
              </lines>
            </method>
            <method name="GetByTypeAsync" signature="(System.String,System.Nullable`1&lt;ExxerAI.Domain.TaskStatus&gt;,System.Threading.CancellationToken)" line-rate="0.75" branch-rate="0.75" complexity="4">
              <lines>
                <line number="222" hits="4" branch="false" />
                <line number="223" hits="4" branch="true" condition-coverage="100% (2/2)" />
                <line number="224" hits="1" branch="false" />
                <line number="225" hits="1" branch="false" />
                <line number="228" hits="5007" branch="false" />
                <line number="230" hits="3" branch="true" condition-coverage="50% (1/2)" />
                <line number="231" hits="0" branch="false" />
                <line number="232" hits="0" branch="false" />
                <line number="233" hits="0" branch="false" />
                <line number="235" hits="3" branch="false" />
                <line number="236" hits="3" branch="false" />
                <line number="237" hits="4" branch="false" />
              </lines>
            </method>
            <method name="SeedAsync" signature="()" line-rate="0" branch-rate="0" complexity="2">
              <lines>
                <line number="244" hits="0" branch="false" />
                <line number="245" hits="0" branch="false" />
                <line number="246" hits="0" branch="false" />
                <line number="247" hits="0" branch="false" />
                <line number="248" hits="0" branch="false" />
                <line number="249" hits="0" branch="false" />
                <line number="250" hits="0" branch="false" />
                <line number="251" hits="0" branch="false" />
                <line number="252" hits="0" branch="false" />
                <line number="253" hits="0" branch="false" />
                <line number="254" hits="0" branch="false" />
                <line number="255" hits="0" branch="false" />
                <line number="256" hits="0" branch="false" />
                <line number="257" hits="0" branch="false" />
                <line number="258" hits="0" branch="false" />
                <line number="259" hits="0" branch="false" />
                <line number="260" hits="0" branch="false" />
                <line number="261" hits="0" branch="false" />
                <line number="262" hits="0" branch="false" />
                <line number="263" hits="0" branch="false" />
                <line number="264" hits="0" branch="false" />
                <line number="265" hits="0" branch="false" />
                <line number="266" hits="0" branch="false" />
                <line number="267" hits="0" branch="false" />
                <line number="268" hits="0" branch="false" />
                <line number="269" hits="0" branch="false" />
                <line number="270" hits="0" branch="false" />
                <line number="271" hits="0" branch="false" />
                <line number="272" hits="0" branch="false" />
                <line number="273" hits="0" branch="false" />
                <line number="274" hits="0" branch="false" />
                <line number="275" hits="0" branch="false" />
                <line number="276" hits="0" branch="false" />
                <line number="277" hits="0" branch="false" />
                <line number="278" hits="0" branch="false" />
                <line number="279" hits="0" branch="false" />
                <line number="280" hits="0" branch="false" />
                <line number="282" hits="0" branch="true" condition-coverage="0% (0/2)" />
                <line number="283" hits="0" branch="false" />
                <line number="284" hits="0" branch="false" />
                <line number="285" hits="0" branch="false" />
                <line number="287" hits="0" branch="false" />
                <line number="288" hits="0" branch="false" />
              </lines>
            </method>
            <method name=".ctor" signature="()" line-rate="1" branch-rate="1" complexity="1">
              <lines>
                <line number="13" hits="33" branch="false" />
              </lines>
            </method>
          </methods>
          <lines>
            <line number="13" hits="33" branch="false" />
            <line number="22" hits="53" branch="false" />
            <line number="23" hits="53" branch="true" condition-coverage="50% (1/2)" />
            <line number="24" hits="0" branch="false" />
            <line number="25" hits="0" branch="false" />
            <line number="28" hits="53" branch="true" condition-coverage="100% (2/2)" />
            <line number="29" hits="51" branch="false" />
            <line number="30" hits="51" branch="false" />
            <line number="33" hits="2" branch="false" />
            <line number="34" hits="53" branch="false" />
            <line number="42" hits="5" branch="false" />
            <line number="43" hits="5" branch="false" />
            <line number="44" hits="5" branch="false" />
            <line number="45" hits="5" branch="false" />
            <line number="54" hits="15139" branch="false" />
            <line number="55" hits="15139" branch="true" condition-coverage="100% (2/2)" />
            <line number="56" hits="1" branch="false" />
            <line number="57" hits="1" branch="false" />
            <line number="61" hits="15138" branch="true" condition-coverage="100% (2/2)" />
            <line number="62" hits="15138" branch="false" />
            <line number="63" hits="15138" branch="false" />
            <line number="64" hits="15138" branch="false" />
            <line number="65" hits="15138" branch="false" />
            <line number="66" hits="15138" branch="false" />
            <line number="67" hits="15138" branch="false" />
            <line number="68" hits="15138" branch="false" />
            <line number="69" hits="15138" branch="false" />
            <line number="70" hits="15138" branch="false" />
            <line number="71" hits="15138" branch="false" />
            <line number="72" hits="15138" branch="false" />
            <line number="74" hits="15138" branch="true" condition-coverage="100% (2/2)" />
            <line number="75" hits="1" branch="false" />
            <line number="76" hits="1" branch="false" />
            <line number="79" hits="15137" branch="true" condition-coverage="50% (1/2)" />
            <line number="80" hits="15137" branch="false" />
            <line number="81" hits="15137" branch="false" />
            <line number="84" hits="0" branch="false" />
            <line number="85" hits="15139" branch="false" />
            <line number="94" hits="14" branch="false" />
            <line number="95" hits="14" branch="true" condition-coverage="100% (2/2)" />
            <line number="96" hits="1" branch="false" />
            <line number="97" hits="1" branch="false" />
            <line number="100" hits="13" branch="true" condition-coverage="100% (2/2)" />
            <line number="101" hits="1" branch="false" />
            <line number="102" hits="1" branch="false" />
            <line number="105" hits="12" branch="true" condition-coverage="100% (2/2)" />
            <line number="106" hits="1" branch="false" />
            <line number="107" hits="1" branch="false" />
            <line number="110" hits="11" branch="false" />
            <line number="112" hits="11" branch="false" />
            <line number="113" hits="14" branch="false" />
            <line number="122" hits="3" branch="false" />
            <line number="123" hits="3" branch="true" condition-coverage="100% (2/2)" />
            <line number="124" hits="1" branch="false" />
            <line number="125" hits="1" branch="false" />
            <line number="128" hits="2" branch="true" condition-coverage="100% (2/2)" />
            <line number="129" hits="1" branch="false" />
            <line number="130" hits="1" branch="false" />
            <line number="133" hits="1" branch="false" />
            <line number="134" hits="3" branch="false" />
            <line number="143" hits="3" branch="false" />
            <line number="144" hits="3" branch="true" condition-coverage="100% (2/2)" />
            <line number="145" hits="1" branch="false" />
            <line number="146" hits="1" branch="false" />
            <line number="149" hits="2" branch="false" />
            <line number="150" hits="2" branch="false" />
            <line number="151" hits="3" branch="false" />
            <line number="162" hits="3" branch="false" />
            <line number="163" hits="11" branch="false" />
            <line number="164" hits="3" branch="false" />
            <line number="165" hits="3" branch="false" />
            <line number="178" hits="5" branch="false" />
            <line number="179" hits="5" branch="true" condition-coverage="100% (2/2)" />
            <line number="180" hits="1" branch="false" />
            <line number="181" hits="1" branch="false" />
            <line number="184" hits="5011" branch="true" condition-coverage="100% (2/2)" />
            <line number="186" hits="4" branch="true" condition-coverage="100% (2/2)" />
            <line number="187" hits="1" branch="false" />
            <line number="188" hits="4" branch="false" />
            <line number="189" hits="1" branch="false" />
            <line number="191" hits="4" branch="false" />
            <line number="192" hits="4" branch="false" />
            <line number="193" hits="5" branch="false" />
            <line number="201" hits="4" branch="false" />
            <line number="202" hits="4" branch="false" />
            <line number="203" hits="4" branch="false" />
            <line number="204" hits="5006" branch="true" condition-coverage="100% (6/6)" />
            <line number="205" hits="5006" branch="false" />
            <line number="206" hits="4" branch="false" />
            <line number="208" hits="4" branch="false" />
            <line number="209" hits="4" branch="false" />
            <line number="222" hits="4" branch="false" />
            <line number="223" hits="4" branch="true" condition-coverage="100% (2/2)" />
            <line number="224" hits="1" branch="false" />
            <line number="225" hits="1" branch="false" />
            <line number="228" hits="5007" branch="false" />
            <line number="230" hits="3" branch="true" condition-coverage="50% (1/2)" />
            <line number="231" hits="0" branch="false" />
            <line number="232" hits="0" branch="false" />
            <line number="233" hits="0" branch="false" />
            <line number="235" hits="3" branch="false" />
            <line number="236" hits="3" branch="false" />
            <line number="237" hits="4" branch="false" />
            <line number="244" hits="0" branch="false" />
            <line number="245" hits="0" branch="false" />
            <line number="246" hits="0" branch="false" />
            <line number="247" hits="0" branch="false" />
            <line number="248" hits="0" branch="false" />
            <line number="249" hits="0" branch="false" />
            <line number="250" hits="0" branch="false" />
            <line number="251" hits="0" branch="false" />
            <line number="252" hits="0" branch="false" />
            <line number="253" hits="0" branch="false" />
            <line number="254" hits="0" branch="false" />
            <line number="255" hits="0" branch="false" />
            <line number="256" hits="0" branch="false" />
            <line number="257" hits="0" branch="false" />
            <line number="258" hits="0" branch="false" />
            <line number="259" hits="0" branch="false" />
            <line number="260" hits="0" branch="false" />
            <line number="261" hits="0" branch="false" />
            <line number="262" hits="0" branch="false" />
            <line number="263" hits="0" branch="false" />
            <line number="264" hits="0" branch="false" />
            <line number="265" hits="0" branch="false" />
            <line number="266" hits="0" branch="false" />
            <line number="267" hits="0" branch="false" />
            <line number="268" hits="0" branch="false" />
            <line number="269" hits="0" branch="false" />
            <line number="270" hits="0" branch="false" />
            <line number="271" hits="0" branch="false" />
            <line number="272" hits="0" branch="false" />
            <line number="273" hits="0" branch="false" />
            <line number="274" hits="0" branch="false" />
            <line number="275" hits="0" branch="false" />
            <line number="276" hits="0" branch="false" />
            <line number="277" hits="0" branch="false" />
            <line number="278" hits="0" branch="false" />
            <line number="279" hits="0" branch="false" />
            <line number="280" hits="0" branch="false" />
            <line number="282" hits="0" branch="true" condition-coverage="0% (0/2)" />
            <line number="283" hits="0" branch="false" />
            <line number="284" hits="0" branch="false" />
            <line number="285" hits="0" branch="false" />
            <line number="287" hits="0" branch="false" />
            <line number="288" hits="0" branch="false" />
          </lines>
        </class>
      </classes>
    </package>
    <package name="ExxerAI.Orchestration" line-rate="0" branch-rate="1" complexity="12">
      <classes>
        <class name="ExxerAI.Orchestration.Interfaces.AgentWorkload" filename="F:\Dynamic\ExxerAi\ExxerAI\code\src\ExxerAI.Orchestration\Interfaces\IOrchestrationEngine.cs" line-rate="0" branch-rate="1" complexity="5">
          <methods>
            <method name="get_AgentId" signature="()" line-rate="0" branch-rate="1" complexity="1">
              <lines>
                <line number="183" hits="0" branch="false" />
              </lines>
            </method>
            <method name="get_AssignedTasks" signature="()" line-rate="0" branch-rate="1" complexity="1">
              <lines>
                <line number="188" hits="0" branch="false" />
              </lines>
            </method>
            <method name="get_RunningTasks" signature="()" line-rate="0" branch-rate="1" complexity="1">
              <lines>
                <line number="193" hits="0" branch="false" />
              </lines>
            </method>
            <method name="get_UtilizationPercentage" signature="()" line-rate="0" branch-rate="1" complexity="1">
              <lines>
                <line number="198" hits="0" branch="false" />
              </lines>
            </method>
            <method name="get_EstimatedCompletionTime" signature="()" line-rate="0" branch-rate="1" complexity="1">
              <lines>
                <line number="203" hits="0" branch="false" />
              </lines>
            </method>
          </methods>
          <lines>
            <line number="183" hits="0" branch="false" />
            <line number="188" hits="0" branch="false" />
            <line number="193" hits="0" branch="false" />
            <line number="198" hits="0" branch="false" />
            <line number="203" hits="0" branch="false" />
          </lines>
        </class>
        <class name="ExxerAI.Orchestration.Interfaces.OrchestrationMetrics" filename="F:\Dynamic\ExxerAi\ExxerAI\code\src\ExxerAI.Orchestration\Interfaces\IOrchestrationEngine.cs" line-rate="0" branch-rate="1" complexity="7">
          <methods>
            <method name="get_ActiveAgents" signature="()" line-rate="0" branch-rate="1" complexity="1">
              <lines>
                <line number="100" hits="0" branch="false" />
              </lines>
            </method>
            <method name="get_PendingTasks" signature="()" line-rate="0" branch-rate="1" complexity="1">
              <lines>
                <line number="105" hits="0" branch="false" />
              </lines>
            </method>
            <method name="get_RunningWorkflows" signature="()" line-rate="0" branch-rate="1" complexity="1">
              <lines>
                <line number="110" hits="0" branch="false" />
              </lines>
            </method>
            <method name="get_CompletedTasksLastHour" signature="()" line-rate="0" branch-rate="1" complexity="1">
              <lines>
                <line number="115" hits="0" branch="false" />
              </lines>
            </method>
            <method name="get_AverageTaskExecutionTimeMs" signature="()" line-rate="0" branch-rate="1" complexity="1">
              <lines>
                <line number="120" hits="0" branch="false" />
              </lines>
            </method>
            <method name="get_Uptime" signature="()" line-rate="0" branch-rate="1" complexity="1">
              <lines>
                <line number="125" hits="0" branch="false" />
              </lines>
            </method>
            <method name="get_CustomMetrics" signature="()" line-rate="0" branch-rate="1" complexity="1">
              <lines>
                <line number="130" hits="0" branch="false" />
              </lines>
            </method>
          </methods>
          <lines>
            <line number="100" hits="0" branch="false" />
            <line number="105" hits="0" branch="false" />
            <line number="110" hits="0" branch="false" />
            <line number="115" hits="0" branch="false" />
            <line number="120" hits="0" branch="false" />
            <line number="125" hits="0" branch="false" />
            <line number="130" hits="0" branch="false" />
          </lines>
        </class>
      </classes>
    </package>
  </packages>
</coverage>