<?xml version="1.0" encoding="utf-8"?>
<TestRun id="976aaaa3-0e62-407a-84fe-676355e19656" name="Abel Briones@DESKTOP-FB2ES22 2025-07-04 09:01:52" runUser="DESKTOP-FB2ES22\Abel Briones" xmlns="http://microsoft.com/schemas/VisualStudio/TeamTest/2010">
  <Times creation="2025-07-04T09:01:52.2871263-06:00" queuing="2025-07-04T09:01:52.2871270-06:00" start="2025-07-04T09:01:49.6832300-06:00" finish="2025-07-04T09:01:55.1541468-06:00" />
  <TestSettings name="default" id="bea25216-22c9-41e2-8908-a169c56fd7b4">
    <Deployment runDeploymentRoot="Abel_Briones_DESKTOP-FB2ES22_2025-07-04_09_01_52" />
  </TestSettings>
  <Results>
    <UnitTestResult executionId="3ce083ab-9c66-4a94-9b2c-c407adcd1df6" testId="8eaab70c-0a25-136d-7b54-10ea8b8c49b7" testName="ExxerAI.Application.Tests.Services.DocumentIngestionServiceImplementationTests.Integration_StartWatch_ProcessChange_StopWatch_Should_WorkCorrectly" computerName="DESKTOP-FB2ES22" duration="00:00:00.4289986" startTime="2025-07-04T09:01:52.3885601-06:00" endTime="2025-07-04T09:01:52.8226224-06:00" testType="13cdc9d9-ddb5-4fa4-a97d-d965ccfc6d4b" outcome="Passed" testListId="8c84fa94-04c1-424b-9868-57a2d4851a1d" relativeResultsDirectory="3ce083ab-9c66-4a94-9b2c-c407adcd1df6" />
    <UnitTestResult executionId="bb162934-e1f4-4300-b359-265a1fa9f8c1" testId="90b6dc83-5128-fcb5-4355-82084e0b5e7e" testName="ExxerAI.Application.Tests.Services.TaskServiceTests.CreateTaskAsync_WithDifferentPriorities_ShouldHandleAllPriorityLevels(priority: High)" computerName="DESKTOP-FB2ES22" duration="00:00:00.0014359" startTime="2025-07-04T09:01:52.4595487-06:00" endTime="2025-07-04T09:01:52.4597505-06:00" testType="13cdc9d9-ddb5-4fa4-a97d-d965ccfc6d4b" outcome="Passed" testListId="8c84fa94-04c1-424b-9868-57a2d4851a1d" relativeResultsDirectory="bb162934-e1f4-4300-b359-265a1fa9f8c1" />
    <UnitTestResult executionId="74747aa9-6022-4de5-9c43-3c9c774992f4" testId="18b7941a-5214-4275-dd7c-dfd0e1594c25" testName="ExxerAI.Application.Tests.Services.TaskServiceTests.GetPendingTasksAsync_WithDifferentMaxCounts_ShouldRespectLimit(maxCount: 1)" computerName="DESKTOP-FB2ES22" duration="00:00:00.0006374" startTime="2025-07-04T09:01:52.4470914-06:00" endTime="2025-07-04T09:01:52.4476939-06:00" testType="13cdc9d9-ddb5-4fa4-a97d-d965ccfc6d4b" outcome="Passed" testListId="8c84fa94-04c1-424b-9868-57a2d4851a1d" relativeResultsDirectory="74747aa9-6022-4de5-9c43-3c9c774992f4" />
    <UnitTestResult executionId="96633aa9-e15c-4be6-813a-12a31923df8c" testId="1b4a66aa-02c6-3e91-9207-f3ec38e66830" testName="ExxerAI.Application.Tests.Services.TaskServiceTests.FailTaskAsync_WithInvalidErrorMessage_ShouldReturnFailure(errorMessage: &quot;   &quot;)" computerName="DESKTOP-FB2ES22" duration="00:00:00.0102618" startTime="2025-07-04T09:01:52.4221461-06:00" endTime="2025-07-04T09:01:52.4312517-06:00" testType="13cdc9d9-ddb5-4fa4-a97d-d965ccfc6d4b" outcome="Passed" testListId="8c84fa94-04c1-424b-9868-57a2d4851a1d" relativeResultsDirectory="96633aa9-e15c-4be6-813a-12a31923df8c" />
    <UnitTestResult executionId="c2fe030a-a944-4a30-9807-8319750db4d2" testId="53adf7e4-98fd-7660-3e13-b8648a6b0e12" testName="ExxerAI.Application.Tests.Services.DocumentIngestionServiceImplementationTests.StartWatchingFolderAsync_Should_ReturnFailure_When_FolderIdIsEmpty" computerName="DESKTOP-FB2ES22" duration="00:00:00.0009477" startTime="2025-07-04T09:01:54.9500485-06:00" endTime="2025-07-04T09:01:54.9502136-06:00" testType="13cdc9d9-ddb5-4fa4-a97d-d965ccfc6d4b" outcome="Passed" testListId="8c84fa94-04c1-424b-9868-57a2d4851a1d" relativeResultsDirectory="c2fe030a-a944-4a30-9807-8319750db4d2" />
    <UnitTestResult executionId="fe5754f8-c33e-442c-8405-484d83dfff57" testId="9f35b601-ba0c-d9d6-0808-35c0e8fec410" testName="ExxerAI.Application.Tests.Data.KpiExxerproPatternSeedTests+InitialPatternsTests.InitialPatterns_ShouldHaveCreatedByKpiExxerpro" computerName="DESKTOP-FB2ES22" duration="00:00:00.0003056" startTime="2025-07-04T09:01:52.3242314-06:00" endTime="2025-07-04T09:01:52.3243073-06:00" testType="13cdc9d9-ddb5-4fa4-a97d-d965ccfc6d4b" outcome="Passed" testListId="8c84fa94-04c1-424b-9868-57a2d4851a1d" relativeResultsDirectory="fe5754f8-c33e-442c-8405-484d83dfff57" />
    <UnitTestResult executionId="a66f7019-1a7b-4fd6-9529-05bbfcd9e5a1" testId="c39b38d1-bb01-f8d9-208a-4717e7435279" testName="ExxerAI.Application.Tests.Services.HybridDocumentProcessorTests+ProcessDocumentAsyncTests.ProcessDocumentAsync_WithCancellationToken_ShouldRespectCancellation" computerName="DESKTOP-FB2ES22" duration="00:00:00.3599748" startTime="2025-07-04T09:01:52.0851112-06:00" endTime="2025-07-04T09:01:52.4391955-06:00" testType="13cdc9d9-ddb5-4fa4-a97d-d965ccfc6d4b" outcome="Passed" testListId="8c84fa94-04c1-424b-9868-57a2d4851a1d" relativeResultsDirectory="a66f7019-1a7b-4fd6-9529-05bbfcd9e5a1" />
    <UnitTestResult executionId="e811138d-d706-45d4-9ee6-f46ad8a2b614" testId="b720d456-3aea-8383-5960-5b0d392f5373" testName="ExxerAI.Application.Tests.Data.KpiExxerproPatternSeedTests+InitialPatternsTests.InitialPatterns_ShouldHaveVariousPatternTypes" computerName="DESKTOP-FB2ES22" duration="00:00:00.0008182" startTime="2025-07-04T09:01:52.3218550-06:00" endTime="2025-07-04T09:01:52.3224014-06:00" testType="13cdc9d9-ddb5-4fa4-a97d-d965ccfc6d4b" outcome="Passed" testListId="8c84fa94-04c1-424b-9868-57a2d4851a1d" relativeResultsDirectory="e811138d-d706-45d4-9ee6-f46ad8a2b614" />
    <UnitTestResult executionId="31a7c6ff-d29d-4dd5-90b5-adac707fc66b" testId="62132a81-c52e-53ac-67cb-8e69c1399494" testName="ExxerAI.Application.Tests.Services.DocumentIngestionServiceImplementationTests.ProcessDocumentChangeAsync_Should_HandleModifiedDocuments" computerName="DESKTOP-FB2ES22" duration="00:00:00.2186194" startTime="2025-07-04T09:01:54.5138206-06:00" endTime="2025-07-04T09:01:54.7309939-06:00" testType="13cdc9d9-ddb5-4fa4-a97d-d965ccfc6d4b" outcome="Passed" testListId="8c84fa94-04c1-424b-9868-57a2d4851a1d" relativeResultsDirectory="31a7c6ff-d29d-4dd5-90b5-adac707fc66b" />
    <UnitTestResult executionId="5a9605b8-7974-4767-8150-3ce019d95e8a" testId="3f4da3e6-8c85-dd49-40b1-4f3fe9d7ec66" testName="ExxerAI.Application.Tests.Data.KpiExxerproPatternSeedTests+GetBestPatternForFieldTests.GetBestPatternForField_WithNonExistentDocumentType_ShouldReturnNull" computerName="DESKTOP-FB2ES22" duration="00:00:00.0025466" startTime="2025-07-04T09:01:52.2205059-06:00" endTime="2025-07-04T09:01:52.2206241-06:00" testType="13cdc9d9-ddb5-4fa4-a97d-d965ccfc6d4b" outcome="Passed" testListId="8c84fa94-04c1-424b-9868-57a2d4851a1d" relativeResultsDirectory="5a9605b8-7974-4767-8150-3ce019d95e8a" />
    <UnitTestResult executionId="d05aeda6-774e-4ed1-a015-1da7786f065e" testId="48784803-7eb6-2977-ba5e-a6adcbba86f1" testName="ExxerAI.Application.Tests.Services.AgentServiceTests.AssignTaskAsync_WithEmptyAgentId_ShouldReturnFailure" computerName="DESKTOP-FB2ES22" duration="00:00:00.0006625" startTime="2025-07-04T09:01:52.5419611-06:00" endTime="2025-07-04T09:01:52.5423708-06:00" testType="13cdc9d9-ddb5-4fa4-a97d-d965ccfc6d4b" outcome="Passed" testListId="8c84fa94-04c1-424b-9868-57a2d4851a1d" relativeResultsDirectory="d05aeda6-774e-4ed1-a015-1da7786f065e" />
    <UnitTestResult executionId="950055a7-b04e-40c0-8b0c-fd3c94c4f93b" testId="f594d760-0162-7f2c-a2d8-1fe2e70c3e28" testName="ExxerAI.Application.Tests.Services.HybridDocumentProcessorTests+ProcessDocumentBatchAsyncTests.ProcessDocumentBatchAsync_WithValidDocuments_ShouldProcessAllSuccessfully" computerName="DESKTOP-FB2ES22" duration="00:00:00.0024619" startTime="2025-07-04T09:01:52.5634754-06:00" endTime="2025-07-04T09:01:52.5657697-06:00" testType="13cdc9d9-ddb5-4fa4-a97d-d965ccfc6d4b" outcome="Passed" testListId="8c84fa94-04c1-424b-9868-57a2d4851a1d" relativeResultsDirectory="950055a7-b04e-40c0-8b0c-fd3c94c4f93b" />
    <UnitTestResult executionId="24afcc59-dbca-40be-8ea9-7792d830e067" testId="0a4365e8-ac7a-2817-3603-5398e33c29d6" testName="ExxerAI.Application.Tests.Services.LLMServiceTests.CreateConversationAsync_WithValidInput_ShouldReturnSuccessResult" computerName="DESKTOP-FB2ES22" duration="00:00:00.0036310" startTime="2025-07-04T09:01:52.3325959-06:00" endTime="2025-07-04T09:01:52.3362481-06:00" testType="13cdc9d9-ddb5-4fa4-a97d-d965ccfc6d4b" outcome="Passed" testListId="8c84fa94-04c1-424b-9868-57a2d4851a1d" relativeResultsDirectory="24afcc59-dbca-40be-8ea9-7792d830e067" />
    <UnitTestResult executionId="52fde9ef-eb26-4fe7-8415-311c1925e9b6" testId="3de1af92-b9f0-e387-486f-eda61c59bb8e" testName="ExxerAI.Application.Tests.Services.AgentServiceTests.FindBestAgentForTaskAsync_WithInvalidTaskType_ShouldReturnFailure(taskType: &quot;&quot;)" computerName="DESKTOP-FB2ES22" duration="00:00:00.0004803" startTime="2025-07-04T09:01:52.5124965-06:00" endTime="2025-07-04T09:01:52.5128850-06:00" testType="13cdc9d9-ddb5-4fa4-a97d-d965ccfc6d4b" outcome="Passed" testListId="8c84fa94-04c1-424b-9868-57a2d4851a1d" relativeResultsDirectory="52fde9ef-eb26-4fe7-8415-311c1925e9b6" />
    <UnitTestResult executionId="ed267b04-7ff2-4033-a220-eb343b98032c" testId="466a524d-4133-7ba8-5bda-91fddc852419" testName="ExxerAI.Application.Tests.Services.TaskServiceTests.GetTaskAsync_WithValidId_ShouldReturnTask" computerName="DESKTOP-FB2ES22" duration="00:00:00.0019055" startTime="2025-07-04T09:01:52.4523270-06:00" endTime="2025-07-04T09:01:52.4533379-06:00" testType="13cdc9d9-ddb5-4fa4-a97d-d965ccfc6d4b" outcome="Passed" testListId="8c84fa94-04c1-424b-9868-57a2d4851a1d" relativeResultsDirectory="ed267b04-7ff2-4033-a220-eb343b98032c" />
    <UnitTestResult executionId="5ea2c3a5-5f8b-450f-b199-34427b5621f1" testId="a17ace4d-eca2-6577-7e99-fa9582eaebb1" testName="ExxerAI.Application.Tests.Services.DocumentIngestionServiceTests.ProcessDocumentChangeAsync_ShouldRespectCancellation_When_TokenCancelled" computerName="DESKTOP-FB2ES22" duration="00:00:00.0022066" startTime="2025-07-04T09:01:54.5082447-06:00" endTime="2025-07-04T09:01:54.5118570-06:00" testType="13cdc9d9-ddb5-4fa4-a97d-d965ccfc6d4b" outcome="Passed" testListId="8c84fa94-04c1-424b-9868-57a2d4851a1d" relativeResultsDirectory="5ea2c3a5-5f8b-450f-b199-34427b5621f1" />
    <UnitTestResult executionId="d4d656a4-9d47-4a24-b7fb-ee3970f588e9" testId="fc13a012-d89b-93e0-d7b8-5146564d7f56" testName="ExxerAI.Application.Tests.Services.AgentServiceTests.UpdateAgentStatusAsync_WithValidInput_ShouldReturnSuccess(status: Inactive)" computerName="DESKTOP-FB2ES22" duration="00:00:00.0001683" startTime="2025-07-04T09:01:52.5193208-06:00" endTime="2025-07-04T09:01:52.5193837-06:00" testType="13cdc9d9-ddb5-4fa4-a97d-d965ccfc6d4b" outcome="Passed" testListId="8c84fa94-04c1-424b-9868-57a2d4851a1d" relativeResultsDirectory="d4d656a4-9d47-4a24-b7fb-ee3970f588e9" />
    <UnitTestResult executionId="dc10f89d-243e-4e95-80c9-adab5846ea91" testId="c4d9bdcb-2332-905a-fa2e-77f857a178b4" testName="ExxerAI.Application.Tests.Services.TaskRepositoryBehavioralTests1.UpdateTaskStatusAsync_Should_Return_Failure_When_RepositoryFails" computerName="DESKTOP-FB2ES22" duration="00:00:00.0022312" startTime="2025-07-04T09:01:52.3446153-06:00" endTime="2025-07-04T09:01:52.3458944-06:00" testType="13cdc9d9-ddb5-4fa4-a97d-d965ccfc6d4b" outcome="Passed" testListId="8c84fa94-04c1-424b-9868-57a2d4851a1d" relativeResultsDirectory="dc10f89d-243e-4e95-80c9-adab5846ea91" />
    <UnitTestResult executionId="e023f887-9655-4e63-9902-e98666b81bba" testId="2b310220-ad0a-edf5-d536-76c9431299b3" testName="ExxerAI.Application.Tests.Services.TaskServiceTests.CreateTaskAsync_WithDifferentPriorities_ShouldHandleAllPriorityLevels(priority: Normal)" computerName="DESKTOP-FB2ES22" duration="00:00:00.0005326" startTime="2025-07-04T09:01:52.4600566-06:00" endTime="2025-07-04T09:01:52.4607132-06:00" testType="13cdc9d9-ddb5-4fa4-a97d-d965ccfc6d4b" outcome="Passed" testListId="8c84fa94-04c1-424b-9868-57a2d4851a1d" relativeResultsDirectory="e023f887-9655-4e63-9902-e98666b81bba" />
    <UnitTestResult executionId="67922366-fc91-4387-9dcd-29bfdc7cbb30" testId="43f93cef-fc13-dc44-c0c8-6a4a355e84ea" testName="ExxerAI.Application.Tests.Services.TaskServiceTests.DeleteTaskAsync_WithValidId_ShouldReturnSuccess" computerName="DESKTOP-FB2ES22" duration="00:00:00.0017210" startTime="2025-07-04T09:01:52.4423577-06:00" endTime="2025-07-04T09:01:52.4436484-06:00" testType="13cdc9d9-ddb5-4fa4-a97d-d965ccfc6d4b" outcome="Passed" testListId="8c84fa94-04c1-424b-9868-57a2d4851a1d" relativeResultsDirectory="67922366-fc91-4387-9dcd-29bfdc7cbb30" />
    <UnitTestResult executionId="7814aef8-baa4-41b8-8d26-15aebd016d8b" testId="c071b856-9113-bd94-ed6f-31560d0d7d20" testName="ExxerAI.Application.Tests.Services.HybridDocumentProcessorTests+ProcessDocumentAsyncTests.ProcessDocumentAsync_WithFailedDirectTextButSuccessfulOCR_ShouldReturnOCRResult" computerName="DESKTOP-FB2ES22" duration="00:00:00.0018487" startTime="2025-07-04T09:01:52.4656528-06:00" endTime="2025-07-04T09:01:52.4658006-06:00" testType="13cdc9d9-ddb5-4fa4-a97d-d965ccfc6d4b" outcome="Passed" testListId="8c84fa94-04c1-424b-9868-57a2d4851a1d" relativeResultsDirectory="7814aef8-baa4-41b8-8d26-15aebd016d8b" />
    <UnitTestResult executionId="16f15fcc-a6c6-4238-8453-3ee059a0e182" testId="a1534edd-2a80-87ff-8a28-490c8fce7002" testName="ExxerAI.Application.Tests.Services.HybridDocumentProcessorTests+ConstructorTests.Constructor_WithNullLearningEngine_ShouldThrowArgumentNullException" computerName="DESKTOP-FB2ES22" duration="00:00:00.0005322" startTime="2025-07-04T09:01:52.4207592-06:00" endTime="2025-07-04T09:01:52.4208532-06:00" testType="13cdc9d9-ddb5-4fa4-a97d-d965ccfc6d4b" outcome="Passed" testListId="8c84fa94-04c1-424b-9868-57a2d4851a1d" relativeResultsDirectory="16f15fcc-a6c6-4238-8453-3ee059a0e182" />
    <UnitTestResult executionId="c3ccbbfe-d8f1-4444-b2f6-ffeea3d1960a" testId="e9220434-8226-2f7e-71fb-2fc09d18088e" testName="ExxerAI.Application.Tests.Data.KpiExxerproPatternSeedTests+GetStatisticsTests.GetStatistics_ShouldHaveConsistentCounts" computerName="DESKTOP-FB2ES22" duration="00:00:00.0013462" startTime="2025-07-04T09:01:52.2175527-06:00" endTime="2025-07-04T09:01:52.2176105-06:00" testType="13cdc9d9-ddb5-4fa4-a97d-d965ccfc6d4b" outcome="Passed" testListId="8c84fa94-04c1-424b-9868-57a2d4851a1d" relativeResultsDirectory="c3ccbbfe-d8f1-4444-b2f6-ffeea3d1960a" />
    <UnitTestResult executionId="6f851dbf-50ee-4623-b81a-c9859d1da3d6" testId="b50f4363-025d-a114-20b0-6502d7c1debd" testName="ExxerAI.Application.Tests.Services.HybridDocumentProcessorTests+ProcessDocumentAsyncTests.ProcessDocumentAsync_WithBothDirectTextAndOCRFailure_ShouldReturnFailureResult" computerName="DESKTOP-FB2ES22" duration="00:00:00.0015463" startTime="2025-07-04T09:01:52.4623920-06:00" endTime="2025-07-04T09:01:52.4652677-06:00" testType="13cdc9d9-ddb5-4fa4-a97d-d965ccfc6d4b" outcome="Passed" testListId="8c84fa94-04c1-424b-9868-57a2d4851a1d" relativeResultsDirectory="6f851dbf-50ee-4623-b81a-c9859d1da3d6" />
    <UnitTestResult executionId="cc055719-7d8f-460c-8e3e-0b7e183279bf" testId="beb0cd23-51a5-5d94-7f58-e3dfff106719" testName="ExxerAI.Application.Tests.Services.TaskServiceTests.GetAgentTasksAsync_WithValidAgentId_ShouldReturnAgentTasks" computerName="DESKTOP-FB2ES22" duration="00:00:00.0021947" startTime="2025-07-04T09:01:52.4507623-06:00" endTime="2025-07-04T09:01:52.4514263-06:00" testType="13cdc9d9-ddb5-4fa4-a97d-d965ccfc6d4b" outcome="Passed" testListId="8c84fa94-04c1-424b-9868-57a2d4851a1d" relativeResultsDirectory="cc055719-7d8f-460c-8e3e-0b7e183279bf" />
    <UnitTestResult executionId="7edfcfb5-5b0f-4590-bc2d-e733943ec29d" testId="4999f746-891b-03bb-817a-e27a73f1477a" testName="ExxerAI.Application.Tests.Services.TaskServiceTests.GetAgentTasksAsync_WithStatusFilter_ShouldReturnFilteredTasks(agentStatus: Failed)" computerName="DESKTOP-FB2ES22" duration="00:00:00.0000787" startTime="2025-07-04T09:01:52.4336563-06:00" endTime="2025-07-04T09:01:52.4337103-06:00" testType="13cdc9d9-ddb5-4fa4-a97d-d965ccfc6d4b" outcome="Passed" testListId="8c84fa94-04c1-424b-9868-57a2d4851a1d" relativeResultsDirectory="7edfcfb5-5b0f-4590-bc2d-e733943ec29d" />
    <UnitTestResult executionId="2fbab82e-b00c-4ace-b139-84f767b106cb" testId="b64ff3ea-156a-00d3-c5a8-03b2b4093e45" testName="ExxerAI.Application.Tests.Services.AgentServiceTests.GetAllAgentsAsync_WhenNoAgentsExist_ShouldReturnEmptyList" computerName="DESKTOP-FB2ES22" duration="00:00:00.0013970" startTime="2025-07-04T09:01:52.5073331-06:00" endTime="2025-07-04T09:01:52.5084500-06:00" testType="13cdc9d9-ddb5-4fa4-a97d-d965ccfc6d4b" outcome="Passed" testListId="8c84fa94-04c1-424b-9868-57a2d4851a1d" relativeResultsDirectory="2fbab82e-b00c-4ace-b139-84f767b106cb" />
    <UnitTestResult executionId="545325d1-be7a-4eda-894d-dbd7f52aa9f9" testId="05d0f285-1b54-4d77-b347-f92595848ada" testName="ExxerAI.Application.Tests.Data.KpiExxerproPatternSeedTests+GetPatternsForDocumentTypeTests.GetPatternsForDocumentType_WithCaseSensitive_ShouldMatchExactCase" computerName="DESKTOP-FB2ES22" duration="00:00:00.0001749" startTime="2025-07-04T09:01:52.2918391-06:00" endTime="2025-07-04T09:01:52.2919319-06:00" testType="13cdc9d9-ddb5-4fa4-a97d-d965ccfc6d4b" outcome="Passed" testListId="8c84fa94-04c1-424b-9868-57a2d4851a1d" relativeResultsDirectory="545325d1-be7a-4eda-894d-dbd7f52aa9f9" />
    <UnitTestResult executionId="33775d36-6318-4f47-9c22-bc14285ce900" testId="2f87b76e-5bb2-fc41-f6aa-cb7a6c2a065f" testName="ExxerAI.Application.Tests.Services.LLMServiceImplementationTests.GenerateTextAsync_Should_ReturnFailure_When_PromptIsEmpty" computerName="DESKTOP-FB2ES22" duration="00:00:00.0019808" startTime="2025-07-04T09:01:53.0203965-06:00" endTime="2025-07-04T09:01:53.0214215-06:00" testType="13cdc9d9-ddb5-4fa4-a97d-d965ccfc6d4b" outcome="Passed" testListId="8c84fa94-04c1-424b-9868-57a2d4851a1d" relativeResultsDirectory="33775d36-6318-4f47-9c22-bc14285ce900" />
    <UnitTestResult executionId="5597fdd8-24a4-4f2c-b050-105aad22cc2f" testId="9078a32b-7a9c-dc05-e090-ee348bfb541a" testName="ExxerAI.Application.Tests.Services.DocumentIngestionServiceTests.CompleteWorkflow_ShouldProcessNewDocument_EndToEnd" computerName="DESKTOP-FB2ES22" duration="00:00:00.5738534" startTime="2025-07-04T09:01:53.8408968-06:00" endTime="2025-07-04T09:01:54.5076387-06:00" testType="13cdc9d9-ddb5-4fa4-a97d-d965ccfc6d4b" outcome="Passed" testListId="8c84fa94-04c1-424b-9868-57a2d4851a1d" relativeResultsDirectory="5597fdd8-24a4-4f2c-b050-105aad22cc2f" />
    <UnitTestResult executionId="3ffcb652-97aa-4cbb-8da7-113b960580ea" testId="c6b2eaf0-a16f-7a34-06b8-2cada0ddd682" testName="ExxerAI.Application.Tests.Services.TaskRepositoryBehavioralTests1.UpdateTaskStatusAsync_Should_Return_Success_When_UpdateSucceeds" computerName="DESKTOP-FB2ES22" duration="00:00:00.0696513" startTime="2025-07-04T09:01:52.2582740-06:00" endTime="2025-07-04T09:01:52.3271462-06:00" testType="13cdc9d9-ddb5-4fa4-a97d-d965ccfc6d4b" outcome="Passed" testListId="8c84fa94-04c1-424b-9868-57a2d4851a1d" relativeResultsDirectory="3ffcb652-97aa-4cbb-8da7-113b960580ea" />
    <UnitTestResult executionId="fe592234-1ea1-48d1-94a1-6f6d56469c9a" testId="37639711-946f-8760-5286-aff617bbe145" testName="ExxerAI.Application.Tests.Services.WorkflowServiceBehavioralTests5.GetWorkflowAsync_Should_Return_Success_When_WorkflowExists" computerName="DESKTOP-FB2ES22" duration="00:00:00.1493326" startTime="2025-07-04T09:01:52.2139398-06:00" endTime="2025-07-04T09:01:52.3115480-06:00" testType="13cdc9d9-ddb5-4fa4-a97d-d965ccfc6d4b" outcome="Passed" testListId="8c84fa94-04c1-424b-9868-57a2d4851a1d" relativeResultsDirectory="fe592234-1ea1-48d1-94a1-6f6d56469c9a" />
    <UnitTestResult executionId="fde1ba48-9ed9-47d3-9e51-eba8b11e07f8" testId="5c63c537-8bff-94fd-ca00-cbb0900847a9" testName="ExxerAI.Application.Tests.Services.DocumentIngestionServiceTests.ProcessDocumentChangeAsync_ShouldProcessDocument_When_DocumentCreated" computerName="DESKTOP-FB2ES22" duration="00:00:00.2299435" startTime="2025-07-04T09:01:53.0727629-06:00" endTime="2025-07-04T09:01:53.3016358-06:00" testType="13cdc9d9-ddb5-4fa4-a97d-d965ccfc6d4b" outcome="Passed" testListId="8c84fa94-04c1-424b-9868-57a2d4851a1d" relativeResultsDirectory="fde1ba48-9ed9-47d3-9e51-eba8b11e07f8" />
    <UnitTestResult executionId="d9a18234-9134-49e6-ba62-5786404edb03" testId="7887dda8-1ec9-c81a-b211-488d685126f4" testName="ExxerAI.Application.Tests.Services.AgentServiceTests.AssignTaskAsync_WithEmptyTaskId_ShouldReturnFailure" computerName="DESKTOP-FB2ES22" duration="00:00:00.0007706" startTime="2025-07-04T09:01:52.5380399-06:00" endTime="2025-07-04T09:01:52.5386730-06:00" testType="13cdc9d9-ddb5-4fa4-a97d-d965ccfc6d4b" outcome="Passed" testListId="8c84fa94-04c1-424b-9868-57a2d4851a1d" relativeResultsDirectory="d9a18234-9134-49e6-ba62-5786404edb03" />
    <UnitTestResult executionId="16b527ab-7c96-4767-9497-a93009920f7d" testId="3d4b60a7-02e3-6f5a-ca42-76376cc9c244" testName="ExxerAI.Application.Tests.Services.DocumentIngestionServiceImplementationTests.Constructor_Should_ThrowArgumentNullException_When_DocumentProcessorIsNull" computerName="DESKTOP-FB2ES22" duration="00:00:00.0006947" startTime="2025-07-04T09:01:53.3002700-06:00" endTime="2025-07-04T09:01:53.3007475-06:00" testType="13cdc9d9-ddb5-4fa4-a97d-d965ccfc6d4b" outcome="Passed" testListId="8c84fa94-04c1-424b-9868-57a2d4851a1d" relativeResultsDirectory="16b527ab-7c96-4767-9497-a93009920f7d" />
    <UnitTestResult executionId="b34b9054-eb18-4219-8e49-d8a474b00c97" testId="38953ccb-77ac-68bb-16ab-108ba65bbb07" testName="ExxerAI.Application.Tests.Services.WorkflowServiceImplementationTests.CreateWorkflowAsync_Should_ReturnFailure_When_NameIsNullOrWhiteSpace(invalidName: &quot;   &quot;)" computerName="DESKTOP-FB2ES22" duration="00:00:00.0001129" startTime="2025-07-04T09:01:52.3334366-06:00" endTime="2025-07-04T09:01:52.3335043-06:00" testType="13cdc9d9-ddb5-4fa4-a97d-d965ccfc6d4b" outcome="Passed" testListId="8c84fa94-04c1-424b-9868-57a2d4851a1d" relativeResultsDirectory="b34b9054-eb18-4219-8e49-d8a474b00c97" />
    <UnitTestResult executionId="7183de53-e574-4516-9f13-f35011fb2bce" testId="35bfc0f9-d833-3655-0340-8dd9c505c993" testName="ExxerAI.Application.Tests.Services.LLMServiceImplementationTests.CreateConversationAsync_Should_UseDefaultValues_When_OptionalParametersNull" computerName="DESKTOP-FB2ES22" duration="00:00:00.3483968" startTime="2025-07-04T09:01:51.9905857-06:00" endTime="2025-07-04T09:01:52.3402832-06:00" testType="13cdc9d9-ddb5-4fa4-a97d-d965ccfc6d4b" outcome="Passed" testListId="8c84fa94-04c1-424b-9868-57a2d4851a1d" relativeResultsDirectory="7183de53-e574-4516-9f13-f35011fb2bce" />
    <UnitTestResult executionId="9f82ffb3-23d2-4e85-80e6-f0cb348b0914" testId="2717c311-40fb-1c0f-71f6-e853fbd01aef" testName="ExxerAI.Application.Tests.Services.LLMServiceImplementationTests.StreamTextAsync_Should_YieldNothing_When_ModelNotFound" computerName="DESKTOP-FB2ES22" duration="00:00:00.0027240" startTime="2025-07-04T09:01:52.9957315-06:00" endTime="2025-07-04T09:01:52.9982987-06:00" testType="13cdc9d9-ddb5-4fa4-a97d-d965ccfc6d4b" outcome="Passed" testListId="8c84fa94-04c1-424b-9868-57a2d4851a1d" relativeResultsDirectory="9f82ffb3-23d2-4e85-80e6-f0cb348b0914" />
    <UnitTestResult executionId="a4ea1f4a-0128-4d7b-aa50-749e235c1ffd" testId="956d98f6-bc19-42a3-8150-5335dedcb2b9" testName="ExxerAI.Application.Tests.Services.TaskServiceTests.UpdateTaskStatusAsync_WithValidInput_ShouldReturnSuccess(agentStatus: Pending)" computerName="DESKTOP-FB2ES22" duration="00:00:00.0001199" startTime="2025-07-04T09:01:52.4140089-06:00" endTime="2025-07-04T09:01:52.4140700-06:00" testType="13cdc9d9-ddb5-4fa4-a97d-d965ccfc6d4b" outcome="Passed" testListId="8c84fa94-04c1-424b-9868-57a2d4851a1d" relativeResultsDirectory="a4ea1f4a-0128-4d7b-aa50-749e235c1ffd" />
    <UnitTestResult executionId="34335ca6-2800-44a2-8997-fad7c448052f" testId="bdfa0ec4-c8ce-608b-d68c-2a6283515c86" testName="ExxerAI.Application.Tests.Data.KpiExxerproPatternSeedTests+GetBestPatternForFieldTests.GetBestPatternForField_WithNonExistentField_ShouldReturnNull" computerName="DESKTOP-FB2ES22" duration="00:00:00.0001880" startTime="2025-07-04T09:01:52.2456057-06:00" endTime="2025-07-04T09:01:52.2457048-06:00" testType="13cdc9d9-ddb5-4fa4-a97d-d965ccfc6d4b" outcome="Passed" testListId="8c84fa94-04c1-424b-9868-57a2d4851a1d" relativeResultsDirectory="34335ca6-2800-44a2-8997-fad7c448052f" />
    <UnitTestResult executionId="c0ba5d7b-af6a-4f13-a912-b42fde281b17" testId="5d307c3f-b219-838e-2d6d-e4d11e467133" testName="ExxerAI.Application.Tests.Services.LLMServiceImplementationTests.CountTokensAsync_Should_ReturnZero_When_TextIsEmpty" computerName="DESKTOP-FB2ES22" duration="00:00:00.0044011" startTime="2025-07-04T09:01:52.3578165-06:00" endTime="2025-07-04T09:01:52.3611596-06:00" testType="13cdc9d9-ddb5-4fa4-a97d-d965ccfc6d4b" outcome="Passed" testListId="8c84fa94-04c1-424b-9868-57a2d4851a1d" relativeResultsDirectory="c0ba5d7b-af6a-4f13-a912-b42fde281b17" />
    <UnitTestResult executionId="4f42203e-0843-4177-bbcd-7817e82b513e" testId="f3bf1a95-e1cf-1795-2746-c84b3f494a57" testName="ExxerAI.Application.Tests.Services.AgentServiceImplementationTests.GetAgentAsync_Should_ReturnFailure_When_AgentIdIsEmpty" computerName="DESKTOP-FB2ES22" duration="00:00:00.1738794" startTime="2025-07-04T09:01:52.2148027-06:00" endTime="2025-07-04T09:01:52.3693852-06:00" testType="13cdc9d9-ddb5-4fa4-a97d-d965ccfc6d4b" outcome="Passed" testListId="8c84fa94-04c1-424b-9868-57a2d4851a1d" relativeResultsDirectory="4f42203e-0843-4177-bbcd-7817e82b513e" />
    <UnitTestResult executionId="b4b83cea-795f-4e2d-a003-2faa6a477933" testId="8419b3fc-6009-efde-f490-33db80fd18e2" testName="ExxerAI.Application.Tests.Services.AgentServiceTests.GetAgentAsync_WithNonExistentId_ShouldReturnFailureResult" computerName="DESKTOP-FB2ES22" duration="00:00:00.0770594" startTime="2025-07-04T09:01:52.3145832-06:00" endTime="2025-07-04T09:01:52.3912230-06:00" testType="13cdc9d9-ddb5-4fa4-a97d-d965ccfc6d4b" outcome="Passed" testListId="8c84fa94-04c1-424b-9868-57a2d4851a1d" relativeResultsDirectory="b4b83cea-795f-4e2d-a003-2faa6a477933" />
    <UnitTestResult executionId="c251d318-de2c-44dd-85ed-e2ecc13e65f4" testId="d3f8fdec-7211-3bb7-869e-4de2037bc17e" testName="ExxerAI.Application.Tests.Services.TaskServiceTests.AssignTaskToAgentAsync_WithEmptyAgentId_ShouldReturnFailure" computerName="DESKTOP-FB2ES22" duration="00:00:00.0010586" startTime="2025-07-04T09:01:52.4806222-06:00" endTime="2025-07-04T09:01:52.4806923-06:00" testType="13cdc9d9-ddb5-4fa4-a97d-d965ccfc6d4b" outcome="Passed" testListId="8c84fa94-04c1-424b-9868-57a2d4851a1d" relativeResultsDirectory="c251d318-de2c-44dd-85ed-e2ecc13e65f4" />
    <UnitTestResult executionId="d0c0bde5-5900-4f08-85d3-2a9a4376e4b8" testId="4c11258a-cff2-0868-b2a7-3fe2e9fd0443" testName="ExxerAI.Application.Tests.Services.AgentServiceTests.UpdateAgentStatusAsync_WithValidInput_ShouldReturnSuccess(status: Active)" computerName="DESKTOP-FB2ES22" duration="00:00:00.0006077" startTime="2025-07-04T09:01:52.5191008-06:00" endTime="2025-07-04T09:01:52.5191768-06:00" testType="13cdc9d9-ddb5-4fa4-a97d-d965ccfc6d4b" outcome="Passed" testListId="8c84fa94-04c1-424b-9868-57a2d4851a1d" relativeResultsDirectory="d0c0bde5-5900-4f08-85d3-2a9a4376e4b8" />
    <UnitTestResult executionId="70cfef06-b074-4f28-b1d9-144b234f8ea1" testId="8af28abd-79ae-9cfc-0cd0-8d4e6c73394e" testName="ExxerAI.Application.Tests.Services.AgentServiceTests.IAgentService_AllMethods_ShouldRespectCancellationToken" computerName="DESKTOP-FB2ES22" duration="00:00:00.0888734" startTime="2025-07-04T09:01:52.3949302-06:00" endTime="2025-07-04T09:01:52.4985645-06:00" testType="13cdc9d9-ddb5-4fa4-a97d-d965ccfc6d4b" outcome="Passed" testListId="8c84fa94-04c1-424b-9868-57a2d4851a1d" relativeResultsDirectory="70cfef06-b074-4f28-b1d9-144b234f8ea1" />
    <UnitTestResult executionId="6a5d0314-cdc4-4999-8152-ebfb4fab951d" testId="2510b71e-0163-3944-0981-d686523538ee" testName="ExxerAI.Application.Tests.Services.HybridDocumentProcessorTests+ValidateExtractedFieldsAsyncTests.ValidateExtractedFieldsAsync_WithValidFields_ShouldReturnValidResult" computerName="DESKTOP-FB2ES22" duration="00:00:00.0017309" startTime="2025-07-04T09:01:52.4311537-06:00" endTime="2025-07-04T09:01:52.4317005-06:00" testType="13cdc9d9-ddb5-4fa4-a97d-d965ccfc6d4b" outcome="Passed" testListId="8c84fa94-04c1-424b-9868-57a2d4851a1d" relativeResultsDirectory="6a5d0314-cdc4-4999-8152-ebfb4fab951d" />
    <UnitTestResult executionId="9182f5cb-d84c-42e1-bba7-58599fdf4256" testId="4ab2e95c-c448-d240-135b-705650df02e7" testName="ExxerAI.Application.Tests.Services.KpiExxerproPatternSeedImplementationTests+GetPatternsForDocumentTypeTests.GetPatternsForDocumentType_Should_ReturnEmptyList_When_NonExistentDocumentType" computerName="DESKTOP-FB2ES22" duration="00:00:00.0003002" startTime="2025-07-04T09:01:52.2989388-06:00" endTime="2025-07-04T09:01:52.2991665-06:00" testType="13cdc9d9-ddb5-4fa4-a97d-d965ccfc6d4b" outcome="Passed" testListId="8c84fa94-04c1-424b-9868-57a2d4851a1d" relativeResultsDirectory="9182f5cb-d84c-42e1-bba7-58599fdf4256" />
    <UnitTestResult executionId="f7c8a17a-44ef-4bc7-9198-7337573554e2" testId="dab97424-2618-a43f-3668-201e0358b6a0" testName="ExxerAI.Application.Tests.Services.WorkflowServiceTests.ExecuteWorkflowAsync_WithValidInput_ShouldReturnSuccessResult" computerName="DESKTOP-FB2ES22" duration="00:00:00.0072401" startTime="2025-07-04T09:01:52.3316537-06:00" endTime="2025-07-04T09:01:52.3381901-06:00" testType="13cdc9d9-ddb5-4fa4-a97d-d965ccfc6d4b" outcome="Passed" testListId="8c84fa94-04c1-424b-9868-57a2d4851a1d" relativeResultsDirectory="f7c8a17a-44ef-4bc7-9198-7337573554e2" />
    <UnitTestResult executionId="1a1fe743-d9a4-42e8-88f4-afbfd4d6e55a" testId="f2617fe4-7e29-d204-d65a-0babdac3c83a" testName="ExxerAI.Application.Tests.Data.KpiExxerproPatternSeedTests+InitialPatternsTests.InitialPatterns_ShouldHaveValidPatternStructure" computerName="DESKTOP-FB2ES22" duration="00:00:00.0011378" startTime="2025-07-04T09:01:52.3238610-06:00" endTime="2025-07-04T09:01:52.3239876-06:00" testType="13cdc9d9-ddb5-4fa4-a97d-d965ccfc6d4b" outcome="Passed" testListId="8c84fa94-04c1-424b-9868-57a2d4851a1d" relativeResultsDirectory="1a1fe743-d9a4-42e8-88f4-afbfd4d6e55a" />
    <UnitTestResult executionId="921b41bf-f940-40c4-8265-8ce4a1e6a203" testId="366cc1af-23c0-90bc-c606-64193b7c768f" testName="ExxerAI.Application.Tests.Services.HybridDocumentProcessorTests+ProcessDocumentBatchAsyncTests.ProcessDocumentBatchAsync_WithProgressReporting_ShouldReportProgress" computerName="DESKTOP-FB2ES22" duration="00:00:00.1007640" startTime="2025-07-04T09:01:52.4528346-06:00" endTime="2025-07-04T09:01:52.5632050-06:00" testType="13cdc9d9-ddb5-4fa4-a97d-d965ccfc6d4b" outcome="Passed" testListId="8c84fa94-04c1-424b-9868-57a2d4851a1d" relativeResultsDirectory="921b41bf-f940-40c4-8265-8ce4a1e6a203" />
    <UnitTestResult executionId="aa4d2f45-4d54-4312-a84c-e33fe5d6cdfa" testId="43948d14-c8b3-f588-885e-b8d84e8d7e5b" testName="ExxerAI.Application.Tests.Services.TaskServiceTests.GetTaskAsync_WithNonExistentId_ShouldReturnFailureResult" computerName="DESKTOP-FB2ES22" duration="00:00:00.0019381" startTime="2025-07-04T09:01:52.4789669-06:00" endTime="2025-07-04T09:01:52.4790391-06:00" testType="13cdc9d9-ddb5-4fa4-a97d-d965ccfc6d4b" outcome="Passed" testListId="8c84fa94-04c1-424b-9868-57a2d4851a1d" relativeResultsDirectory="aa4d2f45-4d54-4312-a84c-e33fe5d6cdfa" />
    <UnitTestResult executionId="c995829e-a3b4-4879-b809-61ce101898cb" testId="6db6dbdd-32db-b785-502b-1b5af09d1853" testName="ExxerAI.Application.Tests.Services.AgentServiceTests.FindBestAgentForTaskAsync_WithInvalidTaskType_ShouldReturnFailure(taskType: &quot;   &quot;)" computerName="DESKTOP-FB2ES22" duration="00:00:00.0012837" startTime="2025-07-04T09:01:52.5101655-06:00" endTime="2025-07-04T09:01:52.5111547-06:00" testType="13cdc9d9-ddb5-4fa4-a97d-d965ccfc6d4b" outcome="Passed" testListId="8c84fa94-04c1-424b-9868-57a2d4851a1d" relativeResultsDirectory="c995829e-a3b4-4879-b809-61ce101898cb" />
    <UnitTestResult executionId="a4cf7741-49fd-4fc0-8ec9-ee58c2626aa0" testId="f0716d6e-a91f-415d-e3cc-5429324452f4" testName="ExxerAI.Application.Tests.Data.KpiExxerproPatternSeedTests+DataIntegrityTests.InitialPatterns_ShouldHaveValidPatternExpressions" computerName="DESKTOP-FB2ES22" duration="00:00:00.0056347" startTime="2025-07-04T09:01:52.3610562-06:00" endTime="2025-07-04T09:01:52.3641905-06:00" testType="13cdc9d9-ddb5-4fa4-a97d-d965ccfc6d4b" outcome="Passed" testListId="8c84fa94-04c1-424b-9868-57a2d4851a1d" relativeResultsDirectory="a4cf7741-49fd-4fc0-8ec9-ee58c2626aa0" />
    <UnitTestResult executionId="1e848dc2-d421-4a2b-9ba8-20cefd412176" testId="12bf2b20-fb7d-36c6-9c7c-ac4e5480b5cf" testName="ExxerAI.Application.Tests.Services.WorkflowServiceTests.ExecutionControlMethods_WithEmptyGuid_ShouldReturnFailure(methodName: &quot;PauseWorkflowExecutionAsync&quot;)" computerName="DESKTOP-FB2ES22" duration="00:00:00.0003689" startTime="2025-07-04T09:01:52.3313411-06:00" endTime="2025-07-04T09:01:52.3314076-06:00" testType="13cdc9d9-ddb5-4fa4-a97d-d965ccfc6d4b" outcome="Passed" testListId="8c84fa94-04c1-424b-9868-57a2d4851a1d" relativeResultsDirectory="1e848dc2-d421-4a2b-9ba8-20cefd412176" />
    <UnitTestResult executionId="089e028c-ed4e-4dce-90cf-61211bb998a1" testId="4c06ab1e-a80c-8a8d-0e06-b12996b01e7c" testName="ExxerAI.Application.Tests.Services.DocumentIngestionServiceImplementationTests.IngestDocumentAsync_Should_ProcessValidDocument" computerName="DESKTOP-FB2ES22" duration="00:00:00.4963054" startTime="2025-07-04T09:01:53.9178422-06:00" endTime="2025-07-04T09:01:54.5091910-06:00" testType="13cdc9d9-ddb5-4fa4-a97d-d965ccfc6d4b" outcome="Passed" testListId="8c84fa94-04c1-424b-9868-57a2d4851a1d" relativeResultsDirectory="089e028c-ed4e-4dce-90cf-61211bb998a1" />
    <UnitTestResult executionId="cde64cab-8239-4b72-827b-5e6482b2d992" testId="2214b465-0ce5-d933-0aca-0a270343ade4" testName="ExxerAI.Application.Tests.Services.WorkflowServiceTests.GetActiveWorkflowsAsync_WhenNoActiveWorkflows_ShouldReturnEmptyList" computerName="DESKTOP-FB2ES22" duration="00:00:00.0017184" startTime="2025-07-04T09:01:52.3246956-06:00" endTime="2025-07-04T09:01:52.3263073-06:00" testType="13cdc9d9-ddb5-4fa4-a97d-d965ccfc6d4b" outcome="Passed" testListId="8c84fa94-04c1-424b-9868-57a2d4851a1d" relativeResultsDirectory="cde64cab-8239-4b72-827b-5e6482b2d992" />
    <UnitTestResult executionId="974dac38-8d75-4a07-9cdd-0c88a7e5c8e4" testId="26c24956-9049-ceb8-14dd-5570920f547a" testName="ExxerAI.Application.Tests.Services.AgentServiceTests.UpdateAgentConfigurationAsync_WithNullConfiguration_ShouldReturnFailure" computerName="DESKTOP-FB2ES22" duration="00:00:00.0014276" startTime="2025-07-04T09:01:52.5195581-06:00" endTime="2025-07-04T09:01:52.5216167-06:00" testType="13cdc9d9-ddb5-4fa4-a97d-d965ccfc6d4b" outcome="Passed" testListId="8c84fa94-04c1-424b-9868-57a2d4851a1d" relativeResultsDirectory="974dac38-8d75-4a07-9cdd-0c88a7e5c8e4" />
    <UnitTestResult executionId="97654dfc-6bb0-4c0b-a24b-44eb975ff249" testId="faf4d09e-9852-461e-0460-1c34b1111d4f" testName="ExxerAI.Application.Tests.Services.WorkflowServiceTests.CreateWorkflowAsync_WithNullSteps_ShouldReturnFailureResult" computerName="DESKTOP-FB2ES22" duration="00:00:00.0010583" startTime="2025-07-04T09:01:52.3875181-06:00" endTime="2025-07-04T09:01:52.3886111-06:00" testType="13cdc9d9-ddb5-4fa4-a97d-d965ccfc6d4b" outcome="Passed" testListId="8c84fa94-04c1-424b-9868-57a2d4851a1d" relativeResultsDirectory="97654dfc-6bb0-4c0b-a24b-44eb975ff249" />
    <UnitTestResult executionId="81b37601-e118-4798-87a5-b8d56d31e4f4" testId="9d2a663f-f232-67cf-2484-58ccaae6f8f1" testName="ExxerAI.Application.Tests.Services.HybridDocumentProcessorTests+ProcessDocumentAsyncTests.ProcessDocumentAsync_WithException_ShouldReturnFailureResultWithErrorMessage" computerName="DESKTOP-FB2ES22" duration="00:00:00.0013649" startTime="2025-07-04T09:01:52.4605743-06:00" endTime="2025-07-04T09:01:52.4620360-06:00" testType="13cdc9d9-ddb5-4fa4-a97d-d965ccfc6d4b" outcome="Passed" testListId="8c84fa94-04c1-424b-9868-57a2d4851a1d" relativeResultsDirectory="81b37601-e118-4798-87a5-b8d56d31e4f4" />
    <UnitTestResult executionId="42962df3-ac3c-4e66-8659-e402f09efcf6" testId="e88b6c7a-3a5f-7ab3-f8fd-272460983a81" testName="ExxerAI.Application.Tests.Services.TaskServiceTests.GetOverdueTasksAsync_WhenOverdueTasksExist_ShouldReturnOverdueTasks" computerName="DESKTOP-FB2ES22" duration="00:00:00.0019922" startTime="2025-07-04T09:01:52.5128132-06:00" endTime="2025-07-04T09:01:52.5136187-06:00" testType="13cdc9d9-ddb5-4fa4-a97d-d965ccfc6d4b" outcome="Passed" testListId="8c84fa94-04c1-424b-9868-57a2d4851a1d" relativeResultsDirectory="42962df3-ac3c-4e66-8659-e402f09efcf6" />
    <UnitTestResult executionId="d88718dc-9bc1-4337-b781-a03d2cccfa88" testId="1fb65a54-1b1b-94ed-2a13-bed6119fa556" testName="ExxerAI.Application.Tests.Data.KpiExxerproPatternSeedTests+DataIntegrityTests.InitialPatterns_ShouldHaveExpectedFieldNames" computerName="DESKTOP-FB2ES22" duration="00:00:00.0120398" startTime="2025-07-04T09:01:52.3422630-06:00" endTime="2025-07-04T09:01:52.3605968-06:00" testType="13cdc9d9-ddb5-4fa4-a97d-d965ccfc6d4b" outcome="Passed" testListId="8c84fa94-04c1-424b-9868-57a2d4851a1d" relativeResultsDirectory="d88718dc-9bc1-4337-b781-a03d2cccfa88" />
    <UnitTestResult executionId="380c70ac-5c25-435d-aba8-142f547bdcd5" testId="4df5b53c-4536-ebe0-3674-c1af42098a98" testName="ExxerAI.Application.Tests.Services.TaskServiceTests.CreateTaskAsync_WithDifferentPriorities_ShouldHandleAllPriorityLevels(priority: Low)" computerName="DESKTOP-FB2ES22" duration="00:00:00.0000776" startTime="2025-07-04T09:01:52.4613827-06:00" endTime="2025-07-04T09:01:52.4615326-06:00" testType="13cdc9d9-ddb5-4fa4-a97d-d965ccfc6d4b" outcome="Passed" testListId="8c84fa94-04c1-424b-9868-57a2d4851a1d" relativeResultsDirectory="380c70ac-5c25-435d-aba8-142f547bdcd5" />
    <UnitTestResult executionId="4087a42f-4c97-47a0-ac1d-5839a0b5551b" testId="af749f0b-1887-a76b-0d4c-0407c8f5e274" testName="ExxerAI.Application.Tests.Services.DocumentIngestionServiceTests.IngestDocumentAsync_ShouldProcessDocument_When_ValidDocumentId" computerName="DESKTOP-FB2ES22" duration="00:00:00.3299102" startTime="2025-07-04T09:01:52.7358434-06:00" endTime="2025-07-04T09:01:53.0673316-06:00" testType="13cdc9d9-ddb5-4fa4-a97d-d965ccfc6d4b" outcome="Passed" testListId="8c84fa94-04c1-424b-9868-57a2d4851a1d" relativeResultsDirectory="4087a42f-4c97-47a0-ac1d-5839a0b5551b" />
    <UnitTestResult executionId="e4cb5d01-0be7-423c-a5c4-291f06a406be" testId="8350f807-9c14-efe0-825a-8d999c030ea0" testName="ExxerAI.Application.Tests.Services.LLMServiceImplementationTests.CreateConversationAsync_Should_ReturnSuccess_When_ValidParameters" computerName="DESKTOP-FB2ES22" duration="00:00:00.0060006" startTime="2025-07-04T09:01:53.0105176-06:00" endTime="2025-07-04T09:01:53.0165754-06:00" testType="13cdc9d9-ddb5-4fa4-a97d-d965ccfc6d4b" outcome="Passed" testListId="8c84fa94-04c1-424b-9868-57a2d4851a1d" relativeResultsDirectory="e4cb5d01-0be7-423c-a5c4-291f06a406be" />
    <UnitTestResult executionId="76017b76-526d-4b31-8c4b-a1692a335aac" testId="1c8ffe26-2fc3-b4f4-b585-3e3171d39da0" testName="ExxerAI.Application.Tests.Data.KpiExxerproPatternSeedTests+GetPatternsForFieldTests.GetPatternsForField_WithEmptyField_ShouldReturnEmptyList" computerName="DESKTOP-FB2ES22" duration="00:00:00.0039270" startTime="2025-07-04T09:01:52.0798999-06:00" endTime="2025-07-04T09:01:52.0816009-06:00" testType="13cdc9d9-ddb5-4fa4-a97d-d965ccfc6d4b" outcome="Passed" testListId="8c84fa94-04c1-424b-9868-57a2d4851a1d" relativeResultsDirectory="76017b76-526d-4b31-8c4b-a1692a335aac" />
    <UnitTestResult executionId="ae5d4b96-e3f6-440a-ae65-3f3883cbfc9a" testId="0a1c33bb-e740-9d25-ea19-5b5c294263c4" testName="ExxerAI.Application.Tests.Services.KpiExxerproPatternSeedImplementationTests+GetStatisticsTests.GetStatistics_Should_ReturnValidStatistics" computerName="DESKTOP-FB2ES22" duration="00:00:00.0003886" startTime="2025-07-04T09:01:52.2893887-06:00" endTime="2025-07-04T09:01:52.2894615-06:00" testType="13cdc9d9-ddb5-4fa4-a97d-d965ccfc6d4b" outcome="Passed" testListId="8c84fa94-04c1-424b-9868-57a2d4851a1d" relativeResultsDirectory="ae5d4b96-e3f6-440a-ae65-3f3883cbfc9a" />
    <UnitTestResult executionId="e768af73-2a8c-4fb5-90eb-1febfe3197c6" testId="fbb52797-51a2-6357-3ed6-b7d518db7c6c" testName="ExxerAI.Application.Tests.Data.KpiExxerproPatternSeedTests+GetPatternsForDocumentTypeTests.GetPatternsForDocumentType_WithEmptyType_ShouldReturnEmptyList" computerName="DESKTOP-FB2ES22" duration="00:00:00.0003946" startTime="2025-07-04T09:01:52.2903919-06:00" endTime="2025-07-04T09:01:52.2904646-06:00" testType="13cdc9d9-ddb5-4fa4-a97d-d965ccfc6d4b" outcome="Passed" testListId="8c84fa94-04c1-424b-9868-57a2d4851a1d" relativeResultsDirectory="e768af73-2a8c-4fb5-90eb-1febfe3197c6" />
    <UnitTestResult executionId="32e91737-8415-43eb-a544-53c54a27f6c7" testId="87976514-f539-fa6d-7119-9bd9068cdae2" testName="ExxerAI.Application.Tests.Data.KpiExxerproPatternSeedTests+GetPatternsForFieldTests.GetPatternsForField_WithNullField_ShouldReturnEmptyList" computerName="DESKTOP-FB2ES22" duration="00:00:00.0001240" startTime="2025-07-04T09:01:52.0820616-06:00" endTime="2025-07-04T09:01:52.0821212-06:00" testType="13cdc9d9-ddb5-4fa4-a97d-d965ccfc6d4b" outcome="Passed" testListId="8c84fa94-04c1-424b-9868-57a2d4851a1d" relativeResultsDirectory="32e91737-8415-43eb-a544-53c54a27f6c7" />
    <UnitTestResult executionId="4e6b458e-f145-495e-8037-ab3301b5a0bf" testId="a1dda17b-b4ed-82a5-1c45-840a7d474ce3" testName="ExxerAI.Application.Tests.Services.TaskServiceTests.UpdateTaskStatusAsync_WithValidInput_ShouldReturnSuccess(agentStatus: Cancelled)" computerName="DESKTOP-FB2ES22" duration="00:00:00.0002237" startTime="2025-07-04T09:01:52.4138317-06:00" endTime="2025-07-04T09:01:52.4138990-06:00" testType="13cdc9d9-ddb5-4fa4-a97d-d965ccfc6d4b" outcome="Passed" testListId="8c84fa94-04c1-424b-9868-57a2d4851a1d" relativeResultsDirectory="4e6b458e-f145-495e-8037-ab3301b5a0bf" />
    <UnitTestResult executionId="21cee6ab-c115-4097-9de7-ae6348b8ffcd" testId="7c5ab6b8-106b-e607-1d25-cdab7418ff7a" testName="ExxerAI.Application.Tests.Services.WorkflowServiceTests.GetWorkflowAsync_WithNonExistentId_ShouldReturnFailureResult" computerName="DESKTOP-FB2ES22" duration="00:00:00.0009580" startTime="2025-07-04T09:01:52.3582152-06:00" endTime="2025-07-04T09:01:52.3584088-06:00" testType="13cdc9d9-ddb5-4fa4-a97d-d965ccfc6d4b" outcome="Passed" testListId="8c84fa94-04c1-424b-9868-57a2d4851a1d" relativeResultsDirectory="21cee6ab-c115-4097-9de7-ae6348b8ffcd" />
    <UnitTestResult executionId="ddc9a24f-7ebf-4172-9cd6-6603f2bb8626" testId="bb40ec68-217a-4678-0ab5-62d48ea1e196" testName="ExxerAI.Application.Tests.Data.KpiExxerproPatternSeedTests+InitialPatternsTests.InitialPatterns_ShouldContainTotalPagarPatterns" computerName="DESKTOP-FB2ES22" duration="00:00:00.0005459" startTime="2025-07-04T09:01:52.3195142-06:00" endTime="2025-07-04T09:01:52.3197499-06:00" testType="13cdc9d9-ddb5-4fa4-a97d-d965ccfc6d4b" outcome="Passed" testListId="8c84fa94-04c1-424b-9868-57a2d4851a1d" relativeResultsDirectory="ddc9a24f-7ebf-4172-9cd6-6603f2bb8626" />
    <UnitTestResult executionId="2a7055a9-1d80-410e-9e39-a61015e263be" testId="bd98200b-d56f-1d25-c128-002ce36950df" testName="ExxerAI.Application.Tests.Services.DocumentIngestionServiceTests.GetIngestionStatusAsync_ShouldReturnStatus_When_Requested" computerName="DESKTOP-FB2ES22" duration="00:00:00.2592675" startTime="2025-07-04T09:01:54.7321453-06:00" endTime="2025-07-04T09:01:55.0265070-06:00" testType="13cdc9d9-ddb5-4fa4-a97d-d965ccfc6d4b" outcome="Passed" testListId="8c84fa94-04c1-424b-9868-57a2d4851a1d" relativeResultsDirectory="2a7055a9-1d80-410e-9e39-a61015e263be" />
    <UnitTestResult executionId="590316e3-0317-420e-bd6f-8ff6a3eef476" testId="55f3fd8b-ddca-c475-d15a-39577e86fb57" testName="ExxerAI.Application.Tests.Data.KpiExxerproPatternSeedTests+GetPatternsForFieldTests.GetPatternsForField_WithPeriodoImss_ShouldReturnOrderedByConfidence" computerName="DESKTOP-FB2ES22" duration="00:00:00.0005809" startTime="2025-07-04T09:01:52.0818438-06:00" endTime="2025-07-04T09:01:52.0819102-06:00" testType="13cdc9d9-ddb5-4fa4-a97d-d965ccfc6d4b" outcome="Passed" testListId="8c84fa94-04c1-424b-9868-57a2d4851a1d" relativeResultsDirectory="590316e3-0317-420e-bd6f-8ff6a3eef476" />
    <UnitTestResult executionId="6a387d0d-fe5f-4155-870e-be6f8e352807" testId="fc65e620-27f5-aa90-fb45-a2836ad5916f" testName="ExxerAI.Application.Tests.Services.AgentServiceTests.CreateAgentAsync_WithNullCapabilities_ShouldReturnFailureResult" computerName="DESKTOP-FB2ES22" duration="00:00:00.0013316" startTime="2025-07-04T09:01:52.5166774-06:00" endTime="2025-07-04T09:01:52.5170075-06:00" testType="13cdc9d9-ddb5-4fa4-a97d-d965ccfc6d4b" outcome="Passed" testListId="8c84fa94-04c1-424b-9868-57a2d4851a1d" relativeResultsDirectory="6a387d0d-fe5f-4155-870e-be6f8e352807" />
    <UnitTestResult executionId="934980a2-b9f2-4ae3-acc8-c8e5b426f80a" testId="623e25f4-ed07-dfac-b5fc-97839dfb7e36" testName="ExxerAI.Application.Tests.Services.KpiExxerproPatternSeedImplementationTests+GetPatternsForFieldTests.GetPatternsForField_Should_ReturnOrderedByConfidence_When_ValidFieldName" computerName="DESKTOP-FB2ES22" duration="00:00:00.0005063" startTime="2025-07-04T09:01:52.2141874-06:00" endTime="2025-07-04T09:01:52.2142904-06:00" testType="13cdc9d9-ddb5-4fa4-a97d-d965ccfc6d4b" outcome="Passed" testListId="8c84fa94-04c1-424b-9868-57a2d4851a1d" relativeResultsDirectory="934980a2-b9f2-4ae3-acc8-c8e5b426f80a" />
    <UnitTestResult executionId="171c6d1d-1244-49a0-88b1-33a781a89275" testId="de5d49e2-d0ac-954a-f396-86b08b0e8d6d" testName="ExxerAI.Application.Tests.Services.LLMServiceImplementationTests.CreateConversationAsync_Should_ReturnFailure_When_RepositoryFails" computerName="DESKTOP-FB2ES22" duration="00:00:00.0027834" startTime="2025-07-04T09:01:53.0042477-06:00" endTime="2025-07-04T09:01:53.0043437-06:00" testType="13cdc9d9-ddb5-4fa4-a97d-d965ccfc6d4b" outcome="Passed" testListId="8c84fa94-04c1-424b-9868-57a2d4851a1d" relativeResultsDirectory="171c6d1d-1244-49a0-88b1-33a781a89275" />
    <UnitTestResult executionId="debfa5dd-e991-45e1-bc03-e2095ebd19b6" testId="2e52cefc-35c7-6fa2-fb24-9c6bc06eb0f3" testName="ExxerAI.Application.Tests.Services.HybridDocumentProcessorTests+ConstructorTests.Constructor_WithNullLogger_ShouldThrowArgumentNullException" computerName="DESKTOP-FB2ES22" duration="00:00:00.0004476" startTime="2025-07-04T09:01:52.4224106-06:00" endTime="2025-07-04T09:01:52.4224809-06:00" testType="13cdc9d9-ddb5-4fa4-a97d-d965ccfc6d4b" outcome="Passed" testListId="8c84fa94-04c1-424b-9868-57a2d4851a1d" relativeResultsDirectory="debfa5dd-e991-45e1-bc03-e2095ebd19b6" />
    <UnitTestResult executionId="43091c8b-e1a2-43e4-b53d-5dc9d7e84394" testId="e71721a0-5078-2177-b087-307c25fb0f3c" testName="ExxerAI.Application.Tests.Services.TaskServiceTests.GetAgentTasksAsync_WithEmptyAgentId_ShouldReturnFailure" computerName="DESKTOP-FB2ES22" duration="00:00:00.0040251" startTime="2025-07-04T09:01:52.5169492-06:00" endTime="2025-07-04T09:01:52.5211402-06:00" testType="13cdc9d9-ddb5-4fa4-a97d-d965ccfc6d4b" outcome="Passed" testListId="8c84fa94-04c1-424b-9868-57a2d4851a1d" relativeResultsDirectory="43091c8b-e1a2-43e4-b53d-5dc9d7e84394" />
    <UnitTestResult executionId="fdafd4c7-3e6e-4b94-a6eb-b1c58cf3ab36" testId="4c3b769c-b285-2801-9ee6-bb367f9ee26e" testName="ExxerAI.Application.Tests.Services.KpiExxerproPatternSeedImplementationTests+GetStatisticsTests.GetStatistics_Should_CalculateCorrectAverageConfidence" computerName="DESKTOP-FB2ES22" duration="00:00:00.0016817" startTime="2025-07-04T09:01:52.2896431-06:00" endTime="2025-07-04T09:01:52.2897091-06:00" testType="13cdc9d9-ddb5-4fa4-a97d-d965ccfc6d4b" outcome="Passed" testListId="8c84fa94-04c1-424b-9868-57a2d4851a1d" relativeResultsDirectory="fdafd4c7-3e6e-4b94-a6eb-b1c58cf3ab36" />
    <UnitTestResult executionId="2e821245-3705-43e9-a366-91f98ba2b79f" testId="8b195190-0db8-ca5e-61de-fcf4be6973a3" testName="ExxerAI.Application.Tests.Services.TaskServiceTests.CompleteTaskAsync_WithoutOutputData_ShouldReturnSuccess" computerName="DESKTOP-FB2ES22" duration="00:00:00.0015191" startTime="2025-07-04T09:01:52.5153645-06:00" endTime="2025-07-04T09:01:52.5167597-06:00" testType="13cdc9d9-ddb5-4fa4-a97d-d965ccfc6d4b" outcome="Passed" testListId="8c84fa94-04c1-424b-9868-57a2d4851a1d" relativeResultsDirectory="2e821245-3705-43e9-a366-91f98ba2b79f" />
    <UnitTestResult executionId="bf6ea295-f36a-4095-964a-a1402148906c" testId="aa7fe736-3f17-b2ba-97f9-b22f870e9ee9" testName="ExxerAI.Application.Tests.Services.DocumentIngestionServiceBehavioralTests.DetectDocumentChangesAsync_Should_Return_Changes_When_ChangesExist" computerName="DESKTOP-FB2ES22" duration="00:00:00.0037650" startTime="2025-07-04T09:01:52.3951882-06:00" endTime="2025-07-04T09:01:52.3985111-06:00" testType="13cdc9d9-ddb5-4fa4-a97d-d965ccfc6d4b" outcome="Passed" testListId="8c84fa94-04c1-424b-9868-57a2d4851a1d" relativeResultsDirectory="bf6ea295-f36a-4095-964a-a1402148906c" />
    <UnitTestResult executionId="78b9c95b-ff94-4ed0-b1a6-ff7d362f4be6" testId="3ff84ce1-2026-4cdc-b48f-e19e602cd4a0" testName="ExxerAI.Application.Tests.Data.KpiExxerproPatternSeedTests+PatternSeedStatisticsTests.PatternSeedStatistics_ShouldHaveDefaultValues" computerName="DESKTOP-FB2ES22" duration="00:00:00.0308640" startTime="2025-07-04T09:01:52.1247489-06:00" endTime="2025-07-04T09:01:52.2127147-06:00" testType="13cdc9d9-ddb5-4fa4-a97d-d965ccfc6d4b" outcome="Passed" testListId="8c84fa94-04c1-424b-9868-57a2d4851a1d" relativeResultsDirectory="78b9c95b-ff94-4ed0-b1a6-ff7d362f4be6" />
    <UnitTestResult executionId="da351c59-b9ad-4ba4-aa4d-e4af435e95b0" testId="06a2c159-01e1-fe36-f440-c9925903427c" testName="ExxerAI.Application.Tests.Services.TaskServiceTests.ITaskService_AllMethods_ShouldRespectCancellationToken" computerName="DESKTOP-FB2ES22" duration="00:00:00.0183750" startTime="2025-07-04T09:01:52.4808597-06:00" endTime="2025-07-04T09:01:52.5059833-06:00" testType="13cdc9d9-ddb5-4fa4-a97d-d965ccfc6d4b" outcome="Passed" testListId="8c84fa94-04c1-424b-9868-57a2d4851a1d" relativeResultsDirectory="da351c59-b9ad-4ba4-aa4d-e4af435e95b0" />
    <UnitTestResult executionId="23593278-e739-4d70-b8ad-73d84d951ee6" testId="805bf97c-530f-7c07-8368-da9c1a28b222" testName="ExxerAI.Application.Tests.Services.LLMServiceImplementationTests.CountTokensAsync_Should_ReturnFailure_When_ModelNotFound" computerName="DESKTOP-FB2ES22" duration="00:00:00.0061912" startTime="2025-07-04T09:01:52.9851824-06:00" endTime="2025-07-04T09:01:52.9916859-06:00" testType="13cdc9d9-ddb5-4fa4-a97d-d965ccfc6d4b" outcome="Passed" testListId="8c84fa94-04c1-424b-9868-57a2d4851a1d" relativeResultsDirectory="23593278-e739-4d70-b8ad-73d84d951ee6" />
    <UnitTestResult executionId="7405c068-1e33-4fbc-afec-c100d24cfc13" testId="95e19254-272a-b1fd-d184-47eaa768694d" testName="ExxerAI.Application.Tests.Services.DocumentIngestionServiceImplementationTests.StartWatchingFolderAsync_Should_ReturnFailure_When_FolderIdIsWhitespace" computerName="DESKTOP-FB2ES22" duration="00:00:00.0011751" startTime="2025-07-04T09:01:53.9163102-06:00" endTime="2025-07-04T09:01:53.9171822-06:00" testType="13cdc9d9-ddb5-4fa4-a97d-d965ccfc6d4b" outcome="Passed" testListId="8c84fa94-04c1-424b-9868-57a2d4851a1d" relativeResultsDirectory="7405c068-1e33-4fbc-afec-c100d24cfc13" />
    <UnitTestResult executionId="d371f95b-2e7b-4418-a157-75db88ba26b5" testId="89b1f867-d7ee-53fb-59b1-fda1dcaaca9e" testName="ExxerAI.Application.Tests.Services.TaskServiceTests.CreateTaskAsync_WithInvalidInput_ShouldReturnFailureResult(title: &quot;   &quot;, description: &quot;Valid Description&quot;, taskType: &quot;ValidType&quot;)" computerName="DESKTOP-FB2ES22" duration="00:00:00.0026909" startTime="2025-07-04T09:01:52.4163317-06:00" endTime="2025-07-04T09:01:52.4211832-06:00" testType="13cdc9d9-ddb5-4fa4-a97d-d965ccfc6d4b" outcome="Passed" testListId="8c84fa94-04c1-424b-9868-57a2d4851a1d" relativeResultsDirectory="d371f95b-2e7b-4418-a157-75db88ba26b5" />
    <UnitTestResult executionId="f4734939-64c3-4098-a292-321a326962de" testId="6d8d22d7-3367-f5d2-e5e3-e9f460f6dd3c" testName="ExxerAI.Application.Tests.Services.DocumentIngestionServiceTests.ProcessDocumentChangeAsync_ShouldHandleFailure_When_ProcessingFails" computerName="DESKTOP-FB2ES22" duration="00:00:00.2191898" startTime="2025-07-04T09:01:54.5133174-06:00" endTime="2025-07-04T09:01:54.7317348-06:00" testType="13cdc9d9-ddb5-4fa4-a97d-d965ccfc6d4b" outcome="Passed" testListId="8c84fa94-04c1-424b-9868-57a2d4851a1d" relativeResultsDirectory="f4734939-64c3-4098-a292-321a326962de" />
    <UnitTestResult executionId="a77023c0-14cd-4846-935a-77200302a4a9" testId="a6fc5f15-ccea-6b8d-7f99-7f3fa51ecd44" testName="ExxerAI.Application.Tests.Data.KpiExxerproPatternSeedTests+InitialPatternsTests.InitialPatterns_ShouldHaveHighConfidenceScores" computerName="DESKTOP-FB2ES22" duration="00:00:00.0005553" startTime="2025-07-04T09:01:52.3215732-06:00" endTime="2025-07-04T09:01:52.3216542-06:00" testType="13cdc9d9-ddb5-4fa4-a97d-d965ccfc6d4b" outcome="Passed" testListId="8c84fa94-04c1-424b-9868-57a2d4851a1d" relativeResultsDirectory="a77023c0-14cd-4846-935a-77200302a4a9" />
    <UnitTestResult executionId="60d2adb4-ac20-4495-9535-e7d60122b546" testId="2d02e20f-cd27-de3a-3084-4175da66be47" testName="ExxerAI.Application.Tests.Services.TaskServiceTests.UpdateTaskStatusAsync_WithEmptyTaskId_ShouldReturnFailure" computerName="DESKTOP-FB2ES22" duration="00:00:00.0017773" startTime="2025-07-04T09:01:52.4537075-06:00" endTime="2025-07-04T09:01:52.4552736-06:00" testType="13cdc9d9-ddb5-4fa4-a97d-d965ccfc6d4b" outcome="Passed" testListId="8c84fa94-04c1-424b-9868-57a2d4851a1d" relativeResultsDirectory="60d2adb4-ac20-4495-9535-e7d60122b546" />
    <UnitTestResult executionId="95a694fd-3c54-4e0e-81ff-9e84c0dd8a3d" testId="f61b2add-86cd-8386-6110-511de7a4e923" testName="ExxerAI.Application.Tests.Services.DocumentIngestionServiceBehavioralTests.GetIngestionStatusAsync_Should_Return_Failure_When_ExceptionOccurs" computerName="DESKTOP-FB2ES22" duration="00:00:00.0015900" startTime="2025-07-04T09:01:52.3987425-06:00" endTime="2025-07-04T09:01:52.4010405-06:00" testType="13cdc9d9-ddb5-4fa4-a97d-d965ccfc6d4b" outcome="Passed" testListId="8c84fa94-04c1-424b-9868-57a2d4851a1d" relativeResultsDirectory="95a694fd-3c54-4e0e-81ff-9e84c0dd8a3d" />
    <UnitTestResult executionId="ab0d5bc7-a6da-4382-8f89-16e6e059118d" testId="52655969-2775-4e84-9e13-92ec0b84b189" testName="ExxerAI.Application.Tests.Services.TaskServiceTests.CreateTaskAsync_WithInvalidInput_ShouldReturnFailureResult(title: &quot;&quot;, description: &quot;Valid Description&quot;, taskType: &quot;ValidType&quot;)" computerName="DESKTOP-FB2ES22" duration="00:00:00.0000853" startTime="2025-07-04T09:01:52.4219258-06:00" endTime="2025-07-04T09:01:52.4219906-06:00" testType="13cdc9d9-ddb5-4fa4-a97d-d965ccfc6d4b" outcome="Passed" testListId="8c84fa94-04c1-424b-9868-57a2d4851a1d" relativeResultsDirectory="ab0d5bc7-a6da-4382-8f89-16e6e059118d" />
    <UnitTestResult executionId="eb464201-2d4a-4f7c-8585-5930e8c096cb" testId="d54d3dc9-f45b-df83-73f6-4b86a5157d95" testName="ExxerAI.Application.Tests.Services.LLMServiceImplementationTests.ValidateModelAsync_Should_ReturnFalse_When_ModelNotFound" computerName="DESKTOP-FB2ES22" duration="00:00:00.0045521" startTime="2025-07-04T09:01:52.9627874-06:00" endTime="2025-07-04T09:01:52.9671712-06:00" testType="13cdc9d9-ddb5-4fa4-a97d-d965ccfc6d4b" outcome="Passed" testListId="8c84fa94-04c1-424b-9868-57a2d4851a1d" relativeResultsDirectory="eb464201-2d4a-4f7c-8585-5930e8c096cb" />
    <UnitTestResult executionId="7f221607-c7a2-461e-925d-4ae510fe9ca2" testId="21f03c22-c5a0-ffe8-123d-b3241a6f9ad6" testName="ExxerAI.Application.Tests.Services.DocumentIngestionServiceTests.ProcessDocumentChanges_ShouldHandleHighVolume_Efficiently" computerName="DESKTOP-FB2ES22" duration="00:00:00.3080739" startTime="2025-07-04T09:01:52.4112122-06:00" endTime="2025-07-04T09:01:52.7220113-06:00" testType="13cdc9d9-ddb5-4fa4-a97d-d965ccfc6d4b" outcome="Passed" testListId="8c84fa94-04c1-424b-9868-57a2d4851a1d" relativeResultsDirectory="7f221607-c7a2-461e-925d-4ae510fe9ca2" />
    <UnitTestResult executionId="92dcc4a8-b98b-411b-9e1d-e2d51e5e3ce3" testId="480ba3a8-5f9b-fa48-e990-75bec582c074" testName="ExxerAI.Application.Tests.Data.KpiExxerproPatternSeedTests+GetStatisticsTests.GetStatistics_ShouldReturnValidStatistics" computerName="DESKTOP-FB2ES22" duration="00:00:00.0019423" startTime="2025-07-04T09:01:52.2173379-06:00" endTime="2025-07-04T09:01:52.2173971-06:00" testType="13cdc9d9-ddb5-4fa4-a97d-d965ccfc6d4b" outcome="Passed" testListId="8c84fa94-04c1-424b-9868-57a2d4851a1d" relativeResultsDirectory="92dcc4a8-b98b-411b-9e1d-e2d51e5e3ce3" />
    <UnitTestResult executionId="1b6ab65a-0ebc-47ad-bea2-572006bcbb00" testId="850e0c3c-0955-ecc0-a5f8-2a747f44d8c8" testName="ExxerAI.Application.Tests.Services.WorkflowServiceTests.CreateWorkflowAsync_WithInvalidInput_ShouldReturnFailureResult(name: &quot;   &quot;, description: &quot;Valid Description&quot;)" computerName="DESKTOP-FB2ES22" duration="00:00:00.0003810" startTime="2025-07-04T09:01:52.3465132-06:00" endTime="2025-07-04T09:01:52.3467176-06:00" testType="13cdc9d9-ddb5-4fa4-a97d-d965ccfc6d4b" outcome="Passed" testListId="8c84fa94-04c1-424b-9868-57a2d4851a1d" relativeResultsDirectory="1b6ab65a-0ebc-47ad-bea2-572006bcbb00" />
    <UnitTestResult executionId="ae28b846-4340-401f-b8b3-0dbc62c4f206" testId="0e97f63c-f680-6f8e-48f2-65911c5eb80e" testName="ExxerAI.Application.Tests.Services.TaskServiceTests.GetTaskAsync_WithEmptyGuid_ShouldReturnFailureResult" computerName="DESKTOP-FB2ES22" duration="00:00:00.0008523" startTime="2025-07-04T09:01:52.4628763-06:00" endTime="2025-07-04T09:01:52.4630397-06:00" testType="13cdc9d9-ddb5-4fa4-a97d-d965ccfc6d4b" outcome="Passed" testListId="8c84fa94-04c1-424b-9868-57a2d4851a1d" relativeResultsDirectory="ae28b846-4340-401f-b8b3-0dbc62c4f206" />
    <UnitTestResult executionId="6d4b97d5-f338-4a6c-a9bc-fe1d52e3a666" testId="c38a5b02-f6b0-2d68-9f25-2f7e22cd845f" testName="ExxerAI.Application.Tests.Services.WorkflowServiceImplementationTests.CreateWorkflowAsync_Should_CreateWorkflow_When_ValidNameProvided" computerName="DESKTOP-FB2ES22" duration="00:00:00.0169881" startTime="2025-07-04T09:01:52.3347811-06:00" endTime="2025-07-04T09:01:52.3586455-06:00" testType="13cdc9d9-ddb5-4fa4-a97d-d965ccfc6d4b" outcome="Passed" testListId="8c84fa94-04c1-424b-9868-57a2d4851a1d" relativeResultsDirectory="6d4b97d5-f338-4a6c-a9bc-fe1d52e3a666" />
    <UnitTestResult executionId="d47fb7a3-b13a-4f08-99e3-289e43f7bb49" testId="5bcc1fdd-3a95-bfee-d7c7-b1a7ae5e24fb" testName="ExxerAI.Application.Tests.Services.AgentServiceImplementationTests.CreateAgentAsync_Should_ReturnFailure_When_NameIsEmpty" computerName="DESKTOP-FB2ES22" duration="00:00:00.0025613" startTime="2025-07-04T09:01:52.3911494-06:00" endTime="2025-07-04T09:01:52.3933375-06:00" testType="13cdc9d9-ddb5-4fa4-a97d-d965ccfc6d4b" outcome="Passed" testListId="8c84fa94-04c1-424b-9868-57a2d4851a1d" relativeResultsDirectory="d47fb7a3-b13a-4f08-99e3-289e43f7bb49" />
    <UnitTestResult executionId="92fa5234-ee2e-4ba3-b9fd-58c146a2d1f0" testId="9665ea5e-fb45-56b9-5858-88304630083e" testName="ExxerAI.Application.Tests.Services.WorkflowServiceTests.IWorkflowService_AllMethods_ShouldRespectCancellationToken" computerName="DESKTOP-FB2ES22" duration="00:00:00.0025698" startTime="2025-07-04T09:01:52.3648057-06:00" endTime="2025-07-04T09:01:52.3666841-06:00" testType="13cdc9d9-ddb5-4fa4-a97d-d965ccfc6d4b" outcome="Passed" testListId="8c84fa94-04c1-424b-9868-57a2d4851a1d" relativeResultsDirectory="92fa5234-ee2e-4ba3-b9fd-58c146a2d1f0" />
    <UnitTestResult executionId="d885701c-6cb7-4ea7-b6e6-c6e9f7bff03e" testId="dbf475fb-50e9-fd7a-e2a8-649fca0365d7" testName="ExxerAI.Application.Tests.Services.LLMServiceTests.GenerateTextAsync_WithEmptyGuid_ShouldReturnFailureResult" computerName="DESKTOP-FB2ES22" duration="00:00:00.0014220" startTime="2025-07-04T09:01:52.3320110-06:00" endTime="2025-07-04T09:01:52.3323957-06:00" testType="13cdc9d9-ddb5-4fa4-a97d-d965ccfc6d4b" outcome="Passed" testListId="8c84fa94-04c1-424b-9868-57a2d4851a1d" relativeResultsDirectory="d885701c-6cb7-4ea7-b6e6-c6e9f7bff03e" />
    <UnitTestResult executionId="0762fae7-c577-436b-8da4-3f61d7b99848" testId="b82be9e7-af20-354b-8d19-1ceb781b58f4" testName="ExxerAI.Application.Tests.Services.LLMServiceImplementationTests.ContinueConversationAsync_Should_ReturnFailure_When_MessageIsEmpty" computerName="DESKTOP-FB2ES22" duration="00:00:00.0013423" startTime="2025-07-04T09:01:53.0034100-06:00" endTime="2025-07-04T09:01:53.0036829-06:00" testType="13cdc9d9-ddb5-4fa4-a97d-d965ccfc6d4b" outcome="Passed" testListId="8c84fa94-04c1-424b-9868-57a2d4851a1d" relativeResultsDirectory="0762fae7-c577-436b-8da4-3f61d7b99848" />
    <UnitTestResult executionId="7cab0535-62e3-49bc-976d-56871012974c" testId="90a637c8-8b33-901b-1c15-bac22f611b34" testName="ExxerAI.Application.Tests.Services.AgentServiceTests.GetActiveAgentsAsync_WhenNoActiveAgents_ShouldReturnEmptyList" computerName="DESKTOP-FB2ES22" duration="00:00:00.0015223" startTime="2025-07-04T09:01:52.5054750-06:00" endTime="2025-07-04T09:01:52.5070854-06:00" testType="13cdc9d9-ddb5-4fa4-a97d-d965ccfc6d4b" outcome="Passed" testListId="8c84fa94-04c1-424b-9868-57a2d4851a1d" relativeResultsDirectory="7cab0535-62e3-49bc-976d-56871012974c" />
    <UnitTestResult executionId="a5d287de-8057-4905-bce3-04c533292bc3" testId="8e149e61-e586-15ad-3a85-46734b5e6fe3" testName="ExxerAI.Application.Tests.Services.AgentServiceTests.UpdateAgentStatusAsync_WithNonExistentAgent_ShouldReturnFailure" computerName="DESKTOP-FB2ES22" duration="00:00:00.0010980" startTime="2025-07-04T09:01:52.5398215-06:00" endTime="2025-07-04T09:01:52.5408137-06:00" testType="13cdc9d9-ddb5-4fa4-a97d-d965ccfc6d4b" outcome="Passed" testListId="8c84fa94-04c1-424b-9868-57a2d4851a1d" relativeResultsDirectory="a5d287de-8057-4905-bce3-04c533292bc3" />
    <UnitTestResult executionId="f47b16f0-c8ca-4d54-9778-7b7ba64eb4da" testId="f52fbccb-31af-5f1c-1486-fde9a7eb8d47" testName="ExxerAI.Application.Tests.Services.AgentServiceTests.UpdateAgentStatusAsync_WithValidInput_ShouldReturnSuccess(status: Paused)" computerName="DESKTOP-FB2ES22" duration="00:00:00.0014746" startTime="2025-07-04T09:01:52.5171802-06:00" endTime="2025-07-04T09:01:52.5187473-06:00" testType="13cdc9d9-ddb5-4fa4-a97d-d965ccfc6d4b" outcome="Passed" testListId="8c84fa94-04c1-424b-9868-57a2d4851a1d" relativeResultsDirectory="f47b16f0-c8ca-4d54-9778-7b7ba64eb4da" />
    <UnitTestResult executionId="b490f7b1-536c-41a5-a43c-bae7d81ed517" testId="57c6730e-27a8-21de-98fa-3e9b7c7e3b53" testName="ExxerAI.Application.Tests.Services.WorkflowServiceTests.GetWorkflowAsync_WithValidId_ShouldReturnWorkflow" computerName="DESKTOP-FB2ES22" duration="00:00:00.0012369" startTime="2025-07-04T09:01:52.3493430-06:00" endTime="2025-07-04T09:01:52.3578870-06:00" testType="13cdc9d9-ddb5-4fa4-a97d-d965ccfc6d4b" outcome="Passed" testListId="8c84fa94-04c1-424b-9868-57a2d4851a1d" relativeResultsDirectory="b490f7b1-536c-41a5-a43c-bae7d81ed517" />
    <UnitTestResult executionId="a691ef24-d314-47eb-b0b5-11efc7d12123" testId="34ff69be-b9d9-9994-967c-220d0fb20927" testName="ExxerAI.Application.Tests.Services.HybridDocumentProcessorTests+ConstructorTests.Constructor_WithNullPatternDictionary_ShouldThrowArgumentNullException" computerName="DESKTOP-FB2ES22" duration="00:00:00.0005014" startTime="2025-07-04T09:01:52.4217217-06:00" endTime="2025-07-04T09:01:52.4222059-06:00" testType="13cdc9d9-ddb5-4fa4-a97d-d965ccfc6d4b" outcome="Passed" testListId="8c84fa94-04c1-424b-9868-57a2d4851a1d" relativeResultsDirectory="a691ef24-d314-47eb-b0b5-11efc7d12123" />
    <UnitTestResult executionId="ac2f21f7-f307-4568-a300-a66af4b0ad53" testId="62833af9-e37d-52d4-ef19-124c5979782a" testName="ExxerAI.Application.Tests.Services.AgentServiceTests.IAgentService_AllMethods_ShouldReturnResult" computerName="DESKTOP-FB2ES22" duration="00:00:00.0005438" startTime="2025-07-04T09:01:52.5461676-06:00" endTime="2025-07-04T09:01:52.5463412-06:00" testType="13cdc9d9-ddb5-4fa4-a97d-d965ccfc6d4b" outcome="Passed" testListId="8c84fa94-04c1-424b-9868-57a2d4851a1d" relativeResultsDirectory="ac2f21f7-f307-4568-a300-a66af4b0ad53" />
    <UnitTestResult executionId="e3cbb359-9043-4573-909a-cafb5edef964" testId="787ff2f9-4402-919b-e15e-e13c8d701de5" testName="ExxerAI.Application.Tests.Services.HybridDocumentProcessorTests+UpdatePatternsFromSuccessfulProcessingAsyncTests.UpdatePatternsFromSuccessfulProcessingAsync_WithLowConfidenceResult_ShouldSkipUpdate" computerName="DESKTOP-FB2ES22" duration="00:00:00.0016439" startTime="2025-07-04T09:01:52.4268798-06:00" endTime="2025-07-04T09:01:52.4279743-06:00" testType="13cdc9d9-ddb5-4fa4-a97d-d965ccfc6d4b" outcome="Passed" testListId="8c84fa94-04c1-424b-9868-57a2d4851a1d" relativeResultsDirectory="e3cbb359-9043-4573-909a-cafb5edef964" />
    <UnitTestResult executionId="47ad8ff0-c3d1-4dba-a76b-bf8098ab13c4" testId="173b2a6b-ccea-2894-1412-c00a505f092c" testName="ExxerAI.Application.Tests.Services.HybridDocumentProcessorTests+ValidateExtractedFieldsAsyncTests.ValidateExtractedFieldsAsync_WithMissingRequiredFields_ShouldReturnInvalidResult" computerName="DESKTOP-FB2ES22" duration="00:00:00.1891440" startTime="2025-07-04T09:01:52.2346907-06:00" endTime="2025-07-04T09:01:52.4246800-06:00" testType="13cdc9d9-ddb5-4fa4-a97d-d965ccfc6d4b" outcome="Passed" testListId="8c84fa94-04c1-424b-9868-57a2d4851a1d" relativeResultsDirectory="47ad8ff0-c3d1-4dba-a76b-bf8098ab13c4" />
    <UnitTestResult executionId="2895637d-7485-47ad-948c-10fb38be9c8c" testId="e1560ed6-6630-f864-fa84-bab184b30a26" testName="ExxerAI.Application.Tests.Services.AgentServiceTests.CreateAgentAsync_WithInvalidInput_ShouldReturnFailureResult(name: &quot;   &quot;, description: &quot;Valid Description&quot;)" computerName="DESKTOP-FB2ES22" duration="00:00:00.0001633" startTime="2025-07-04T09:01:52.5139985-06:00" endTime="2025-07-04T09:01:52.5140607-06:00" testType="13cdc9d9-ddb5-4fa4-a97d-d965ccfc6d4b" outcome="Passed" testListId="8c84fa94-04c1-424b-9868-57a2d4851a1d" relativeResultsDirectory="2895637d-7485-47ad-948c-10fb38be9c8c" />
    <UnitTestResult executionId="87cfdeb5-dd14-4e99-8ec1-163d7c0c172c" testId="5ec47069-7b9b-4d19-e91a-eb469f8848ca" testName="ExxerAI.Application.Tests.Services.AgentServiceTests.CreateAgentAsync_WithInvalidInput_ShouldReturnFailureResult(name: &quot;&quot;, description: &quot;Valid Description&quot;)" computerName="DESKTOP-FB2ES22" duration="00:00:00.0014377" startTime="2025-07-04T09:01:52.5130666-06:00" endTime="2025-07-04T09:01:52.5132419-06:00" testType="13cdc9d9-ddb5-4fa4-a97d-d965ccfc6d4b" outcome="Passed" testListId="8c84fa94-04c1-424b-9868-57a2d4851a1d" relativeResultsDirectory="87cfdeb5-dd14-4e99-8ec1-163d7c0c172c" />
    <UnitTestResult executionId="230d4429-e8fa-4347-a9c2-20f8dd8eaf19" testId="db8e036b-485c-751a-bb44-ebbe86685b36" testName="ExxerAI.Application.Tests.Services.DocumentIngestionServiceImplementationTests.IngestDocumentAsync_Should_ForceReprocessWhenRequested" computerName="DESKTOP-FB2ES22" duration="00:00:00.3003918" startTime="2025-07-04T09:01:53.5384457-06:00" endTime="2025-07-04T09:01:53.8411906-06:00" testType="13cdc9d9-ddb5-4fa4-a97d-d965ccfc6d4b" outcome="Passed" testListId="8c84fa94-04c1-424b-9868-57a2d4851a1d" relativeResultsDirectory="230d4429-e8fa-4347-a9c2-20f8dd8eaf19" />
    <UnitTestResult executionId="538b1cbe-e1af-48be-ae03-3b869d2c987b" testId="e73fb785-4521-9702-9633-b67fe1a2aba0" testName="ExxerAI.Application.Tests.Services.AgentServiceTests.UpdateAgentConfigurationAsync_WithEmptyGuid_ShouldReturnFailure" computerName="DESKTOP-FB2ES22" duration="00:00:00.0008182" startTime="2025-07-04T09:01:52.5410818-06:00" endTime="2025-07-04T09:01:52.5416508-06:00" testType="13cdc9d9-ddb5-4fa4-a97d-d965ccfc6d4b" outcome="Passed" testListId="8c84fa94-04c1-424b-9868-57a2d4851a1d" relativeResultsDirectory="538b1cbe-e1af-48be-ae03-3b869d2c987b" />
    <UnitTestResult executionId="dd549c51-07e0-465f-be02-240c87d335a7" testId="faa37c05-7471-287c-2aee-f3cf7d9d802f" testName="ExxerAI.Application.Tests.Services.TaskServiceTests.CreateTaskAsync_WithInvalidInput_ShouldReturnFailureResult(title: &quot;Valid Title&quot;, description: &quot;&quot;, taskType: &quot;ValidType&quot;)" computerName="DESKTOP-FB2ES22" duration="00:00:00.0005651" startTime="2025-07-04T09:01:52.4213331-06:00" endTime="2025-07-04T09:01:52.4214267-06:00" testType="13cdc9d9-ddb5-4fa4-a97d-d965ccfc6d4b" outcome="Passed" testListId="8c84fa94-04c1-424b-9868-57a2d4851a1d" relativeResultsDirectory="dd549c51-07e0-465f-be02-240c87d335a7" />
    <UnitTestResult executionId="8590a8bf-fa48-4c5b-87cd-26d442f3a2f3" testId="7a1b7f8d-7c28-3ea1-9123-cd6a2756dcea" testName="ExxerAI.Application.Tests.Services.AgentServiceTests.GetAllAgentsAsync_WhenAgentsExist_ShouldReturnAllAgents" computerName="DESKTOP-FB2ES22" duration="00:00:00.0008223" startTime="2025-07-04T09:01:52.5388854-06:00" endTime="2025-07-04T09:01:52.5395684-06:00" testType="13cdc9d9-ddb5-4fa4-a97d-d965ccfc6d4b" outcome="Passed" testListId="8c84fa94-04c1-424b-9868-57a2d4851a1d" relativeResultsDirectory="8590a8bf-fa48-4c5b-87cd-26d442f3a2f3" />
    <UnitTestResult executionId="239ed77c-5701-41de-82d9-9a01101cffaf" testId="5fa3a4fa-e8c6-bf17-50aa-6fdb57e0390e" testName="ExxerAI.Application.Tests.Services.WorkflowServiceTests.ExecuteWorkflowAsync_WithNullInput_ShouldReturnFailureResult" computerName="DESKTOP-FB2ES22" duration="00:00:00.0018613" startTime="2025-07-04T09:01:52.3587580-06:00" endTime="2025-07-04T09:01:52.3604485-06:00" testType="13cdc9d9-ddb5-4fa4-a97d-d965ccfc6d4b" outcome="Passed" testListId="8c84fa94-04c1-424b-9868-57a2d4851a1d" relativeResultsDirectory="239ed77c-5701-41de-82d9-9a01101cffaf" />
    <UnitTestResult executionId="80c857ae-b8b7-45d4-a1f2-f45bde0800a4" testId="fe17e8fd-addb-8b86-aa48-9105921337a7" testName="ExxerAI.Application.Tests.Services.DocumentIngestionServiceTests.IsDocumentModifiedAsync_ShouldReturnTrue_When_DocumentWasModified" computerName="DESKTOP-FB2ES22" duration="00:00:00.0030821" startTime="2025-07-04T09:01:52.7323826-06:00" endTime="2025-07-04T09:01:52.7355911-06:00" testType="13cdc9d9-ddb5-4fa4-a97d-d965ccfc6d4b" outcome="Passed" testListId="8c84fa94-04c1-424b-9868-57a2d4851a1d" relativeResultsDirectory="80c857ae-b8b7-45d4-a1f2-f45bde0800a4" />
    <UnitTestResult executionId="c7a9e33d-5e6d-4ab9-bdb3-292dcfa5f2ad" testId="4988fed9-345f-24f0-a197-f9dcb1a329d1" testName="ExxerAI.Application.Tests.Services.LLMServiceTests.ILLMService_AllMethods_ShouldRespectCancellationToken" computerName="DESKTOP-FB2ES22" duration="00:00:00.0135392" startTime="2025-07-04T09:01:52.3184770-06:00" endTime="2025-07-04T09:01:52.3318068-06:00" testType="13cdc9d9-ddb5-4fa4-a97d-d965ccfc6d4b" outcome="Passed" testListId="8c84fa94-04c1-424b-9868-57a2d4851a1d" relativeResultsDirectory="c7a9e33d-5e6d-4ab9-bdb3-292dcfa5f2ad" />
    <UnitTestResult executionId="fa5987e0-9a7f-47ec-8e49-152ad996f9a4" testId="d45556c0-b996-fbce-165e-96fa06519b36" testName="ExxerAI.Application.Tests.Services.TaskServiceTests.CreateTaskAsync_WithValidInput_ShouldReturnSuccessResult" computerName="DESKTOP-FB2ES22" duration="00:00:00.0079370" startTime="2025-07-04T09:01:52.4338948-06:00" endTime="2025-07-04T09:01:52.4420819-06:00" testType="13cdc9d9-ddb5-4fa4-a97d-d965ccfc6d4b" outcome="Passed" testListId="8c84fa94-04c1-424b-9868-57a2d4851a1d" relativeResultsDirectory="fa5987e0-9a7f-47ec-8e49-152ad996f9a4" />
    <UnitTestResult executionId="ef1fc4d5-c40e-4441-89fc-127c926cc8c1" testId="895f7e48-97fd-9363-9497-66ef84e9bf26" testName="ExxerAI.Application.Tests.Services.TaskServiceTests.GetAgentTasksAsync_WithStatusFilter_ShouldReturnFilteredTasks(agentStatus: Completed)" computerName="DESKTOP-FB2ES22" duration="00:00:00.0019929" startTime="2025-07-04T09:01:52.4316420-06:00" endTime="2025-07-04T09:01:52.4331011-06:00" testType="13cdc9d9-ddb5-4fa4-a97d-d965ccfc6d4b" outcome="Passed" testListId="8c84fa94-04c1-424b-9868-57a2d4851a1d" relativeResultsDirectory="ef1fc4d5-c40e-4441-89fc-127c926cc8c1" />
    <UnitTestResult executionId="610622cb-f370-4cdb-8ea3-5eaa8a2446d5" testId="38723fa7-6b6e-c113-88e7-76852c2a7257" testName="ExxerAI.Application.Tests.Services.LLMServiceImplementationTests.CountTokensAsync_Should_ReturnTokenCount_When_ValidText" computerName="DESKTOP-FB2ES22" duration="00:00:00.0032318" startTime="2025-07-04T09:01:53.0046572-06:00" endTime="2025-07-04T09:01:53.0069002-06:00" testType="13cdc9d9-ddb5-4fa4-a97d-d965ccfc6d4b" outcome="Passed" testListId="8c84fa94-04c1-424b-9868-57a2d4851a1d" relativeResultsDirectory="610622cb-f370-4cdb-8ea3-5eaa8a2446d5" />
    <UnitTestResult executionId="a4c9bf85-f39a-4851-af01-cd982fe86734" testId="15cd4347-0e1f-e0e1-209f-053df0a2cb78" testName="ExxerAI.Application.Tests.Services.LLMServiceImplementationTests.GenerateTextAsync_Should_ReturnFailure_When_ModelNotFound" computerName="DESKTOP-FB2ES22" duration="00:00:00.0053052" startTime="2025-07-04T09:01:52.3448623-06:00" endTime="2025-07-04T09:01:52.3574386-06:00" testType="13cdc9d9-ddb5-4fa4-a97d-d965ccfc6d4b" outcome="Passed" testListId="8c84fa94-04c1-424b-9868-57a2d4851a1d" relativeResultsDirectory="a4c9bf85-f39a-4851-af01-cd982fe86734" />
    <UnitTestResult executionId="e8e0c323-232c-4d59-80cd-98e1630d0323" testId="53b9f6f3-52e3-de17-9e97-f718b6fff046" testName="ExxerAI.Application.Tests.Services.LLMServiceTests.GenerateTextAsync_WithInvalidPrompt_ShouldReturnFailureResult(prompt: &quot;&quot;)" computerName="DESKTOP-FB2ES22" duration="00:00:00.0005465" startTime="2025-07-04T09:01:52.3144574-06:00" endTime="2025-07-04T09:01:52.3146476-06:00" testType="13cdc9d9-ddb5-4fa4-a97d-d965ccfc6d4b" outcome="Passed" testListId="8c84fa94-04c1-424b-9868-57a2d4851a1d" relativeResultsDirectory="e8e0c323-232c-4d59-80cd-98e1630d0323" />
    <UnitTestResult executionId="7f61b3a0-7288-47bb-b11a-817b568f14d4" testId="9b1acc78-da87-15c3-351d-31fe241c0db6" testName="ExxerAI.Application.Tests.Services.WorkflowServiceTests.DeleteWorkflowAsync_WithNonExistentWorkflow_ShouldReturnFailure" computerName="DESKTOP-FB2ES22" duration="00:00:00.0011360" startTime="2025-07-04T09:01:52.3451564-06:00" endTime="2025-07-04T09:01:52.3452223-06:00" testType="13cdc9d9-ddb5-4fa4-a97d-d965ccfc6d4b" outcome="Passed" testListId="8c84fa94-04c1-424b-9868-57a2d4851a1d" relativeResultsDirectory="7f61b3a0-7288-47bb-b11a-817b568f14d4" />
    <UnitTestResult executionId="4543d5c5-20aa-4caf-9606-813195f8135a" testId="44307a09-aa43-f6f2-fb56-ad181565ddf6" testName="ExxerAI.Application.Tests.Services.TaskServiceTests.UpdateTaskStatusAsync_WithValidInput_ShouldReturnSuccess(agentStatus: Failed)" computerName="DESKTOP-FB2ES22" duration="00:00:00.0870853" startTime="2025-07-04T09:01:52.3249690-06:00" endTime="2025-07-04T09:01:52.4122150-06:00" testType="13cdc9d9-ddb5-4fa4-a97d-d965ccfc6d4b" outcome="Passed" testListId="8c84fa94-04c1-424b-9868-57a2d4851a1d" relativeResultsDirectory="4543d5c5-20aa-4caf-9606-813195f8135a" />
    <UnitTestResult executionId="745d824e-bdd0-4eb5-90c1-0613c00164b1" testId="602ea7b6-f376-b348-5351-2bc7de1ddd16" testName="ExxerAI.Application.Tests.Services.HybridDocumentProcessorTests+ProcessDocumentBatchAsyncTests.ProcessDocumentBatchAsync_WithMixedResults_ShouldReportCorrectStatistics" computerName="DESKTOP-FB2ES22" duration="00:00:00.4411632" startTime="2025-07-04T09:01:52.0108097-06:00" endTime="2025-07-04T09:01:52.4524048-06:00" testType="13cdc9d9-ddb5-4fa4-a97d-d965ccfc6d4b" outcome="Passed" testListId="8c84fa94-04c1-424b-9868-57a2d4851a1d" relativeResultsDirectory="745d824e-bdd0-4eb5-90c1-0613c00164b1" />
    <UnitTestResult executionId="f1f0cb9f-bc83-4255-ac45-2839fc4b11a2" testId="f74ee300-7ee2-fb14-9fd3-61647f669c85" testName="ExxerAI.Application.Tests.Data.KpiExxerproPatternSeedTests+GetStatisticsTests.GetStatistics_ShouldHaveCorrectOverallSuccessRate" computerName="DESKTOP-FB2ES22" duration="00:00:00.0141424" startTime="2025-07-04T09:01:52.2170312-06:00" endTime="2025-07-04T09:01:52.2171235-06:00" testType="13cdc9d9-ddb5-4fa4-a97d-d965ccfc6d4b" outcome="Passed" testListId="8c84fa94-04c1-424b-9868-57a2d4851a1d" relativeResultsDirectory="f1f0cb9f-bc83-4255-ac45-2839fc4b11a2" />
    <UnitTestResult executionId="db50ee83-1370-4782-a6be-5aa43984382d" testId="c63b3dda-c826-ff5e-a440-1de55805aff8" testName="ExxerAI.Application.Tests.Services.WorkflowServiceTests.ExecutionControlMethods_WithValidId_ShouldReturnSuccess(methodName: &quot;PauseWorkflowExecutionAsync&quot;)" computerName="DESKTOP-FB2ES22" duration="00:00:00.0004870" startTime="2025-07-04T09:01:52.3399318-06:00" endTime="2025-07-04T09:01:52.3417378-06:00" testType="13cdc9d9-ddb5-4fa4-a97d-d965ccfc6d4b" outcome="Passed" testListId="8c84fa94-04c1-424b-9868-57a2d4851a1d" relativeResultsDirectory="db50ee83-1370-4782-a6be-5aa43984382d" />
    <UnitTestResult executionId="9c2ed6b1-34e6-4b80-8ee8-eb9ab4a2ba8f" testId="8d879e74-82c9-94ad-fc77-f32e78a12c91" testName="ExxerAI.Application.Tests.Services.LLMServiceTests.ILLMService_AllMethods_ShouldReturnResult" computerName="DESKTOP-FB2ES22" duration="00:00:00.1508295" startTime="2025-07-04T09:01:52.2134114-06:00" endTime="2025-07-04T09:01:52.3068338-06:00" testType="13cdc9d9-ddb5-4fa4-a97d-d965ccfc6d4b" outcome="Passed" testListId="8c84fa94-04c1-424b-9868-57a2d4851a1d" relativeResultsDirectory="9c2ed6b1-34e6-4b80-8ee8-eb9ab4a2ba8f" />
    <UnitTestResult executionId="000f2b09-b138-417e-8cfa-db80343e0c9a" testId="5dabfe99-f569-0d3c-b0c3-6cc9b033adf1" testName="ExxerAI.Application.Tests.Services.AgentServiceTests.AssignTaskAsync_WithValidInput_ShouldReturnSuccess" computerName="DESKTOP-FB2ES22" duration="00:00:00.0016763" startTime="2025-07-04T09:01:52.5027365-06:00" endTime="2025-07-04T09:01:52.5030328-06:00" testType="13cdc9d9-ddb5-4fa4-a97d-d965ccfc6d4b" outcome="Passed" testListId="8c84fa94-04c1-424b-9868-57a2d4851a1d" relativeResultsDirectory="000f2b09-b138-417e-8cfa-db80343e0c9a" />
    <UnitTestResult executionId="2ddabb85-6eb6-4e8e-b12d-95039237d1fe" testId="d501237f-df1a-7bf9-a6a1-46ac92a6b51e" testName="ExxerAI.Application.Tests.Services.WorkflowServiceTests.ExecutionControlMethods_WithValidId_ShouldReturnSuccess(methodName: &quot;ResumeWorkflowExecutionAsync&quot;)" computerName="DESKTOP-FB2ES22" duration="00:00:00.0016789" startTime="2025-07-04T09:01:52.3384760-06:00" endTime="2025-07-04T09:01:52.3397527-06:00" testType="13cdc9d9-ddb5-4fa4-a97d-d965ccfc6d4b" outcome="Passed" testListId="8c84fa94-04c1-424b-9868-57a2d4851a1d" relativeResultsDirectory="2ddabb85-6eb6-4e8e-b12d-95039237d1fe" />
    <UnitTestResult executionId="c9629e28-3ef3-4874-9577-7bf02b4534ed" testId="3cff72c4-def2-c959-9f8e-f72c23c624ce" testName="ExxerAI.Application.Tests.Services.HybridDocumentProcessorTests+ConstructorTests.Constructor_WithNullOCRProcessor_ShouldThrowArgumentNullException" computerName="DESKTOP-FB2ES22" duration="00:00:00.0003852" startTime="2025-07-04T09:01:52.4242044-06:00" endTime="2025-07-04T09:01:52.4242733-06:00" testType="13cdc9d9-ddb5-4fa4-a97d-d965ccfc6d4b" outcome="Passed" testListId="8c84fa94-04c1-424b-9868-57a2d4851a1d" relativeResultsDirectory="c9629e28-3ef3-4874-9577-7bf02b4534ed" />
[...]
    <TestEntry testId="f03260dd-055a-706e-08b7-b25b4c5064bf" executionId="40ff42cb-ac94-4a40-9612-06f48b04fc4e" testListId="8c84fa94-04c1-424b-9868-57a2d4851a1d" />
    <TestEntry testId="81da15ca-7af0-1a6f-b601-df2a4f836050" executionId="1210f4f3-a694-4428-b342-b2539beea34a" testListId="8c84fa94-04c1-424b-9868-57a2d4851a1d" />
    <TestEntry testId="9f1bf801-e495-828c-e5e1-75548f9f4a06" executionId="c7393d55-7cee-47b5-ab70-73ee7eff5958" testListId="8c84fa94-04c1-424b-9868-57a2d4851a1d" />
    <TestEntry testId="81c21a9f-b351-be45-09b6-4a814ae67871" executionId="9a428cc2-543f-41f5-9113-8c3289634e6e" testListId="8c84fa94-04c1-424b-9868-57a2d4851a1d" />
    <TestEntry testId="c0a2f748-6909-b7af-7a52-223c06ad7c50" executionId="a6a78168-99b0-4d86-a174-fdc275655406" testListId="8c84fa94-04c1-424b-9868-57a2d4851a1d" />
    <TestEntry testId="49b6ea0e-9023-b18c-00a5-bef7cc1e8979" executionId="eb17abbc-e174-4d45-81ec-ee2defa4d8f0" testListId="8c84fa94-04c1-424b-9868-57a2d4851a1d" />
    <TestEntry testId="dd3249fb-f308-ec63-f5b3-b3d3610053e0" executionId="5df12efb-1fea-4616-8ab9-6059d14693cb" testListId="8c84fa94-04c1-424b-9868-57a2d4851a1d" />
    <TestEntry testId="c220612d-a957-4a4f-e5ed-d2e2cc845984" executionId="b0673969-30e6-4046-991b-3dadc384cfee" testListId="8c84fa94-04c1-424b-9868-57a2d4851a1d" />
    <TestEntry testId="a4fc208c-c9d4-2558-372d-9c46573e321d" executionId="d193723e-49ee-4c0a-a17b-7e9985dac28d" testListId="8c84fa94-04c1-424b-9868-57a2d4851a1d" />
    <TestEntry testId="af5ddbd0-57e6-fbf2-745f-98b7532120c3" executionId="79ecf0e9-0973-4722-b26d-a172d57ad9cf" testListId="8c84fa94-04c1-424b-9868-57a2d4851a1d" />
    <TestEntry testId="267bd55d-5aef-8398-9301-25a19774b172" executionId="e27166e3-65f6-48aa-8616-98ae4adae055" testListId="8c84fa94-04c1-424b-9868-57a2d4851a1d" />
    <TestEntry testId="8a4e982a-8d4f-2311-0bf2-6c0dd2ad5225" executionId="5e22621b-ca4f-4099-90ac-64d16ca2bcfa" testListId="8c84fa94-04c1-424b-9868-57a2d4851a1d" />
    <TestEntry testId="2842db9b-05a1-a43a-9310-e8911a74c041" executionId="0307d68b-a556-4961-9d02-9b0479717a91" testListId="8c84fa94-04c1-424b-9868-57a2d4851a1d" />
    <TestEntry testId="e3091ac6-d9b5-d592-fd33-5477c91c38f6" executionId="2572f38a-f9f7-4b50-99dd-816e6a157c8b" testListId="8c84fa94-04c1-424b-9868-57a2d4851a1d" />
    <TestEntry testId="c25f294d-11dd-5233-c212-b3f2accc8742" executionId="79e52236-afa0-4ae4-8a80-eb122b533538" testListId="8c84fa94-04c1-424b-9868-57a2d4851a1d" />
    <TestEntry testId="df7d2f25-2359-5104-2ef7-bb3e79403768" executionId="db44106b-0914-449b-8815-764032b92da7" testListId="8c84fa94-04c1-424b-9868-57a2d4851a1d" />
    <TestEntry testId="6d151e5d-4dc3-8ea1-7542-2249fc01294d" executionId="0bcc952d-493c-44ae-9376-d6a29b7ec990" testListId="8c84fa94-04c1-424b-9868-57a2d4851a1d" />
    <TestEntry testId="46e213aa-5688-2d80-b758-ccac2a6041ca" executionId="37eb5038-e4c6-4ba7-a564-ea45f000eb47" testListId="8c84fa94-04c1-424b-9868-57a2d4851a1d" />
    <TestEntry testId="fded89c7-7c3a-0132-7449-c6d1c02b2ba9" executionId="689a7d91-7794-4c38-a626-32ef8372f2af" testListId="8c84fa94-04c1-424b-9868-57a2d4851a1d" />
    <TestEntry testId="3dba9358-2316-3200-be79-6a8e72fac83c" executionId="d9934d1a-fd96-4c1f-af70-6d7619ea2848" testListId="8c84fa94-04c1-424b-9868-57a2d4851a1d" />
    <TestEntry testId="5beb7822-12af-1e8c-0757-3aabbbd7d393" executionId="83d6ab31-161a-49a6-8f2d-7d9293af22cb" testListId="8c84fa94-04c1-424b-9868-57a2d4851a1d" />
    <TestEntry testId="e8218a7c-a357-95f4-8149-35083cee718c" executionId="8ffabe26-71da-4056-b9a3-e555e24ae459" testListId="8c84fa94-04c1-424b-9868-57a2d4851a1d" />
    <TestEntry testId="b5de31c0-aae2-1392-e0ee-45c97b4663cd" executionId="861f96ca-91d3-4a3f-b94a-8a284ae2dc55" testListId="8c84fa94-04c1-424b-9868-57a2d4851a1d" />
    <TestEntry testId="7ae6c136-d508-85e4-334b-68ebcf289f3a" executionId="a75709f1-fbe0-43c4-91fe-704b1a1a4de2" testListId="8c84fa94-04c1-424b-9868-57a2d4851a1d" />
    <TestEntry testId="15a77cd4-9bbc-bd93-9e68-eb51f74f0282" executionId="8ef0abe0-31b4-493f-b114-c79e2e5f3db4" testListId="8c84fa94-04c1-424b-9868-57a2d4851a1d" />
    <TestEntry testId="fb2f246c-7a2d-23ee-4da1-44a13c9c2415" executionId="0a7632cc-4c7c-424d-83a0-6673dfd2d342" testListId="8c84fa94-04c1-424b-9868-57a2d4851a1d" />
    <TestEntry testId="96a7ebf6-8766-e1e4-7b16-d26810b49798" executionId="7b10754d-95f9-495e-bea8-af8b7e56c798" testListId="8c84fa94-04c1-424b-9868-57a2d4851a1d" />
    <TestEntry testId="feda145d-2f9a-1ed9-e6f8-c8d2310e7fc6" executionId="173eedb2-c6cf-4d49-8882-a1e5968e7f44" testListId="8c84fa94-04c1-424b-9868-57a2d4851a1d" />
    <TestEntry testId="c6266a24-12c0-9644-1605-e57ce51e2adf" executionId="67df9677-d633-46f5-b840-0222cfd0434b" testListId="8c84fa94-04c1-424b-9868-57a2d4851a1d" />
    <TestEntry testId="04717aca-01e5-585b-975f-d0b0fcf042eb" executionId="9edfc459-14d4-4e22-867e-b505b3012e49" testListId="8c84fa94-04c1-424b-9868-57a2d4851a1d" />
    <TestEntry testId="502e63d2-fac7-f897-cbe4-4248f3d0de11" executionId="2f1dab12-92dd-477d-aa90-0d199c07b834" testListId="8c84fa94-04c1-424b-9868-57a2d4851a1d" />
    <TestEntry testId="c6c52ac1-2acd-d17a-0703-6657eceb7e4a" executionId="8eb03d4a-ce17-4b5d-9fe8-d281440ec269" testListId="8c84fa94-04c1-424b-9868-57a2d4851a1d" />
    <TestEntry testId="13529872-d31e-60e2-50d6-17318b52dc74" executionId="2520c957-e153-41c6-aee7-afec34fb3efe" testListId="8c84fa94-04c1-424b-9868-57a2d4851a1d" />
    <TestEntry testId="d28a8e52-5755-dba9-f7fd-7eb68a0f94af" executionId="81e61f7a-dfbf-4212-9976-3f461f84c957" testListId="8c84fa94-04c1-424b-9868-57a2d4851a1d" />
    <TestEntry testId="4ec0dbe2-f257-aa88-1c62-c04ebd3e4a26" executionId="ddabc724-2299-41d5-8d24-61b54cff01d2" testListId="8c84fa94-04c1-424b-9868-57a2d4851a1d" />
    <TestEntry testId="071cf609-f238-cc0c-18bb-40bca9aedf62" executionId="7af4d84a-d1e3-4595-95cb-685a51c73f22" testListId="8c84fa94-04c1-424b-9868-57a2d4851a1d" />
    <TestEntry testId="bc104fc2-109b-63c1-c993-adb5c29941ac" executionId="e0c63a62-653f-4b96-9449-07517b7829e7" testListId="8c84fa94-04c1-424b-9868-57a2d4851a1d" />
    <TestEntry testId="4280acac-87c9-6b40-de8d-c84a37a6791e" executionId="a4097459-b330-444d-8160-9ec78e75ef4e" testListId="8c84fa94-04c1-424b-9868-57a2d4851a1d" />
    <TestEntry testId="16a92f7a-a853-6e9a-3eda-2112d6bda040" executionId="2b047016-ead1-42ca-84b3-caa885c026b5" testListId="8c84fa94-04c1-424b-9868-57a2d4851a1d" />
    <TestEntry testId="c701ad74-533d-df8e-6e63-40e6774d68ac" executionId="98df5803-0ca9-454d-8ae8-7dbb6b01eade" testListId="8c84fa94-04c1-424b-9868-57a2d4851a1d" />
    <TestEntry testId="330596d0-a920-670e-1240-6e9660d5471a" executionId="5aa320cc-baf5-4a8c-9d60-566dd6ec0542" testListId="8c84fa94-04c1-424b-9868-57a2d4851a1d" />
    <TestEntry testId="43d907b7-a757-e93d-66b1-4618096dc977" executionId="24a68075-b455-4e2a-8ffe-41edf2852839" testListId="8c84fa94-04c1-424b-9868-57a2d4851a1d" />
    <TestEntry testId="2dde66db-c143-0894-319e-76712cd507c1" executionId="7d9c384a-e433-42f0-bb26-ca34914a246b" testListId="8c84fa94-04c1-424b-9868-57a2d4851a1d" />
    <TestEntry testId="f1b515fa-3390-b9a0-3f1f-fd15aee1070d" executionId="6f1d7826-6aa6-4ebb-93e0-89dce351b713" testListId="8c84fa94-04c1-424b-9868-57a2d4851a1d" />
    <TestEntry testId="1351c472-a69f-9bd4-4324-a2f145019a0a" executionId="187fd526-cc50-4e1d-b528-488ba528879c" testListId="8c84fa94-04c1-424b-9868-57a2d4851a1d" />
    <TestEntry testId="cbcb2add-5b3d-9cf1-bb66-84c2652f592d" executionId="2e5ff90c-a7ab-46bd-944f-b2f00546ff5c" testListId="8c84fa94-04c1-424b-9868-57a2d4851a1d" />
    <TestEntry testId="05b20851-13b5-788c-eaa3-19429a9e3723" executionId="b975b3c2-c2b1-4d80-b33f-f2447587988c" testListId="8c84fa94-04c1-424b-9868-57a2d4851a1d" />
    <TestEntry testId="20650d7a-b3f3-0013-f12b-d26b73c4a631" executionId="42ba55d5-f560-4206-9bdd-20d03808719b" testListId="8c84fa94-04c1-424b-9868-57a2d4851a1d" />
    <TestEntry testId="8f622f96-c7de-d259-1538-cfe531629ca2" executionId="465ac58f-3519-4603-8e23-9b89288ad8a2" testListId="8c84fa94-04c1-424b-9868-57a2d4851a1d" />
    <TestEntry testId="ca76d0cf-b29a-9af6-c6f4-775a81f91bf7" executionId="85d5cf28-e6b0-46cc-959a-8b88c9e10ced" testListId="8c84fa94-04c1-424b-9868-57a2d4851a1d" />
    <TestEntry testId="1b3cb9ca-dc53-3530-859a-5b3e98c5803f" executionId="6628c7aa-c96d-405d-bb6a-1dde146647e7" testListId="8c84fa94-04c1-424b-9868-57a2d4851a1d" />
    <TestEntry testId="8ff67451-cf4c-2df8-93c9-5a5f1a9b340e" executionId="7ab4e0ea-0ea1-4a8c-909f-5c409e2fdccf" testListId="8c84fa94-04c1-424b-9868-57a2d4851a1d" />
    <TestEntry testId="df9fb8e3-9d3c-6d3a-8910-335c246b939e" executionId="20989b94-fdda-4ef8-8a24-15c0df10d66e" testListId="8c84fa94-04c1-424b-9868-57a2d4851a1d" />
    <TestEntry testId="2e43aa46-3287-a690-c5ba-b29e4669a56d" executionId="ec0d4556-eafc-4bdf-9a7b-d2280ed0d818" testListId="8c84fa94-04c1-424b-9868-57a2d4851a1d" />
    <TestEntry testId="6722e7e2-b102-082e-1f3f-a7f5f189cde9" executionId="c72a182f-e248-4617-bf7d-c44885cf439f" testListId="8c84fa94-04c1-424b-9868-57a2d4851a1d" />
    <TestEntry testId="8b550000-f60d-95ea-7f85-47a4ee4efb0b" executionId="9ed4c869-5b74-4213-9ff8-cee9f57da9ba" testListId="8c84fa94-04c1-424b-9868-57a2d4851a1d" />
    <TestEntry testId="87266327-cc96-3957-0dd4-ad36d3e5ece6" executionId="4b017f21-daef-4b13-9459-94b647015348" testListId="8c84fa94-04c1-424b-9868-57a2d4851a1d" />
    <TestEntry testId="a3702166-ab25-5b64-febe-d9df44524327" executionId="5fb3e033-de62-42e4-aada-65bd3ddb0018" testListId="8c84fa94-04c1-424b-9868-57a2d4851a1d" />
    <TestEntry testId="c39e1100-e69e-e579-1ccf-22ef772c7503" executionId="740e9996-3295-4cad-bd5e-fe272465163a" testListId="8c84fa94-04c1-424b-9868-57a2d4851a1d" />
    <TestEntry testId="f32e6752-84f6-5fae-c852-1c9fb4b4d414" executionId="effad13f-5954-4403-af0a-fd5494976ff4" testListId="8c84fa94-04c1-424b-9868-57a2d4851a1d" />
    <TestEntry testId="668536a9-168f-427f-2c97-845c574b01a7" executionId="36bc6bc9-8c37-4e80-aff9-fd469008702e" testListId="8c84fa94-04c1-424b-9868-57a2d4851a1d" />
    <TestEntry testId="56b20fe1-2561-0661-3efe-dc4c37cc385e" executionId="29e28ec2-ee35-4b71-a6b5-2a1aa19b8207" testListId="8c84fa94-04c1-424b-9868-57a2d4851a1d" />
    <TestEntry testId="a7448d9c-0f88-e2b7-6b29-54d37b7f2cca" executionId="b0de3cf9-e0b2-418a-9cbd-8e743d07b4bb" testListId="8c84fa94-04c1-424b-9868-57a2d4851a1d" />
    <TestEntry testId="5e3018c1-cc19-f5fc-ee86-448b7111378a" executionId="7b4a675f-f85f-4619-8b2d-bcb95ef38a1f" testListId="8c84fa94-04c1-424b-9868-57a2d4851a1d" />
    <TestEntry testId="8f57d9fc-ade1-ca7c-64ba-fe612f1ad347" executionId="2a2fb65b-d2f4-4817-ae4c-7a6979fb66ab" testListId="8c84fa94-04c1-424b-9868-57a2d4851a1d" />
    <TestEntry testId="1bd3954b-749e-e953-74e6-4fda610b75e9" executionId="b3386010-b530-4814-bc63-d53fcbdcb2ef" testListId="8c84fa94-04c1-424b-9868-57a2d4851a1d" />
    <TestEntry testId="89b9b712-e88d-ec84-ca69-68c4989d96c3" executionId="b482048a-3395-476c-a4a6-a8ef9c4438a2" testListId="8c84fa94-04c1-424b-9868-57a2d4851a1d" />
    <TestEntry testId="74ad3f82-f62f-055a-a84a-4a9505aab08e" executionId="38759ef3-ae8a-46e0-b281-2e3ddaad5f34" testListId="8c84fa94-04c1-424b-9868-57a2d4851a1d" />
    <TestEntry testId="9288fe8c-6492-0079-83e1-a5ba8da0af56" executionId="681ff05f-19b7-4291-a642-afbbcf5ab71d" testListId="8c84fa94-04c1-424b-9868-57a2d4851a1d" />
    <TestEntry testId="71f1ade9-4888-56aa-aabf-caa8c4932932" executionId="11a10899-5777-42a7-982c-af8d7d622ca2" testListId="8c84fa94-04c1-424b-9868-57a2d4851a1d" />
    <TestEntry testId="8bc89bd2-e6c7-cd02-ab48-fbb4b5e29b42" executionId="74b7c42c-60c7-44e2-abbf-b78e3f73ff1e" testListId="8c84fa94-04c1-424b-9868-57a2d4851a1d" />
    <TestEntry testId="48b33c37-14cd-e141-813e-3a605381790c" executionId="75360339-f21f-43ec-bf9c-64213927bcdc" testListId="8c84fa94-04c1-424b-9868-57a2d4851a1d" />
    <TestEntry testId="c7a60f10-d958-b1d4-0d69-2e8f9145f3ae" executionId="8a9449de-0f00-4915-a91c-72cab93790fa" testListId="8c84fa94-04c1-424b-9868-57a2d4851a1d" />
    <TestEntry testId="2b55ad60-aac9-0bd1-b724-695126793b10" executionId="90822385-ac34-455c-a425-325099ed9119" testListId="8c84fa94-04c1-424b-9868-57a2d4851a1d" />
    <TestEntry testId="686024d8-ae3b-655a-0e17-29429d1d181a" executionId="a56e0c70-0a9d-4d66-8d86-e5bac881eafb" testListId="8c84fa94-04c1-424b-9868-57a2d4851a1d" />
    <TestEntry testId="032f7e95-ca5a-aa4a-c356-61d05096ff82" executionId="a6e029f2-5df6-4fe3-a4de-d767255a9681" testListId="8c84fa94-04c1-424b-9868-57a2d4851a1d" />
    <TestEntry testId="17a5b5d5-2309-1dff-d5ad-af696c3bced3" executionId="ffb79ba7-741e-4010-8f1e-793219f7b977" testListId="8c84fa94-04c1-424b-9868-57a2d4851a1d" />
    <TestEntry testId="118daf63-f61a-526a-dbf3-9430303cb0b2" executionId="8f021984-e68a-41ab-ba11-acaf8aea8ddd" testListId="8c84fa94-04c1-424b-9868-57a2d4851a1d" />
    <TestEntry testId="4f094911-52c9-4b9e-9a66-985973710222" executionId="36f488bd-1c80-42fb-a6be-d376b3fbfd96" testListId="8c84fa94-04c1-424b-9868-57a2d4851a1d" />
    <TestEntry testId="08f48dde-5084-5443-b575-a2f706ab4240" executionId="298ff633-2f61-48de-b553-954e9c3fb8c1" testListId="8c84fa94-04c1-424b-9868-57a2d4851a1d" />
    <TestEntry testId="ef4a69a6-c2e7-f1cb-87b8-36d5c81cd4f2" executionId="14ed6560-29de-4e15-a13a-c905eb0488da" testListId="8c84fa94-04c1-424b-9868-57a2d4851a1d" />
    <TestEntry testId="db427f5d-1888-c470-38ec-513c4d84a95d" executionId="959df6fc-3021-4e12-8cce-16bfe0de4b94" testListId="8c84fa94-04c1-424b-9868-57a2d4851a1d" />
    <TestEntry testId="fb3c96a0-47b0-fea9-d872-34f97b397be0" executionId="a9c88bbc-9142-4f37-9096-bdc536a7e06a" testListId="8c84fa94-04c1-424b-9868-57a2d4851a1d" />
    <TestEntry testId="15fa49d8-a136-ab56-70fb-75f834b826a1" executionId="d2cc68dd-4e17-46f5-bb05-05308b1bcbb2" testListId="8c84fa94-04c1-424b-9868-57a2d4851a1d" />
    <TestEntry testId="9daec7e2-f118-0c7b-2175-2cc1aac2223d" executionId="dc6e74ae-cd6b-46f4-899a-40a79bf729b1" testListId="8c84fa94-04c1-424b-9868-57a2d4851a1d" />
    <TestEntry testId="1c5966a7-7dce-e04d-0a8a-460538049ffe" executionId="fe36c0b7-d751-4fc5-9787-005ae39949fa" testListId="8c84fa94-04c1-424b-9868-57a2d4851a1d" />
    <TestEntry testId="4eb8d0c2-b2d2-13db-eed6-105aee4156db" executionId="7d7d3af6-33c7-4d42-96fd-2d6ee3393f59" testListId="8c84fa94-04c1-424b-9868-57a2d4851a1d" />
    <TestEntry testId="096a4467-829f-5b05-d7ac-6ec9086f2474" executionId="6eb12971-acf4-43e6-9240-da53db11c469" testListId="8c84fa94-04c1-424b-9868-57a2d4851a1d" />
    <TestEntry testId="a742559b-bf2e-1b98-1d2c-9861342428d5" executionId="2e30e497-9d38-4075-aca0-fc9ee346b2e5" testListId="8c84fa94-04c1-424b-9868-57a2d4851a1d" />
    <TestEntry testId="f6a247bf-6f34-c7bb-777d-53e34bb67800" executionId="3569c643-a457-4d95-8a0e-29de320c22f6" testListId="8c84fa94-04c1-424b-9868-57a2d4851a1d" />
    <TestEntry testId="0811957a-be9e-3dae-d60b-384f42168c1b" executionId="807682bb-6feb-4961-a350-b7e6769e6b9b" testListId="8c84fa94-04c1-424b-9868-57a2d4851a1d" />
    <TestEntry testId="31f355a9-67e5-96e9-78ba-f59a8428cdc9" executionId="b2be6da1-46e8-47c9-ab99-4d629e81c09d" testListId="8c84fa94-04c1-424b-9868-57a2d4851a1d" />
    <TestEntry testId="13148272-128d-61c7-3929-8217aa162e4d" executionId="6e7eccc0-0256-4780-8694-42c99cecf681" testListId="8c84fa94-04c1-424b-9868-57a2d4851a1d" />
    <TestEntry testId="6a171a11-fd2b-e180-3152-a7dc45ac5ce4" executionId="f79d6dc6-aaac-48d8-9bea-7303a951263d" testListId="8c84fa94-04c1-424b-9868-57a2d4851a1d" />
    <TestEntry testId="9eda9988-ec9d-e247-6dbd-1312204858f7" executionId="85d9f512-46d2-4fc2-b456-989044bc77c6" testListId="8c84fa94-04c1-424b-9868-57a2d4851a1d" />
    <TestEntry testId="5a26b55f-164f-d291-8c61-449de05f2015" executionId="c1c613b7-7391-4354-8042-6f508a58ff1c" testListId="8c84fa94-04c1-424b-9868-57a2d4851a1d" />
    <TestEntry testId="6af747a5-a13b-db12-1800-0d326c4320d4" executionId="03044ecb-13ee-47c8-84be-598ae52c9c97" testListId="8c84fa94-04c1-424b-9868-57a2d4851a1d" />
    <TestEntry testId="02fb217e-bd68-2ba5-ffc7-966538641fb7" executionId="280dba19-1cc8-474c-8008-684e72504aee" testListId="8c84fa94-04c1-424b-9868-57a2d4851a1d" />
    <TestEntry testId="97fac038-469e-adde-dc3c-4017b4e0bcbf" executionId="cdfcce2b-6526-4a10-b750-7c9b6aaeb7ca" testListId="8c84fa94-04c1-424b-9868-57a2d4851a1d" />
    <TestEntry testId="50458f18-f422-2e2d-3023-5ba2bbd372cb" executionId="b3ccba82-1297-434a-8cb4-30857ac41cab" testListId="8c84fa94-04c1-424b-9868-57a2d4851a1d" />
    <TestEntry testId="969f07ed-b219-9fe7-0a31-2f98e3201c0b" executionId="0d7ba536-9e49-45c2-b560-ee16adc775a0" testListId="8c84fa94-04c1-424b-9868-57a2d4851a1d" />
    <TestEntry testId="6666e2f0-b2e2-bcbf-ac77-072b883594c0" executionId="8db894d8-c22d-4519-957f-df78cdf2233c" testListId="8c84fa94-04c1-424b-9868-57a2d4851a1d" />
    <TestEntry testId="968aa8ae-e925-eca8-6981-108b5e176f80" executionId="982ec336-5c24-4765-aef4-f8bdfb046e4a" testListId="8c84fa94-04c1-424b-9868-57a2d4851a1d" />
    <TestEntry testId="06f9bb04-ee8f-b142-d0f3-e0a1a3c34723" executionId="9f3f2ccb-c1a1-4878-82ff-5c1ef26b5118" testListId="8c84fa94-04c1-424b-9868-57a2d4851a1d" />
    <TestEntry testId="21ebf75d-f753-8d2b-e096-cee352a50e7d" executionId="1c705b38-51b8-48f5-8b38-987f33b5dc2b" testListId="8c84fa94-04c1-424b-9868-57a2d4851a1d" />
    <TestEntry testId="4e99c6fd-c5d9-6042-2064-d79014aacb4c" executionId="6f193f6f-e5df-4795-a128-8a8fef7e8a20" testListId="8c84fa94-04c1-424b-9868-57a2d4851a1d" />
    <TestEntry testId="1c37272a-f127-6d22-8a8a-65a8b8947c73" executionId="69fd18c7-7db1-49f7-9d33-127de3ffefb6" testListId="8c84fa94-04c1-424b-9868-57a2d4851a1d" />
    <TestEntry testId="91cda8d3-a605-b3c9-f0f5-a943bab9fd0d" executionId="042f4a3f-7e52-492c-8632-cd4a0b5dda16" testListId="8c84fa94-04c1-424b-9868-57a2d4851a1d" />
    <TestEntry testId="629357e4-3547-38f1-924a-010fca6fbd97" executionId="1c771c06-b26f-4d8b-8f74-c3f87b802701" testListId="8c84fa94-04c1-424b-9868-57a2d4851a1d" />
    <TestEntry testId="f31ed1de-196c-5f47-fb8f-0e01ad261c50" executionId="866bad9b-51cb-4bdb-b29f-24636a0c8435" testListId="8c84fa94-04c1-424b-9868-57a2d4851a1d" />
    <TestEntry testId="86cb22b2-cb8a-f2a3-755a-7441629bc27d" executionId="1cdb935e-2f28-45e5-b79d-4338d91fb1cc" testListId="8c84fa94-04c1-424b-9868-57a2d4851a1d" />
    <TestEntry testId="104afc54-0f4b-0225-3ba1-47489ddaf8a5" executionId="845cf07a-9a91-4e72-8b26-e1a7bf7f6675" testListId="8c84fa94-04c1-424b-9868-57a2d4851a1d" />
    <TestEntry testId="059d3a6b-ff43-1acb-49d3-9bae4225b0b4" executionId="14ce8bfd-cbb5-4379-bff0-3b1054a33639" testListId="8c84fa94-04c1-424b-9868-57a2d4851a1d" />
    <TestEntry testId="094d524d-6350-c84a-eb96-d2859d4a66ef" executionId="c68c908c-3368-4c43-a7a8-612ce3ed6e2c" testListId="8c84fa94-04c1-424b-9868-57a2d4851a1d" />
    <TestEntry testId="562ff206-a868-bd4e-79f4-6a676e97153c" executionId="1079dd12-6ea2-437d-a9dd-1346a0a4a293" testListId="8c84fa94-04c1-424b-9868-57a2d4851a1d" />
  </TestEntries>
  <TestLists>
    <TestList name="Results Not in a List" id="8c84fa94-04c1-424b-9868-57a2d4851a1d" />
    <TestList name="All Loaded Results" id="19431567-8539-422a-85d7-44ee4e166bda" />
  </TestLists>
  <ResultSummary outcome="Completed">
    <Counters total="273" executed="273" passed="273" failed="0" error="0" timeout="0" aborted="0" inconclusive="0" passedButRunAborted="0" notRunnable="0" notExecuted="0" disconnected="0" warning="0" completed="0" inProgress="0" pending="0" />
    <Output>
      <StdOut>[xUnit.net 00:00:00.00] xUnit.net VSTest Adapter v3.1.1+bf6400fd51 (64-bit .NET 9.0.6)&#xD;
[xUnit.net 00:00:00.25]   Discovering: ExxerAI.Application.Tests&#xD;
[xUnit.net 00:00:00.57]   Discovered:  ExxerAI.Application.Tests&#xD;
[xUnit.net 00:00:00.74]   Starting:    ExxerAI.Application.Tests&#xD;
[xUnit.net 00:00:03.95]   Finished:    ExxerAI.Application.Tests&#xD;
</StdOut>
    </Output>
  </ResultSummary>
</TestRun>