<?xml version="1.0" encoding="utf-8"?>
<TestRun id="cc69257e-1f3d-4b64-932a-2a1e46b2f627" name="Abel Briones@DESKTOP-FB2ES22 2025-07-01 15:59:19" runUser="DESKTOP-FB2ES22\Abel Briones" xmlns="http://microsoft.com/schemas/VisualStudio/TeamTest/2010">
  <Times creation="2025-07-01T15:59:19.7727289-06:00" queuing="2025-07-01T15:59:19.7727293-06:00" start="2025-07-01T15:59:17.7159579-06:00" finish="2025-07-01T15:59:21.9299668-06:00" />
  <TestSettings name="default" id="6a3a7107-c4a8-4ba1-9452-debb40300774">
    <Deployment runDeploymentRoot="Abel_Briones_DESKTOP-FB2ES22_2025-07-01_15_59_19" />
  </TestSettings>
  <Results>
    <UnitTestResult executionId="a9b3e914-78ce-4f6b-be2e-806221bb6dec" testId="466a524d-4133-7ba8-5bda-91fddc852419" testName="ExxerAI.Application.Tests.Services.TaskServiceTests.GetTaskAsync_WithValidId_ShouldReturnTask" computerName="DESKTOP-FB2ES22" duration="00:00:00.0015502" startTime="2025-07-01T15:59:19.7211245-06:00" endTime="2025-07-01T15:59:19.7212244-06:00" testType="13cdc9d9-ddb5-4fa4-a97d-d965ccfc6d4b" outcome="Passed" testListId="8c84fa94-04c1-424b-9868-57a2d4851a1d" relativeResultsDirectory="a9b3e914-78ce-4f6b-be2e-806221bb6dec" />
    <UnitTestResult executionId="149bf41e-9feb-4c82-8a84-48cc8dfcc734" testId="4ba3c222-46f9-53b1-6220-3e766a06eaac" testName="ExxerAI.Application.Tests.Services.TaskServiceTests.GetAgentTasksAsync_WithStatusFilter_ShouldReturnFilteredTasks(status: Pending)" computerName="DESKTOP-FB2ES22" duration="00:00:00.0002268" startTime="2025-07-01T15:59:19.6501709-06:00" endTime="2025-07-01T15:59:19.6526503-06:00" testType="13cdc9d9-ddb5-4fa4-a97d-d965ccfc6d4b" outcome="Passed" testListId="8c84fa94-04c1-424b-9868-57a2d4851a1d" relativeResultsDirectory="149bf41e-9feb-4c82-8a84-48cc8dfcc734" />
    <UnitTestResult executionId="c4f640d7-e6fa-4586-907d-f3c0d208c57c" testId="f1b515fa-3390-b9a0-3f1f-fd15aee1070d" testName="ExxerAI.Application.Tests.Services.WorkflowServiceTests.ExecutionControlMethods_WithEmptyGuid_ShouldReturnFailure(methodName: &quot;CancelWorkflowExecutionAsync&quot;)" computerName="DESKTOP-FB2ES22" duration="00:00:00.0018515" startTime="2025-07-01T15:59:19.6794696-06:00" endTime="2025-07-01T15:59:19.6798711-06:00" testType="13cdc9d9-ddb5-4fa4-a97d-d965ccfc6d4b" outcome="Passed" testListId="8c84fa94-04c1-424b-9868-57a2d4851a1d" relativeResultsDirectory="c4f640d7-e6fa-4586-907d-f3c0d208c57c" />
    <UnitTestResult executionId="d146f408-7105-4eee-9a7b-916039d41fbe" testId="beb0cd23-51a5-5d94-7f58-e3dfff106719" testName="ExxerAI.Application.Tests.Services.TaskServiceTests.GetAgentTasksAsync_WithValidAgentId_ShouldReturnAgentTasks" computerName="DESKTOP-FB2ES22" duration="00:00:00.0016347" startTime="2025-07-01T15:59:19.7208360-06:00" endTime="2025-07-01T15:59:19.7209190-06:00" testType="13cdc9d9-ddb5-4fa4-a97d-d965ccfc6d4b" outcome="Passed" testListId="8c84fa94-04c1-424b-9868-57a2d4851a1d" relativeResultsDirectory="d146f408-7105-4eee-9a7b-916039d41fbe" />
    <UnitTestResult executionId="cd73bb4e-55ea-4740-bc6c-df6e88d8d8ac" testId="8e149e61-e586-15ad-3a85-46734b5e6fe3" testName="ExxerAI.Application.Tests.Services.AgentServiceTests.UpdateAgentStatusAsync_WithNonExistentAgent_ShouldReturnFailure" computerName="DESKTOP-FB2ES22" duration="00:00:00.0015621" startTime="2025-07-01T15:59:19.8046587-06:00" endTime="2025-07-01T15:59:19.8047461-06:00" testType="13cdc9d9-ddb5-4fa4-a97d-d965ccfc6d4b" outcome="Passed" testListId="8c84fa94-04c1-424b-9868-57a2d4851a1d" relativeResultsDirectory="cd73bb4e-55ea-4740-bc6c-df6e88d8d8ac" />
    <UnitTestResult executionId="250af5e6-1443-4f8f-942d-06d0dfaf215c" testId="ef4a69a6-c2e7-f1cb-87b8-36d5c81cd4f2" testName="ExxerAI.Application.Tests.Services.AgentServiceTests.CreateAgentAsync_WithInvalidInput_ShouldReturnFailureResult(name: &quot;Valid Name&quot;, description: &quot;&quot;)" computerName="DESKTOP-FB2ES22" duration="00:00:00.0008677" startTime="2025-07-01T15:59:19.7999681-06:00" endTime="2025-07-01T15:59:19.8000853-06:00" testType="13cdc9d9-ddb5-4fa4-a97d-d965ccfc6d4b" outcome="Passed" testListId="8c84fa94-04c1-424b-9868-57a2d4851a1d" relativeResultsDirectory="250af5e6-1443-4f8f-942d-06d0dfaf215c" />
    <UnitTestResult executionId="a37835a5-cf62-477b-9745-873683898a3c" testId="5dabfe99-f569-0d3c-b0c3-6cc9b033adf1" testName="ExxerAI.Application.Tests.Services.AgentServiceTests.AssignTaskAsync_WithValidInput_ShouldReturnSuccess" computerName="DESKTOP-FB2ES22" duration="00:00:00.0014427" startTime="2025-07-01T15:59:19.7553039-06:00" endTime="2025-07-01T15:59:19.7649477-06:00" testType="13cdc9d9-ddb5-4fa4-a97d-d965ccfc6d4b" outcome="Passed" testListId="8c84fa94-04c1-424b-9868-57a2d4851a1d" relativeResultsDirectory="a37835a5-cf62-477b-9745-873683898a3c" />
    <UnitTestResult executionId="65b7e6c6-3a64-4b32-910a-d6898849eb1b" testId="d501237f-df1a-7bf9-a6a1-46ac92a6b51e" testName="ExxerAI.Application.Tests.Services.WorkflowServiceTests.ExecutionControlMethods_WithValidId_ShouldReturnSuccess(methodName: &quot;ResumeWorkflowExecutionAsync&quot;)" computerName="DESKTOP-FB2ES22" duration="00:00:00.0024604" startTime="2025-07-01T15:59:19.7252560-06:00" endTime="2025-07-01T15:59:19.7275727-06:00" testType="13cdc9d9-ddb5-4fa4-a97d-d965ccfc6d4b" outcome="Passed" testListId="8c84fa94-04c1-424b-9868-57a2d4851a1d" relativeResultsDirectory="65b7e6c6-3a64-4b32-910a-d6898849eb1b" />
    <UnitTestResult executionId="16f5f787-9608-4744-9399-e8fa5b15fc17" testId="658fd37b-af13-e10a-74e9-196af4f2ebe6" testName="ExxerAI.Application.Tests.Services.TaskServiceTests.GetPendingTasksAsync_WithDifferentMaxCounts_ShouldRespectLimit(maxCount: 100)" computerName="DESKTOP-FB2ES22" duration="00:00:00.0036125" startTime="2025-07-01T15:59:19.6821362-06:00" endTime="2025-07-01T15:59:19.7172701-06:00" testType="13cdc9d9-ddb5-4fa4-a97d-d965ccfc6d4b" outcome="Passed" testListId="8c84fa94-04c1-424b-9868-57a2d4851a1d" relativeResultsDirectory="16f5f787-9608-4744-9399-e8fa5b15fc17" />
    <UnitTestResult executionId="9a3e5806-3642-40ba-acdb-9f97f1bdb816" testId="8f622f96-c7de-d259-1538-cfe531629ca2" testName="ExxerAI.Application.Tests.Services.TaskServiceTests.UpdateTaskStatusAsync_WithNonExistentTask_ShouldReturnFailure" computerName="DESKTOP-FB2ES22" duration="00:00:00.0012747" startTime="2025-07-01T15:59:19.7669434-06:00" endTime="2025-07-01T15:59:19.7670205-06:00" testType="13cdc9d9-ddb5-4fa4-a97d-d965ccfc6d4b" outcome="Passed" testListId="8c84fa94-04c1-424b-9868-57a2d4851a1d" relativeResultsDirectory="9a3e5806-3642-40ba-acdb-9f97f1bdb816" />
    <UnitTestResult executionId="999b6e17-0957-45d2-9d0e-a1ea3e0c4b52" testId="9288fe8c-6492-0079-83e1-a5ba8da0af56" testName="ExxerAI.Application.Tests.Services.TaskServiceTests.GetPendingTasksAsync_WithDifferentMaxCounts_ShouldRespectLimit(maxCount: 10)" computerName="DESKTOP-FB2ES22" duration="00:00:00.0000707" startTime="2025-07-01T15:59:19.7181528-06:00" endTime="2025-07-01T15:59:19.7182282-06:00" testType="13cdc9d9-ddb5-4fa4-a97d-d965ccfc6d4b" outcome="Passed" testListId="8c84fa94-04c1-424b-9868-57a2d4851a1d" relativeResultsDirectory="999b6e17-0957-45d2-9d0e-a1ea3e0c4b52" />
    <UnitTestResult executionId="1778af14-cd0b-48e8-bbf9-8c7fff10191f" testId="50aea251-1751-3f78-1dbf-80956f4ecbe0" testName="ExxerAI.Application.Tests.Services.AgentServiceTests.FindBestAgentForTaskAsync_WithValidTaskType_ShouldReturnBestAgent" computerName="DESKTOP-FB2ES22" duration="00:00:00.0125703" startTime="2025-07-01T15:59:19.5675495-06:00" endTime="2025-07-01T15:59:19.6682087-06:00" testType="13cdc9d9-ddb5-4fa4-a97d-d965ccfc6d4b" outcome="Passed" testListId="8c84fa94-04c1-424b-9868-57a2d4851a1d" relativeResultsDirectory="1778af14-cd0b-48e8-bbf9-8c7fff10191f" />
    <UnitTestResult executionId="c5e8304b-e359-4ba8-83e2-026d18c7fb4d" testId="ddcab884-38d0-7439-0795-66905eee0a6b" testName="ExxerAI.Application.Tests.Services.TaskServiceTests.CreateTaskAsync_WithDifferentPriorities_ShouldHandleAllPriorityLevels(priority: Critical)" computerName="DESKTOP-FB2ES22" duration="00:00:00.0005455" startTime="2025-07-01T15:59:19.7221856-06:00" endTime="2025-07-01T15:59:19.7240191-06:00" testType="13cdc9d9-ddb5-4fa4-a97d-d965ccfc6d4b" outcome="Passed" testListId="8c84fa94-04c1-424b-9868-57a2d4851a1d" relativeResultsDirectory="c5e8304b-e359-4ba8-83e2-026d18c7fb4d" />
    <UnitTestResult executionId="5df4a513-e8af-4200-8a37-d5fd5562531e" testId="18b7941a-5214-4275-dd7c-dfd0e1594c25" testName="ExxerAI.Application.Tests.Services.TaskServiceTests.GetPendingTasksAsync_WithDifferentMaxCounts_ShouldRespectLimit(maxCount: 1)" computerName="DESKTOP-FB2ES22" duration="00:00:00.0004931" startTime="2025-07-01T15:59:19.7175752-06:00" endTime="2025-07-01T15:59:19.7176617-06:00" testType="13cdc9d9-ddb5-4fa4-a97d-d965ccfc6d4b" outcome="Passed" testListId="8c84fa94-04c1-424b-9868-57a2d4851a1d" relativeResultsDirectory="5df4a513-e8af-4200-8a37-d5fd5562531e" />
    <UnitTestResult executionId="1a213e37-ebe8-4fc4-bf94-9c145ab63445" testId="21ebf75d-f753-8d2b-e096-cee352a50e7d" testName="ExxerAI.Application.Tests.Services.DocumentIngestionServiceTests.IngestDocumentAsync_ShouldReturnFailure_When_DocumentIdIsNull" computerName="DESKTOP-FB2ES22" duration="00:00:00.0036581" startTime="2025-07-01T15:59:19.8693331-06:00" endTime="2025-07-01T15:59:19.8700853-06:00" testType="13cdc9d9-ddb5-4fa4-a97d-d965ccfc6d4b" outcome="Passed" testListId="8c84fa94-04c1-424b-9868-57a2d4851a1d" relativeResultsDirectory="1a213e37-ebe8-4fc4-bf94-9c145ab63445" />
    <UnitTestResult executionId="fd9a6ce2-4749-427a-95ca-7f8646625b94" testId="c655fd94-cb16-e6c5-9d90-a49b2cfa025a" testName="ExxerAI.Application.Tests.Services.TaskServiceTests.UpdateTaskStatusAsync_WithValidInput_ShouldReturnSuccess(status: InProgress)" computerName="DESKTOP-FB2ES22" duration="00:00:00.0014805" startTime="2025-07-01T15:59:19.6691919-06:00" endTime="2025-07-01T15:59:19.6692965-06:00" testType="13cdc9d9-ddb5-4fa4-a97d-d965ccfc6d4b" outcome="Passed" testListId="8c84fa94-04c1-424b-9868-57a2d4851a1d" relativeResultsDirectory="fd9a6ce2-4749-427a-95ca-7f8646625b94" />
    <UnitTestResult executionId="69b95cd7-4945-4a06-9a24-571b15d4d487" testId="fc65e620-27f5-aa90-fb45-a2836ad5916f" testName="ExxerAI.Application.Tests.Services.AgentServiceTests.CreateAgentAsync_WithNullCapabilities_ShouldReturnFailureResult" computerName="DESKTOP-FB2ES22" duration="00:00:00.0014115" startTime="2025-07-01T15:59:19.8011494-06:00" endTime="2025-07-01T15:59:19.8012207-06:00" testType="13cdc9d9-ddb5-4fa4-a97d-d965ccfc6d4b" outcome="Passed" testListId="8c84fa94-04c1-424b-9868-57a2d4851a1d" relativeResultsDirectory="69b95cd7-4945-4a06-9a24-571b15d4d487" />
    <UnitTestResult executionId="2727cd9c-5ad9-4fa2-b4cd-3b4bc70d9b2e" testId="c39e1100-e69e-e579-1ccf-22ef772c7503" testName="ExxerAI.Application.Tests.Services.TaskServiceTests.ITaskService_AllMethods_ShouldReturnResult" computerName="DESKTOP-FB2ES22" duration="00:00:00.0035116" startTime="2025-07-01T15:59:19.7553715-06:00" endTime="2025-07-01T15:59:19.7666497-06:00" testType="13cdc9d9-ddb5-4fa4-a97d-d965ccfc6d4b" outcome="Passed" testListId="8c84fa94-04c1-424b-9868-57a2d4851a1d" relativeResultsDirectory="2727cd9c-5ad9-4fa2-b4cd-3b4bc70d9b2e" />
    <UnitTestResult executionId="11fc5f54-4f4c-400b-8016-30a8f6db3b81" testId="13148272-128d-61c7-3929-8217aa162e4d" testName="ExxerAI.Application.Tests.Services.AgentServiceTests.DeleteAgentAsync_WithNonExistentAgent_ShouldReturnFailure" computerName="DESKTOP-FB2ES22" duration="00:00:00.0014363" startTime="2025-07-01T15:59:19.8008373-06:00" endTime="2025-07-01T15:59:19.8009491-06:00" testType="13cdc9d9-ddb5-4fa4-a97d-d965ccfc6d4b" outcome="Passed" testListId="8c84fa94-04c1-424b-9868-57a2d4851a1d" relativeResultsDirectory="11fc5f54-4f4c-400b-8016-30a8f6db3b81" />
    <UnitTestResult executionId="1f42a606-b00c-46c2-b9c7-37a87e5cde54" testId="8af28abd-79ae-9cfc-0cd0-8d4e6c73394e" testName="ExxerAI.Application.Tests.Services.AgentServiceTests.IAgentService_AllMethods_ShouldRespectCancellationToken" computerName="DESKTOP-FB2ES22" duration="00:00:00.0551854" startTime="2025-07-01T15:59:19.6684747-06:00" endTime="2025-07-01T15:59:19.7440109-06:00" testType="13cdc9d9-ddb5-4fa4-a97d-d965ccfc6d4b" outcome="Passed" testListId="8c84fa94-04c1-424b-9868-57a2d4851a1d" relativeResultsDirectory="1f42a606-b00c-46c2-b9c7-37a87e5cde54" />
    <UnitTestResult executionId="29991f4b-f46d-4341-a654-c49099a0cac0" testId="e7adb723-53ca-882f-4bf5-01820b084631" testName="ExxerAI.Application.Tests.Services.TaskServiceTests.GetAgentTasksAsync_WithStatusFilter_ShouldReturnFilteredTasks(status: Failed)" computerName="DESKTOP-FB2ES22" duration="00:00:00.1353693" startTime="2025-07-01T15:59:19.3825308-06:00" endTime="2025-07-01T15:59:19.5271605-06:00" testType="13cdc9d9-ddb5-4fa4-a97d-d965ccfc6d4b" outcome="Passed" testListId="8c84fa94-04c1-424b-9868-57a2d4851a1d" relativeResultsDirectory="29991f4b-f46d-4341-a654-c49099a0cac0" />
    <UnitTestResult executionId="c4c1efd1-ec67-4eda-9fe8-74243a4cdfd0" testId="62833af9-e37d-52d4-ef19-124c5979782a" testName="ExxerAI.Application.Tests.Services.AgentServiceTests.IAgentService_AllMethods_ShouldReturnResult" computerName="DESKTOP-FB2ES22" duration="00:00:00.0018442" startTime="2025-07-01T15:59:19.8058494-06:00" endTime="2025-07-01T15:59:19.8059130-06:00" testType="13cdc9d9-ddb5-4fa4-a97d-d965ccfc6d4b" outcome="Passed" testListId="8c84fa94-04c1-424b-9868-57a2d4851a1d" relativeResultsDirectory="c4c1efd1-ec67-4eda-9fe8-74243a4cdfd0" />
    <UnitTestResult executionId="d3dc2f14-6552-4a3b-8a90-def3ac6ebb94" testId="3de1af92-b9f0-e387-486f-eda61c59bb8e" testName="ExxerAI.Application.Tests.Services.AgentServiceTests.FindBestAgentForTaskAsync_WithInvalidTaskType_ShouldReturnFailure(taskType: &quot;&quot;)" computerName="DESKTOP-FB2ES22" duration="00:00:00.0005014" startTime="2025-07-01T15:59:19.7975052-06:00" endTime="2025-07-01T15:59:19.7976089-06:00" testType="13cdc9d9-ddb5-4fa4-a97d-d965ccfc6d4b" outcome="Passed" testListId="8c84fa94-04c1-424b-9868-57a2d4851a1d" relativeResultsDirectory="d3dc2f14-6552-4a3b-8a90-def3ac6ebb94" />
    <UnitTestResult executionId="fb12a41e-7d08-4c29-bec8-741bf6a2b8b3" testId="c220612d-a957-4a4f-e5ed-d2e2cc845984" testName="ExxerAI.Application.Tests.Services.AgentServiceTests.CreateAgentAsync_WithValidInput_ShouldReturnSuccessResult" computerName="DESKTOP-FB2ES22" duration="00:00:00.0364459" startTime="2025-07-01T15:59:19.8056272-06:00" endTime="2025-07-01T15:59:19.8056879-06:00" testType="13cdc9d9-ddb5-4fa4-a97d-d965ccfc6d4b" outcome="Passed" testListId="8c84fa94-04c1-424b-9868-57a2d4851a1d" relativeResultsDirectory="fb12a41e-7d08-4c29-bec8-741bf6a2b8b3" />
    <UnitTestResult executionId="66004abd-0d8b-4b48-953a-e08e1d154470" testId="8a4e982a-8d4f-2311-0bf2-6c0dd2ad5225" testName="ExxerAI.Application.Tests.Services.DocumentIngestionServiceTests.StartWatchingFolderAsync_ShouldReturnResultWithWatchId_When_ValidFolderProvided" computerName="DESKTOP-FB2ES22" duration="00:00:00.1084502" startTime="2025-07-01T15:59:20.6265691-06:00" endTime="2025-07-01T15:59:20.7350460-06:00" testType="13cdc9d9-ddb5-4fa4-a97d-d965ccfc6d4b" outcome="Passed" testListId="8c84fa94-04c1-424b-9868-57a2d4851a1d" relativeResultsDirectory="66004abd-0d8b-4b48-953a-e08e1d154470" />
    <UnitTestResult executionId="1cb9b695-1795-4ec3-af23-db27c88043c0" testId="2b55ad60-aac9-0bd1-b724-695126793b10" testName="ExxerAI.Application.Tests.Services.WorkflowServiceTests.UpdateWorkflowConfigurationAsync_WithNullConfiguration_ShouldReturnFailure" computerName="DESKTOP-FB2ES22" duration="00:00:00.0010023" startTime="2025-07-01T15:59:19.7388080-06:00" endTime="2025-07-01T15:59:19.7393570-06:00" testType="13cdc9d9-ddb5-4fa4-a97d-d965ccfc6d4b" outcome="Passed" testListId="8c84fa94-04c1-424b-9868-57a2d4851a1d" relativeResultsDirectory="1cb9b695-1795-4ec3-af23-db27c88043c0" />
    <UnitTestResult executionId="3847ca6c-d544-4698-b31c-f480c9bc7dc8" testId="4eb8d0c2-b2d2-13db-eed6-105aee4156db" testName="ExxerAI.Application.Tests.Services.AgentServiceTests.GetActiveAgentsAsync_WhenActiveAgentsExist_ShouldReturnActiveAgentsOnly" computerName="DESKTOP-FB2ES22" duration="00:00:00.0020162" startTime="2025-07-01T15:59:19.8018750-06:00" endTime="2025-07-01T15:59:19.8019428-06:00" testType="13cdc9d9-ddb5-4fa4-a97d-d965ccfc6d4b" outcome="Passed" testListId="8c84fa94-04c1-424b-9868-57a2d4851a1d" relativeResultsDirectory="3847ca6c-d544-4698-b31c-f480c9bc7dc8" />
    <UnitTestResult executionId="ac8a6d71-22b5-4435-aea1-cbec4e005ee5" testId="26c24956-9049-ceb8-14dd-5570920f547a" testName="ExxerAI.Application.Tests.Services.AgentServiceTests.UpdateAgentConfigurationAsync_WithNullConfiguration_ShouldReturnFailure" computerName="DESKTOP-FB2ES22" duration="00:00:00.0011604" startTime="2025-07-01T15:59:19.8013985-06:00" endTime="2025-07-01T15:59:19.8014701-06:00" testType="13cdc9d9-ddb5-4fa4-a97d-d965ccfc6d4b" outcome="Passed" testListId="8c84fa94-04c1-424b-9868-57a2d4851a1d" relativeResultsDirectory="ac8a6d71-22b5-4435-aea1-cbec4e005ee5" />
    <UnitTestResult executionId="80d0c029-e851-4653-88b0-c375ffae3241" testId="15fa49d8-a136-ab56-70fb-75f834b826a1" testName="ExxerAI.Application.Tests.Services.AgentServiceTests.GetAgentAsync_WithEmptyGuid_ShouldReturnFailureResult" computerName="DESKTOP-FB2ES22" duration="00:00:00.0013373" startTime="2025-07-01T15:59:19.8023445-06:00" endTime="2025-07-01T15:59:19.8024119-06:00" testType="13cdc9d9-ddb5-4fa4-a97d-d965ccfc6d4b" outcome="Passed" testListId="8c84fa94-04c1-424b-9868-57a2d4851a1d" relativeResultsDirectory="80d0c029-e851-4653-88b0-c375ffae3241" />
    <UnitTestResult executionId="c4a8b3f3-e32a-42ac-97b2-45857fd1efaa" testId="15a77cd4-9bbc-bd93-9e68-eb51f74f0282" testName="ExxerAI.Application.Tests.Services.WorkflowServiceTests.GetWorkflowAsync_WithEmptyGuid_ShouldReturnFailureResult" computerName="DESKTOP-FB2ES22" duration="00:00:00.1382455" startTime="2025-07-01T15:59:19.3826876-06:00" endTime="2025-07-01T15:59:19.5612147-06:00" testType="13cdc9d9-ddb5-4fa4-a97d-d965ccfc6d4b" outcome="Passed" testListId="8c84fa94-04c1-424b-9868-57a2d4851a1d" relativeResultsDirectory="c4a8b3f3-e32a-42ac-97b2-45857fd1efaa" />
    <UnitTestResult executionId="da151446-1fa5-40ce-86bd-7980ddecce69" testId="cdf384fe-c36b-d60f-6401-8fa5cbc4ecab" testName="ExxerAI.Application.Tests.Services.TaskServiceTests.GetAgentTasksAsync_WithStatusFilter_ShouldReturnFilteredTasks(status: Completed)" computerName="DESKTOP-FB2ES22" duration="00:00:00.0001285" startTime="2025-07-01T15:59:19.6530232-06:00" endTime="2025-07-01T15:59:19.6531292-06:00" testType="13cdc9d9-ddb5-4fa4-a97d-d965ccfc6d4b" outcome="Passed" testListId="8c84fa94-04c1-424b-9868-57a2d4851a1d" relativeResultsDirectory="da151446-1fa5-40ce-86bd-7980ddecce69" />
    <UnitTestResult executionId="67de27ad-2fbd-49d3-bf1d-d97efdecfcd5" testId="071cf609-f238-cc0c-18bb-40bca9aedf62" testName="ExxerAI.Application.Tests.Services.LLMServiceTests.GenerateTextAsync_WithValidInput_ShouldReturnSuccessResult" computerName="DESKTOP-FB2ES22" duration="00:00:00.0230052" startTime="2025-07-01T15:59:19.6544465-06:00" endTime="2025-07-01T15:59:19.6785210-06:00" testType="13cdc9d9-ddb5-4fa4-a97d-d965ccfc6d4b" outcome="Passed" testListId="8c84fa94-04c1-424b-9868-57a2d4851a1d" relativeResultsDirectory="67de27ad-2fbd-49d3-bf1d-d97efdecfcd5" />
    <UnitTestResult executionId="f7b764ae-455f-40fb-8e45-3810a33d92b7" testId="af749f0b-1887-a76b-0d4c-0407c8f5e274" testName="ExxerAI.Application.Tests.Services.DocumentIngestionServiceTests.IngestDocumentAsync_ShouldProcessDocument_When_ValidDocumentId" computerName="DESKTOP-FB2ES22" duration="00:00:00.3238218" startTime="2025-07-01T15:59:19.8724672-06:00" endTime="2025-07-01T15:59:20.1968136-06:00" testType="13cdc9d9-ddb5-4fa4-a97d-d965ccfc6d4b" outcome="Passed" testListId="8c84fa94-04c1-424b-9868-57a2d4851a1d" relativeResultsDirectory="f7b764ae-455f-40fb-8e45-3810a33d92b7" />
    <UnitTestResult executionId="348d4d06-18e3-4c11-8bd4-40cd7006ced7" testId="9eda9988-ec9d-e247-6dbd-1312204858f7" testName="ExxerAI.Application.Tests.Services.AgentServiceTests.FindBestAgentForTaskAsync_WithNoSuitableAgent_ShouldReturnFailure" computerName="DESKTOP-FB2ES22" duration="00:00:00.0011967" startTime="2025-07-01T15:59:19.8054111-06:00" endTime="2025-07-01T15:59:19.8054786-06:00" testType="13cdc9d9-ddb5-4fa4-a97d-d965ccfc6d4b" outcome="Passed" testListId="8c84fa94-04c1-424b-9868-57a2d4851a1d" relativeResultsDirectory="348d4d06-18e3-4c11-8bd4-40cd7006ced7" />
    <UnitTestResult executionId="580daab4-af91-48ba-baa3-b43e2a4f5d93" testId="2d02e20f-cd27-de3a-3084-4175da66be47" testName="ExxerAI.Application.Tests.Services.TaskServiceTests.UpdateTaskStatusAsync_WithEmptyTaskId_ShouldReturnFailure" computerName="DESKTOP-FB2ES22" duration="00:00:00.0012952" startTime="2025-07-01T15:59:19.7214054-06:00" endTime="2025-07-01T15:59:19.7214797-06:00" testType="13cdc9d9-ddb5-4fa4-a97d-d965ccfc6d4b" outcome="Passed" testListId="8c84fa94-04c1-424b-9868-57a2d4851a1d" relativeResultsDirectory="580daab4-af91-48ba-baa3-b43e2a4f5d93" />
    <UnitTestResult executionId="90aa9bb7-824b-4550-9a22-ce4173806637" testId="dd3249fb-f308-ec63-f5b3-b3d3610053e0" testName="ExxerAI.Application.Tests.Services.AgentServiceTests.UpdateAgentConfigurationAsync_WithValidInput_ShouldReturnSuccess" computerName="DESKTOP-FB2ES22" duration="00:00:00.0013645" startTime="2025-07-01T15:59:19.8060822-06:00" endTime="2025-07-01T15:59:19.8061486-06:00" testType="13cdc9d9-ddb5-4fa4-a97d-d965ccfc6d4b" outcome="Passed" testListId="8c84fa94-04c1-424b-9868-57a2d4851a1d" relativeResultsDirectory="90aa9bb7-824b-4550-9a22-ce4173806637" />
    <UnitTestResult executionId="3cc745e3-9dd6-4167-9bb4-7caa52c60460" testId="7887dda8-1ec9-c81a-b211-488d685126f4" testName="ExxerAI.Application.Tests.Services.AgentServiceTests.AssignTaskAsync_WithEmptyTaskId_ShouldReturnFailure" computerName="DESKTOP-FB2ES22" duration="00:00:00.0013622" startTime="2025-07-01T15:59:19.8039706-06:00" endTime="2025-07-01T15:59:19.8040639-06:00" testType="13cdc9d9-ddb5-4fa4-a97d-d965ccfc6d4b" outcome="Passed" testListId="8c84fa94-04c1-424b-9868-57a2d4851a1d" relativeResultsDirectory="3cc745e3-9dd6-4167-9bb4-7caa52c60460" />
    <UnitTestResult executionId="b97929ad-2120-4cdf-a48d-b31a27ea80e3" testId="850e0c3c-0955-ecc0-a5f8-2a747f44d8c8" testName="ExxerAI.Application.Tests.Services.WorkflowServiceTests.CreateWorkflowAsync_WithInvalidInput_ShouldReturnFailureResult(name: &quot;   &quot;, description: &quot;Valid Description&quot;)" computerName="DESKTOP-FB2ES22" duration="00:00:00.0005424" startTime="2025-07-01T15:59:19.7366844-06:00" endTime="2025-07-01T15:59:19.7367525-06:00" testType="13cdc9d9-ddb5-4fa4-a97d-d965ccfc6d4b" outcome="Passed" testListId="8c84fa94-04c1-424b-9868-57a2d4851a1d" relativeResultsDirectory="b97929ad-2120-4cdf-a48d-b31a27ea80e3" />
    <UnitTestResult executionId="749f9531-691d-40a0-ac12-5fd02b5fedc3" testId="faf4d09e-9852-461e-0460-1c34b1111d4f" testName="ExxerAI.Application.Tests.Services.WorkflowServiceTests.CreateWorkflowAsync_WithNullSteps_ShouldReturnFailureResult" computerName="DESKTOP-FB2ES22" duration="00:00:00.0012003" startTime="2025-07-01T15:59:19.7436823-06:00" endTime="2025-07-01T15:59:19.7437504-06:00" testType="13cdc9d9-ddb5-4fa4-a97d-d965ccfc6d4b" outcome="Passed" testListId="8c84fa94-04c1-424b-9868-57a2d4851a1d" relativeResultsDirectory="749f9531-691d-40a0-ac12-5fd02b5fedc3" />
    <UnitTestResult executionId="a6b2724e-8271-4a48-b703-643724278ce8" testId="9b1acc78-da87-15c3-351d-31fe241c0db6" testName="ExxerAI.Application.Tests.Services.WorkflowServiceTests.DeleteWorkflowAsync_WithNonExistentWorkflow_ShouldReturnFailure" computerName="DESKTOP-FB2ES22" duration="00:00:00.0024205" startTime="2025-07-01T15:59:19.7361208-06:00" endTime="2025-07-01T15:59:19.7362055-06:00" testType="13cdc9d9-ddb5-4fa4-a97d-d965ccfc6d4b" outcome="Passed" testListId="8c84fa94-04c1-424b-9868-57a2d4851a1d" relativeResultsDirectory="a6b2724e-8271-4a48-b703-643724278ce8" />
    <UnitTestResult executionId="e31818e5-41b0-4401-959c-214b66051f02" testId="50458f18-f422-2e2d-3023-5ba2bbd372cb" testName="ExxerAI.Application.Tests.Services.DocumentIngestionServiceTests.DetectDocumentChangesAsync_ShouldReturnChanges_When_ChangesExist" computerName="DESKTOP-FB2ES22" duration="00:00:00.0171993" startTime="2025-07-01T15:59:19.7239356-06:00" endTime="2025-07-01T15:59:19.7369794-06:00" testType="13cdc9d9-ddb5-4fa4-a97d-d965ccfc6d4b" outcome="Passed" testListId="8c84fa94-04c1-424b-9868-57a2d4851a1d" relativeResultsDirectory="e31818e5-41b0-4401-959c-214b66051f02" />
    <UnitTestResult executionId="a2fc737c-5568-4fcd-8b07-809efe40961c" testId="45eab8d3-d96a-b048-e6f0-44f24813c8f5" testName="ExxerAI.Application.Tests.Services.TaskServiceTests.CreateTaskAsync_WithDifferentPriorities_ShouldHandleAllPriorityLevels(priority: High)" computerName="DESKTOP-FB2ES22" duration="00:00:00.0000998" startTime="2025-07-01T15:59:19.7244420-06:00" endTime="2025-07-01T15:59:19.7246382-06:00" testType="13cdc9d9-ddb5-4fa4-a97d-d965ccfc6d4b" outcome="Passed" testListId="8c84fa94-04c1-424b-9868-57a2d4851a1d" relativeResultsDirectory="a2fc737c-5568-4fcd-8b07-809efe40961c" />
    <UnitTestResult executionId="764302d4-e0b2-45b0-b4e8-8b1eceaffcac" testId="e3091ac6-d9b5-d592-fd33-5477c91c38f6" testName="ExxerAI.Application.Tests.Services.WorkflowServiceTests.ExecutionControlMethods_WithEmptyGuid_ShouldReturnFailure(methodName: &quot;ResumeWorkflowExecutionAsync&quot;)" computerName="DESKTOP-FB2ES22" duration="00:00:00.0009136" startTime="2025-07-01T15:59:19.6817040-06:00" endTime="2025-07-01T15:59:19.6822196-06:00" testType="13cdc9d9-ddb5-4fa4-a97d-d965ccfc6d4b" outcome="Passed" testListId="8c84fa94-04c1-424b-9868-57a2d4851a1d" relativeResultsDirectory="764302d4-e0b2-45b0-b4e8-8b1eceaffcac" />
    <UnitTestResult executionId="dae94165-f5b0-4c83-bef0-aacefaa27aaf" testId="9daec7e2-f118-0c7b-2175-2cc1aac2223d" testName="ExxerAI.Application.Tests.Services.TaskServiceTests.CompleteTaskAsync_WithEmptyTaskId_ShouldReturnFailure" computerName="DESKTOP-FB2ES22" duration="00:00:00.0012454" startTime="2025-07-01T15:59:19.7255298-06:00" endTime="2025-07-01T15:59:19.7256216-06:00" testType="13cdc9d9-ddb5-4fa4-a97d-d965ccfc6d4b" outcome="Passed" testListId="8c84fa94-04c1-424b-9868-57a2d4851a1d" relativeResultsDirectory="dae94165-f5b0-4c83-bef0-aacefaa27aaf" />
    <UnitTestResult executionId="c685bfe3-6bdb-414b-90b2-9cf630cec54b" testId="8bdd5c69-f640-5bcb-3914-70dbaf0d3c63" testName="ExxerAI.Application.Tests.Services.AgentServiceTests.GetAgentAsync_WithValidId_ShouldReturnAgent" computerName="DESKTOP-FB2ES22" duration="00:00:00.0011798" startTime="2025-07-01T15:59:19.8021099-06:00" endTime="2025-07-01T15:59:19.8021777-06:00" testType="13cdc9d9-ddb5-4fa4-a97d-d965ccfc6d4b" outcome="Passed" testListId="8c84fa94-04c1-424b-9868-57a2d4851a1d" relativeResultsDirectory="c685bfe3-6bdb-414b-90b2-9cf630cec54b" />
    <UnitTestResult executionId="fed0d7d9-7c41-42bd-9f61-7bb7bd3de456" testId="4988fed9-345f-24f0-a197-f9dcb1a329d1" testName="ExxerAI.Application.Tests.Services.LLMServiceTests.ILLMService_AllMethods_ShouldRespectCancellationToken" computerName="DESKTOP-FB2ES22" duration="00:00:00.0090080" startTime="2025-07-01T15:59:19.6787720-06:00" endTime="2025-07-01T15:59:19.7185112-06:00" testType="13cdc9d9-ddb5-4fa4-a97d-d965ccfc6d4b" outcome="Passed" testListId="8c84fa94-04c1-424b-9868-57a2d4851a1d" relativeResultsDirectory="fed0d7d9-7c41-42bd-9f61-7bb7bd3de456" />
    <UnitTestResult executionId="042be87d-027d-429e-a4c9-19561fd72376" testId="8b550000-f60d-95ea-7f85-47a4ee4efb0b" testName="ExxerAI.Application.Tests.Services.DocumentIngestionServiceTests.ProcessDocumentChangeAsync_ShouldDetectVersion_When_DocumentModified" computerName="DESKTOP-FB2ES22" duration="00:00:00.2159703" startTime="2025-07-01T15:59:20.4097457-06:00" endTime="2025-07-01T15:59:20.6258424-06:00" testType="13cdc9d9-ddb5-4fa4-a97d-d965ccfc6d4b" outcome="Passed" testListId="8c84fa94-04c1-424b-9868-57a2d4851a1d" relativeResultsDirectory="042be87d-027d-429e-a4c9-19561fd72376" />
    <UnitTestResult executionId="48ccf943-eaa1-4a0e-980c-71e2fbcc855b" testId="e19d6571-2098-d077-33b8-2ef1a5980345" testName="ExxerAI.Application.Tests.Services.WorkflowServiceTests.CreateWorkflowAsync_WithInvalidInput_ShouldReturnFailureResult(name: &quot;&quot;, description: &quot;Valid Description&quot;)" computerName="DESKTOP-FB2ES22" duration="00:00:00.0001560" startTime="2025-07-01T15:59:19.7368859-06:00" endTime="2025-07-01T15:59:19.7370161-06:00" testType="13cdc9d9-ddb5-4fa4-a97d-d965ccfc6d4b" outcome="Passed" testListId="8c84fa94-04c1-424b-9868-57a2d4851a1d" relativeResultsDirectory="48ccf943-eaa1-4a0e-980c-71e2fbcc855b" />
    <UnitTestResult executionId="c7ca8666-0556-4779-ba7e-712b5bcfc094" testId="2214b465-0ce5-d933-0aca-0a270343ade4" testName="ExxerAI.Application.Tests.Services.WorkflowServiceTests.GetActiveWorkflowsAsync_WhenNoActiveWorkflows_ShouldReturnEmptyList" computerName="DESKTOP-FB2ES22" duration="00:00:00.0020122" startTime="2025-07-01T15:59:19.6784270-06:00" endTime="2025-07-01T15:59:19.6792000-06:00" testType="13cdc9d9-ddb5-4fa4-a97d-d965ccfc6d4b" outcome="Passed" testListId="8c84fa94-04c1-424b-9868-57a2d4851a1d" relativeResultsDirectory="c7ca8666-0556-4779-ba7e-712b5bcfc094" />
    <UnitTestResult executionId="46554a05-59e7-4a29-a55c-046d08e3835a" testId="5ec47069-7b9b-4d19-e91a-eb469f8848ca" testName="ExxerAI.Application.Tests.Services.AgentServiceTests.CreateAgentAsync_WithInvalidInput_ShouldReturnFailureResult(name: &quot;&quot;, description: &quot;Valid Description&quot;)" computerName="DESKTOP-FB2ES22" duration="00:00:00.0013512" startTime="2025-07-01T15:59:19.7981439-06:00" endTime="2025-07-01T15:59:19.7982440-06:00" testType="13cdc9d9-ddb5-4fa4-a97d-d965ccfc6d4b" outcome="Passed" testListId="8c84fa94-04c1-424b-9868-57a2d4851a1d" relativeResultsDirectory="46554a05-59e7-4a29-a55c-046d08e3835a" />
    <UnitTestResult executionId="58b0c81c-f0f2-4eb9-91a2-f72f4581bd14" testId="1b4a66aa-02c6-3e91-9207-f3ec38e66830" testName="ExxerAI.Application.Tests.Services.TaskServiceTests.FailTaskAsync_WithInvalidErrorMessage_ShouldReturnFailure(errorMessage: &quot;   &quot;)" computerName="DESKTOP-FB2ES22" duration="00:00:00.0028363" startTime="2025-07-01T15:59:19.6681179-06:00" endTime="2025-07-01T15:59:19.6685579-06:00" testType="13cdc9d9-ddb5-4fa4-a97d-d965ccfc6d4b" outcome="Passed" testListId="8c84fa94-04c1-424b-9868-57a2d4851a1d" relativeResultsDirectory="58b0c81c-f0f2-4eb9-91a2-f72f4581bd14" />
    <UnitTestResult executionId="e1930a67-c538-441d-95f9-71c9c59e6b1b" testId="8419b3fc-6009-efde-f490-33db80fd18e2" testName="ExxerAI.Application.Tests.Services.AgentServiceTests.GetAgentAsync_WithNonExistentId_ShouldReturnFailureResult" computerName="DESKTOP-FB2ES22" duration="00:00:00.1390396" startTime="2025-07-01T15:59:19.3795908-06:00" endTime="2025-07-01T15:59:19.5670934-06:00" testType="13cdc9d9-ddb5-4fa4-a97d-d965ccfc6d4b" outcome="Passed" testListId="8c84fa94-04c1-424b-9868-57a2d4851a1d" relativeResultsDirectory="e1930a67-c538-441d-95f9-71c9c59e6b1b" />
    <UnitTestResult executionId="ebc6ffc3-fe02-4007-b03b-ef4160a953f2" testId="57c6730e-27a8-21de-98fa-3e9b7c7e3b53" testName="ExxerAI.Application.Tests.Services.WorkflowServiceTests.GetWorkflowAsync_WithValidId_ShouldReturnWorkflow" computerName="DESKTOP-FB2ES22" duration="00:00:00.0012668" startTime="2025-07-01T15:59:19.7395350-06:00" endTime="2025-07-01T15:59:19.7398703-06:00" testType="13cdc9d9-ddb5-4fa4-a97d-d965ccfc6d4b" outcome="Passed" testListId="8c84fa94-04c1-424b-9868-57a2d4851a1d" relativeResultsDirectory="ebc6ffc3-fe02-4007-b03b-ef4160a953f2" />
    <UnitTestResult executionId="8ef81cbb-a805-40fb-8887-0089c02b2462" testId="21f03c22-c5a0-ffe8-123d-b3241a6f9ad6" testName="ExxerAI.Application.Tests.Services.DocumentIngestionServiceTests.ProcessDocumentChanges_ShouldHandleHighVolume_Efficiently" computerName="DESKTOP-FB2ES22" duration="00:00:00.2840748" startTime="2025-07-01T15:59:19.7389675-06:00" endTime="2025-07-01T15:59:19.8661926-06:00" testType="13cdc9d9-ddb5-4fa4-a97d-d965ccfc6d4b" outcome="Passed" testListId="8c84fa94-04c1-424b-9868-57a2d4851a1d" relativeResultsDirectory="8ef81cbb-a805-40fb-8887-0089c02b2462" />
    <UnitTestResult executionId="acaade0f-3e64-44dc-bf0e-cba017bdcc04" testId="9665ea5e-fb45-56b9-5858-88304630083e" testName="ExxerAI.Application.Tests.Services.WorkflowServiceTests.IWorkflowService_AllMethods_ShouldRespectCancellationToken" computerName="DESKTOP-FB2ES22" duration="00:00:00.0029139" startTime="2025-07-01T15:59:19.7426593-06:00" endTime="2025-07-01T15:59:19.7427469-06:00" testType="13cdc9d9-ddb5-4fa4-a97d-d965ccfc6d4b" outcome="Passed" testListId="8c84fa94-04c1-424b-9868-57a2d4851a1d" relativeResultsDirectory="acaade0f-3e64-44dc-bf0e-cba017bdcc04" />
    <UnitTestResult executionId="0dd17f18-4a1f-4f12-883d-f35696df862d" testId="86320a89-b792-cfcb-a84d-9b0ac6514c17" testName="ExxerAI.Application.Tests.Services.TaskServiceTests.UpdateTaskStatusAsync_WithValidInput_ShouldReturnSuccess(status: Cancelled)" computerName="DESKTOP-FB2ES22" duration="00:00:00.0000746" startTime="2025-07-01T15:59:19.6775018-06:00" endTime="2025-07-01T15:59:19.6776399-06:00" testType="13cdc9d9-ddb5-4fa4-a97d-d965ccfc6d4b" outcome="Passed" testListId="8c84fa94-04c1-424b-9868-57a2d4851a1d" relativeResultsDirectory="0dd17f18-4a1f-4f12-883d-f35696df862d" />
    <UnitTestResult executionId="bb0a5733-0368-4317-a75e-dd4e0e15c2c1" testId="a17ace4d-eca2-6577-7e99-fa9582eaebb1" testName="ExxerAI.Application.Tests.Services.DocumentIngestionServiceTests.ProcessDocumentChangeAsync_ShouldRespectCancellation_When_TokenCancelled" computerName="DESKTOP-FB2ES22" duration="00:00:00.0012012" startTime="2025-07-01T15:59:21.3301039-06:00" endTime="2025-07-01T15:59:21.3307559-06:00" testType="13cdc9d9-ddb5-4fa4-a97d-d965ccfc6d4b" outcome="Passed" testListId="8c84fa94-04c1-424b-9868-57a2d4851a1d" relativeResultsDirectory="bb0a5733-0368-4317-a75e-dd4e0e15c2c1" />
    <UnitTestResult executionId="ab5a1009-19a3-4f4f-b299-c3c4b67cfe3e" testId="8d879e74-82c9-94ad-fc77-f32e78a12c91" testName="ExxerAI.Application.Tests.Services.LLMServiceTests.ILLMService_AllMethods_ShouldReturnResult" computerName="DESKTOP-FB2ES22" duration="00:00:00.1291927" startTime="2025-07-01T15:59:19.3826423-06:00" endTime="2025-07-01T15:59:19.5199730-06:00" testType="13cdc9d9-ddb5-4fa4-a97d-d965ccfc6d4b" outcome="Passed" testListId="8c84fa94-04c1-424b-9868-57a2d4851a1d" relativeResultsDirectory="ab5a1009-19a3-4f4f-b299-c3c4b67cfe3e" />
    <UnitTestResult executionId="913806ab-7957-460c-a3eb-74376bf90d2d" testId="096a4467-829f-5b05-d7ac-6ec9086f2474" testName="ExxerAI.Application.Tests.Services.AgentServiceTests.CreateAgentAsync_WithCancellationToken_ShouldRespectCancellation" computerName="DESKTOP-FB2ES22" duration="00:00:00.0012868" startTime="2025-07-01T15:59:19.8016431-06:00" endTime="2025-07-01T15:59:19.8017067-06:00" testType="13cdc9d9-ddb5-4fa4-a97d-d965ccfc6d4b" outcome="Passed" testListId="8c84fa94-04c1-424b-9868-57a2d4851a1d" relativeResultsDirectory="913806ab-7957-460c-a3eb-74376bf90d2d" />
    <UnitTestResult executionId="dbce47ca-3898-48b2-8a29-c1be5e1ecdcd" testId="e8218a7c-a357-95f4-8149-35083cee718c" testName="ExxerAI.Application.Tests.Services.TaskServiceTests.FailTaskAsync_WithValidInput_ShouldReturnSuccess" computerName="DESKTOP-FB2ES22" duration="00:00:00.0012198" startTime="2025-07-01T15:59:19.7248753-06:00" endTime="2025-07-01T15:59:19.7253277-06:00" testType="13cdc9d9-ddb5-4fa4-a97d-d965ccfc6d4b" outcome="Passed" testListId="8c84fa94-04c1-424b-9868-57a2d4851a1d" relativeResultsDirectory="dbce47ca-3898-48b2-8a29-c1be5e1ecdcd" />
    <UnitTestResult executionId="4520de9e-3c05-41de-922d-e926fdd70467" testId="06a2c159-01e1-fe36-f440-c9925903427c" testName="ExxerAI.Application.Tests.Services.TaskServiceTests.ITaskService_AllMethods_ShouldRespectCancellationToken" computerName="DESKTOP-FB2ES22" duration="00:00:00.0205633" startTime="2025-07-01T15:59:19.7398211-06:00" endTime="2025-07-01T15:59:19.7441449-06:00" testType="13cdc9d9-ddb5-4fa4-a97d-d965ccfc6d4b" outcome="Passed" testListId="8c84fa94-04c1-424b-9868-57a2d4851a1d" relativeResultsDirectory="4520de9e-3c05-41de-922d-e926fdd70467" />
    <UnitTestResult executionId="a1808914-6fd6-4755-b6e1-4c79787c80ac" testId="02fb217e-bd68-2ba5-ffc7-966538641fb7" testName="ExxerAI.Application.Tests.Services.TaskServiceTests.GetPendingTasksAsync_WhenNoPendingTasks_ShouldReturnEmptyList" computerName="DESKTOP-FB2ES22" duration="00:00:00.0089487" startTime="2025-07-01T15:59:19.7341847-06:00" endTime="2025-07-01T15:59:19.7390429-06:00" testType="13cdc9d9-ddb5-4fa4-a97d-d965ccfc6d4b" outcome="Passed" testListId="8c84fa94-04c1-424b-9868-57a2d4851a1d" relativeResultsDirectory="a1808914-6fd6-4755-b6e1-4c79787c80ac" />
    <UnitTestResult executionId="1940e6d0-5bcf-4093-8911-86a9ae8f15c3" testId="d08944ff-6ea3-d9ab-8c8e-6878e540e969" testName="ExxerAI.Application.Tests.Services.TaskServiceTests.UpdateTaskStatusAsync_WithValidInput_ShouldReturnSuccess(status: Failed)" computerName="DESKTOP-FB2ES22" duration="00:00:00.0004822" startTime="2025-07-01T15:59:19.6695648-06:00" endTime="2025-07-01T15:59:19.6696546-06:00" testType="13cdc9d9-ddb5-4fa4-a97d-d965ccfc6d4b" outcome="Passed" testListId="8c84fa94-04c1-424b-9868-57a2d4851a1d" relativeResultsDirectory="1940e6d0-5bcf-4093-8911-86a9ae8f15c3" />
    <UnitTestResult executionId="d8e91149-6564-4e9c-9cbe-4da27467e1be" testId="4351a16a-3d20-1833-2164-3811fe755ce9" testName="ExxerAI.Application.Tests.Services.TaskServiceTests.UpdateTaskStatusAsync_WithValidInput_ShouldReturnSuccess(status: Completed)" computerName="DESKTOP-FB2ES22" duration="00:00:00.0000793" startTime="2025-07-01T15:59:19.6702096-06:00" endTime="2025-07-01T15:59:19.6702973-06:00" testType="13cdc9d9-ddb5-4fa4-a97d-d965ccfc6d4b" outcome="Passed" testListId="8c84fa94-04c1-424b-9868-57a2d4851a1d" relativeResultsDirectory="d8e91149-6564-4e9c-9cbe-4da27467e1be" />
    <UnitTestResult executionId="27453367-79b9-435c-8a64-d8c85e5a21eb" testId="12bf2b20-fb7d-36c6-9c7c-ac4e5480b5cf" testName="ExxerAI.Application.Tests.Services.WorkflowServiceTests.ExecutionControlMethods_WithEmptyGuid_ShouldReturnFailure(methodName: &quot;PauseWorkflowExecutionAsync&quot;)" computerName="DESKTOP-FB2ES22" duration="00:00:00.0004232" startTime="2025-07-01T15:59:19.6824330-06:00" endTime="2025-07-01T15:59:19.6825114-06:00" testType="13cdc9d9-ddb5-4fa4-a97d-d965ccfc6d4b" outcome="Passed" testListId="8c84fa94-04c1-424b-9868-57a2d4851a1d" relativeResultsDirectory="27453367-79b9-435c-8a64-d8c85e5a21eb" />
    <UnitTestResult executionId="ed2ad45f-5ec9-4e0a-a3af-8832d5dea7ae" testId="4f094911-52c9-4b9e-9a66-985973710222" testName="ExxerAI.Application.Tests.Services.WorkflowServiceTests.GetActiveWorkflowsAsync_WhenActiveWorkflowsExist_ShouldReturnAllActiveWorkflows" computerName="DESKTOP-FB2ES22" duration="00:00:00.0018709" startTime="2025-07-01T15:59:19.7431998-06:00" endTime="2025-07-01T15:59:19.7432683-06:00" testType="13cdc9d9-ddb5-4fa4-a97d-d965ccfc6d4b" outcome="Passed" testListId="8c84fa94-04c1-424b-9868-57a2d4851a1d" relativeResultsDirectory="ed2ad45f-5ec9-4e0a-a3af-8832d5dea7ae" />
    <UnitTestResult executionId="3118b550-cd90-4f7c-a43b-2388b7b75ff5" testId="d45556c0-b996-fbce-165e-96fa06519b36" testName="ExxerAI.Application.Tests.Services.TaskServiceTests.CreateTaskAsync_WithValidInput_ShouldReturnSuccessResult" computerName="DESKTOP-FB2ES22" duration="00:00:00.0117598" startTime="2025-07-01T15:59:19.6780424-06:00" endTime="2025-07-01T15:59:19.6788538-06:00" testType="13cdc9d9-ddb5-4fa4-a97d-d965ccfc6d4b" outcome="Passed" testListId="8c84fa94-04c1-424b-9868-57a2d4851a1d" relativeResultsDirectory="3118b550-cd90-4f7c-a43b-2388b7b75ff5" />
    <UnitTestResult executionId="109cc611-6e9d-4342-b4d0-42e2b06e1d56" testId="0e97f63c-f680-6f8e-48f2-65911c5eb80e" testName="ExxerAI.Application.Tests.Services.TaskServiceTests.GetTaskAsync_WithEmptyGuid_ShouldReturnFailureResult" computerName="DESKTOP-FB2ES22" duration="00:00:00.0010227" startTime="2025-07-01T15:59:19.7285359-06:00" endTime="2025-07-01T15:59:19.7286725-06:00" testType="13cdc9d9-ddb5-4fa4-a97d-d965ccfc6d4b" outcome="Passed" testListId="8c84fa94-04c1-424b-9868-57a2d4851a1d" relativeResultsDirectory="109cc611-6e9d-4342-b4d0-42e2b06e1d56" />
    <UnitTestResult executionId="d28d4fbe-44f9-4192-8763-d069aa205b0e" testId="6db6dbdd-32db-b785-502b-1b5af09d1853" testName="ExxerAI.Application.Tests.Services.AgentServiceTests.FindBestAgentForTaskAsync_WithInvalidTaskType_ShouldReturnFailure(taskType: &quot;   &quot;)" computerName="DESKTOP-FB2ES22" duration="00:00:00.0017045" startTime="2025-07-01T15:59:19.7970745-06:00" endTime="2025-07-01T15:59:19.7973251-06:00" testType="13cdc9d9-ddb5-4fa4-a97d-d965ccfc6d4b" outcome="Passed" testListId="8c84fa94-04c1-424b-9868-57a2d4851a1d" relativeResultsDirectory="d28d4fbe-44f9-4192-8763-d069aa205b0e" />
    <UnitTestResult executionId="d7892567-c1d9-41cc-a802-eadd3f9663d0" testId="562ff206-a868-bd4e-79f4-6a676e97153c" testName="ExxerAI.Application.Tests.Services.LLMServiceTests.ContinueConversationAsync_WithValidInput_ShouldReturnSuccessResult" computerName="DESKTOP-FB2ES22" duration="00:00:00.0067501" startTime="2025-07-01T15:59:19.7249339-06:00" endTime="2025-07-01T15:59:19.7300455-06:00" testType="13cdc9d9-ddb5-4fa4-a97d-d965ccfc6d4b" outcome="Passed" testListId="8c84fa94-04c1-424b-9868-57a2d4851a1d" relativeResultsDirectory="d7892567-c1d9-41cc-a802-eadd3f9663d0" />
    <UnitTestResult executionId="29c460f2-d4bc-438e-a017-74afc9d6a2f1" testId="c701ad74-533d-df8e-6e63-40e6774d68ac" testName="ExxerAI.Application.Tests.Services.WorkflowServiceTests.IWorkflowService_AllMethods_ShouldReturnResult" computerName="DESKTOP-FB2ES22" duration="00:00:00.0020721" startTime="2025-07-01T15:59:19.7423089-06:00" endTime="2025-07-01T15:59:19.7424070-06:00" testType="13cdc9d9-ddb5-4fa4-a97d-d965ccfc6d4b" outcome="Passed" testListId="8c84fa94-04c1-424b-9868-57a2d4851a1d" relativeResultsDirectory="29c460f2-d4bc-438e-a017-74afc9d6a2f1" />
    <UnitTestResult executionId="d3d87f93-4130-4726-980a-920d8120f0a0" testId="17a5b5d5-2309-1dff-d5ad-af696c3bced3" testName="ExxerAI.Application.Tests.Services.TaskServiceTests.AssignTaskToAgentAsync_WithEmptyTaskId_ShouldReturnFailure" computerName="DESKTOP-FB2ES22" duration="00:00:00.0012479" startTime="2025-07-01T15:59:19.6797876-06:00" endTime="2025-07-01T15:59:19.6818324-06:00" testType="13cdc9d9-ddb5-4fa4-a97d-d965ccfc6d4b" outcome="Passed" testListId="8c84fa94-04c1-424b-9868-57a2d4851a1d" relativeResultsDirectory="d3d87f93-4130-4726-980a-920d8120f0a0" />
    <UnitTestResult executionId="46b63fdc-0f1c-4372-81d5-d7adb8fe5609" testId="e1560ed6-6630-f864-fa84-bab184b30a26" testName="ExxerAI.Application.Tests.Services.AgentServiceTests.CreateAgentAsync_WithInvalidInput_ShouldReturnFailureResult(name: &quot;   &quot;, description: &quot;Valid Description&quot;)" computerName="DESKTOP-FB2ES22" duration="00:00:00.0002004" startTime="2025-07-01T15:59:19.8004960-06:00" endTime="2025-07-01T15:59:19.8005699-06:00" testType="13cdc9d9-ddb5-4fa4-a97d-d965ccfc6d4b" outcome="Passed" testListId="8c84fa94-04c1-424b-9868-57a2d4851a1d" relativeResultsDirectory="46b63fdc-0f1c-4372-81d5-d7adb8fe5609" />
    <UnitTestResult executionId="8f626d40-5aaa-4461-8d79-5ce64a45c4e8" testId="5fa3a4fa-e8c6-bf17-50aa-6fdb57e0390e" testName="ExxerAI.Application.Tests.Services.WorkflowServiceTests.ExecuteWorkflowAsync_WithNullInput_ShouldReturnFailureResult" computerName="DESKTOP-FB2ES22" duration="00:00:00.0011517" startTime="2025-07-01T15:59:19.7404340-06:00" endTime="2025-07-01T15:59:19.7404995-06:00" testType="13cdc9d9-ddb5-4fa4-a97d-d965ccfc6d4b" outcome="Passed" testListId="8c84fa94-04c1-424b-9868-57a2d4851a1d" relativeResultsDirectory="8f626d40-5aaa-4461-8d79-5ce64a45c4e8" />
    <UnitTestResult executionId="6ab9f394-09ab-41c7-a24d-1b2fa610eb44" testId="094d524d-6350-c84a-eb96-d2859d4a66ef" testName="ExxerAI.Application.Tests.Services.TaskServiceTests.DeleteTaskAsync_WithEmptyGuid_ShouldReturnFailure" computerName="DESKTOP-FB2ES22" duration="00:00:00.0009339" startTime="2025-07-01T15:59:19.7274466-06:00" endTime="2025-07-01T15:59:19.7281087-06:00" testType="13cdc9d9-ddb5-4fa4-a97d-d965ccfc6d4b" outcome="Passed" testListId="8c84fa94-04c1-424b-9868-57a2d4851a1d" relativeResultsDirectory="6ab9f394-09ab-41c7-a24d-1b2fa610eb44" />
    <UnitTestResult executionId="49430834-0372-48d3-b2f1-64d8c2eb54fc" testId="1b3cb9ca-dc53-3530-859a-5b3e98c5803f" testName="ExxerAI.Application.Tests.Services.DocumentIngestionServiceTests.ProcessDocumentChangeAsync_ShouldHandleSkip_When_VersionDetectionSaysSkip" computerName="DESKTOP-FB2ES22" duration="00:00:00.0032563" startTime="2025-07-01T15:59:21.3330538-06:00" endTime="2025-07-01T15:59:21.3341733-06:00" testType="13cdc9d9-ddb5-4fa4-a97d-d965ccfc6d4b" outcome="Passed" testListId="8c84fa94-04c1-424b-9868-57a2d4851a1d" relativeResultsDirectory="49430834-0372-48d3-b2f1-64d8c2eb54fc" />
    <UnitTestResult executionId="81883b41-c739-4186-97f0-441eb5217af5" testId="43948d14-c8b3-f588-885e-b8d84e8d7e5b" testName="ExxerAI.Application.Tests.Services.TaskServiceTests.GetTaskAsync_WithNonExistentId_ShouldReturnFailureResult" computerName="DESKTOP-FB2ES22" duration="00:00:00.0010457" startTime="2025-07-01T15:59:19.7299533-06:00" endTime="2025-07-01T15:59:19.7302302-06:00" testType="13cdc9d9-ddb5-4fa4-a97d-d965ccfc6d4b" outcome="Passed" testListId="8c84fa94-04c1-424b-9868-57a2d4851a1d" relativeResultsDirectory="81883b41-c739-4186-97f0-441eb5217af5" />
    <UnitTestResult executionId="73ce1561-fc57-4973-a7ac-b75f7ae94c65" testId="2aa340a8-da23-8d6d-cd60-46c38bcb2804" testName="ExxerAI.Application.Tests.Services.TaskServiceTests.CreateTaskAsync_WithDifferentPriorities_ShouldHandleAllPriorityLevels(priority: Low)" computerName="DESKTOP-FB2ES22" duration="00:00:00.0015883" startTime="2025-07-01T15:59:19.7219231-06:00" endTime="2025-07-01T15:59:19.7220433-06:00" testType="13cdc9d9-ddb5-4fa4-a97d-d965ccfc6d4b" outcome="Passed" testListId="8c84fa94-04c1-424b-9868-57a2d4851a1d" relativeResultsDirectory="73ce1561-fc57-4973-a7ac-b75f7ae94c65" />
    <UnitTestResult executionId="0697e52e-96f7-4d96-a20f-faa9311a1ea1" testId="e71721a0-5078-2177-b087-307c25fb0f3c" testName="ExxerAI.Application.Tests.Services.TaskServiceTests.GetAgentTasksAsync_WithEmptyAgentId_ShouldReturnFailure" computerName="DESKTOP-FB2ES22" duration="00:00:00.0015944" startTime="2025-07-01T15:59:19.7895274-06:00" endTime="2025-07-01T15:59:19.7971639-06:00" testType="13cdc9d9-ddb5-4fa4-a97d-d965ccfc6d4b" outcome="Passed" testListId="8c84fa94-04c1-424b-9868-57a2d4851a1d" relativeResultsDirectory="0697e52e-96f7-4d96-a20f-faa9311a1ea1" />
    <UnitTestResult executionId="1a6be931-cfce-489b-845e-bc360fed5d2a" testId="d8839bbe-2665-89a2-b155-ce616266678c" testName="ExxerAI.Application.Tests.Services.WorkflowServiceTests.ExecuteWorkflowAsync_WithEmptyWorkflowId_ShouldReturnFailureResult" computerName="DESKTOP-FB2ES22" duration="00:00:00.0038016" startTime="2025-07-01T15:59:19.7295328-06:00" endTime="2025-07-01T15:59:19.7342484-06:00" testType="13cdc9d9-ddb5-4fa4-a97d-d965ccfc6d4b" outcome="Passed" testListId="8c84fa94-04c1-424b-9868-57a2d4851a1d" relativeResultsDirectory="1a6be931-cfce-489b-845e-bc360fed5d2a" />
    <UnitTestResult executionId="1401e138-f485-4fd0-b41a-539ff12ed2eb" testId="9078a32b-7a9c-dc05-e090-ee348bfb541a" testName="ExxerAI.Application.Tests.Services.DocumentIngestionServiceTests.CompleteWorkflow_ShouldProcessNewDocument_EndToEnd" computerName="DESKTOP-FB2ES22" duration="00:00:00.4224390" startTime="2025-07-01T15:59:20.9068791-06:00" endTime="2025-07-01T15:59:21.3294638-06:00" testType="13cdc9d9-ddb5-4fa4-a97d-d965ccfc6d4b" outcome="Passed" testListId="8c84fa94-04c1-424b-9868-57a2d4851a1d" relativeResultsDirectory="1401e138-f485-4fd0-b41a-539ff12ed2eb" />
    <UnitTestResult executionId="a4a299cd-0c5d-4c01-8a67-21e0d07788de" testId="ca76d0cf-b29a-9af6-c6f4-775a81f91bf7" testName="ExxerAI.Application.Tests.Services.LLMServiceTests.GenerateTextAsync_WithInvalidPrompt_ShouldReturnFailureResult(prompt: &quot;   &quot;)" computerName="DESKTOP-FB2ES22" duration="00:00:00.0031083" startTime="2025-07-01T15:59:19.5669651-06:00" endTime="2025-07-01T15:59:19.6503512-06:00" testType="13cdc9d9-ddb5-4fa4-a97d-d965ccfc6d4b" outcome="Passed" testListId="8c84fa94-04c1-424b-9868-57a2d4851a1d" relativeResultsDirectory="a4a299cd-0c5d-4c01-8a67-21e0d07788de" />
    <UnitTestResult executionId="17904176-bba5-46c1-9034-aa5a38e722bb" testId="0a6c7782-57eb-baf6-f750-e75fcac94a02" testName="ExxerAI.Application.Tests.Services.TaskServiceTests.DeleteTaskAsync_WithNonExistentTask_ShouldReturnFailure" computerName="DESKTOP-FB2ES22" duration="00:00:00.0009660" startTime="2025-07-01T15:59:19.7184326-06:00" endTime="2025-07-01T15:59:19.7205011-06:00" testType="13cdc9d9-ddb5-4fa4-a97d-d965ccfc6d4b" outcome="Passed" testListId="8c84fa94-04c1-424b-9868-57a2d4851a1d" relativeResultsDirectory="17904176-bba5-46c1-9034-aa5a38e722bb" />
    <UnitTestResult executionId="70d5c095-bc20-4575-a8e1-65cb610c60f6" testId="bd98200b-d56f-1d25-c128-002ce36950df" testName="ExxerAI.Application.Tests.Services.DocumentIngestionServiceTests.GetIngestionStatusAsync_ShouldReturnStatus_When_Requested" computerName="DESKTOP-FB2ES22" duration="00:00:00.2640037" startTime="2025-07-01T15:59:21.5490624-06:00" endTime="2025-07-01T15:59:21.8134162-06:00" testType="13cdc9d9-ddb5-4fa4-a97d-d965ccfc6d4b" outcome="Passed" testListId="8c84fa94-04c1-424b-9868-57a2d4851a1d" relativeResultsDirectory="70d5c095-bc20-4575-a8e1-65cb610c60f6" />
    <UnitTestResult executionId="9ebcfee1-07aa-412c-9cdb-7eab830e789f" testId="e88b6c7a-3a5f-7ab3-f8fd-272460983a81" testName="ExxerAI.Application.Tests.Services.TaskServiceTests.GetOverdueTasksAsync_WhenOverdueTasksExist_ShouldReturnOverdueTasks" computerName="DESKTOP-FB2ES22" duration="00:00:00.0017681" startTime="2025-07-01T15:59:19.7672769-06:00" endTime="2025-07-01T15:59:19.7687098-06:00" testType="13cdc9d9-ddb5-4fa4-a97d-d965ccfc6d4b" outcome="Passed" testListId="8c84fa94-04c1-424b-9868-57a2d4851a1d" relativeResultsDirectory="9ebcfee1-07aa-412c-9cdb-7eab830e789f" />
    <UnitTestResult executionId="96f24627-aee3-491f-866f-301064390cf0" testId="43f93cef-fc13-dc44-c0c8-6a4a355e84ea" testName="ExxerAI.Application.Tests.Services.TaskServiceTests.DeleteTaskAsync_WithValidId_ShouldReturnSuccess" computerName="DESKTOP-FB2ES22" duration="00:00:00.0011908" startTime="2025-07-01T15:59:19.6790693-06:00" endTime="2025-07-01T15:59:19.6795533-06:00" testType="13cdc9d9-ddb5-4fa4-a97d-d965ccfc6d4b" outcome="Passed" testListId="8c84fa94-04c1-424b-9868-57a2d4851a1d" relativeResultsDirectory="96f24627-aee3-491f-866f-301064390cf0" />
    <UnitTestResult executionId="8e5c77ff-767c-4904-a8b8-0a0614e12e10" testId="48b33c37-14cd-e141-813e-3a605381790c" testName="ExxerAI.Application.Tests.Services.WorkflowServiceTests.GetWorkflowExecutionsAsync_WithStatusFilter_ShouldReturnFilteredExecutions" computerName="DESKTOP-FB2ES22" duration="00:00:00.0020698" startTime="2025-07-01T15:59:19.7406819-06:00" endTime="2025-07-01T15:59:19.7407533-06:00" testType="13cdc9d9-ddb5-4fa4-a97d-d965ccfc6d4b" outcome="Passed" testListId="8c84fa94-04c1-424b-9868-57a2d4851a1d" relativeResultsDirectory="8e5c77ff-767c-4904-a8b8-0a0614e12e10" />
    <UnitTestResult executionId="7e3fa746-5fbe-49bf-8a77-28b8127ef46f" testId="7c5ab6b8-106b-e607-1d25-cdab7418ff7a" testName="ExxerAI.Application.Tests.Services.WorkflowServiceTests.GetWorkflowAsync_WithNonExistentId_ShouldReturnFailureResult" computerName="DESKTOP-FB2ES22" duration="00:00:00.0009794" startTime="2025-07-01T15:59:19.7401515-06:00" endTime="2025-07-01T15:59:19.7402283-06:00" testType="13cdc9d9-ddb5-4fa4-a97d-d965ccfc6d4b" outcome="Passed" testListId="8c84fa94-04c1-424b-9868-57a2d4851a1d" relativeResultsDirectory="7e3fa746-5fbe-49bf-8a77-28b8127ef46f" />
    <UnitTestResult executionId="b7192a7c-e133-4fe1-b116-350960f7edff" testId="0be21685-3820-7264-94eb-88712caeb709" testName="ExxerAI.Application.Tests.Services.WorkflowServiceTests.GetWorkflowExecutionsAsync_WithValidWorkflowId_ShouldReturnExecutions" computerName="DESKTOP-FB2ES22" duration="00:00:00.0016517" startTime="2025-07-01T15:59:19.7434446-06:00" endTime="2025-07-01T15:59:19.7435101-06:00" testType="13cdc9d9-ddb5-4fa4-a97d-d965ccfc6d4b" outcome="Passed" testListId="8c84fa94-04c1-424b-9868-57a2d4851a1d" relativeResultsDirectory="b7192a7c-e133-4fe1-b116-350960f7edff" />
    <UnitTestResult executionId="91b44e53-ce14-4236-9f75-328dff3a7f19" testId="dbf475fb-50e9-fd7a-e2a8-649fca0365d7" testName="ExxerAI.Application.Tests.Services.LLMServiceTests.GenerateTextAsync_WithEmptyGuid_ShouldReturnFailureResult" computerName="DESKTOP-FB2ES22" duration="00:00:00.0050524" startTime="2025-07-01T15:59:19.7204064-06:00" endTime="2025-07-01T15:59:19.7215527-06:00" testType="13cdc9d9-ddb5-4fa4-a97d-d965ccfc6d4b" outcome="Passed" testListId="8c84fa94-04c1-424b-9868-57a2d4851a1d" relativeResultsDirectory="91b44e53-ce14-4236-9f75-328dff3a7f19" />
    <UnitTestResult executionId="5e4b5d29-4dbe-46bd-bd1d-18145772b542" testId="faa37c05-7471-287c-2aee-f3cf7d9d802f" testName="ExxerAI.Application.Tests.Services.TaskServiceTests.CreateTaskAsync_WithInvalidInput_ShouldReturnFailureResult(title: &quot;Valid Title&quot;, description: &quot;&quot;, taskType: &quot;ValidType&quot;)" computerName="DESKTOP-FB2ES22" duration="00:00:00.0007689" startTime="2025-07-01T15:59:19.6550684-06:00" endTime="2025-07-01T15:59:19.6551674-06:00" testType="13cdc9d9-ddb5-4fa4-a97d-d965ccfc6d4b" outcome="Passed" testListId="8c84fa94-04c1-424b-9868-57a2d4851a1d" relativeResultsDirectory="5e4b5d29-4dbe-46bd-bd1d-18145772b542" />
    <UnitTestResult executionId="0baf057e-f2e6-40f8-ac53-acd9227e631a" testId="6d8d22d7-3367-f5d2-e5e3-e9f460f6dd3c" testName="ExxerAI.Application.Tests.Services.DocumentIngestionServiceTests.ProcessDocumentChangeAsync_ShouldHandleFailure_When_ProcessingFails" computerName="DESKTOP-FB2ES22" duration="00:00:00.2136387" startTime="2025-07-01T15:59:21.3344598-06:00" endTime="2025-07-01T15:59:21.5487217-06:00" testType="13cdc9d9-ddb5-4fa4-a97d-d965ccfc6d4b" outcome="Passed" testListId="8c84fa94-04c1-424b-9868-57a2d4851a1d" relativeResultsDirectory="0baf057e-f2e6-40f8-ac53-acd9227e631a" />
    <UnitTestResult executionId="25414c95-c915-4d5f-a293-a23dfbe6a89f" testId="74ad3f82-f62f-055a-a84a-4a9505aab08e" testName="ExxerAI.Application.Tests.Services.AgentServiceTests.DeleteAgentAsync_WithEmptyGuid_ShouldReturnFailure" computerName="DESKTOP-FB2ES22" duration="00:00:00.0016610" startTime="2025-07-01T15:59:19.7889698-06:00" endTime="2025-07-01T15:59:19.7964131-06:00" testType="13cdc9d9-ddb5-4fa4-a97d-d965ccfc6d4b" outcome="Passed" testListId="8c84fa94-04c1-424b-9868-57a2d4851a1d" relativeResultsDirectory="25414c95-c915-4d5f-a293-a23dfbe6a89f" />
    <UnitTestResult executionId="9ca5d907-b18d-47cb-b61b-36afb8c7b355" testId="2b7095c7-3b7c-0de0-93de-8f2f78998064" testName="ExxerAI.Application.Tests.Services.AgentServiceTests.UpdateAgentStatusAsync_WithValidInput_ShouldReturnSuccess(status: Active)" computerName="DESKTOP-FB2ES22" duration="00:00:00.0002793" startTime="2025-07-01T15:59:19.7789692-06:00" endTime="2025-07-01T15:59:19.7790450-06:00" testType="13cdc9d9-ddb5-4fa4-a97d-d965ccfc6d4b" outcome="Passed" testListId="8c84fa94-04c1-424b-9868-57a2d4851a1d" relativeResultsDirectory="9ca5d907-b18d-47cb-b61b-36afb8c7b355" />
    <UnitTestResult executionId="a823638f-f0c5-44ae-9ad8-954690fd2b01" testId="0a4365e8-ac7a-2817-3603-5398e33c29d6" testName="ExxerAI.Application.Tests.Services.LLMServiceTests.CreateConversationAsync_WithValidInput_ShouldReturnSuccessResult" computerName="DESKTOP-FB2ES22" duration="00:00:00.0026298" startTime="2025-07-01T15:59:19.7218905-06:00" endTime="2025-07-01T15:59:19.7245108-06:00" testType="13cdc9d9-ddb5-4fa4-a97d-d965ccfc6d4b" outcome="Passed" testListId="8c84fa94-04c1-424b-9868-57a2d4851a1d" relativeResultsDirectory="a823638f-f0c5-44ae-9ad8-954690fd2b01" />
    <UnitTestResult executionId="28dd7f4b-1717-47c6-bac6-9b001335107f" testId="91cda8d3-a605-b3c9-f0f5-a943bab9fd0d" testName="ExxerAI.Application.Tests.Services.WorkflowServiceTests.CreateWorkflowAsync_WithInvalidInput_ShouldReturnFailureResult(name: &quot;Valid Name&quot;, description: &quot;&quot;)" computerName="DESKTOP-FB2ES22" duration="00:00:00.0012244" startTime="2025-07-01T15:59:19.7364627-06:00" endTime="2025-07-01T15:59:19.7365410-06:00" testType="13cdc9d9-ddb5-4fa4-a97d-d965ccfc6d4b" outcome="Passed" testListId="8c84fa94-04c1-424b-9868-57a2d4851a1d" relativeResultsDirectory="28dd7f4b-1717-47c6-bac6-9b001335107f" />
    <UnitTestResult executionId="fbc43e3b-0ea8-4a53-92b9-6d045e546a08" testId="82fd4df7-74a8-5832-bb69-f667968e3ced" testName="ExxerAI.Application.Tests.Services.AgentServiceTests.UpdateAgentStatusAsync_WithValidInput_ShouldReturnSuccess(status: Paused)" computerName="DESKTOP-FB2ES22" duration="00:00:00.0013391" startTime="2025-07-01T15:59:19.7698237-06:00" endTime="2025-07-01T15:59:19.7702613-06:00" testType="13cdc9d9-ddb5-4fa4-a97d-d965ccfc6d4b" outcome="Passed" testListId="8c84fa94-04c1-424b-9868-57a2d4851a1d" relativeResultsDirectory="fbc43e3b-0ea8-4a53-92b9-6d045e546a08" />
    <UnitTestResult executionId="8b3c35ec-1bc1-4afb-91ef-45dde6a22a54" testId="90a637c8-8b33-901b-1c15-bac22f611b34" testName="ExxerAI.Application.Tests.Services.AgentServiceTests.GetActiveAgentsAsync_WhenNoActiveAgents_ShouldReturnEmptyList" computerName="DESKTOP-FB2ES22" duration="00:00:00.0027486" startTime="2025-07-01T15:59:19.7665648-06:00" endTime="2025-07-01T15:59:19.7673520-06:00" testType="13cdc9d9-ddb5-4fa4-a97d-d965ccfc6d4b" outcome="Passed" testListId="8c84fa94-04c1-424b-9868-57a2d4851a1d" relativeResultsDirectory="8b3c35ec-1bc1-4afb-91ef-45dde6a22a54" />
    <UnitTestResult executionId="8b329288-750f-414e-881a-38fdd7f76431" testId="672ff10e-2821-1c98-8769-3c62d5b1158e" testName="ExxerAI.Application.Tests.Services.DocumentIngestionServiceTests.StopWatchingFolderAsync_ShouldReturnSuccess_When_ValidWatchId" computerName="DESKTOP-FB2ES22" duration="00:00:00.1703326" startTime="2025-07-01T15:59:20.7357460-06:00" endTime="2025-07-01T15:59:20.9063095-06:00" testType="13cdc9d9-ddb5-4fa4-a97d-d965ccfc6d4b" outcome="Passed" testListId="8c84fa94-04c1-424b-9868-57a2d4851a1d" relativeResultsDirectory="8b329288-750f-414e-881a-38fdd7f76431" />
    <UnitTestResult executionId="5935e884-e02b-4499-ac2a-9ab0331e2e2d" testId="267bd55d-5aef-8398-9301-25a19774b172" testName="ExxerAI.Application.Tests.Services.DocumentIngestionServiceTests.StartWatchingFolderAsync_ShouldReturnFailure_When_FolderIdIsNull" computerName="DESKTOP-FB2ES22" duration="00:00:00.1822429" startTime="2025-07-01T15:59:19.3827259-06:00" endTime="2025-07-01T15:59:19.7222545-06:00" testType="13cdc9d9-ddb5-4fa4-a97d-d965ccfc6d4b" outcome="Passed" testListId="8c84fa94-04c1-424b-9868-57a2d4851a1d" relativeResultsDirectory="5935e884-e02b-4499-ac2a-9ab0331e2e2d" />
    <UnitTestResult executionId="c0490726-0686-48f6-8fc6-295dc2dbb451" testId="e97cbd34-915f-1a6d-0845-7b9cfa8b0db1" testName="ExxerAI.Application.Tests.Services.TaskServiceTests.CompleteTaskAsync_WithValidInput_ShouldReturnSuccess" computerName="DESKTOP-FB2ES22" duration="00:00:00.0016375" startTime="2025-07-01T15:59:19.7689484-06:00" endTime="2025-07-01T15:59:19.7781446-06:00" testType="13cdc9d9-ddb5-4fa4-a97d-d965ccfc6d4b" outcome="Passed" testListId="8c84fa94-04c1-424b-9868-57a2d4851a1d" relativeResultsDirectory="c0490726-0686-48f6-8fc6-295dc2dbb451" />
    <UnitTestResult executionId="27c8d78b-461d-4adb-bd1b-9eb9fe25a0ea" testId="e73fb785-4521-9702-9633-b67fe1a2aba0" testName="ExxerAI.Application.Tests.Services.AgentServiceTests.UpdateAgentConfigurationAsync_WithEmptyGuid_ShouldReturnFailure" computerName="DESKTOP-FB2ES22" duration="00:00:00.0013301" startTime="2025-07-01T15:59:19.8049526-06:00" endTime="2025-07-01T15:59:19.8050220-06:00" testType="13cdc9d9-ddb5-4fa4-a97d-d965ccfc6d4b" outcome="Passed" testListId="8c84fa94-04c1-424b-9868-57a2d4851a1d" relativeResultsDirectory="27c8d78b-461d-4adb-bd1b-9eb9fe25a0ea" />
    <UnitTestResult executionId="cdf31982-29d6-4dd1-a714-2d22e52e327b" testId="04717aca-01e5-585b-975f-d0b0fcf042eb" testName="ExxerAI.Application.Tests.Services.WorkflowServiceTests.ExecutionControlMethods_WithValidId_ShouldReturnSuccess(methodName: &quot;CancelWorkflowExecutionAsync&quot;)" computerName="DESKTOP-FB2ES22" duration="00:00:00.0001263" startTime="2025-07-01T15:59:19.7291859-06:00" endTime="2025-07-01T15:59:19.7292578-06:00" testType="13cdc9d9-ddb5-4fa4-a97d-d965ccfc6d4b" outcome="Passed" testListId="8c84fa94-04c1-424b-9868-57a2d4851a1d" relativeResultsDirectory="cdf31982-29d6-4dd1-a714-2d22e52e327b" />
    <UnitTestResult executionId="382038bc-050d-45a7-9a15-5e998265cde2" testId="20650d7a-b3f3-0013-f12b-d26b73c4a631" testName="ExxerAI.Application.Tests.Services.AgentServiceTests.DeleteAgentAsync_WithValidId_ShouldReturnSuccess" computerName="DESKTOP-FB2ES22" duration="00:00:00.0011348" startTime="2025-07-01T15:59:19.7657008-06:00" endTime="2025-07-01T15:59:19.7660746-06:00" testType="13cdc9d9-ddb5-4fa4-a97d-d965ccfc6d4b" outcome="Passed" testListId="8c84fa94-04c1-424b-9868-57a2d4851a1d" relativeResultsDirectory="382038bc-050d-45a7-9a15-5e998265cde2" />
    <UnitTestResult executionId="82c9c51a-68b5-4a01-91df-14e3f3a30394" testId="7ae6c136-d508-85e4-334b-68ebcf289f3a" testName="ExxerAI.Application.Tests.Services.TaskServiceTests.GetOverdueTasksAsync_WhenNoOverdueTasks_ShouldReturnEmptyList" computerName="DESKTOP-FB2ES22" duration="00:00:00.0038522" startTime="2025-07-01T15:59:19.6540372-06:00" endTime="2025-07-01T15:59:19.6545225-06:00" testType="13cdc9d9-ddb5-4fa4-a97d-d965ccfc6d4b" outcome="Passed" testListId="8c84fa94-04c1-424b-9868-57a2d4851a1d" relativeResultsDirectory="82c9c51a-68b5-4a01-91df-14e3f3a30394" />
    <UnitTestResult executionId="dfb11e02-8262-4b89-9e7a-20ec9066e987" testId="53b9f6f3-52e3-de17-9e97-f718b6fff046" testName="ExxerAI.Application.Tests.Services.LLMServiceTests.GenerateTextAsync_WithInvalidPrompt_ShouldReturnFailureResult(prompt: &quot;&quot;)" computerName="DESKTOP-FB2ES22" duration="00:00:00.0005377" startTime="2025-07-01T15:59:19.6526056-06:00" endTime="2025-07-01T15:59:19.6541488-06:00" testType="13cdc9d9-ddb5-4fa4-a97d-d965ccfc6d4b" outcome="Passed" testListId="8c84fa94-04c1-424b-9868-57a2d4851a1d" relativeResultsDirectory="dfb11e02-8262-4b89-9e7a-20ec9066e987" />
    <UnitTestResult executionId="11395663-01df-4e25-a6ba-b54563340ca8" testId="dab97424-2618-a43f-3668-201e0358b6a0" testName="ExxerAI.Application.Tests.Services.WorkflowServiceTests.ExecuteWorkflowAsync_WithValidInput_ShouldReturnSuccessResult" computerName="DESKTOP-FB2ES22" duration="00:00:00.0129029" startTime="2025-07-01T15:59:19.6827323-06:00" endTime="2025-07-01T15:59:19.7250334-06:00" testType="13cdc9d9-ddb5-4fa4-a97d-d965ccfc6d4b" outcome="Passed" testListId="8c84fa94-04c1-424b-9868-57a2d4851a1d" relativeResultsDirectory="11395663-01df-4e25-a6ba-b54563340ca8" />
    <UnitTestResult executionId="7f6310e9-2423-4cce-92ce-271ef28f3cd7" testId="df9fb8e3-9d3c-6d3a-8910-335c246b939e" testName="ExxerAI.Application.Tests.Services.TaskServiceTests.CreateTaskAsync_WithInvalidInput_ShouldReturnFailureResult(title: &quot;Valid Title&quot;, description: &quot;Valid Description&quot;, taskType: &quot;&quot;)" computerName="DESKTOP-FB2ES22" duration="00:00:00.0001513" startTime="2025-07-01T15:59:19.6553454-06:00" endTime="2025-07-01T15:59:19.6554189-06:00" testType="13cdc9d9-ddb5-4fa4-a97d-d965ccfc6d4b" outcome="Passed" testListId="8c84fa94-04c1-424b-9868-57a2d4851a1d" relativeResultsDirectory="7f6310e9-2423-4cce-92ce-271ef28f3cd7" />
    <UnitTestResult executionId="831384be-c137-4a3d-8883-ddc767a11e84" testId="3249d88b-c75f-937c-4725-3d5bcd072e1a" testName="ExxerAI.Application.Tests.Services.TaskServiceTests.UpdateTaskStatusAsync_WithValidInput_ShouldReturnSuccess(status: Pending)" computerName="DESKTOP-FB2ES22" duration="00:00:00.0000964" startTime="2025-07-01T15:59:19.6698130-06:00" endTime="2025-07-01T15:59:19.6699665-06:00" testType="13cdc9d9-ddb5-4fa4-a97d-d965ccfc6d4b" outcome="Passed" testListId="8c84fa94-04c1-424b-9868-57a2d4851a1d" relativeResultsDirectory="831384be-c137-4a3d-8883-ddc767a11e84" />
    <UnitTestResult executionId="0ff46de6-7e1c-4b57-91fe-08c1e5a75490" testId="fe17e8fd-addb-8b86-aa48-9105921337a7" testName="ExxerAI.Application.Tests.Services.DocumentIngestionServiceTests.IsDocumentModifiedAsync_ShouldReturnTrue_When_DocumentWasModified" computerName="DESKTOP-FB2ES22" duration="00:00:00.0020308" startTime="2025-07-01T15:59:19.8706348-06:00" endTime="2025-07-01T15:59:19.8722668-06:00" testType="13cdc9d9-ddb5-4fa4-a97d-d965ccfc6d4b" outcome="Passed" testListId="8c84fa94-04c1-424b-9868-57a2d4851a1d" relativeResultsDirectory="0ff46de6-7e1c-4b57-91fe-08c1e5a75490" />
    <UnitTestResult executionId="986ee7b2-f223-478e-91e7-99ddc1d9fc5a" testId="6cfe90b0-bd8f-47b2-0515-2997abbfcebc" testName="ExxerAI.Application.Tests.Services.TaskServiceTests.CreateTaskAsync_WithDifferentPriorities_ShouldHandleAllPriorityLevels(priority: Normal)" computerName="DESKTOP-FB2ES22" duration="00:00:00.0001699" startTime="2025-07-01T15:59:19.7242386-06:00" endTime="2025-07-01T15:59:19.7243142-06:00" testType="13cdc9d9-ddb5-4fa4-a97d-d965ccfc6d4b" outcome="Passed" testListId="8c84fa94-04c1-424b-9868-57a2d4851a1d" relativeResultsDirectory="986ee7b2-f223-478e-91e7-99ddc1d9fc5a" />
    <UnitTestResult executionId="8590ec10-8537-49cc-8ed8-6d616080bd40" testId="89b1f867-d7ee-53fb-59b1-fda1dcaaca9e" testName="ExxerAI.Application.Tests.Services.TaskServiceTests.CreateTaskAsync_WithInvalidInput_ShouldReturnFailureResult(title: &quot;   &quot;, description: &quot;Valid Description&quot;, taskType: &quot;ValidType&quot;)" computerName="DESKTOP-FB2ES22" duration="00:00:00.0016322" startTime="2025-07-01T15:59:19.6547520-06:00" endTime="2025-07-01T15:59:19.6548267-06:00" testType="13cdc9d9-ddb5-4fa4-a97d-d965ccfc6d4b" outcome="Passed" testListId="8c84fa94-04c1-424b-9868-57a2d4851a1d" relativeResultsDirectory="8590ec10-8537-49cc-8ed8-6d616080bd40" />
    <UnitTestResult executionId="0c2e6dba-85f8-437d-8590-293207184646" testId="52655969-2775-4e84-9e13-92ec0b84b189" testName="ExxerAI.Application.Tests.Services.TaskServiceTests.CreateTaskAsync_WithInvalidInput_ShouldReturnFailureResult(title: &quot;&quot;, description: &quot;Valid Description&quot;, taskType: &quot;ValidType&quot;)" computerName="DESKTOP-FB2ES22" duration="00:00:00.0000945" startTime="2025-07-01T15:59:19.6676302-06:00" endTime="2025-07-01T15:59:19.6677666-06:00" testType="13cdc9d9-ddb5-4fa4-a97d-d965ccfc6d4b" outcome="Passed" testListId="8c84fa94-04c1-424b-9868-57a2d4851a1d" relativeResultsDirectory="0c2e6dba-85f8-437d-8590-293207184646" />
    <UnitTestResult executionId="ae43ffba-d7a4-4e2e-bd53-24cd127bda19" testId="48784803-7eb6-2977-ba5e-a6adcbba86f1" testName="ExxerAI.Application.Tests.Services.AgentServiceTests.AssignTaskAsync_WithEmptyAgentId_ShouldReturnFailure" computerName="DESKTOP-FB2ES22" duration="00:00:00.0013814" startTime="2025-07-01T15:59:19.8051835-06:00" endTime="2025-07-01T15:59:19.8052452-06:00" testType="13cdc9d9-ddb5-4fa4-a97d-d965ccfc6d4b" outcome="Passed" testListId="8c84fa94-04c1-424b-9868-57a2d4851a1d" relativeResultsDirectory="ae43ffba-d7a4-4e2e-bd53-24cd127bda19" />
    <UnitTestResult executionId="3f3c1944-2c47-4350-aa4e-983e06f8e02a" testId="cbcb2add-5b3d-9cf1-bb66-84c2652f592d" testName="ExxerAI.Application.Tests.Services.TaskServiceTests.GetPendingTasksAsync_WhenPendingTasksExist_ShouldReturnPendingTasks" computerName="DESKTOP-FB2ES22" duration="00:00:00.0014584" startTime="2025-07-01T15:59:19.7320534-06:00" endTime="2025-07-01T15:59:19.7337844-06:00" testType="13cdc9d9-ddb5-4fa4-a97d-d965ccfc6d4b" outcome="Passed" testListId="8c84fa94-04c1-424b-9868-57a2d4851a1d" relativeResultsDirectory="3f3c1944-2c47-4350-aa4e-983e06f8e02a" />
    <UnitTestResult executionId="bdca96c6-4fd7-46ab-a007-9053214af91d" testId="8f57d9fc-ade1-ca7c-64ba-fe612f1ad347" testName="ExxerAI.Application.Tests.Services.WorkflowServiceTests.DeleteWorkflowAsync_WithValidId_ShouldReturnSuccess" computerName="DESKTOP-FB2ES22" duration="00:00:00.0015161" startTime="2025-07-01T15:59:19.7429487-06:00" endTime="2025-07-01T15:59:19.7430171-06:00" testType="13cdc9d9-ddb5-4fa4-a97d-d965ccfc6d4b" outcome="Passed" testListId="8c84fa94-04c1-424b-9868-57a2d4851a1d" relativeResultsDirectory="bdca96c6-4fd7-46ab-a007-9053214af91d" />
    <UnitTestResult executionId="63fd0c8d-f22f-45b0-ae17-b03bf4710f20" testId="5e3018c1-cc19-f5fc-ee86-448b7111378a" testName="ExxerAI.Application.Tests.Services.WorkflowServiceTests.CreateWorkflowAsync_WithValidInput_ShouldReturnSuccessResult" computerName="DESKTOP-FB2ES22" duration="00:00:00.0260997" startTime="2025-07-01T15:59:19.5675147-06:00" endTime="2025-07-01T15:59:19.6781408-06:00" testType="13cdc9d9-ddb5-4fa4-a97d-d965ccfc6d4b" outcome="Passed" testListId="8c84fa94-04c1-424b-9868-57a2d4851a1d" relativeResultsDirectory="63fd0c8d-f22f-45b0-ae17-b03bf4710f20" />
    <UnitTestResult executionId="2ffd9128-120c-4717-bc31-3bb9a3e6548d" testId="b64ff3ea-156a-00d3-c5a8-03b2b4093e45" testName="ExxerAI.Application.Tests.Services.AgentServiceTests.GetAllAgentsAsync_WhenNoAgentsExist_ShouldReturnEmptyList" computerName="DESKTOP-FB2ES22" duration="00:00:00.0013425" startTime="2025-07-01T15:59:19.7686246-06:00" endTime="2025-07-01T15:59:19.7690220-06:00" testType="13cdc9d9-ddb5-4fa4-a97d-d965ccfc6d4b" outcome="Passed" testListId="8c84fa94-04c1-424b-9868-57a2d4851a1d" relativeResultsDirectory="2ffd9128-120c-4717-bc31-3bb9a3e6548d" />
    <UnitTestResult executionId="d4226fd3-45c3-40bf-b2a8-39ea321eb942" testId="d3f8fdec-7211-3bb7-869e-4de2037bc17e" testName="ExxerAI.Application.Tests.Services.TaskServiceTests.AssignTaskToAgentAsync_WithEmptyAgentId_ShouldReturnFailure" computerName="DESKTOP-FB2ES22" duration="00:00:00.0011867" startTime="2025-07-01T15:59:19.7393056-06:00" endTime="2025-07-01T15:59:19.7396283-06:00" testType="13cdc9d9-ddb5-4fa4-a97d-d965ccfc6d4b" outcome="Passed" testListId="8c84fa94-04c1-424b-9868-57a2d4851a1d" relativeResultsDirectory="d4226fd3-45c3-40bf-b2a8-39ea321eb942" />
    <UnitTestResult executionId="01a2be80-750c-4769-b700-57d0183a315a" testId="c63b3dda-c826-ff5e-a440-1de55805aff8" testName="ExxerAI.Application.Tests.Services.WorkflowServiceTests.ExecutionControlMethods_WithValidId_ShouldReturnSuccess(methodName: &quot;PauseWorkflowExecutionAsync&quot;)" computerName="DESKTOP-FB2ES22" duration="00:00:00.0012704" startTime="2025-07-01T15:59:19.7280249-06:00" endTime="2025-07-01T15:59:19.7290356-06:00" testType="13cdc9d9-ddb5-4fa4-a97d-d965ccfc6d4b" outcome="Passed" testListId="8c84fa94-04c1-424b-9868-57a2d4851a1d" relativeResultsDirectory="01a2be80-750c-4769-b700-57d0183a315a" />
    <UnitTestResult executionId="861cd819-fdbe-405c-967b-19f1bdbdf83c" testId="feda145d-2f9a-1ed9-e6f8-c8d2310e7fc6" testName="ExxerAI.Application.Tests.Services.WorkflowServiceTests.UpdateWorkflowConfigurationAsync_WithValidInput_ShouldReturnSuccess" computerName="DESKTOP-FB2ES22" duration="00:00:00.0027572" startTime="2025-07-01T15:59:19.7344895-06:00" endTime="2025-07-01T15:59:19.7357430-06:00" testType="13cdc9d9-ddb5-4fa4-a97d-d965ccfc6d4b" outcome="Passed" testListId="8c84fa94-04c1-424b-9868-57a2d4851a1d" relativeResultsDirectory="861cd819-fdbe-405c-967b-19f1bdbdf83c" />
    <UnitTestResult executionId="0fd3eb0c-938f-4454-b9a5-e5d2675efd89" testId="9edfb3c8-c02e-c662-db48-1a945c1c83bd" testName="ExxerAI.Application.Tests.Services.TaskServiceTests.GetAgentTasksAsync_WithStatusFilter_ShouldReturnFilteredTasks(status: InProgress)" computerName="DESKTOP-FB2ES22" duration="00:00:00.0032848" startTime="2025-07-01T15:59:19.5642949-06:00" endTime="2025-07-01T15:59:19.5677224-06:00" testType="13cdc9d9-ddb5-4fa4-a97d-d965ccfc6d4b" outcome="Passed" testListId="8c84fa94-04c1-424b-9868-57a2d4851a1d" relativeResultsDirectory="0fd3eb0c-938f-4454-b9a5-e5d2675efd89" />
    <UnitTestResult executionId="34ccb709-31c4-47a1-b555-15ea14a616eb" testId="8b195190-0db8-ca5e-61de-fcf4be6973a3" testName="ExxerAI.Application.Tests.Services.TaskServiceTests.CompleteTaskAsync_WithoutOutputData_ShouldReturnSuccess" computerName="DESKTOP-FB2ES22" duration="00:00:00.0017439" startTime="2025-07-01T15:59:19.7786728-06:00" endTime="2025-07-01T15:59:19.7890677-06:00" testType="13cdc9d9-ddb5-4fa4-a97d-d965ccfc6d4b" outcome="Passed" testListId="8c84fa94-04c1-424b-9868-57a2d4851a1d" relativeResultsDirectory="34ccb709-31c4-47a1-b555-15ea14a616eb" />
    <UnitTestResult executionId="6c9b5896-d639-4e24-9f1f-7a1ffdcf5f9c" testId="5c63c537-8bff-94fd-ca00-cbb0900847a9" testName="ExxerAI.Application.Tests.Services.DocumentIngestionServiceTests.ProcessDocumentChangeAsync_ShouldProcessDocument_When_DocumentCreated" computerName="DESKTOP-FB2ES22" duration="00:00:00.2112208" startTime="2025-07-01T15:59:20.1970692-06:00" endTime="2025-07-01T15:59:20.4092235-06:00" testType="13cdc9d9-ddb5-4fa4-a97d-d965ccfc6d4b" outcome="Passed" testListId="8c84fa94-04c1-424b-9868-57a2d4851a1d" relativeResultsDirectory="6c9b5896-d639-4e24-9f1f-7a1ffdcf5f9c" />
    <UnitTestResult executionId="4e6b9191-b34f-456f-a757-dbf7ca194347" testId="7a1b7f8d-7c28-3ea1-9123-cd6a2756dcea" testName="ExxerAI.Application.Tests.Services.AgentServiceTests.GetAllAgentsAsync_WhenAgentsExist_ShouldReturnAllAgents" computerName="DESKTOP-FB2ES22" duration="00:00:00.0324818" startTime="2025-07-01T15:59:19.8042946-06:00" endTime="2025-07-01T15:59:19.8043663-06:00" testType="13cdc9d9-ddb5-4fa4-a97d-d965ccfc6d4b" outcome="Passed" testListId="8c84fa94-04c1-424b-9868-57a2d4851a1d" relativeResultsDirectory="4e6b9191-b34f-456f-a757-dbf7ca194347" />
    <UnitTestResult executionId="a92a9d8b-354b-482b-90ff-c4c3314db837" testId="cf544579-436e-fea7-0032-ab27c2d02dc0" testName="ExxerAI.Application.Tests.Services.TaskServiceTests.FailTaskAsync_WithInvalidErrorMessage_ShouldReturnFailure(errorMessage: &quot;&quot;)" computerName="DESKTOP-FB2ES22" duration="00:00:00.0004607" startTime="2025-07-01T15:59:19.6687224-06:00" endTime="2025-07-01T15:59:19.6688115-06:00" testType="13cdc9d9-ddb5-4fa4-a97d-d965ccfc6d4b" outcome="Passed" testListId="8c84fa94-04c1-424b-9868-57a2d4851a1d" relativeResultsDirectory="a92a9d8b-354b-482b-90ff-c4c3314db837" />
    <UnitTestResult executionId="26b71c2c-0ca9-4c9a-8c96-105b861df0b3" testId="c6266a24-12c0-9644-1605-e57ce51e2adf" testName="ExxerAI.Application.Tests.Services.TaskServiceTests.GetPendingTasksAsync_WithDifferentMaxCounts_ShouldRespectLimit(maxCount: 1000)" computerName="DESKTOP-FB2ES22" duration="00:00:00.0001164" startTime="2025-07-01T15:59:19.7179111-06:00" endTime="2025-07-01T15:59:19.7179927-06:00" testType="13cdc9d9-ddb5-4fa4-a97d-d965ccfc6d4b" outcome="Passed" testListId="8c84fa94-04c1-424b-9868-57a2d4851a1d" relativeResultsDirectory="26b71c2c-0ca9-4c9a-8c96-105b861df0b3" />
    <UnitTestResult executionId="22d62b0b-c743-4054-8405-af3c7f55846f" testId="9fc9d9b0-c3e7-d298-e3fe-b46009606c8b" testName="ExxerAI.Application.Tests.Services.AgentServiceTests.UpdateAgentStatusAsync_WithValidInput_ShouldReturnSuccess(status: Inactive)" computerName="DESKTOP-FB2ES22" duration="00:00:00.0006736" startTime="2025-07-01T15:59:19.7784608-06:00" endTime="2025-07-01T15:59:19.7787780-06:00" testType="13cdc9d9-ddb5-4fa4-a97d-d965ccfc6d4b" outcome="Passed" testListId="8c84fa94-04c1-424b-9868-57a2d4851a1d" relativeResultsDirectory="22d62b0b-c743-4054-8405-af3c7f55846f" />
    <UnitTestResult executionId="58218bb9-32c8-40a7-a8cd-4411fbbf19d5" testId="2842db9b-05a1-a43a-9310-e8911a74c041" testName="ExxerAI.Application.Tests.Services.TaskServiceTests.AssignTaskToAgentAsync_WithValidInput_ShouldReturnSuccess" computerName="DESKTOP-FB2ES22" duration="00:00:00.0010052" startTime="2025-07-01T15:59:19.7289533-06:00" endTime="2025-07-01T15:59:19.7296288-06:00" testType="13cdc9d9-ddb5-4fa4-a97d-d965ccfc6d4b" outcome="Passed" testListId="8c84fa94-04c1-424b-9868-57a2d4851a1d" relativeResultsDirectory="58218bb9-32c8-40a7-a8cd-4411fbbf19d5" />
  </Results>
  <TestDefinitions>
    <UnitTest name="ExxerAI.Application.Tests.Services.AgentServiceTests.CreateAgentAsync_WithInvalidInput_ShouldReturnFailureResult(name: &quot;Valid Name&quot;, description: &quot;&quot;)" storage="f:\dynamic\exxerai\exxerai\code\src\tests\exxerai.application.tests\bin\debug\net9.0\exxerai.application.tests.dll" id="ef4a69a6-c2e7-f1cb-87b8-36d5c81cd4f2">
      <Execution id="250af5e6-1443-4f8f-942d-06d0dfaf215c" />
      <TestMethod codeBase="F:\Dynamic\ExxerAi\ExxerAI\code\src\tests\ExxerAI.Application.Tests\bin\Debug\net9.0\ExxerAI.Application.Tests.dll" adapterTypeName="executor://xunit/VsTestRunner3/netcore/" className="ExxerAI.Application.Tests.Services.AgentServiceTests" name="CreateAgentAsync_WithInvalidInput_ShouldReturnFailureResult" />
    </UnitTest>
    <UnitTest name="ExxerAI.Application.Tests.Services.WorkflowServiceTests.CreateWorkflowAsync_WithInvalidInput_ShouldReturnFailureResult(name: &quot;   &quot;, description: &quot;Valid Description&quot;)" storage="f:\dynamic\exxerai\exxerai\code\src\tests\exxerai.application.tests\bin\debug\net9.0\exxerai.application.tests.dll" id="850e0c3c-0955-ecc0-a5f8-2a747f44d8c8">
      <Execution id="b97929ad-2120-4cdf-a48d-b31a27ea80e3" />
      <TestMethod codeBase="F:\Dynamic\ExxerAi\ExxerAI\code\src\tests\ExxerAI.Application.Tests\bin\Debug\net9.0\ExxerAI.Application.Tests.dll" adapterTypeName="executor://xunit/VsTestRunner3/netcore/" className="ExxerAI.Application.Tests.Services.WorkflowServiceTests" name="CreateWorkflowAsync_WithInvalidInput_ShouldReturnFailureResult" />
    </UnitTest>
    <UnitTest name="ExxerAI.Application.Tests.Services.WorkflowServiceTests.CreateWorkflowAsync_WithNullSteps_ShouldReturnFailureResult" storage="f:\dynamic\exxerai\exxerai\code\src\tests\exxerai.application.tests\bin\debug\net9.0\exxerai.application.tests.dll" id="faf4d09e-9852-461e-0460-1c34b1111d4f">
      <Execution id="749f9531-691d-40a0-ac12-5fd02b5fedc3" />
      <TestMethod codeBase="F:\Dynamic\ExxerAi\ExxerAI\code\src\tests\ExxerAI.Application.Tests\bin\Debug\net9.0\ExxerAI.Application.Tests.dll" adapterTypeName="executor://xunit/VsTestRunner3/netcore/" className="ExxerAI.Application.Tests.Services.WorkflowServiceTests" name="CreateWorkflowAsync_WithNullSteps_ShouldReturnFailureResult" />
    </UnitTest>
    <UnitTest name="ExxerAI.Application.Tests.Services.TaskServiceTests.UpdateTaskStatusAsync_WithValidInput_ShouldReturnSuccess(status: Completed)" storage="f:\dynamic\exxerai\exxerai\code\src\tests\exxerai.application.tests\bin\debug\net9.0\exxerai.application.tests.dll" id="4351a16a-3d20-1833-2164-3811fe755ce9">
      <Execution id="d8e91149-6564-4e9c-9cbe-4da27467e1be" />
      <TestMethod codeBase="F:\Dynamic\ExxerAi\ExxerAI\code\src\tests\ExxerAI.Application.Tests\bin\Debug\net9.0\ExxerAI.Application.Tests.dll" adapterTypeName="executor://xunit/VsTestRunner3/netcore/" className="ExxerAI.Application.Tests.Services.TaskServiceTests" name="UpdateTaskStatusAsync_WithValidInput_ShouldReturnSuccess" />
    </UnitTest>
    <UnitTest name="ExxerAI.Application.Tests.Services.WorkflowServiceTests.ExecutionControlMethods_WithValidId_ShouldReturnSuccess(methodName: &quot;ResumeWorkflowExecutionAsync&quot;)" storage="f:\dynamic\exxerai\exxerai\code\src\tests\exxerai.application.tests\bin\debug\net9.0\exxerai.application.tests.dll" id="d501237f-df1a-7bf9-a6a1-46ac92a6b51e">
      <Execution id="65b7e6c6-3a64-4b32-910a-d6898849eb1b" />
[...]
    <TestEntry testId="21ebf75d-f753-8d2b-e096-cee352a50e7d" executionId="1a213e37-ebe8-4fc4-bf94-9c145ab63445" testListId="8c84fa94-04c1-424b-9868-57a2d4851a1d" />
    <TestEntry testId="c655fd94-cb16-e6c5-9d90-a49b2cfa025a" executionId="fd9a6ce2-4749-427a-95ca-7f8646625b94" testListId="8c84fa94-04c1-424b-9868-57a2d4851a1d" />
    <TestEntry testId="fc65e620-27f5-aa90-fb45-a2836ad5916f" executionId="69b95cd7-4945-4a06-9a24-571b15d4d487" testListId="8c84fa94-04c1-424b-9868-57a2d4851a1d" />
    <TestEntry testId="c39e1100-e69e-e579-1ccf-22ef772c7503" executionId="2727cd9c-5ad9-4fa2-b4cd-3b4bc70d9b2e" testListId="8c84fa94-04c1-424b-9868-57a2d4851a1d" />
    <TestEntry testId="13148272-128d-61c7-3929-8217aa162e4d" executionId="11fc5f54-4f4c-400b-8016-30a8f6db3b81" testListId="8c84fa94-04c1-424b-9868-57a2d4851a1d" />
    <TestEntry testId="8af28abd-79ae-9cfc-0cd0-8d4e6c73394e" executionId="1f42a606-b00c-46c2-b9c7-37a87e5cde54" testListId="8c84fa94-04c1-424b-9868-57a2d4851a1d" />
    <TestEntry testId="e7adb723-53ca-882f-4bf5-01820b084631" executionId="29991f4b-f46d-4341-a654-c49099a0cac0" testListId="8c84fa94-04c1-424b-9868-57a2d4851a1d" />
    <TestEntry testId="62833af9-e37d-52d4-ef19-124c5979782a" executionId="c4c1efd1-ec67-4eda-9fe8-74243a4cdfd0" testListId="8c84fa94-04c1-424b-9868-57a2d4851a1d" />
    <TestEntry testId="3de1af92-b9f0-e387-486f-eda61c59bb8e" executionId="d3dc2f14-6552-4a3b-8a90-def3ac6ebb94" testListId="8c84fa94-04c1-424b-9868-57a2d4851a1d" />
    <TestEntry testId="c220612d-a957-4a4f-e5ed-d2e2cc845984" executionId="fb12a41e-7d08-4c29-bec8-741bf6a2b8b3" testListId="8c84fa94-04c1-424b-9868-57a2d4851a1d" />
    <TestEntry testId="8a4e982a-8d4f-2311-0bf2-6c0dd2ad5225" executionId="66004abd-0d8b-4b48-953a-e08e1d154470" testListId="8c84fa94-04c1-424b-9868-57a2d4851a1d" />
    <TestEntry testId="2b55ad60-aac9-0bd1-b724-695126793b10" executionId="1cb9b695-1795-4ec3-af23-db27c88043c0" testListId="8c84fa94-04c1-424b-9868-57a2d4851a1d" />
    <TestEntry testId="4eb8d0c2-b2d2-13db-eed6-105aee4156db" executionId="3847ca6c-d544-4698-b31c-f480c9bc7dc8" testListId="8c84fa94-04c1-424b-9868-57a2d4851a1d" />
    <TestEntry testId="26c24956-9049-ceb8-14dd-5570920f547a" executionId="ac8a6d71-22b5-4435-aea1-cbec4e005ee5" testListId="8c84fa94-04c1-424b-9868-57a2d4851a1d" />
    <TestEntry testId="15fa49d8-a136-ab56-70fb-75f834b826a1" executionId="80d0c029-e851-4653-88b0-c375ffae3241" testListId="8c84fa94-04c1-424b-9868-57a2d4851a1d" />
    <TestEntry testId="15a77cd4-9bbc-bd93-9e68-eb51f74f0282" executionId="c4a8b3f3-e32a-42ac-97b2-45857fd1efaa" testListId="8c84fa94-04c1-424b-9868-57a2d4851a1d" />
    <TestEntry testId="cdf384fe-c36b-d60f-6401-8fa5cbc4ecab" executionId="da151446-1fa5-40ce-86bd-7980ddecce69" testListId="8c84fa94-04c1-424b-9868-57a2d4851a1d" />
    <TestEntry testId="071cf609-f238-cc0c-18bb-40bca9aedf62" executionId="67de27ad-2fbd-49d3-bf1d-d97efdecfcd5" testListId="8c84fa94-04c1-424b-9868-57a2d4851a1d" />
    <TestEntry testId="af749f0b-1887-a76b-0d4c-0407c8f5e274" executionId="f7b764ae-455f-40fb-8e45-3810a33d92b7" testListId="8c84fa94-04c1-424b-9868-57a2d4851a1d" />
    <TestEntry testId="9eda9988-ec9d-e247-6dbd-1312204858f7" executionId="348d4d06-18e3-4c11-8bd4-40cd7006ced7" testListId="8c84fa94-04c1-424b-9868-57a2d4851a1d" />
    <TestEntry testId="2d02e20f-cd27-de3a-3084-4175da66be47" executionId="580daab4-af91-48ba-baa3-b43e2a4f5d93" testListId="8c84fa94-04c1-424b-9868-57a2d4851a1d" />
    <TestEntry testId="dd3249fb-f308-ec63-f5b3-b3d3610053e0" executionId="90aa9bb7-824b-4550-9a22-ce4173806637" testListId="8c84fa94-04c1-424b-9868-57a2d4851a1d" />
    <TestEntry testId="7887dda8-1ec9-c81a-b211-488d685126f4" executionId="3cc745e3-9dd6-4167-9bb4-7caa52c60460" testListId="8c84fa94-04c1-424b-9868-57a2d4851a1d" />
    <TestEntry testId="850e0c3c-0955-ecc0-a5f8-2a747f44d8c8" executionId="b97929ad-2120-4cdf-a48d-b31a27ea80e3" testListId="8c84fa94-04c1-424b-9868-57a2d4851a1d" />
    <TestEntry testId="faf4d09e-9852-461e-0460-1c34b1111d4f" executionId="749f9531-691d-40a0-ac12-5fd02b5fedc3" testListId="8c84fa94-04c1-424b-9868-57a2d4851a1d" />
    <TestEntry testId="9b1acc78-da87-15c3-351d-31fe241c0db6" executionId="a6b2724e-8271-4a48-b703-643724278ce8" testListId="8c84fa94-04c1-424b-9868-57a2d4851a1d" />
    <TestEntry testId="50458f18-f422-2e2d-3023-5ba2bbd372cb" executionId="e31818e5-41b0-4401-959c-214b66051f02" testListId="8c84fa94-04c1-424b-9868-57a2d4851a1d" />
    <TestEntry testId="45eab8d3-d96a-b048-e6f0-44f24813c8f5" executionId="a2fc737c-5568-4fcd-8b07-809efe40961c" testListId="8c84fa94-04c1-424b-9868-57a2d4851a1d" />
    <TestEntry testId="e3091ac6-d9b5-d592-fd33-5477c91c38f6" executionId="764302d4-e0b2-45b0-b4e8-8b1eceaffcac" testListId="8c84fa94-04c1-424b-9868-57a2d4851a1d" />
    <TestEntry testId="9daec7e2-f118-0c7b-2175-2cc1aac2223d" executionId="dae94165-f5b0-4c83-bef0-aacefaa27aaf" testListId="8c84fa94-04c1-424b-9868-57a2d4851a1d" />
    <TestEntry testId="8bdd5c69-f640-5bcb-3914-70dbaf0d3c63" executionId="c685bfe3-6bdb-414b-90b2-9cf630cec54b" testListId="8c84fa94-04c1-424b-9868-57a2d4851a1d" />
    <TestEntry testId="4988fed9-345f-24f0-a197-f9dcb1a329d1" executionId="fed0d7d9-7c41-42bd-9f61-7bb7bd3de456" testListId="8c84fa94-04c1-424b-9868-57a2d4851a1d" />
    <TestEntry testId="8b550000-f60d-95ea-7f85-47a4ee4efb0b" executionId="042be87d-027d-429e-a4c9-19561fd72376" testListId="8c84fa94-04c1-424b-9868-57a2d4851a1d" />
    <TestEntry testId="e19d6571-2098-d077-33b8-2ef1a5980345" executionId="48ccf943-eaa1-4a0e-980c-71e2fbcc855b" testListId="8c84fa94-04c1-424b-9868-57a2d4851a1d" />
    <TestEntry testId="2214b465-0ce5-d933-0aca-0a270343ade4" executionId="c7ca8666-0556-4779-ba7e-712b5bcfc094" testListId="8c84fa94-04c1-424b-9868-57a2d4851a1d" />
    <TestEntry testId="5ec47069-7b9b-4d19-e91a-eb469f8848ca" executionId="46554a05-59e7-4a29-a55c-046d08e3835a" testListId="8c84fa94-04c1-424b-9868-57a2d4851a1d" />
    <TestEntry testId="1b4a66aa-02c6-3e91-9207-f3ec38e66830" executionId="58b0c81c-f0f2-4eb9-91a2-f72f4581bd14" testListId="8c84fa94-04c1-424b-9868-57a2d4851a1d" />
    <TestEntry testId="8419b3fc-6009-efde-f490-33db80fd18e2" executionId="e1930a67-c538-441d-95f9-71c9c59e6b1b" testListId="8c84fa94-04c1-424b-9868-57a2d4851a1d" />
    <TestEntry testId="57c6730e-27a8-21de-98fa-3e9b7c7e3b53" executionId="ebc6ffc3-fe02-4007-b03b-ef4160a953f2" testListId="8c84fa94-04c1-424b-9868-57a2d4851a1d" />
    <TestEntry testId="21f03c22-c5a0-ffe8-123d-b3241a6f9ad6" executionId="8ef81cbb-a805-40fb-8887-0089c02b2462" testListId="8c84fa94-04c1-424b-9868-57a2d4851a1d" />
    <TestEntry testId="9665ea5e-fb45-56b9-5858-88304630083e" executionId="acaade0f-3e64-44dc-bf0e-cba017bdcc04" testListId="8c84fa94-04c1-424b-9868-57a2d4851a1d" />
    <TestEntry testId="86320a89-b792-cfcb-a84d-9b0ac6514c17" executionId="0dd17f18-4a1f-4f12-883d-f35696df862d" testListId="8c84fa94-04c1-424b-9868-57a2d4851a1d" />
    <TestEntry testId="a17ace4d-eca2-6577-7e99-fa9582eaebb1" executionId="bb0a5733-0368-4317-a75e-dd4e0e15c2c1" testListId="8c84fa94-04c1-424b-9868-57a2d4851a1d" />
    <TestEntry testId="8d879e74-82c9-94ad-fc77-f32e78a12c91" executionId="ab5a1009-19a3-4f4f-b299-c3c4b67cfe3e" testListId="8c84fa94-04c1-424b-9868-57a2d4851a1d" />
    <TestEntry testId="096a4467-829f-5b05-d7ac-6ec9086f2474" executionId="913806ab-7957-460c-a3eb-74376bf90d2d" testListId="8c84fa94-04c1-424b-9868-57a2d4851a1d" />
    <TestEntry testId="e8218a7c-a357-95f4-8149-35083cee718c" executionId="dbce47ca-3898-48b2-8a29-c1be5e1ecdcd" testListId="8c84fa94-04c1-424b-9868-57a2d4851a1d" />
    <TestEntry testId="06a2c159-01e1-fe36-f440-c9925903427c" executionId="4520de9e-3c05-41de-922d-e926fdd70467" testListId="8c84fa94-04c1-424b-9868-57a2d4851a1d" />
    <TestEntry testId="02fb217e-bd68-2ba5-ffc7-966538641fb7" executionId="a1808914-6fd6-4755-b6e1-4c79787c80ac" testListId="8c84fa94-04c1-424b-9868-57a2d4851a1d" />
    <TestEntry testId="d08944ff-6ea3-d9ab-8c8e-6878e540e969" executionId="1940e6d0-5bcf-4093-8911-86a9ae8f15c3" testListId="8c84fa94-04c1-424b-9868-57a2d4851a1d" />
    <TestEntry testId="4351a16a-3d20-1833-2164-3811fe755ce9" executionId="d8e91149-6564-4e9c-9cbe-4da27467e1be" testListId="8c84fa94-04c1-424b-9868-57a2d4851a1d" />
    <TestEntry testId="12bf2b20-fb7d-36c6-9c7c-ac4e5480b5cf" executionId="27453367-79b9-435c-8a64-d8c85e5a21eb" testListId="8c84fa94-04c1-424b-9868-57a2d4851a1d" />
    <TestEntry testId="4f094911-52c9-4b9e-9a66-985973710222" executionId="ed2ad45f-5ec9-4e0a-a3af-8832d5dea7ae" testListId="8c84fa94-04c1-424b-9868-57a2d4851a1d" />
    <TestEntry testId="d45556c0-b996-fbce-165e-96fa06519b36" executionId="3118b550-cd90-4f7c-a43b-2388b7b75ff5" testListId="8c84fa94-04c1-424b-9868-57a2d4851a1d" />
    <TestEntry testId="0e97f63c-f680-6f8e-48f2-65911c5eb80e" executionId="109cc611-6e9d-4342-b4d0-42e2b06e1d56" testListId="8c84fa94-04c1-424b-9868-57a2d4851a1d" />
    <TestEntry testId="6db6dbdd-32db-b785-502b-1b5af09d1853" executionId="d28d4fbe-44f9-4192-8763-d069aa205b0e" testListId="8c84fa94-04c1-424b-9868-57a2d4851a1d" />
    <TestEntry testId="562ff206-a868-bd4e-79f4-6a676e97153c" executionId="d7892567-c1d9-41cc-a802-eadd3f9663d0" testListId="8c84fa94-04c1-424b-9868-57a2d4851a1d" />
    <TestEntry testId="c701ad74-533d-df8e-6e63-40e6774d68ac" executionId="29c460f2-d4bc-438e-a017-74afc9d6a2f1" testListId="8c84fa94-04c1-424b-9868-57a2d4851a1d" />
    <TestEntry testId="17a5b5d5-2309-1dff-d5ad-af696c3bced3" executionId="d3d87f93-4130-4726-980a-920d8120f0a0" testListId="8c84fa94-04c1-424b-9868-57a2d4851a1d" />
    <TestEntry testId="e1560ed6-6630-f864-fa84-bab184b30a26" executionId="46b63fdc-0f1c-4372-81d5-d7adb8fe5609" testListId="8c84fa94-04c1-424b-9868-57a2d4851a1d" />
    <TestEntry testId="5fa3a4fa-e8c6-bf17-50aa-6fdb57e0390e" executionId="8f626d40-5aaa-4461-8d79-5ce64a45c4e8" testListId="8c84fa94-04c1-424b-9868-57a2d4851a1d" />
    <TestEntry testId="094d524d-6350-c84a-eb96-d2859d4a66ef" executionId="6ab9f394-09ab-41c7-a24d-1b2fa610eb44" testListId="8c84fa94-04c1-424b-9868-57a2d4851a1d" />
    <TestEntry testId="1b3cb9ca-dc53-3530-859a-5b3e98c5803f" executionId="49430834-0372-48d3-b2f1-64d8c2eb54fc" testListId="8c84fa94-04c1-424b-9868-57a2d4851a1d" />
    <TestEntry testId="43948d14-c8b3-f588-885e-b8d84e8d7e5b" executionId="81883b41-c739-4186-97f0-441eb5217af5" testListId="8c84fa94-04c1-424b-9868-57a2d4851a1d" />
    <TestEntry testId="2aa340a8-da23-8d6d-cd60-46c38bcb2804" executionId="73ce1561-fc57-4973-a7ac-b75f7ae94c65" testListId="8c84fa94-04c1-424b-9868-57a2d4851a1d" />
    <TestEntry testId="e71721a0-5078-2177-b087-307c25fb0f3c" executionId="0697e52e-96f7-4d96-a20f-faa9311a1ea1" testListId="8c84fa94-04c1-424b-9868-57a2d4851a1d" />
    <TestEntry testId="d8839bbe-2665-89a2-b155-ce616266678c" executionId="1a6be931-cfce-489b-845e-bc360fed5d2a" testListId="8c84fa94-04c1-424b-9868-57a2d4851a1d" />
    <TestEntry testId="9078a32b-7a9c-dc05-e090-ee348bfb541a" executionId="1401e138-f485-4fd0-b41a-539ff12ed2eb" testListId="8c84fa94-04c1-424b-9868-57a2d4851a1d" />
    <TestEntry testId="ca76d0cf-b29a-9af6-c6f4-775a81f91bf7" executionId="a4a299cd-0c5d-4c01-8a67-21e0d07788de" testListId="8c84fa94-04c1-424b-9868-57a2d4851a1d" />
    <TestEntry testId="0a6c7782-57eb-baf6-f750-e75fcac94a02" executionId="17904176-bba5-46c1-9034-aa5a38e722bb" testListId="8c84fa94-04c1-424b-9868-57a2d4851a1d" />
    <TestEntry testId="bd98200b-d56f-1d25-c128-002ce36950df" executionId="70d5c095-bc20-4575-a8e1-65cb610c60f6" testListId="8c84fa94-04c1-424b-9868-57a2d4851a1d" />
    <TestEntry testId="e88b6c7a-3a5f-7ab3-f8fd-272460983a81" executionId="9ebcfee1-07aa-412c-9cdb-7eab830e789f" testListId="8c84fa94-04c1-424b-9868-57a2d4851a1d" />
    <TestEntry testId="43f93cef-fc13-dc44-c0c8-6a4a355e84ea" executionId="96f24627-aee3-491f-866f-301064390cf0" testListId="8c84fa94-04c1-424b-9868-57a2d4851a1d" />
    <TestEntry testId="48b33c37-14cd-e141-813e-3a605381790c" executionId="8e5c77ff-767c-4904-a8b8-0a0614e12e10" testListId="8c84fa94-04c1-424b-9868-57a2d4851a1d" />
    <TestEntry testId="7c5ab6b8-106b-e607-1d25-cdab7418ff7a" executionId="7e3fa746-5fbe-49bf-8a77-28b8127ef46f" testListId="8c84fa94-04c1-424b-9868-57a2d4851a1d" />
    <TestEntry testId="0be21685-3820-7264-94eb-88712caeb709" executionId="b7192a7c-e133-4fe1-b116-350960f7edff" testListId="8c84fa94-04c1-424b-9868-57a2d4851a1d" />
    <TestEntry testId="dbf475fb-50e9-fd7a-e2a8-649fca0365d7" executionId="91b44e53-ce14-4236-9f75-328dff3a7f19" testListId="8c84fa94-04c1-424b-9868-57a2d4851a1d" />
    <TestEntry testId="faa37c05-7471-287c-2aee-f3cf7d9d802f" executionId="5e4b5d29-4dbe-46bd-bd1d-18145772b542" testListId="8c84fa94-04c1-424b-9868-57a2d4851a1d" />
    <TestEntry testId="6d8d22d7-3367-f5d2-e5e3-e9f460f6dd3c" executionId="0baf057e-f2e6-40f8-ac53-acd9227e631a" testListId="8c84fa94-04c1-424b-9868-57a2d4851a1d" />
    <TestEntry testId="74ad3f82-f62f-055a-a84a-4a9505aab08e" executionId="25414c95-c915-4d5f-a293-a23dfbe6a89f" testListId="8c84fa94-04c1-424b-9868-57a2d4851a1d" />
    <TestEntry testId="2b7095c7-3b7c-0de0-93de-8f2f78998064" executionId="9ca5d907-b18d-47cb-b61b-36afb8c7b355" testListId="8c84fa94-04c1-424b-9868-57a2d4851a1d" />
    <TestEntry testId="0a4365e8-ac7a-2817-3603-5398e33c29d6" executionId="a823638f-f0c5-44ae-9ad8-954690fd2b01" testListId="8c84fa94-04c1-424b-9868-57a2d4851a1d" />
    <TestEntry testId="91cda8d3-a605-b3c9-f0f5-a943bab9fd0d" executionId="28dd7f4b-1717-47c6-bac6-9b001335107f" testListId="8c84fa94-04c1-424b-9868-57a2d4851a1d" />
    <TestEntry testId="82fd4df7-74a8-5832-bb69-f667968e3ced" executionId="fbc43e3b-0ea8-4a53-92b9-6d045e546a08" testListId="8c84fa94-04c1-424b-9868-57a2d4851a1d" />
    <TestEntry testId="90a637c8-8b33-901b-1c15-bac22f611b34" executionId="8b3c35ec-1bc1-4afb-91ef-45dde6a22a54" testListId="8c84fa94-04c1-424b-9868-57a2d4851a1d" />
    <TestEntry testId="672ff10e-2821-1c98-8769-3c62d5b1158e" executionId="8b329288-750f-414e-881a-38fdd7f76431" testListId="8c84fa94-04c1-424b-9868-57a2d4851a1d" />
    <TestEntry testId="267bd55d-5aef-8398-9301-25a19774b172" executionId="5935e884-e02b-4499-ac2a-9ab0331e2e2d" testListId="8c84fa94-04c1-424b-9868-57a2d4851a1d" />
    <TestEntry testId="e97cbd34-915f-1a6d-0845-7b9cfa8b0db1" executionId="c0490726-0686-48f6-8fc6-295dc2dbb451" testListId="8c84fa94-04c1-424b-9868-57a2d4851a1d" />
    <TestEntry testId="e73fb785-4521-9702-9633-b67fe1a2aba0" executionId="27c8d78b-461d-4adb-bd1b-9eb9fe25a0ea" testListId="8c84fa94-04c1-424b-9868-57a2d4851a1d" />
    <TestEntry testId="04717aca-01e5-585b-975f-d0b0fcf042eb" executionId="cdf31982-29d6-4dd1-a714-2d22e52e327b" testListId="8c84fa94-04c1-424b-9868-57a2d4851a1d" />
    <TestEntry testId="20650d7a-b3f3-0013-f12b-d26b73c4a631" executionId="382038bc-050d-45a7-9a15-5e998265cde2" testListId="8c84fa94-04c1-424b-9868-57a2d4851a1d" />
    <TestEntry testId="7ae6c136-d508-85e4-334b-68ebcf289f3a" executionId="82c9c51a-68b5-4a01-91df-14e3f3a30394" testListId="8c84fa94-04c1-424b-9868-57a2d4851a1d" />
    <TestEntry testId="53b9f6f3-52e3-de17-9e97-f718b6fff046" executionId="dfb11e02-8262-4b89-9e7a-20ec9066e987" testListId="8c84fa94-04c1-424b-9868-57a2d4851a1d" />
    <TestEntry testId="dab97424-2618-a43f-3668-201e0358b6a0" executionId="11395663-01df-4e25-a6ba-b54563340ca8" testListId="8c84fa94-04c1-424b-9868-57a2d4851a1d" />
    <TestEntry testId="df9fb8e3-9d3c-6d3a-8910-335c246b939e" executionId="7f6310e9-2423-4cce-92ce-271ef28f3cd7" testListId="8c84fa94-04c1-424b-9868-57a2d4851a1d" />
    <TestEntry testId="3249d88b-c75f-937c-4725-3d5bcd072e1a" executionId="831384be-c137-4a3d-8883-ddc767a11e84" testListId="8c84fa94-04c1-424b-9868-57a2d4851a1d" />
    <TestEntry testId="fe17e8fd-addb-8b86-aa48-9105921337a7" executionId="0ff46de6-7e1c-4b57-91fe-08c1e5a75490" testListId="8c84fa94-04c1-424b-9868-57a2d4851a1d" />
    <TestEntry testId="6cfe90b0-bd8f-47b2-0515-2997abbfcebc" executionId="986ee7b2-f223-478e-91e7-99ddc1d9fc5a" testListId="8c84fa94-04c1-424b-9868-57a2d4851a1d" />
    <TestEntry testId="89b1f867-d7ee-53fb-59b1-fda1dcaaca9e" executionId="8590ec10-8537-49cc-8ed8-6d616080bd40" testListId="8c84fa94-04c1-424b-9868-57a2d4851a1d" />
    <TestEntry testId="52655969-2775-4e84-9e13-92ec0b84b189" executionId="0c2e6dba-85f8-437d-8590-293207184646" testListId="8c84fa94-04c1-424b-9868-57a2d4851a1d" />
    <TestEntry testId="48784803-7eb6-2977-ba5e-a6adcbba86f1" executionId="ae43ffba-d7a4-4e2e-bd53-24cd127bda19" testListId="8c84fa94-04c1-424b-9868-57a2d4851a1d" />
    <TestEntry testId="cbcb2add-5b3d-9cf1-bb66-84c2652f592d" executionId="3f3c1944-2c47-4350-aa4e-983e06f8e02a" testListId="8c84fa94-04c1-424b-9868-57a2d4851a1d" />
    <TestEntry testId="8f57d9fc-ade1-ca7c-64ba-fe612f1ad347" executionId="bdca96c6-4fd7-46ab-a007-9053214af91d" testListId="8c84fa94-04c1-424b-9868-57a2d4851a1d" />
    <TestEntry testId="5e3018c1-cc19-f5fc-ee86-448b7111378a" executionId="63fd0c8d-f22f-45b0-ae17-b03bf4710f20" testListId="8c84fa94-04c1-424b-9868-57a2d4851a1d" />
    <TestEntry testId="b64ff3ea-156a-00d3-c5a8-03b2b4093e45" executionId="2ffd9128-120c-4717-bc31-3bb9a3e6548d" testListId="8c84fa94-04c1-424b-9868-57a2d4851a1d" />
    <TestEntry testId="d3f8fdec-7211-3bb7-869e-4de2037bc17e" executionId="d4226fd3-45c3-40bf-b2a8-39ea321eb942" testListId="8c84fa94-04c1-424b-9868-57a2d4851a1d" />
    <TestEntry testId="c63b3dda-c826-ff5e-a440-1de55805aff8" executionId="01a2be80-750c-4769-b700-57d0183a315a" testListId="8c84fa94-04c1-424b-9868-57a2d4851a1d" />
    <TestEntry testId="feda145d-2f9a-1ed9-e6f8-c8d2310e7fc6" executionId="861cd819-fdbe-405c-967b-19f1bdbdf83c" testListId="8c84fa94-04c1-424b-9868-57a2d4851a1d" />
    <TestEntry testId="9edfb3c8-c02e-c662-db48-1a945c1c83bd" executionId="0fd3eb0c-938f-4454-b9a5-e5d2675efd89" testListId="8c84fa94-04c1-424b-9868-57a2d4851a1d" />
    <TestEntry testId="8b195190-0db8-ca5e-61de-fcf4be6973a3" executionId="34ccb709-31c4-47a1-b555-15ea14a616eb" testListId="8c84fa94-04c1-424b-9868-57a2d4851a1d" />
    <TestEntry testId="5c63c537-8bff-94fd-ca00-cbb0900847a9" executionId="6c9b5896-d639-4e24-9f1f-7a1ffdcf5f9c" testListId="8c84fa94-04c1-424b-9868-57a2d4851a1d" />
    <TestEntry testId="7a1b7f8d-7c28-3ea1-9123-cd6a2756dcea" executionId="4e6b9191-b34f-456f-a757-dbf7ca194347" testListId="8c84fa94-04c1-424b-9868-57a2d4851a1d" />
    <TestEntry testId="cf544579-436e-fea7-0032-ab27c2d02dc0" executionId="a92a9d8b-354b-482b-90ff-c4c3314db837" testListId="8c84fa94-04c1-424b-9868-57a2d4851a1d" />
    <TestEntry testId="c6266a24-12c0-9644-1605-e57ce51e2adf" executionId="26b71c2c-0ca9-4c9a-8c96-105b861df0b3" testListId="8c84fa94-04c1-424b-9868-57a2d4851a1d" />
    <TestEntry testId="9fc9d9b0-c3e7-d298-e3fe-b46009606c8b" executionId="22d62b0b-c743-4054-8405-af3c7f55846f" testListId="8c84fa94-04c1-424b-9868-57a2d4851a1d" />
    <TestEntry testId="2842db9b-05a1-a43a-9310-e8911a74c041" executionId="58218bb9-32c8-40a7-a8cd-4411fbbf19d5" testListId="8c84fa94-04c1-424b-9868-57a2d4851a1d" />
  </TestEntries>
  <TestLists>
    <TestList name="Results Not in a List" id="8c84fa94-04c1-424b-9868-57a2d4851a1d" />
    <TestList name="All Loaded Results" id="19431567-8539-422a-85d7-44ee4e166bda" />
  </TestLists>
  <ResultSummary outcome="Completed">
    <Counters total="129" executed="129" passed="129" failed="0" error="0" timeout="0" aborted="0" inconclusive="0" passedButRunAborted="0" notRunnable="0" notExecuted="0" disconnected="0" warning="0" completed="0" inProgress="0" pending="0" />
    <Output>
      <StdOut>[xUnit.net 00:00:00.00] xUnit.net VSTest Adapter v3.1.1+bf6400fd51 (64-bit .NET 9.0.6)&#xD;
[xUnit.net 00:00:00.45]   Discovering: ExxerAI.Application.Tests&#xD;
[xUnit.net 00:00:00.66]   Discovered:  ExxerAI.Application.Tests&#xD;
[xUnit.net 00:00:00.75]   Starting:    ExxerAI.Application.Tests&#xD;
[xUnit.net 00:00:03.23]   Finished:    ExxerAI.Application.Tests&#xD;
</StdOut>
    </Output>
  </ResultSummary>
</TestRun>