<?xml version="1.0" encoding="utf-8"?>
<TestRun id="15bda157-5713-4d3d-b20c-f1d50f73beaf" name="Abel Briones@DESKTOP-FB2ES22 2025-07-04 09:01:49" runUser="DESKTOP-FB2ES22\Abel Briones" xmlns="http://microsoft.com/schemas/VisualStudio/TeamTest/2010">
  <Times creation="2025-07-04T09:01:49.7950909-06:00" queuing="2025-07-04T09:01:49.7950916-06:00" start="2025-07-04T09:01:48.0090826-06:00" finish="2025-07-04T09:01:49.8289841-06:00" />
  <TestSettings name="default" id="c6ed5f1b-62f7-4513-aa91-f0852e8a8dc5">
    <Deployment runDeploymentRoot="Abel_Briones_DESKTOP-FB2ES22_2025-07-04_09_01_49" />
  </TestSettings>
  <Results>
    <UnitTestResult executionId="9803ef02-b049-4cbb-85d1-8f95bb9b91c2" testId="933a190d-0458-0c9d-282c-46d029a2f5f0" testName="ExxerAI.Orchestration.Tests.UnitTest1.Test1" computerName="DESKTOP-FB2ES22" duration="00:00:00.0046156" startTime="2025-07-04T09:01:49.4695171-06:00" endTime="2025-07-04T09:01:49.4813672-06:00" testType="13cdc9d9-ddb5-4fa4-a97d-d965ccfc6d4b" outcome="Passed" testListId="8c84fa94-04c1-424b-9868-57a2d4851a1d" relativeResultsDirectory="9803ef02-b049-4cbb-85d1-8f95bb9b91c2" />
  </Results>
  <TestDefinitions>
    <UnitTest name="ExxerAI.Orchestration.Tests.UnitTest1.Test1" storage="f:\dynamic\exxerai\exxerai\artifacts\bin\debug\net9.0\exxerai.orchestration.tests.dll" id="933a190d-0458-0c9d-282c-46d029a2f5f0">
      <Execution id="9803ef02-b049-4cbb-85d1-8f95bb9b91c2" />
      <TestMethod codeBase="F:\Dynamic\ExxerAi\ExxerAI\artifacts\bin\Debug\net9.0\ExxerAI.Orchestration.Tests.dll" adapterTypeName="executor://xunit/VsTestRunner3/netcore/" className="ExxerAI.Orchestration.Tests.UnitTest1" name="Test1" />
    </UnitTest>
  </TestDefinitions>
  <TestEntries>
    <TestEntry testId="933a190d-0458-0c9d-282c-46d029a2f5f0" executionId="9803ef02-b049-4cbb-85d1-8f95bb9b91c2" testListId="8c84fa94-04c1-424b-9868-57a2d4851a1d" />
  </TestEntries>
  <TestLists>
    <TestList name="Results Not in a List" id="8c84fa94-04c1-424b-9868-57a2d4851a1d" />
    <TestList name="All Loaded Results" id="19431567-8539-422a-85d7-44ee4e166bda" />
  </TestLists>
  <ResultSummary outcome="Completed">
    <Counters total="1" executed="1" passed="1" failed="0" error="0" timeout="0" aborted="0" inconclusive="0" passedButRunAborted="0" notRunnable="0" notExecuted="0" disconnected="0" warning="0" completed="0" inProgress="0" pending="0" />
    <Output>
      <StdOut>[xUnit.net 00:00:00.00] xUnit.net VSTest Adapter v3.1.1+bf6400fd51 (64-bit .NET 9.0.6)&#xD;
[xUnit.net 00:00:00.21]   Discovering: ExxerAI.Orchestration.Tests&#xD;
[xUnit.net 00:00:00.27]   Discovered:  ExxerAI.Orchestration.Tests&#xD;
[xUnit.net 00:00:00.32]   Starting:    ExxerAI.Orchestration.Tests&#xD;
[xUnit.net 00:00:00.41]   Finished:    ExxerAI.Orchestration.Tests&#xD;
</StdOut>
    </Output>
  </ResultSummary>
</TestRun>