<?xml version="1.0" encoding="utf-8"?>
<TestRun id="1e206f5f-8952-46a9-a1e3-5c08bbc8bf2b" name="Abel Briones@DESKTOP-FB2ES22 2025-07-07 09:37:19" runUser="DESKTOP-FB2ES22\Abel Briones" xmlns="http://microsoft.com/schemas/VisualStudio/TeamTest/2010">
  <Times creation="2025-07-07T09:37:19.7028706-06:00" queuing="2025-07-07T09:37:19.7028711-06:00" start="2025-07-07T09:37:19.2715013-06:00" finish="2025-07-07T09:37:19.7032360-06:00" />
  <TestSettings name="default" id="48e2aa32-a290-41c6-9c0f-252005bc4b8c">
    <Deployment runDeploymentRoot="Abel_Briones_DESKTOP-FB2ES22_2025-07-07_09_37_19" />
  </TestSettings>
  <TestLists>
    <TestList name="Results Not in a List" id="8c84fa94-04c1-424b-9868-57a2d4851a1d" />
    <TestList name="All Loaded Results" id="19431567-8539-422a-85d7-44ee4e166bda" />
  </TestLists>
  <ResultSummary outcome="Completed">
    <Counters total="0" executed="0" passed="0" failed="0" error="0" timeout="0" aborted="0" inconclusive="0" passedButRunAborted="0" notRunnable="0" notExecuted="0" disconnected="0" warning="0" completed="0" inProgress="0" pending="0" />
    <RunInfos>
      <RunInfo computerName="DESKTOP-FB2ES22" outcome="Warning" timestamp="2025-07-07T09:37:19.6396304-06:00">
        <Text>No test is available in F:\Dynamic\ExxerAi\ExxerAI\code\src\artifacts\bin\ExxerAI.Application.Tests\Debug\net9.0\ExxerAI.Application.Tests.dll. Make sure that test discoverer &amp; executors are registered and platform &amp; framework version settings are appropriate and try again.</Text>
      </RunInfo>
    </RunInfos>
  </ResultSummary>
</TestRun>