<?xml version="1.0" encoding="utf-8"?>
<TestRun id="1d96ee17-8104-4f74-b5f9-f97409be9ca7" name="Abel Briones@DESKTOP-FB2ES22 2025-07-07 09:09:01" runUser="DESKTOP-FB2ES22\Abel Briones" xmlns="http://microsoft.com/schemas/VisualStudio/TeamTest/2010">
  <Times creation="2025-07-07T09:09:01.3073049-06:00" queuing="2025-07-07T09:09:01.3073053-06:00" start="2025-07-07T09:09:00.9146123-06:00" finish="2025-07-07T09:09:01.3076672-06:00" />
  <TestSettings name="default" id="bd6cc374-cb7a-4c60-837d-1457e47441a7">
    <Deployment runDeploymentRoot="Abel_Briones_DESKTOP-FB2ES22_2025-07-07_09_09_01" />
  </TestSettings>
  <TestLists>
    <TestList name="Results Not in a List" id="8c84fa94-04c1-424b-9868-57a2d4851a1d" />
    <TestList name="All Loaded Results" id="19431567-8539-422a-85d7-44ee4e166bda" />
  </TestLists>
  <ResultSummary outcome="Completed">
    <Counters total="0" executed="0" passed="0" failed="0" error="0" timeout="0" aborted="0" inconclusive="0" passedButRunAborted="0" notRunnable="0" notExecuted="0" disconnected="0" warning="0" completed="0" inProgress="0" pending="0" />
    <RunInfos>
      <RunInfo computerName="DESKTOP-FB2ES22" outcome="Warning" timestamp="2025-07-07T09:09:01.2372593-06:00">
        <Text>No test is available in F:\Dynamic\ExxerAi\ExxerAI\code\src\artifacts\bin\ExxerAI.IntegrationTests\Debug\net9.0\ExxerAI.IntegrationTests.dll. Make sure that test discoverer &amp; executors are registered and platform &amp; framework version settings are appropriate and try again.</Text>
      </RunInfo>
    </RunInfos>
  </ResultSummary>
</TestRun>