<?xml version="1.0" encoding="utf-8"?>
<TestRun id="8b602fb1-28fd-4dba-a523-6badc1473a2d" name="Abel Briones@DESKTOP-FB2ES22 2025-07-07 19:16:10" runUser="DESKTOP-FB2ES22\Abel Briones" xmlns="http://microsoft.com/schemas/VisualStudio/TeamTest/2010">
  <Times creation="2025-07-07T19:16:10.1539172-06:00" queuing="2025-07-07T19:16:10.1539176-06:00" start="2025-07-07T19:16:09.4942158-06:00" finish="2025-07-07T19:16:10.1542852-06:00" />
  <TestSettings name="default" id="f8cc1b58-4801-46f3-8e39-81062a7827e0">
    <Deployment runDeploymentRoot="Abel_Briones_DESKTOP-FB2ES22_2025-07-07_19_16_10" />
  </TestSettings>
  <TestLists>
    <TestList name="Results Not in a List" id="8c84fa94-04c1-424b-9868-57a2d4851a1d" />
    <TestList name="All Loaded Results" id="19431567-8539-422a-85d7-44ee4e166bda" />
  </TestLists>
  <ResultSummary outcome="Failed">
    <Counters total="0" executed="0" passed="0" failed="0" error="0" timeout="0" aborted="0" inconclusive="0" passedButRunAborted="0" notRunnable="0" notExecuted="0" disconnected="0" warning="0" completed="0" inProgress="0" pending="0" />
    <Output>
      <StdOut>[xUnit.net 00:00:00.00] xUnit.net VSTest Adapter v3.1.1+bf6400fd51 (64-bit .NET 9.0.6)&#xD;
</StdOut>
    </Output>
    <RunInfos>
      <RunInfo computerName="DESKTOP-FB2ES22" outcome="Error" timestamp="2025-07-07T19:16:10.0970015-06:00">
        <Text>[xUnit.net 00:00:00.27] ExxerAI.Application.Tests: Catastrophic failure: System.InvalidOperationException: Could not launch test process&#xD;
   at Xunit.v3.TestProcessLauncherAdapter.GetAssemblyInfo(ITestProcessLauncher launcher, XunitProjectAssembly projectAssembly)&#xD;
   at Xunit.v3.TestProcessLauncherAdapter.GetAssemblyInfo(XunitProjectAssembly projectAssembly)&#xD;
   at Xunit.Runner.v3.Xunit3..ctor(XunitProjectAssembly projectAssembly, ISourceInformationProvider sourceInformationProvider, IMessageSink diagnosticMessageSink, ITestProcessLauncher testProcessLauncher)&#xD;
   at Xunit.Runner.v3.Xunit3.ForDiscoveryAndExecution(XunitProjectAssembly projectAssembly, ISourceInformationProvider sourceInformationProvider, IMessageSink diagnosticMessageSink, ITestProcessLauncher testProcessLauncher)&#xD;
   at Xunit.XunitFrontController.Create(XunitProjectAssembly projectAssembly, ISourceInformationProvider sourceInformationProvider, IMessageSink diagnosticMessageSink, ITestProcessLauncher testProcessLauncher)&#xD;
   at Xunit.Runner.VisualStudio.VsTestRunner.RunTestsInAssembly(IRunContext runContext, IFrameworkHandle frameworkHandle, LoggerHelper logger, TestPlatformContext testPlatformContext, RunSettings runSettings, IMessageSink reporterMessageHandler, AssemblyRunInfo runInfo)&#xD;
   at Xunit.Runner.VisualStudio.VsTestRunner.RunTestsInAssembly(IRunContext runContext, IFrameworkHandle frameworkHandle, LoggerHelper logger, TestPlatformContext testPlatformContext, RunSettings runSettings, IMessageSink reporterMessageHandler, AssemblyRunInfo runInfo)</Text>
      </RunInfo>
      <RunInfo computerName="DESKTOP-FB2ES22" outcome="Warning" timestamp="2025-07-07T19:16:10.0989780-06:00">
        <Text>No test matches the given testcase filter `OCRRegionPatternTests.Should_MatchCaseInsensitive_When_ReferenceTextHasDifferentCase` in F:\Dynamic\ExxerAi\ExxerAI\code\src\artifacts\bin\ExxerAI.Application.Tests\Debug\net9.0\ExxerAI.Application.Tests.dll</Text>
      </RunInfo>
    </RunInfos>
  </ResultSummary>
</TestRun>