<?xml version="1.0" encoding="utf-8"?>
<TestRun id="71c3267c-6f0f-48a4-9699-7a1c7d833935" name="Abel Briones@DESKTOP-FB2ES22 2025-07-06 21:05:17" runUser="DESKTOP-FB2ES22\Abel Briones" xmlns="http://microsoft.com/schemas/VisualStudio/TeamTest/2010">
  <Times creation="2025-07-06T21:05:17.0311292-06:00" queuing="2025-07-06T21:05:17.0311297-06:00" start="2025-07-06T21:05:16.4198456-06:00" finish="2025-07-06T21:05:17.0315005-06:00" />
  <TestSettings name="default" id="6ace71b4-ebcb-4b78-9cc6-8d0478191b38">
    <Deployment runDeploymentRoot="Abel_Briones_DESKTOP-FB2ES22_2025-07-06_21_05_17" />
  </TestSettings>
  <TestLists>
    <TestList name="Results Not in a List" id="8c84fa94-04c1-424b-9868-57a2d4851a1d" />
    <TestList name="All Loaded Results" id="19431567-8539-422a-85d7-44ee4e166bda" />
  </TestLists>
  <ResultSummary outcome="Failed">
    <Counters total="0" executed="0" passed="0" failed="0" error="0" timeout="0" aborted="0" inconclusive="0" passedButRunAborted="0" notRunnable="0" notExecuted="0" disconnected="0" warning="0" completed="0" inProgress="0" pending="0" />
    <Output>
      <StdOut>[xUnit.net 00:00:00.00] xUnit.net VSTest Adapter v3.1.1+bf6400fd51 (64-bit .NET 9.0.6)&#xD;
</StdOut>
    </Output>
    <RunInfos>
      <RunInfo computerName="DESKTOP-FB2ES22" outcome="Error" timestamp="2025-07-06T21:05:16.9745806-06:00">
        <Text>[xUnit.net 00:00:00.12] ExxerAI.Infrastructure.Tests: Catastrophic failure: System.InvalidOperationException: Could not launch test process&#xD;
   at Xunit.v3.TestProcessLauncherAdapter.GetAssemblyInfo(ITestProcessLauncher launcher, XunitProjectAssembly projectAssembly)&#xD;
   at Xunit.v3.TestProcessLauncherAdapter.GetAssemblyInfo(XunitProjectAssembly projectAssembly)&#xD;
   at Xunit.Runner.v3.Xunit3..ctor(XunitProjectAssembly projectAssembly, ISourceInformationProvider sourceInformationProvider, IMessageSink diagnosticMessageSink, ITestProcessLauncher testProcessLauncher)&#xD;
   at Xunit.Runner.v3.Xunit3.ForDiscoveryAndExecution(XunitProjectAssembly projectAssembly, ISourceInformationProvider sourceInformationProvider, IMessageSink diagnosticMessageSink, ITestProcessLauncher testProcessLauncher)&#xD;
   at Xunit.XunitFrontController.Create(XunitProjectAssembly projectAssembly, ISourceInformationProvider sourceInformationProvider, IMessageSink diagnosticMessageSink, ITestProcessLauncher testProcessLauncher)&#xD;
   at Xunit.Runner.VisualStudio.VsTestRunner.RunTestsInAssembly(IRunContext runContext, IFrameworkHandle frameworkHandle, LoggerHelper logger, TestPlatformContext testPlatformContext, RunSettings runSettings, IMessageSink reporterMessageHandler, AssemblyRunInfo runInfo)&#xD;
   at Xunit.Runner.VisualStudio.VsTestRunner.RunTestsInAssembly(IRunContext runContext, IFrameworkHandle frameworkHandle, LoggerHelper logger, TestPlatformContext testPlatformContext, RunSettings runSettings, IMessageSink reporterMessageHandler, AssemblyRunInfo runInfo)</Text>
      </RunInfo>
      <RunInfo computerName="DESKTOP-FB2ES22" outcome="Warning" timestamp="2025-07-06T21:05:16.9763358-06:00">
        <Text>No test is available in F:\Dynamic\ExxerAi\ExxerAI\code\src\artifacts\bin\ExxerAI.Infrastructure.Tests\Debug\net9.0\ExxerAI.Infrastructure.Tests.dll. Make sure that test discoverer &amp; executors are registered and platform &amp; framework version settings are appropriate and try again.</Text>
      </RunInfo>
    </RunInfos>
  </ResultSummary>
</TestRun>