<?xml version="1.0" encoding="utf-8"?>
<TestRun id="49b8b813-3834-4e53-bd18-5d8cd0528d13" name="Abel Briones@DESKTOP-FB2ES22 2025-07-07 09:08:03" runUser="DESKTOP-FB2ES22\Abel Briones" xmlns="http://microsoft.com/schemas/VisualStudio/TeamTest/2010">
  <Times creation="2025-07-07T09:08:03.9108213-06:00" queuing="2025-07-07T09:08:03.9108219-06:00" start="2025-07-07T09:08:03.4864892-06:00" finish="2025-07-07T09:08:03.9111363-06:00" />
  <TestSettings name="default" id="f3175bcf-b963-425a-a41e-a454caeb2ecc">
    <Deployment runDeploymentRoot="Abel_Briones_DESKTOP-FB2ES22_2025-07-07_09_08_03" />
  </TestSettings>
  <TestLists>
    <TestList name="Results Not in a List" id="8c84fa94-04c1-424b-9868-57a2d4851a1d" />
    <TestList name="All Loaded Results" id="19431567-8539-422a-85d7-44ee4e166bda" />
  </TestLists>
  <ResultSummary outcome="Completed">
    <Counters total="0" executed="0" passed="0" failed="0" error="0" timeout="0" aborted="0" inconclusive="0" passedButRunAborted="0" notRunnable="0" notExecuted="0" disconnected="0" warning="0" completed="0" inProgress="0" pending="0" />
    <RunInfos>
      <RunInfo computerName="DESKTOP-FB2ES22" outcome="Warning" timestamp="2025-07-07T09:08:03.8668144-06:00">
        <Text>No test is available in F:\Dynamic\ExxerAi\ExxerAI\code\src\artifacts\bin\ExxerAI.Domain.Tests\Debug\net9.0\ExxerAI.Domain.Tests.dll. Make sure that test discoverer &amp; executors are registered and platform &amp; framework version settings are appropriate and try again.</Text>
      </RunInfo>
    </RunInfos>
  </ResultSummary>
</TestRun>