<?xml version="1.0" encoding="utf-8"?>
<TestRun id="64927180-d870-48de-8825-ab0c4af09187" name="Abel Briones@DESKTOP-FB2ES22 2025-07-01 01:32:57" runUser="DESKTOP-FB2ES22\Abel Briones" xmlns="http://microsoft.com/schemas/VisualStudio/TeamTest/2010">
  <Times creation="2025-07-01T01:32:57.4463185-06:00" queuing="2025-07-01T01:32:57.4463192-06:00" start="2025-07-01T01:32:56.9341250-06:00" finish="2025-07-01T01:32:57.4472325-06:00" />
  <TestSettings name="default" id="1ede0fa8-930e-4bcb-93d7-056692d2272c">
    <Deployment runDeploymentRoot="Abel_Briones_DESKTOP-FB2ES22_2025-07-01_01_32_57" />
  </TestSettings>
  <TestLists>
    <TestList name="Results Not in a List" id="8c84fa94-04c1-424b-9868-57a2d4851a1d" />
    <TestList name="All Loaded Results" id="19431567-8539-422a-85d7-44ee4e166bda" />
  </TestLists>
  <ResultSummary outcome="Failed">
    <Counters total="0" executed="0" passed="0" failed="0" error="0" timeout="0" aborted="0" inconclusive="0" passedButRunAborted="0" notRunnable="0" notExecuted="0" disconnected="0" warning="0" completed="0" inProgress="0" pending="0" />
    <Output>
      <StdOut>A fatal error was encountered. The library 'hostpolicy.dll' required to execute the application was not found in 'C:\Program Files\dotnet'.&#xD;
Failed to run as a self-contained app.&#xD;
  - The application was run as a self-contained app because 'F:\Dynamic\ExxerAi\ExxerAI\artifacts\bin\Debug\net9.0\testhost.runtimeconfig.json' was not found.&#xD;
  - If this should be a framework-dependent app, add the 'F:\Dynamic\ExxerAi\ExxerAI\artifacts\bin\Debug\net9.0\testhost.runtimeconfig.json' file and specify the appropriate framework.&#xD;
</StdOut>
    </Output>
    <RunInfos>
      <RunInfo computerName="DESKTOP-FB2ES22" outcome="Error" timestamp="2025-07-01T01:32:57.3969029-06:00">
        <Text>Testhost process for source(s) 'F:\Dynamic\ExxerAi\ExxerAI\artifacts\bin\Debug\net9.0\ExxerAI.Domain.Tests.dll' exited with error: A fatal error was encountered. The library 'hostpolicy.dll' required to execute the application was not found in 'C:\Program Files\dotnet'.&#xD;
Failed to run as a self-contained app.&#xD;
  - The application was run as a self-contained app because 'F:\Dynamic\ExxerAi\ExxerAI\artifacts\bin\Debug\net9.0\testhost.runtimeconfig.json' was not found.&#xD;
  - If this should be a framework-dependent app, add the 'F:\Dynamic\ExxerAi\ExxerAI\artifacts\bin\Debug\net9.0\testhost.runtimeconfig.json' file and specify the appropriate framework.&#xD;
. Please check the diagnostic logs for more information.</Text>
      </RunInfo>
    </RunInfos>
  </ResultSummary>
</TestRun>